[2024-03-17T09:29:51.319+0000] {taskinstance.py:1103} INFO - Dependencies all met for dep_context=non-requeueable deps ti=<TaskInstance: j_spark_trigger.load_data scheduled__2024-03-16T09:29:17.410480+00:00 [queued]>
[2024-03-17T09:29:51.410+0000] {taskinstance.py:1103} INFO - Dependencies all met for dep_context=requeueable deps ti=<TaskInstance: j_spark_trigger.load_data scheduled__2024-03-16T09:29:17.410480+00:00 [queued]>
[2024-03-17T09:29:51.411+0000] {taskinstance.py:1308} INFO - Starting attempt 1 of 1
[2024-03-17T09:29:51.476+0000] {taskinstance.py:1327} INFO - Executing <Task(PostgresOperator): load_data> on 2024-03-16 09:29:17.410480+00:00
[2024-03-17T09:29:51.483+0000] {standard_task_runner.py:57} INFO - Started process 146 to run task
[2024-03-17T09:29:51.485+0000] {standard_task_runner.py:84} INFO - Running: ['***', 'tasks', 'run', 'j_spark_trigger', 'load_data', 'scheduled__2024-03-16T09:29:17.410480+00:00', '--job-id', '3', '--raw', '--subdir', 'DAGS_FOLDER/j_spark_trigger.py', '--cfg-path', '/tmp/tmp3_zgch3f']
[2024-03-17T09:29:51.486+0000] {standard_task_runner.py:85} INFO - Job 3: Subtask load_data
[2024-03-17T09:29:51.599+0000] {task_command.py:410} INFO - Running <TaskInstance: j_spark_trigger.load_data scheduled__2024-03-16T09:29:17.410480+00:00 [running]> on host 6e20428c2d7f
[2024-03-17T09:29:52.177+0000] {taskinstance.py:1547} INFO - Exporting env vars: AIRFLOW_CTX_DAG_EMAIL='***@example.com' AIRFLOW_CTX_DAG_OWNER='***' AIRFLOW_CTX_DAG_ID='j_spark_trigger' AIRFLOW_CTX_TASK_ID='load_data' AIRFLOW_CTX_EXECUTION_DATE='2024-03-16T09:29:17.410480+00:00' AIRFLOW_CTX_TRY_NUMBER='1' AIRFLOW_CTX_DAG_RUN_ID='scheduled__2024-03-16T09:29:17.410480+00:00'
[2024-03-17T09:29:52.178+0000] {sql.py:265} INFO - Executing: DROP TABLE IF EXISTS laureate;
CREATE TABLE laureate (
    id int,firstname varchar(255),surname varchar(255),born varchar(255),died varchar(255),
    bornCountry varchar(255),bornCountryCode varchar(10),bornCity varchar(255),diedCountry varchar(255),
    diedCountryCode varchar(255),diedCity varchar(255),gender varchar(255),year int,category varchar(255),overallMotivation varchar,
    share int,motivation varchar,name varchar(255),city varchar(255),country varchar(255)
);

COPY laureate
FROM '/mnt/laureate.csv'
DELIMITER ','
CSV HEADER;

DROP TABLE IF EXISTS prize;
CREATE TABLE prize (
    year int,category varchar(255),overallMotivation varchar,id int,
    firstname varchar(255),surname varchar(255),motivation varchar,share int
);

COPY prize
FROM '/mnt/prize.csv'
DELIMITER ','
CSV HEADER;
[2024-03-17T09:29:52.447+0000] {taskinstance.py:1824} ERROR - Task failed with exception
Traceback (most recent call last):
  File "/home/airflow/.local/lib/python3.7/site-packages/airflow/providers/common/sql/operators/sql.py", line 266, in execute
    hook = self.get_db_hook()
  File "/home/airflow/.local/lib/python3.7/site-packages/airflow/providers/common/sql/operators/sql.py", line 181, in get_db_hook
    return self._hook
  File "/home/airflow/.local/lib/python3.7/site-packages/cached_property.py", line 36, in __get__
    value = obj.__dict__[self.func.__name__] = self.func(obj)
  File "/home/airflow/.local/lib/python3.7/site-packages/airflow/providers/common/sql/operators/sql.py", line 143, in _hook
    conn = BaseHook.get_connection(self.conn_id)
  File "/home/airflow/.local/lib/python3.7/site-packages/airflow/hooks/base.py", line 72, in get_connection
    conn = Connection.get_connection_from_secrets(conn_id)
  File "/home/airflow/.local/lib/python3.7/site-packages/airflow/models/connection.py", line 434, in get_connection_from_secrets
    raise AirflowNotFoundException(f"The conn_id `{conn_id}` isn't defined")
airflow.exceptions.AirflowNotFoundException: The conn_id `conn_postgres` isn't defined
[2024-03-17T09:29:52.469+0000] {taskinstance.py:1350} INFO - Marking task as FAILED. dag_id=j_spark_trigger, task_id=load_data, execution_date=20240316T092917, start_date=20240317T092951, end_date=20240317T092952
[2024-03-17T09:29:52.592+0000] {standard_task_runner.py:109} ERROR - Failed to execute job 3 for task load_data (The conn_id `conn_postgres` isn't defined; 146)
[2024-03-17T09:29:52.621+0000] {local_task_job_runner.py:225} INFO - Task exited with return code 1
[2024-03-17T09:29:52.648+0000] {taskinstance.py:2653} INFO - 0 downstream tasks scheduled from follow-on schedule check
