[2024-03-17T20:57:27.291+0000] {taskinstance.py:1103} INFO - Dependencies all met for dep_context=non-requeueable deps ti=<TaskInstance: Sales_ETL.books_data_transform manual__2024-03-17T20:56:46.092685+00:00 [queued]>
[2024-03-17T20:57:27.299+0000] {taskinstance.py:1103} INFO - Dependencies all met for dep_context=requeueable deps ti=<TaskInstance: Sales_ETL.books_data_transform manual__2024-03-17T20:56:46.092685+00:00 [queued]>
[2024-03-17T20:57:27.299+0000] {taskinstance.py:1308} INFO - Starting attempt 1 of 1
[2024-03-17T20:57:27.349+0000] {taskinstance.py:1327} INFO - Executing <Task(BashOperator): books_data_transform> on 2024-03-17 20:56:46.092685+00:00
[2024-03-17T20:57:27.354+0000] {standard_task_runner.py:57} INFO - Started process 414 to run task
[2024-03-17T20:57:27.356+0000] {standard_task_runner.py:84} INFO - Running: ['***', 'tasks', 'run', 'Sales_ETL', 'books_data_transform', 'manual__2024-03-17T20:56:46.092685+00:00', '--job-id', '75', '--raw', '--subdir', 'DAGS_FOLDER/sales_transform.py', '--cfg-path', '/tmp/tmp7l6mtb9y']
[2024-03-17T20:57:27.356+0000] {standard_task_runner.py:85} INFO - Job 75: Subtask books_data_transform
[2024-03-17T20:57:27.420+0000] {task_command.py:410} INFO - Running <TaskInstance: Sales_ETL.books_data_transform manual__2024-03-17T20:56:46.092685+00:00 [running]> on host 1feb0b7175e0
[2024-03-17T20:57:27.557+0000] {taskinstance.py:1547} INFO - Exporting env vars: AIRFLOW_CTX_DAG_EMAIL='***@example.com' AIRFLOW_CTX_DAG_OWNER='***' AIRFLOW_CTX_DAG_ID='Sales_ETL' AIRFLOW_CTX_TASK_ID='books_data_transform' AIRFLOW_CTX_EXECUTION_DATE='2024-03-17T20:56:46.092685+00:00' AIRFLOW_CTX_TRY_NUMBER='1' AIRFLOW_CTX_DAG_RUN_ID='manual__2024-03-17T20:56:46.092685+00:00'
[2024-03-17T20:57:27.558+0000] {subprocess.py:63} INFO - Tmp dir root location: /tmp
[2024-03-17T20:57:27.559+0000] {subprocess.py:75} INFO - Running command: ['/bin/bash', '-c', '/opt/spark/bin/spark-submit /mnt/books_data_job.py']
[2024-03-17T20:57:27.783+0000] {subprocess.py:86} INFO - Output:
[2024-03-17T20:57:31.027+0000] {subprocess.py:93} INFO - 24/03/17 20:57:31 INFO SparkContext: Running Spark version 3.3.0
[2024-03-17T20:57:31.074+0000] {subprocess.py:93} INFO - 24/03/17 20:57:31 WARN NativeCodeLoader: Unable to load native-hadoop library for your platform... using builtin-java classes where applicable
[2024-03-17T20:57:31.143+0000] {subprocess.py:93} INFO - 24/03/17 20:57:31 INFO ResourceUtils: ==============================================================
[2024-03-17T20:57:31.143+0000] {subprocess.py:93} INFO - 24/03/17 20:57:31 INFO ResourceUtils: No custom resources configured for spark.driver.
[2024-03-17T20:57:31.144+0000] {subprocess.py:93} INFO - 24/03/17 20:57:31 INFO ResourceUtils: ==============================================================
[2024-03-17T20:57:31.144+0000] {subprocess.py:93} INFO - 24/03/17 20:57:31 INFO SparkContext: Submitted application: Sales_Pipeline
[2024-03-17T20:57:31.162+0000] {subprocess.py:93} INFO - 24/03/17 20:57:31 INFO ResourceProfile: Default ResourceProfile created, executor resources: Map(cores -> name: cores, amount: 1, script: , vendor: , memory -> name: memory, amount: 1024, script: , vendor: , offHeap -> name: offHeap, amount: 0, script: , vendor: ), task resources: Map(cpus -> name: cpus, amount: 1.0)
[2024-03-17T20:57:31.173+0000] {subprocess.py:93} INFO - 24/03/17 20:57:31 INFO ResourceProfile: Limiting resource is cpu
[2024-03-17T20:57:31.174+0000] {subprocess.py:93} INFO - 24/03/17 20:57:31 INFO ResourceProfileManager: Added ResourceProfile id: 0
[2024-03-17T20:57:31.212+0000] {subprocess.py:93} INFO - 24/03/17 20:57:31 INFO SecurityManager: Changing view acls to: ***
[2024-03-17T20:57:31.212+0000] {subprocess.py:93} INFO - 24/03/17 20:57:31 INFO SecurityManager: Changing modify acls to: ***
[2024-03-17T20:57:31.213+0000] {subprocess.py:93} INFO - 24/03/17 20:57:31 INFO SecurityManager: Changing view acls groups to:
[2024-03-17T20:57:31.213+0000] {subprocess.py:93} INFO - 24/03/17 20:57:31 INFO SecurityManager: Changing modify acls groups to:
[2024-03-17T20:57:31.213+0000] {subprocess.py:93} INFO - 24/03/17 20:57:31 INFO SecurityManager: SecurityManager: authentication disabled; ui acls disabled; users  with view permissions: Set(***); groups with view permissions: Set(); users  with modify permissions: Set(***); groups with modify permissions: Set()
[2024-03-17T20:57:31.438+0000] {subprocess.py:93} INFO - 24/03/17 20:57:31 INFO Utils: Successfully started service 'sparkDriver' on port 42275.
[2024-03-17T20:57:31.998+0000] {subprocess.py:93} INFO - 24/03/17 20:57:31 INFO SparkEnv: Registering MapOutputTracker
[2024-03-17T20:57:31.999+0000] {subprocess.py:93} INFO - 24/03/17 20:57:31 INFO SparkEnv: Registering BlockManagerMaster
[2024-03-17T20:57:31.999+0000] {subprocess.py:93} INFO - 24/03/17 20:57:31 INFO BlockManagerMasterEndpoint: Using org.apache.spark.storage.DefaultTopologyMapper for getting topology information
[2024-03-17T20:57:31.999+0000] {subprocess.py:93} INFO - 24/03/17 20:57:31 INFO BlockManagerMasterEndpoint: BlockManagerMasterEndpoint up
[2024-03-17T20:57:31.999+0000] {subprocess.py:93} INFO - 24/03/17 20:57:31 INFO SparkEnv: Registering BlockManagerMasterHeartbeat
[2024-03-17T20:57:32.000+0000] {subprocess.py:93} INFO - 24/03/17 20:57:31 INFO DiskBlockManager: Created local directory at /tmp/blockmgr-321a6ba8-ef74-457b-aa7b-6dc8b445d531
[2024-03-17T20:57:32.000+0000] {subprocess.py:93} INFO - 24/03/17 20:57:31 INFO MemoryStore: MemoryStore started with capacity 434.4 MiB
[2024-03-17T20:57:32.000+0000] {subprocess.py:93} INFO - 24/03/17 20:57:31 INFO SparkEnv: Registering OutputCommitCoordinator
[2024-03-17T20:57:32.170+0000] {subprocess.py:93} INFO - 24/03/17 20:57:32 INFO Utils: Successfully started service 'SparkUI' on port 4040.
[2024-03-17T20:57:32.247+0000] {subprocess.py:93} INFO - 24/03/17 20:57:32 INFO Executor: Starting executor ID driver on host 1feb0b7175e0
[2024-03-17T20:57:32.252+0000] {subprocess.py:93} INFO - 24/03/17 20:57:32 INFO Executor: Starting executor with user classpath (userClassPathFirst = false): ''
[2024-03-17T20:57:32.267+0000] {subprocess.py:93} INFO - 24/03/17 20:57:32 INFO Utils: Successfully started service 'org.apache.spark.network.netty.NettyBlockTransferService' on port 45699.
[2024-03-17T20:57:32.268+0000] {subprocess.py:93} INFO - 24/03/17 20:57:32 INFO NettyBlockTransferService: Server created on 1feb0b7175e0:45699
[2024-03-17T20:57:32.269+0000] {subprocess.py:93} INFO - 24/03/17 20:57:32 INFO BlockManager: Using org.apache.spark.storage.RandomBlockReplicationPolicy for block replication policy
[2024-03-17T20:57:32.273+0000] {subprocess.py:93} INFO - 24/03/17 20:57:32 INFO BlockManagerMaster: Registering BlockManager BlockManagerId(driver, 1feb0b7175e0, 45699, None)
[2024-03-17T20:57:32.276+0000] {subprocess.py:93} INFO - 24/03/17 20:57:32 INFO BlockManagerMasterEndpoint: Registering block manager 1feb0b7175e0:45699 with 434.4 MiB RAM, BlockManagerId(driver, 1feb0b7175e0, 45699, None)
[2024-03-17T20:57:32.277+0000] {subprocess.py:93} INFO - 24/03/17 20:57:32 INFO BlockManagerMaster: Registered BlockManager BlockManagerId(driver, 1feb0b7175e0, 45699, None)
[2024-03-17T20:57:32.278+0000] {subprocess.py:93} INFO - 24/03/17 20:57:32 INFO BlockManager: Initialized BlockManager: BlockManagerId(driver, 1feb0b7175e0, 45699, None)
[2024-03-17T20:57:32.635+0000] {subprocess.py:93} INFO - 24/03/17 20:57:32 INFO SharedState: Setting hive.metastore.warehouse.dir ('null') to the value of spark.sql.warehouse.dir.
[2024-03-17T20:57:32.642+0000] {subprocess.py:93} INFO - 24/03/17 20:57:32 INFO SharedState: Warehouse path is 'file:/tmp/***tmpg0unzxec/spark-warehouse'.
[2024-03-17T20:57:33.363+0000] {subprocess.py:93} INFO - 24/03/17 20:57:33 INFO InMemoryFileIndex: It took 34 ms to list leaf files for 1 paths.
[2024-03-17T20:57:33.703+0000] {subprocess.py:93} INFO - 24/03/17 20:57:33 INFO InMemoryFileIndex: It took 5 ms to list leaf files for 1 paths.
[2024-03-17T20:57:35.626+0000] {subprocess.py:93} INFO - 24/03/17 20:57:35 INFO FileSourceStrategy: Pushed Filters:
[2024-03-17T20:57:35.627+0000] {subprocess.py:93} INFO - 24/03/17 20:57:35 INFO FileSourceStrategy: Post-Scan Filters: (length(trim(value#0, None)) > 0)
[2024-03-17T20:57:35.629+0000] {subprocess.py:93} INFO - 24/03/17 20:57:35 INFO FileSourceStrategy: Output Data Schema: struct<value: string>
[2024-03-17T20:57:36.079+0000] {subprocess.py:93} INFO - 24/03/17 20:57:36 INFO CodeGenerator: Code generated in 131.502125 ms
[2024-03-17T20:57:36.120+0000] {subprocess.py:93} INFO - 24/03/17 20:57:36 INFO MemoryStore: Block broadcast_0 stored as values in memory (estimated size 199.3 KiB, free 434.2 MiB)
[2024-03-17T20:57:36.162+0000] {subprocess.py:93} INFO - 24/03/17 20:57:36 INFO MemoryStore: Block broadcast_0_piece0 stored as bytes in memory (estimated size 33.9 KiB, free 434.2 MiB)
[2024-03-17T20:57:36.165+0000] {subprocess.py:93} INFO - 24/03/17 20:57:36 INFO BlockManagerInfo: Added broadcast_0_piece0 in memory on 1feb0b7175e0:45699 (size: 33.9 KiB, free: 434.4 MiB)
[2024-03-17T20:57:36.168+0000] {subprocess.py:93} INFO - 24/03/17 20:57:36 INFO SparkContext: Created broadcast 0 from load at NativeMethodAccessorImpl.java:0
[2024-03-17T20:57:36.176+0000] {subprocess.py:93} INFO - 24/03/17 20:57:36 INFO FileSourceScanExec: Planning scan with bin packing, max size: 15461929 bytes, open cost is considered as scanning 4194304 bytes.
[2024-03-17T20:57:36.283+0000] {subprocess.py:93} INFO - 24/03/17 20:57:36 INFO SparkContext: Starting job: load at NativeMethodAccessorImpl.java:0
[2024-03-17T20:57:36.296+0000] {subprocess.py:93} INFO - 24/03/17 20:57:36 INFO DAGScheduler: Got job 0 (load at NativeMethodAccessorImpl.java:0) with 1 output partitions
[2024-03-17T20:57:36.297+0000] {subprocess.py:93} INFO - 24/03/17 20:57:36 INFO DAGScheduler: Final stage: ResultStage 0 (load at NativeMethodAccessorImpl.java:0)
[2024-03-17T20:57:36.297+0000] {subprocess.py:93} INFO - 24/03/17 20:57:36 INFO DAGScheduler: Parents of final stage: List()
[2024-03-17T20:57:36.298+0000] {subprocess.py:93} INFO - 24/03/17 20:57:36 INFO DAGScheduler: Missing parents: List()
[2024-03-17T20:57:36.301+0000] {subprocess.py:93} INFO - 24/03/17 20:57:36 INFO DAGScheduler: Submitting ResultStage 0 (MapPartitionsRDD[3] at load at NativeMethodAccessorImpl.java:0), which has no missing parents
[2024-03-17T20:57:36.353+0000] {subprocess.py:93} INFO - 24/03/17 20:57:36 INFO MemoryStore: Block broadcast_1 stored as values in memory (estimated size 11.8 KiB, free 434.2 MiB)
[2024-03-17T20:57:36.356+0000] {subprocess.py:93} INFO - 24/03/17 20:57:36 INFO MemoryStore: Block broadcast_1_piece0 stored as bytes in memory (estimated size 5.9 KiB, free 434.2 MiB)
[2024-03-17T20:57:36.357+0000] {subprocess.py:93} INFO - 24/03/17 20:57:36 INFO BlockManagerInfo: Added broadcast_1_piece0 in memory on 1feb0b7175e0:45699 (size: 5.9 KiB, free: 434.4 MiB)
[2024-03-17T20:57:36.358+0000] {subprocess.py:93} INFO - 24/03/17 20:57:36 INFO SparkContext: Created broadcast 1 from broadcast at DAGScheduler.scala:1513
[2024-03-17T20:57:36.369+0000] {subprocess.py:93} INFO - 24/03/17 20:57:36 INFO DAGScheduler: Submitting 1 missing tasks from ResultStage 0 (MapPartitionsRDD[3] at load at NativeMethodAccessorImpl.java:0) (first 15 tasks are for partitions Vector(0))
[2024-03-17T20:57:36.370+0000] {subprocess.py:93} INFO - 24/03/17 20:57:36 INFO TaskSchedulerImpl: Adding task set 0.0 with 1 tasks resource profile 0
[2024-03-17T20:57:36.405+0000] {subprocess.py:93} INFO - 24/03/17 20:57:36 INFO TaskSetManager: Starting task 0.0 in stage 0.0 (TID 0) (1feb0b7175e0, executor driver, partition 0, PROCESS_LOCAL, 4915 bytes) taskResourceAssignments Map()
[2024-03-17T20:57:36.418+0000] {subprocess.py:93} INFO - 24/03/17 20:57:36 INFO Executor: Running task 0.0 in stage 0.0 (TID 0)
[2024-03-17T20:57:36.520+0000] {subprocess.py:93} INFO - 24/03/17 20:57:36 INFO FileScanRDD: Reading File path: file:///opt/***/disk_data/books_data.csv, range: 0-15461929, partition values: [empty row]
[2024-03-17T20:57:36.535+0000] {subprocess.py:93} INFO - 24/03/17 20:57:36 INFO CodeGenerator: Code generated in 10.386008 ms
[2024-03-17T20:57:36.620+0000] {subprocess.py:93} INFO - 24/03/17 20:57:36 INFO Executor: Finished task 0.0 in stage 0.0 (TID 0). 1658 bytes result sent to driver
[2024-03-17T20:57:36.625+0000] {subprocess.py:93} INFO - 24/03/17 20:57:36 INFO TaskSetManager: Finished task 0.0 in stage 0.0 (TID 0) in 227 ms on 1feb0b7175e0 (executor driver) (1/1)
[2024-03-17T20:57:36.627+0000] {subprocess.py:93} INFO - 24/03/17 20:57:36 INFO TaskSchedulerImpl: Removed TaskSet 0.0, whose tasks have all completed, from pool
[2024-03-17T20:57:36.631+0000] {subprocess.py:93} INFO - 24/03/17 20:57:36 INFO DAGScheduler: ResultStage 0 (load at NativeMethodAccessorImpl.java:0) finished in 0.320 s
[2024-03-17T20:57:36.633+0000] {subprocess.py:93} INFO - 24/03/17 20:57:36 INFO DAGScheduler: Job 0 is finished. Cancelling potential speculative or zombie tasks for this job
[2024-03-17T20:57:36.634+0000] {subprocess.py:93} INFO - 24/03/17 20:57:36 INFO TaskSchedulerImpl: Killing all running tasks in stage 0: Stage finished
[2024-03-17T20:57:36.635+0000] {subprocess.py:93} INFO - 24/03/17 20:57:36 INFO DAGScheduler: Job 0 finished: load at NativeMethodAccessorImpl.java:0, took 0.351534 s
[2024-03-17T20:57:36.655+0000] {subprocess.py:93} INFO - 24/03/17 20:57:36 INFO CodeGenerator: Code generated in 9.081376 ms
[2024-03-17T20:57:36.696+0000] {subprocess.py:93} INFO - 24/03/17 20:57:36 INFO FileSourceStrategy: Pushed Filters:
[2024-03-17T20:57:36.696+0000] {subprocess.py:93} INFO - 24/03/17 20:57:36 INFO FileSourceStrategy: Post-Scan Filters:
[2024-03-17T20:57:36.697+0000] {subprocess.py:93} INFO - 24/03/17 20:57:36 INFO FileSourceStrategy: Output Data Schema: struct<value: string>
[2024-03-17T20:57:36.703+0000] {subprocess.py:93} INFO - 24/03/17 20:57:36 INFO MemoryStore: Block broadcast_2 stored as values in memory (estimated size 199.3 KiB, free 434.0 MiB)
[2024-03-17T20:57:36.711+0000] {subprocess.py:93} INFO - 24/03/17 20:57:36 INFO MemoryStore: Block broadcast_2_piece0 stored as bytes in memory (estimated size 33.9 KiB, free 433.9 MiB)
[2024-03-17T20:57:36.712+0000] {subprocess.py:93} INFO - 24/03/17 20:57:36 INFO BlockManagerInfo: Added broadcast_2_piece0 in memory on 1feb0b7175e0:45699 (size: 33.9 KiB, free: 434.3 MiB)
[2024-03-17T20:57:36.713+0000] {subprocess.py:93} INFO - 24/03/17 20:57:36 INFO SparkContext: Created broadcast 2 from load at NativeMethodAccessorImpl.java:0
[2024-03-17T20:57:36.714+0000] {subprocess.py:93} INFO - 24/03/17 20:57:36 INFO FileSourceScanExec: Planning scan with bin packing, max size: 15461929 bytes, open cost is considered as scanning 4194304 bytes.
[2024-03-17T20:57:36.757+0000] {subprocess.py:93} INFO - 24/03/17 20:57:36 INFO BlockManagerInfo: Removed broadcast_1_piece0 on 1feb0b7175e0:45699 in memory (size: 5.9 KiB, free: 434.3 MiB)
[2024-03-17T20:57:36.762+0000] {subprocess.py:93} INFO - 24/03/17 20:57:36 INFO BlockManagerInfo: Removed broadcast_0_piece0 on 1feb0b7175e0:45699 in memory (size: 33.9 KiB, free: 434.4 MiB)
[2024-03-17T20:57:36.793+0000] {subprocess.py:93} INFO - 24/03/17 20:57:36 INFO InMemoryFileIndex: It took 7 ms to list leaf files for 1 paths.
[2024-03-17T20:57:36.806+0000] {subprocess.py:93} INFO - 24/03/17 20:57:36 INFO InMemoryFileIndex: It took 4 ms to list leaf files for 1 paths.
[2024-03-17T20:57:36.885+0000] {subprocess.py:93} INFO - 24/03/17 20:57:36 INFO FileSourceStrategy: Pushed Filters:
[2024-03-17T20:57:36.885+0000] {subprocess.py:93} INFO - 24/03/17 20:57:36 INFO FileSourceStrategy: Post-Scan Filters: (length(trim(value#37, None)) > 0)
[2024-03-17T20:57:36.885+0000] {subprocess.py:93} INFO - 24/03/17 20:57:36 INFO FileSourceStrategy: Output Data Schema: struct<value: string>
[2024-03-17T20:57:36.897+0000] {subprocess.py:93} INFO - 24/03/17 20:57:36 INFO MemoryStore: Block broadcast_3 stored as values in memory (estimated size 199.3 KiB, free 434.0 MiB)
[2024-03-17T20:57:36.905+0000] {subprocess.py:93} INFO - 24/03/17 20:57:36 INFO MemoryStore: Block broadcast_3_piece0 stored as bytes in memory (estimated size 33.9 KiB, free 433.9 MiB)
[2024-03-17T20:57:36.905+0000] {subprocess.py:93} INFO - 24/03/17 20:57:36 INFO BlockManagerInfo: Added broadcast_3_piece0 in memory on 1feb0b7175e0:45699 (size: 33.9 KiB, free: 434.3 MiB)
[2024-03-17T20:57:36.906+0000] {subprocess.py:93} INFO - 24/03/17 20:57:36 INFO SparkContext: Created broadcast 3 from load at NativeMethodAccessorImpl.java:0
[2024-03-17T20:57:36.908+0000] {subprocess.py:93} INFO - 24/03/17 20:57:36 INFO FileSourceScanExec: Planning scan with bin packing, max size: 12969383 bytes, open cost is considered as scanning 4194304 bytes.
[2024-03-17T20:57:36.921+0000] {subprocess.py:93} INFO - 24/03/17 20:57:36 INFO SparkContext: Starting job: load at NativeMethodAccessorImpl.java:0
[2024-03-17T20:57:36.923+0000] {subprocess.py:93} INFO - 24/03/17 20:57:36 INFO DAGScheduler: Got job 1 (load at NativeMethodAccessorImpl.java:0) with 1 output partitions
[2024-03-17T20:57:36.923+0000] {subprocess.py:93} INFO - 24/03/17 20:57:36 INFO DAGScheduler: Final stage: ResultStage 1 (load at NativeMethodAccessorImpl.java:0)
[2024-03-17T20:57:36.923+0000] {subprocess.py:93} INFO - 24/03/17 20:57:36 INFO DAGScheduler: Parents of final stage: List()
[2024-03-17T20:57:36.923+0000] {subprocess.py:93} INFO - 24/03/17 20:57:36 INFO DAGScheduler: Missing parents: List()
[2024-03-17T20:57:36.924+0000] {subprocess.py:93} INFO - 24/03/17 20:57:36 INFO DAGScheduler: Submitting ResultStage 1 (MapPartitionsRDD[13] at load at NativeMethodAccessorImpl.java:0), which has no missing parents
[2024-03-17T20:57:36.928+0000] {subprocess.py:93} INFO - 24/03/17 20:57:36 INFO MemoryStore: Block broadcast_4 stored as values in memory (estimated size 11.8 KiB, free 433.9 MiB)
[2024-03-17T20:57:36.930+0000] {subprocess.py:93} INFO - 24/03/17 20:57:36 INFO MemoryStore: Block broadcast_4_piece0 stored as bytes in memory (estimated size 5.9 KiB, free 433.9 MiB)
[2024-03-17T20:57:36.931+0000] {subprocess.py:93} INFO - 24/03/17 20:57:36 INFO BlockManagerInfo: Added broadcast_4_piece0 in memory on 1feb0b7175e0:45699 (size: 5.9 KiB, free: 434.3 MiB)
[2024-03-17T20:57:36.932+0000] {subprocess.py:93} INFO - 24/03/17 20:57:36 INFO SparkContext: Created broadcast 4 from broadcast at DAGScheduler.scala:1513
[2024-03-17T20:57:36.933+0000] {subprocess.py:93} INFO - 24/03/17 20:57:36 INFO DAGScheduler: Submitting 1 missing tasks from ResultStage 1 (MapPartitionsRDD[13] at load at NativeMethodAccessorImpl.java:0) (first 15 tasks are for partitions Vector(0))
[2024-03-17T20:57:36.933+0000] {subprocess.py:93} INFO - 24/03/17 20:57:36 INFO TaskSchedulerImpl: Adding task set 1.0 with 1 tasks resource profile 0
[2024-03-17T20:57:36.935+0000] {subprocess.py:93} INFO - 24/03/17 20:57:36 INFO TaskSetManager: Starting task 0.0 in stage 1.0 (TID 1) (1feb0b7175e0, executor driver, partition 0, PROCESS_LOCAL, 4917 bytes) taskResourceAssignments Map()
[2024-03-17T20:57:36.936+0000] {subprocess.py:93} INFO - 24/03/17 20:57:36 INFO Executor: Running task 0.0 in stage 1.0 (TID 1)
[2024-03-17T20:57:36.944+0000] {subprocess.py:93} INFO - 24/03/17 20:57:36 INFO FileScanRDD: Reading File path: file:///opt/***/disk_data/Books_Rating.csv, range: 0-12969383, partition values: [empty row]
[2024-03-17T20:57:37.093+0000] {subprocess.py:93} INFO - 24/03/17 20:57:37 INFO Executor: Finished task 0.0 in stage 1.0 (TID 1). 1607 bytes result sent to driver
[2024-03-17T20:57:37.094+0000] {subprocess.py:93} INFO - 24/03/17 20:57:37 INFO TaskSetManager: Finished task 0.0 in stage 1.0 (TID 1) in 159 ms on 1feb0b7175e0 (executor driver) (1/1)
[2024-03-17T20:57:37.095+0000] {subprocess.py:93} INFO - 24/03/17 20:57:37 INFO TaskSchedulerImpl: Removed TaskSet 1.0, whose tasks have all completed, from pool
[2024-03-17T20:57:37.095+0000] {subprocess.py:93} INFO - 24/03/17 20:57:37 INFO DAGScheduler: ResultStage 1 (load at NativeMethodAccessorImpl.java:0) finished in 0.170 s
[2024-03-17T20:57:37.096+0000] {subprocess.py:93} INFO - 24/03/17 20:57:37 INFO DAGScheduler: Job 1 is finished. Cancelling potential speculative or zombie tasks for this job
[2024-03-17T20:57:37.096+0000] {subprocess.py:93} INFO - 24/03/17 20:57:37 INFO TaskSchedulerImpl: Killing all running tasks in stage 1: Stage finished
[2024-03-17T20:57:37.096+0000] {subprocess.py:93} INFO - 24/03/17 20:57:37 INFO DAGScheduler: Job 1 finished: load at NativeMethodAccessorImpl.java:0, took 0.174731 s
[2024-03-17T20:57:37.111+0000] {subprocess.py:93} INFO - 24/03/17 20:57:37 INFO FileSourceStrategy: Pushed Filters:
[2024-03-17T20:57:37.112+0000] {subprocess.py:93} INFO - 24/03/17 20:57:37 INFO FileSourceStrategy: Post-Scan Filters:
[2024-03-17T20:57:37.112+0000] {subprocess.py:93} INFO - 24/03/17 20:57:37 INFO FileSourceStrategy: Output Data Schema: struct<value: string>
[2024-03-17T20:57:37.116+0000] {subprocess.py:93} INFO - 24/03/17 20:57:37 INFO MemoryStore: Block broadcast_5 stored as values in memory (estimated size 199.3 KiB, free 433.7 MiB)
[2024-03-17T20:57:37.124+0000] {subprocess.py:93} INFO - 24/03/17 20:57:37 INFO MemoryStore: Block broadcast_5_piece0 stored as bytes in memory (estimated size 33.9 KiB, free 433.7 MiB)
[2024-03-17T20:57:37.125+0000] {subprocess.py:93} INFO - 24/03/17 20:57:37 INFO BlockManagerInfo: Added broadcast_5_piece0 in memory on 1feb0b7175e0:45699 (size: 33.9 KiB, free: 434.3 MiB)
[2024-03-17T20:57:37.126+0000] {subprocess.py:93} INFO - 24/03/17 20:57:37 INFO SparkContext: Created broadcast 5 from load at NativeMethodAccessorImpl.java:0
[2024-03-17T20:57:37.127+0000] {subprocess.py:93} INFO - 24/03/17 20:57:37 INFO FileSourceScanExec: Planning scan with bin packing, max size: 12969383 bytes, open cost is considered as scanning 4194304 bytes.
[2024-03-17T20:57:38.370+0000] {subprocess.py:93} INFO - 24/03/17 20:57:38 INFO BlockManagerInfo: Removed broadcast_5_piece0 on 1feb0b7175e0:45699 in memory (size: 33.9 KiB, free: 434.3 MiB)
[2024-03-17T20:57:38.461+0000] {subprocess.py:93} INFO - 24/03/17 20:57:38 INFO BlockManagerInfo: Removed broadcast_2_piece0 on 1feb0b7175e0:45699 in memory (size: 33.9 KiB, free: 434.4 MiB)
[2024-03-17T20:57:38.461+0000] {subprocess.py:93} INFO - 24/03/17 20:57:38 INFO BlockManagerInfo: Removed broadcast_4_piece0 on 1feb0b7175e0:45699 in memory (size: 5.9 KiB, free: 434.4 MiB)
[2024-03-17T20:57:38.461+0000] {subprocess.py:93} INFO - 24/03/17 20:57:38 INFO BlockManagerInfo: Removed broadcast_3_piece0 on 1feb0b7175e0:45699 in memory (size: 33.9 KiB, free: 434.4 MiB)
[2024-03-17T20:57:38.462+0000] {subprocess.py:93} INFO - 24/03/17 20:57:38 INFO FileSourceStrategy: Pushed Filters: IsNotNull(Price),Not(EqualTo(Price,NULL)),Not(EqualTo(Title,NULL)),IsNotNull(Title)
[2024-03-17T20:57:38.462+0000] {subprocess.py:93} INFO - 24/03/17 20:57:38 INFO FileSourceStrategy: Post-Scan Filters: isnotnull(Price#57),NOT (Price#57 = NULL),NOT (Title#56 = NULL),isnotnull(Title#56)
[2024-03-17T20:57:38.462+0000] {subprocess.py:93} INFO - 24/03/17 20:57:38 INFO FileSourceStrategy: Output Data Schema: struct<Id: string, Title: string, Price: string, review/score: string ... 2 more fields>
[2024-03-17T20:57:38.462+0000] {subprocess.py:93} INFO - 24/03/17 20:57:38 INFO FileSourceStrategy: Pushed Filters: IsNotNull(authors),IsNotNull(categories),IsNotNull(Title),StringStartsWith(authors,[),StringEndsWith(authors,]),StringStartsWith(categories,[),StringEndsWith(categories,]),Not(EqualTo(Title,NULL))
[2024-03-17T20:57:38.463+0000] {subprocess.py:93} INFO - 24/03/17 20:57:38 INFO FileSourceStrategy: Post-Scan Filters: isnotnull(authors#19),isnotnull(categories#25),isnotnull(Title#17),StartsWith(authors#19, [),EndsWith(authors#19, ]),StartsWith(categories#25, [),EndsWith(categories#25, ]),NOT (Title#17 = NULL)
[2024-03-17T20:57:38.463+0000] {subprocess.py:93} INFO - 24/03/17 20:57:38 INFO FileSourceStrategy: Output Data Schema: struct<Title: string, authors: string, categories: string ... 1 more fields>
[2024-03-17T20:57:38.502+0000] {subprocess.py:93} INFO - 24/03/17 20:57:38 INFO CodeGenerator: Code generated in 10.173826 ms
[2024-03-17T20:57:38.505+0000] {subprocess.py:93} INFO - 24/03/17 20:57:38 INFO MemoryStore: Block broadcast_6 stored as values in memory (estimated size 199.2 KiB, free 434.2 MiB)
[2024-03-17T20:57:38.512+0000] {subprocess.py:93} INFO - 24/03/17 20:57:38 INFO MemoryStore: Block broadcast_6_piece0 stored as bytes in memory (estimated size 33.9 KiB, free 434.2 MiB)
[2024-03-17T20:57:38.513+0000] {subprocess.py:93} INFO - 24/03/17 20:57:38 INFO BlockManagerInfo: Added broadcast_6_piece0 in memory on 1feb0b7175e0:45699 (size: 33.9 KiB, free: 434.4 MiB)
[2024-03-17T20:57:38.513+0000] {subprocess.py:93} INFO - 24/03/17 20:57:38 INFO SparkContext: Created broadcast 6 from save at NativeMethodAccessorImpl.java:0
[2024-03-17T20:57:38.517+0000] {subprocess.py:93} INFO - 24/03/17 20:57:38 INFO FileSourceScanExec: Planning scan with bin packing, max size: 12969383 bytes, open cost is considered as scanning 4194304 bytes.
[2024-03-17T20:57:38.537+0000] {subprocess.py:93} INFO - 24/03/17 20:57:38 INFO DAGScheduler: Registering RDD 23 (save at NativeMethodAccessorImpl.java:0) as input to shuffle 0
[2024-03-17T20:57:38.541+0000] {subprocess.py:93} INFO - 24/03/17 20:57:38 INFO DAGScheduler: Got map stage job 2 (save at NativeMethodAccessorImpl.java:0) with 12 output partitions
[2024-03-17T20:57:38.541+0000] {subprocess.py:93} INFO - 24/03/17 20:57:38 INFO DAGScheduler: Final stage: ShuffleMapStage 2 (save at NativeMethodAccessorImpl.java:0)
[2024-03-17T20:57:38.542+0000] {subprocess.py:93} INFO - 24/03/17 20:57:38 INFO DAGScheduler: Parents of final stage: List()
[2024-03-17T20:57:38.542+0000] {subprocess.py:93} INFO - 24/03/17 20:57:38 INFO DAGScheduler: Missing parents: List()
[2024-03-17T20:57:38.543+0000] {subprocess.py:93} INFO - 24/03/17 20:57:38 INFO DAGScheduler: Submitting ShuffleMapStage 2 (MapPartitionsRDD[23] at save at NativeMethodAccessorImpl.java:0), which has no missing parents
[2024-03-17T20:57:38.588+0000] {subprocess.py:93} INFO - 24/03/17 20:57:38 INFO MemoryStore: Block broadcast_7 stored as values in memory (estimated size 17.9 KiB, free 434.2 MiB)
[2024-03-17T20:57:38.590+0000] {subprocess.py:93} INFO - 24/03/17 20:57:38 INFO MemoryStore: Block broadcast_7_piece0 stored as bytes in memory (estimated size 8.7 KiB, free 434.1 MiB)
[2024-03-17T20:57:38.591+0000] {subprocess.py:93} INFO - 24/03/17 20:57:38 INFO BlockManagerInfo: Added broadcast_7_piece0 in memory on 1feb0b7175e0:45699 (size: 8.7 KiB, free: 434.4 MiB)
[2024-03-17T20:57:38.592+0000] {subprocess.py:93} INFO - 24/03/17 20:57:38 INFO SparkContext: Created broadcast 7 from broadcast at DAGScheduler.scala:1513
[2024-03-17T20:57:38.594+0000] {subprocess.py:93} INFO - 24/03/17 20:57:38 INFO DAGScheduler: Submitting 12 missing tasks from ShuffleMapStage 2 (MapPartitionsRDD[23] at save at NativeMethodAccessorImpl.java:0) (first 15 tasks are for partitions Vector(0, 1, 2, 3, 4, 5, 6, 7, 8, 9, 10, 11))
[2024-03-17T20:57:38.595+0000] {subprocess.py:93} INFO - 24/03/17 20:57:38 INFO TaskSchedulerImpl: Adding task set 2.0 with 12 tasks resource profile 0
[2024-03-17T20:57:38.595+0000] {subprocess.py:93} INFO - 24/03/17 20:57:38 INFO CodeGenerator: Code generated in 34.766945 ms
[2024-03-17T20:57:38.597+0000] {subprocess.py:93} INFO - 24/03/17 20:57:38 INFO TaskSetManager: Starting task 0.0 in stage 2.0 (TID 2) (1feb0b7175e0, executor driver, partition 0, PROCESS_LOCAL, 4906 bytes) taskResourceAssignments Map()
[2024-03-17T20:57:38.597+0000] {subprocess.py:93} INFO - 24/03/17 20:57:38 INFO TaskSetManager: Starting task 1.0 in stage 2.0 (TID 3) (1feb0b7175e0, executor driver, partition 1, PROCESS_LOCAL, 4906 bytes) taskResourceAssignments Map()
[2024-03-17T20:57:38.598+0000] {subprocess.py:93} INFO - 24/03/17 20:57:38 INFO TaskSetManager: Starting task 2.0 in stage 2.0 (TID 4) (1feb0b7175e0, executor driver, partition 2, PROCESS_LOCAL, 4906 bytes) taskResourceAssignments Map()
[2024-03-17T20:57:38.598+0000] {subprocess.py:93} INFO - 24/03/17 20:57:38 INFO TaskSetManager: Starting task 3.0 in stage 2.0 (TID 5) (1feb0b7175e0, executor driver, partition 3, PROCESS_LOCAL, 4906 bytes) taskResourceAssignments Map()
[2024-03-17T20:57:38.599+0000] {subprocess.py:93} INFO - 24/03/17 20:57:38 INFO MemoryStore: Block broadcast_8 stored as values in memory (estimated size 199.2 KiB, free 434.0 MiB)
[2024-03-17T20:57:38.599+0000] {subprocess.py:93} INFO - 24/03/17 20:57:38 INFO TaskSetManager: Starting task 4.0 in stage 2.0 (TID 6) (1feb0b7175e0, executor driver, partition 4, PROCESS_LOCAL, 4906 bytes) taskResourceAssignments Map()
[2024-03-17T20:57:38.599+0000] {subprocess.py:93} INFO - 24/03/17 20:57:38 INFO TaskSetManager: Starting task 5.0 in stage 2.0 (TID 7) (1feb0b7175e0, executor driver, partition 5, PROCESS_LOCAL, 4906 bytes) taskResourceAssignments Map()
[2024-03-17T20:57:38.600+0000] {subprocess.py:93} INFO - 24/03/17 20:57:38 INFO TaskSetManager: Starting task 6.0 in stage 2.0 (TID 8) (1feb0b7175e0, executor driver, partition 6, PROCESS_LOCAL, 4906 bytes) taskResourceAssignments Map()
[2024-03-17T20:57:38.600+0000] {subprocess.py:93} INFO - 24/03/17 20:57:38 INFO TaskSetManager: Starting task 7.0 in stage 2.0 (TID 9) (1feb0b7175e0, executor driver, partition 7, PROCESS_LOCAL, 4906 bytes) taskResourceAssignments Map()
[2024-03-17T20:57:38.600+0000] {subprocess.py:93} INFO - 24/03/17 20:57:38 INFO TaskSetManager: Starting task 8.0 in stage 2.0 (TID 10) (1feb0b7175e0, executor driver, partition 8, PROCESS_LOCAL, 4906 bytes) taskResourceAssignments Map()
[2024-03-17T20:57:38.601+0000] {subprocess.py:93} INFO - 24/03/17 20:57:38 INFO TaskSetManager: Starting task 9.0 in stage 2.0 (TID 11) (1feb0b7175e0, executor driver, partition 9, PROCESS_LOCAL, 4906 bytes) taskResourceAssignments Map()
[2024-03-17T20:57:38.601+0000] {subprocess.py:93} INFO - 24/03/17 20:57:38 INFO TaskSetManager: Starting task 10.0 in stage 2.0 (TID 12) (1feb0b7175e0, executor driver, partition 10, PROCESS_LOCAL, 4906 bytes) taskResourceAssignments Map()
[2024-03-17T20:57:38.602+0000] {subprocess.py:93} INFO - 24/03/17 20:57:38 INFO TaskSetManager: Starting task 11.0 in stage 2.0 (TID 13) (1feb0b7175e0, executor driver, partition 11, PROCESS_LOCAL, 4906 bytes) taskResourceAssignments Map()
[2024-03-17T20:57:38.603+0000] {subprocess.py:93} INFO - 24/03/17 20:57:38 INFO Executor: Running task 0.0 in stage 2.0 (TID 2)
[2024-03-17T20:57:38.604+0000] {subprocess.py:93} INFO - 24/03/17 20:57:38 INFO Executor: Running task 2.0 in stage 2.0 (TID 4)
[2024-03-17T20:57:38.604+0000] {subprocess.py:93} INFO - 24/03/17 20:57:38 INFO Executor: Running task 1.0 in stage 2.0 (TID 3)
[2024-03-17T20:57:38.607+0000] {subprocess.py:93} INFO - 24/03/17 20:57:38 INFO Executor: Running task 3.0 in stage 2.0 (TID 5)
[2024-03-17T20:57:38.609+0000] {subprocess.py:93} INFO - 24/03/17 20:57:38 INFO Executor: Running task 5.0 in stage 2.0 (TID 7)
[2024-03-17T20:57:38.610+0000] {subprocess.py:93} INFO - 24/03/17 20:57:38 INFO Executor: Running task 6.0 in stage 2.0 (TID 8)
[2024-03-17T20:57:38.611+0000] {subprocess.py:93} INFO - 24/03/17 20:57:38 INFO Executor: Running task 4.0 in stage 2.0 (TID 6)
[2024-03-17T20:57:38.615+0000] {subprocess.py:93} INFO - 24/03/17 20:57:38 INFO Executor: Running task 9.0 in stage 2.0 (TID 11)
[2024-03-17T20:57:38.618+0000] {subprocess.py:93} INFO - 24/03/17 20:57:38 INFO Executor: Running task 7.0 in stage 2.0 (TID 9)
[2024-03-17T20:57:38.619+0000] {subprocess.py:93} INFO - 24/03/17 20:57:38 INFO Executor: Running task 10.0 in stage 2.0 (TID 12)
[2024-03-17T20:57:38.619+0000] {subprocess.py:93} INFO - 24/03/17 20:57:38 INFO Executor: Running task 8.0 in stage 2.0 (TID 10)
[2024-03-17T20:57:38.619+0000] {subprocess.py:93} INFO - 24/03/17 20:57:38 INFO Executor: Running task 11.0 in stage 2.0 (TID 13)
[2024-03-17T20:57:38.621+0000] {subprocess.py:93} INFO - 24/03/17 20:57:38 INFO MemoryStore: Block broadcast_8_piece0 stored as bytes in memory (estimated size 33.9 KiB, free 433.9 MiB)
[2024-03-17T20:57:38.634+0000] {subprocess.py:93} INFO - 24/03/17 20:57:38 INFO BlockManagerInfo: Added broadcast_8_piece0 in memory on 1feb0b7175e0:45699 (size: 33.9 KiB, free: 434.3 MiB)
[2024-03-17T20:57:38.635+0000] {subprocess.py:93} INFO - 24/03/17 20:57:38 INFO SparkContext: Created broadcast 8 from save at NativeMethodAccessorImpl.java:0
[2024-03-17T20:57:38.637+0000] {subprocess.py:93} INFO - 24/03/17 20:57:38 INFO FileSourceScanExec: Planning scan with bin packing, max size: 15461929 bytes, open cost is considered as scanning 4194304 bytes.
[2024-03-17T20:57:38.660+0000] {subprocess.py:93} INFO - 24/03/17 20:57:38 INFO DAGScheduler: Registering RDD 27 (save at NativeMethodAccessorImpl.java:0) as input to shuffle 1
[2024-03-17T20:57:38.661+0000] {subprocess.py:93} INFO - 24/03/17 20:57:38 INFO DAGScheduler: Got map stage job 3 (save at NativeMethodAccessorImpl.java:0) with 12 output partitions
[2024-03-17T20:57:38.661+0000] {subprocess.py:93} INFO - 24/03/17 20:57:38 INFO DAGScheduler: Final stage: ShuffleMapStage 3 (save at NativeMethodAccessorImpl.java:0)
[2024-03-17T20:57:38.662+0000] {subprocess.py:93} INFO - 24/03/17 20:57:38 INFO DAGScheduler: Parents of final stage: List()
[2024-03-17T20:57:38.662+0000] {subprocess.py:93} INFO - 24/03/17 20:57:38 INFO DAGScheduler: Missing parents: List()
[2024-03-17T20:57:38.668+0000] {subprocess.py:93} INFO - 24/03/17 20:57:38 INFO DAGScheduler: Submitting ShuffleMapStage 3 (MapPartitionsRDD[27] at save at NativeMethodAccessorImpl.java:0), which has no missing parents
[2024-03-17T20:57:38.687+0000] {subprocess.py:93} INFO - 24/03/17 20:57:38 INFO MemoryStore: Block broadcast_9 stored as values in memory (estimated size 23.4 KiB, free 433.9 MiB)
[2024-03-17T20:57:38.691+0000] {subprocess.py:93} INFO - 24/03/17 20:57:38 INFO MemoryStore: Block broadcast_9_piece0 stored as bytes in memory (estimated size 10.2 KiB, free 433.9 MiB)
[2024-03-17T20:57:38.693+0000] {subprocess.py:93} INFO - 24/03/17 20:57:38 INFO BlockManagerInfo: Added broadcast_9_piece0 in memory on 1feb0b7175e0:45699 (size: 10.2 KiB, free: 434.3 MiB)
[2024-03-17T20:57:38.695+0000] {subprocess.py:93} INFO - 24/03/17 20:57:38 INFO SparkContext: Created broadcast 9 from broadcast at DAGScheduler.scala:1513
[2024-03-17T20:57:38.696+0000] {subprocess.py:93} INFO - 24/03/17 20:57:38 INFO DAGScheduler: Submitting 12 missing tasks from ShuffleMapStage 3 (MapPartitionsRDD[27] at save at NativeMethodAccessorImpl.java:0) (first 15 tasks are for partitions Vector(0, 1, 2, 3, 4, 5, 6, 7, 8, 9, 10, 11))
[2024-03-17T20:57:38.697+0000] {subprocess.py:93} INFO - 24/03/17 20:57:38 INFO TaskSchedulerImpl: Adding task set 3.0 with 12 tasks resource profile 0
[2024-03-17T20:57:38.710+0000] {subprocess.py:93} INFO - 24/03/17 20:57:38 INFO CodeGenerator: Code generated in 16.623582 ms
[2024-03-17T20:57:38.723+0000] {subprocess.py:93} INFO - 24/03/17 20:57:38 INFO FileScanRDD: Reading File path: file:///opt/***/disk_data/Books_Rating.csv, range: 0-12969383, partition values: [empty row]
[2024-03-17T20:57:38.724+0000] {subprocess.py:93} INFO - 24/03/17 20:57:38 INFO FileScanRDD: Reading File path: file:///opt/***/disk_data/Books_Rating.csv, range: 38908149-51877532, partition values: [empty row]
[2024-03-17T20:57:38.724+0000] {subprocess.py:93} INFO - 24/03/17 20:57:38 INFO FileScanRDD: Reading File path: file:///opt/***/disk_data/Books_Rating.csv, range: 12969383-25938766, partition values: [empty row]
[2024-03-17T20:57:38.724+0000] {subprocess.py:93} INFO - 24/03/17 20:57:38 INFO FileScanRDD: Reading File path: file:///opt/***/disk_data/Books_Rating.csv, range: 129693830-142663213, partition values: [empty row]
[2024-03-17T20:57:38.725+0000] {subprocess.py:93} INFO - 24/03/17 20:57:38 INFO FileScanRDD: Reading File path: file:///opt/***/disk_data/Books_Rating.csv, range: 51877532-64846915, partition values: [empty row]
[2024-03-17T20:57:38.725+0000] {subprocess.py:93} INFO - 24/03/17 20:57:38 INFO FileScanRDD: Reading File path: file:///opt/***/disk_data/Books_Rating.csv, range: 90785681-103755064, partition values: [empty row]
[2024-03-17T20:57:38.725+0000] {subprocess.py:93} INFO - 24/03/17 20:57:38 INFO FileScanRDD: Reading File path: file:///opt/***/disk_data/Books_Rating.csv, range: 64846915-77816298, partition values: [empty row]
[2024-03-17T20:57:38.726+0000] {subprocess.py:93} INFO - 24/03/17 20:57:38 INFO FileScanRDD: Reading File path: file:///opt/***/disk_data/Books_Rating.csv, range: 142663213-151438303, partition values: [empty row]
[2024-03-17T20:57:38.728+0000] {subprocess.py:93} INFO - 24/03/17 20:57:38 INFO FileScanRDD: Reading File path: file:///opt/***/disk_data/Books_Rating.csv, range: 103755064-116724447, partition values: [empty row]
[2024-03-17T20:57:38.728+0000] {subprocess.py:93} INFO - 24/03/17 20:57:38 INFO FileScanRDD: Reading File path: file:///opt/***/disk_data/Books_Rating.csv, range: 116724447-129693830, partition values: [empty row]
[2024-03-17T20:57:38.729+0000] {subprocess.py:93} INFO - 24/03/17 20:57:38 INFO FileScanRDD: Reading File path: file:///opt/***/disk_data/Books_Rating.csv, range: 25938766-38908149, partition values: [empty row]
[2024-03-17T20:57:38.729+0000] {subprocess.py:93} INFO - 24/03/17 20:57:38 INFO FileScanRDD: Reading File path: file:///opt/***/disk_data/Books_Rating.csv, range: 77816298-90785681, partition values: [empty row]
[2024-03-17T20:57:38.736+0000] {subprocess.py:93} INFO - 24/03/17 20:57:38 INFO CodeGenerator: Code generated in 9.746432 ms
[2024-03-17T20:57:38.773+0000] {subprocess.py:93} INFO - 24/03/17 20:57:38 INFO CodeGenerator: Code generated in 6.747662 ms
[2024-03-17T20:57:38.783+0000] {subprocess.py:93} INFO - 24/03/17 20:57:38 INFO CodeGenerator: Code generated in 6.319496 ms
[2024-03-17T20:57:43.000+0000] {subprocess.py:93} INFO - 24/03/17 20:57:42 INFO Executor: Finished task 11.0 in stage 2.0 (TID 13). 2084 bytes result sent to driver
[2024-03-17T20:57:43.013+0000] {subprocess.py:93} INFO - 24/03/17 20:57:43 INFO TaskSetManager: Starting task 0.0 in stage 3.0 (TID 14) (1feb0b7175e0, executor driver, partition 0, PROCESS_LOCAL, 4904 bytes) taskResourceAssignments Map()
[2024-03-17T20:57:43.019+0000] {subprocess.py:93} INFO - 24/03/17 20:57:43 INFO Executor: Running task 0.0 in stage 3.0 (TID 14)
[2024-03-17T20:57:43.020+0000] {subprocess.py:93} INFO - 24/03/17 20:57:43 INFO TaskSetManager: Finished task 11.0 in stage 2.0 (TID 13) in 4402 ms on 1feb0b7175e0 (executor driver) (1/12)
[2024-03-17T20:57:43.026+0000] {subprocess.py:93} INFO - 24/03/17 20:57:43 INFO CodeGenerator: Code generated in 15.080299 ms
[2024-03-17T20:57:43.098+0000] {subprocess.py:93} INFO - 24/03/17 20:57:43 INFO FileScanRDD: Reading File path: file:///opt/***/disk_data/books_data.csv, range: 0-15461929, partition values: [empty row]
[2024-03-17T20:57:43.099+0000] {subprocess.py:93} INFO - 24/03/17 20:57:43 INFO CodeGenerator: Code generated in 6.415886 ms
[2024-03-17T20:57:43.100+0000] {subprocess.py:93} INFO - 24/03/17 20:57:43 INFO CodeGenerator: Code generated in 5.017084 ms
[2024-03-17T20:57:43.100+0000] {subprocess.py:93} INFO - 24/03/17 20:57:43 INFO CodeGenerator: Code generated in 5.99616 ms
[2024-03-17T20:57:43.101+0000] {subprocess.py:93} INFO - 24/03/17 20:57:43 INFO CodeGenerator: Code generated in 10.690632 ms
[2024-03-17T20:57:44.369+0000] {subprocess.py:93} INFO - 24/03/17 20:57:44 INFO Executor: Finished task 5.0 in stage 2.0 (TID 7). 2084 bytes result sent to driver
[2024-03-17T20:57:44.376+0000] {subprocess.py:93} INFO - 24/03/17 20:57:44 INFO TaskSetManager: Starting task 1.0 in stage 3.0 (TID 15) (1feb0b7175e0, executor driver, partition 1, PROCESS_LOCAL, 4904 bytes) taskResourceAssignments Map()
[2024-03-17T20:57:44.382+0000] {subprocess.py:93} INFO - 24/03/17 20:57:44 INFO TaskSetManager: Finished task 5.0 in stage 2.0 (TID 7) in 5771 ms on 1feb0b7175e0 (executor driver) (2/12)
[2024-03-17T20:57:44.383+0000] {subprocess.py:93} INFO - 24/03/17 20:57:44 INFO Executor: Running task 1.0 in stage 3.0 (TID 15)
[2024-03-17T20:57:44.383+0000] {subprocess.py:93} INFO - 24/03/17 20:57:44 INFO FileScanRDD: Reading File path: file:///opt/***/disk_data/books_data.csv, range: 15461929-30923858, partition values: [empty row]
[2024-03-17T20:57:44.666+0000] {subprocess.py:93} INFO - 24/03/17 20:57:44 INFO Executor: Finished task 4.0 in stage 2.0 (TID 6). 2084 bytes result sent to driver
[2024-03-17T20:57:44.667+0000] {subprocess.py:93} INFO - 24/03/17 20:57:44 INFO TaskSetManager: Starting task 2.0 in stage 3.0 (TID 16) (1feb0b7175e0, executor driver, partition 2, PROCESS_LOCAL, 4904 bytes) taskResourceAssignments Map()
[2024-03-17T20:57:44.668+0000] {subprocess.py:93} INFO - 24/03/17 20:57:44 INFO Executor: Running task 2.0 in stage 3.0 (TID 16)
[2024-03-17T20:57:44.668+0000] {subprocess.py:93} INFO - 24/03/17 20:57:44 INFO TaskSetManager: Finished task 4.0 in stage 2.0 (TID 6) in 6069 ms on 1feb0b7175e0 (executor driver) (3/12)
[2024-03-17T20:57:44.673+0000] {subprocess.py:93} INFO - 24/03/17 20:57:44 INFO FileScanRDD: Reading File path: file:///opt/***/disk_data/books_data.csv, range: 30923858-46385787, partition values: [empty row]
[2024-03-17T20:57:44.781+0000] {subprocess.py:93} INFO - 24/03/17 20:57:44 INFO Executor: Finished task 3.0 in stage 2.0 (TID 5). 2084 bytes result sent to driver
[2024-03-17T20:57:44.782+0000] {subprocess.py:93} INFO - 24/03/17 20:57:44 INFO TaskSetManager: Starting task 3.0 in stage 3.0 (TID 17) (1feb0b7175e0, executor driver, partition 3, PROCESS_LOCAL, 4904 bytes) taskResourceAssignments Map()
[2024-03-17T20:57:44.783+0000] {subprocess.py:93} INFO - 24/03/17 20:57:44 INFO TaskSetManager: Finished task 3.0 in stage 2.0 (TID 5) in 6185 ms on 1feb0b7175e0 (executor driver) (4/12)
[2024-03-17T20:57:44.783+0000] {subprocess.py:93} INFO - 24/03/17 20:57:44 INFO Executor: Running task 3.0 in stage 3.0 (TID 17)
[2024-03-17T20:57:44.789+0000] {subprocess.py:93} INFO - 24/03/17 20:57:44 INFO FileScanRDD: Reading File path: file:///opt/***/disk_data/books_data.csv, range: 46385787-61847716, partition values: [empty row]
[2024-03-17T20:57:44.889+0000] {subprocess.py:93} INFO - 24/03/17 20:57:44 INFO Executor: Finished task 8.0 in stage 2.0 (TID 10). 2084 bytes result sent to driver
[2024-03-17T20:57:44.890+0000] {subprocess.py:93} INFO - 24/03/17 20:57:44 INFO TaskSetManager: Starting task 4.0 in stage 3.0 (TID 18) (1feb0b7175e0, executor driver, partition 4, PROCESS_LOCAL, 4904 bytes) taskResourceAssignments Map()
[2024-03-17T20:57:44.891+0000] {subprocess.py:93} INFO - 24/03/17 20:57:44 INFO TaskSetManager: Finished task 8.0 in stage 2.0 (TID 10) in 6291 ms on 1feb0b7175e0 (executor driver) (5/12)
[2024-03-17T20:57:44.892+0000] {subprocess.py:93} INFO - 24/03/17 20:57:44 INFO Executor: Running task 4.0 in stage 3.0 (TID 18)
[2024-03-17T20:57:44.897+0000] {subprocess.py:93} INFO - 24/03/17 20:57:44 INFO FileScanRDD: Reading File path: file:///opt/***/disk_data/books_data.csv, range: 61847716-77309645, partition values: [empty row]
[2024-03-17T20:57:44.898+0000] {subprocess.py:93} INFO - 24/03/17 20:57:44 INFO Executor: Finished task 10.0 in stage 2.0 (TID 12). 2084 bytes result sent to driver
[2024-03-17T20:57:44.898+0000] {subprocess.py:93} INFO - 24/03/17 20:57:44 INFO TaskSetManager: Starting task 5.0 in stage 3.0 (TID 19) (1feb0b7175e0, executor driver, partition 5, PROCESS_LOCAL, 4904 bytes) taskResourceAssignments Map()
[2024-03-17T20:57:44.899+0000] {subprocess.py:93} INFO - 24/03/17 20:57:44 INFO TaskSetManager: Finished task 10.0 in stage 2.0 (TID 12) in 6297 ms on 1feb0b7175e0 (executor driver) (6/12)
[2024-03-17T20:57:44.899+0000] {subprocess.py:93} INFO - 24/03/17 20:57:44 INFO Executor: Running task 5.0 in stage 3.0 (TID 19)
[2024-03-17T20:57:44.903+0000] {subprocess.py:93} INFO - 24/03/17 20:57:44 INFO FileScanRDD: Reading File path: file:///opt/***/disk_data/books_data.csv, range: 77309645-92771574, partition values: [empty row]
[2024-03-17T20:57:44.912+0000] {subprocess.py:93} INFO - 24/03/17 20:57:44 INFO Executor: Finished task 9.0 in stage 2.0 (TID 11). 2084 bytes result sent to driver
[2024-03-17T20:57:44.914+0000] {subprocess.py:93} INFO - 24/03/17 20:57:44 INFO TaskSetManager: Starting task 6.0 in stage 3.0 (TID 20) (1feb0b7175e0, executor driver, partition 6, PROCESS_LOCAL, 4904 bytes) taskResourceAssignments Map()
[2024-03-17T20:57:44.919+0000] {subprocess.py:93} INFO - 24/03/17 20:57:44 INFO TaskSetManager: Finished task 9.0 in stage 2.0 (TID 11) in 6314 ms on 1feb0b7175e0 (executor driver) (7/12)
[2024-03-17T20:57:44.919+0000] {subprocess.py:93} INFO - 24/03/17 20:57:44 INFO Executor: Running task 6.0 in stage 3.0 (TID 20)
[2024-03-17T20:57:44.925+0000] {subprocess.py:93} INFO - 24/03/17 20:57:44 INFO FileScanRDD: Reading File path: file:///opt/***/disk_data/books_data.csv, range: 92771574-108233503, partition values: [empty row]
[2024-03-17T20:57:44.929+0000] {subprocess.py:93} INFO - 24/03/17 20:57:44 INFO Executor: Finished task 6.0 in stage 2.0 (TID 8). 2084 bytes result sent to driver
[2024-03-17T20:57:44.930+0000] {subprocess.py:93} INFO - 24/03/17 20:57:44 INFO TaskSetManager: Starting task 7.0 in stage 3.0 (TID 21) (1feb0b7175e0, executor driver, partition 7, PROCESS_LOCAL, 4904 bytes) taskResourceAssignments Map()
[2024-03-17T20:57:44.931+0000] {subprocess.py:93} INFO - 24/03/17 20:57:44 INFO TaskSetManager: Finished task 6.0 in stage 2.0 (TID 8) in 6331 ms on 1feb0b7175e0 (executor driver) (8/12)
[2024-03-17T20:57:44.931+0000] {subprocess.py:93} INFO - 24/03/17 20:57:44 INFO Executor: Running task 7.0 in stage 3.0 (TID 21)
[2024-03-17T20:57:44.936+0000] {subprocess.py:93} INFO - 24/03/17 20:57:44 INFO FileScanRDD: Reading File path: file:///opt/***/disk_data/books_data.csv, range: 108233503-123695432, partition values: [empty row]
[2024-03-17T20:57:44.975+0000] {subprocess.py:93} INFO - 24/03/17 20:57:44 INFO Executor: Finished task 2.0 in stage 2.0 (TID 4). 2084 bytes result sent to driver
[2024-03-17T20:57:44.989+0000] {subprocess.py:93} INFO - 24/03/17 20:57:44 INFO TaskSetManager: Starting task 8.0 in stage 3.0 (TID 22) (1feb0b7175e0, executor driver, partition 8, PROCESS_LOCAL, 4904 bytes) taskResourceAssignments Map()
[2024-03-17T20:57:44.990+0000] {subprocess.py:93} INFO - 24/03/17 20:57:44 INFO Executor: Finished task 1.0 in stage 2.0 (TID 3). 2084 bytes result sent to driver
[2024-03-17T20:57:44.990+0000] {subprocess.py:93} INFO - 24/03/17 20:57:44 INFO TaskSetManager: Finished task 2.0 in stage 2.0 (TID 4) in 6379 ms on 1feb0b7175e0 (executor driver) (9/12)
[2024-03-17T20:57:44.991+0000] {subprocess.py:93} INFO - 24/03/17 20:57:44 INFO Executor: Running task 8.0 in stage 3.0 (TID 22)
[2024-03-17T20:57:44.991+0000] {subprocess.py:93} INFO - 24/03/17 20:57:44 INFO TaskSetManager: Starting task 9.0 in stage 3.0 (TID 23) (1feb0b7175e0, executor driver, partition 9, PROCESS_LOCAL, 4904 bytes) taskResourceAssignments Map()
[2024-03-17T20:57:44.991+0000] {subprocess.py:93} INFO - 24/03/17 20:57:44 INFO TaskSetManager: Finished task 1.0 in stage 2.0 (TID 3) in 6380 ms on 1feb0b7175e0 (executor driver) (10/12)
[2024-03-17T20:57:44.992+0000] {subprocess.py:93} INFO - 24/03/17 20:57:44 INFO Executor: Running task 9.0 in stage 3.0 (TID 23)
[2024-03-17T20:57:45.038+0000] {subprocess.py:93} INFO - 24/03/17 20:57:44 INFO Executor: Finished task 7.0 in stage 2.0 (TID 9). 2084 bytes result sent to driver
[2024-03-17T20:57:45.039+0000] {subprocess.py:93} INFO - 24/03/17 20:57:44 INFO TaskSetManager: Starting task 10.0 in stage 3.0 (TID 24) (1feb0b7175e0, executor driver, partition 10, PROCESS_LOCAL, 4904 bytes) taskResourceAssignments Map()
[2024-03-17T20:57:45.039+0000] {subprocess.py:93} INFO - 24/03/17 20:57:44 INFO TaskSetManager: Finished task 7.0 in stage 2.0 (TID 9) in 6380 ms on 1feb0b7175e0 (executor driver) (11/12)
[2024-03-17T20:57:45.040+0000] {subprocess.py:93} INFO - 24/03/17 20:57:44 INFO Executor: Running task 10.0 in stage 3.0 (TID 24)
[2024-03-17T20:57:45.040+0000] {subprocess.py:93} INFO - 24/03/17 20:57:44 INFO FileScanRDD: Reading File path: file:///opt/***/disk_data/books_data.csv, range: 123695432-139157361, partition values: [empty row]
[2024-03-17T20:57:45.040+0000] {subprocess.py:93} INFO - 24/03/17 20:57:44 INFO FileScanRDD: Reading File path: file:///opt/***/disk_data/books_data.csv, range: 139157361-154619290, partition values: [empty row]
[2024-03-17T20:57:45.086+0000] {subprocess.py:93} INFO - 24/03/17 20:57:44 INFO FileScanRDD: Reading File path: file:///opt/***/disk_data/books_data.csv, range: 154619290-170081219, partition values: [empty row]
[2024-03-17T20:57:47.142+0000] {subprocess.py:93} INFO - 24/03/17 20:57:47 INFO Executor: Finished task 0.0 in stage 2.0 (TID 2). 2084 bytes result sent to driver
[2024-03-17T20:57:47.146+0000] {subprocess.py:93} INFO - 24/03/17 20:57:47 INFO TaskSetManager: Starting task 11.0 in stage 3.0 (TID 25) (1feb0b7175e0, executor driver, partition 11, PROCESS_LOCAL, 4904 bytes) taskResourceAssignments Map()
[2024-03-17T20:57:47.147+0000] {subprocess.py:93} INFO - 24/03/17 20:57:47 INFO TaskSetManager: Finished task 0.0 in stage 2.0 (TID 2) in 8549 ms on 1feb0b7175e0 (executor driver) (12/12)
[2024-03-17T20:57:47.149+0000] {subprocess.py:93} INFO - 24/03/17 20:57:47 INFO Executor: Running task 11.0 in stage 3.0 (TID 25)
[2024-03-17T20:57:47.150+0000] {subprocess.py:93} INFO - 24/03/17 20:57:47 INFO TaskSchedulerImpl: Removed TaskSet 2.0, whose tasks have all completed, from pool
[2024-03-17T20:57:47.177+0000] {subprocess.py:93} INFO - 24/03/17 20:57:47 INFO DAGScheduler: ShuffleMapStage 2 (save at NativeMethodAccessorImpl.java:0) finished in 8.599 s
[2024-03-17T20:57:47.177+0000] {subprocess.py:93} INFO - 24/03/17 20:57:47 INFO DAGScheduler: looking for newly runnable stages
[2024-03-17T20:57:47.177+0000] {subprocess.py:93} INFO - 24/03/17 20:57:47 INFO DAGScheduler: running: Set(ShuffleMapStage 3)
[2024-03-17T20:57:47.178+0000] {subprocess.py:93} INFO - 24/03/17 20:57:47 INFO DAGScheduler: waiting: Set()
[2024-03-17T20:57:47.178+0000] {subprocess.py:93} INFO - 24/03/17 20:57:47 INFO DAGScheduler: failed: Set()
[2024-03-17T20:57:47.178+0000] {subprocess.py:93} INFO - 24/03/17 20:57:47 INFO FileScanRDD: Reading File path: file:///opt/***/disk_data/books_data.csv, range: 170081219-181348853, partition values: [empty row]
[2024-03-17T20:57:47.181+0000] {subprocess.py:93} INFO - 24/03/17 20:57:47 INFO ShufflePartitionsUtil: For shuffle(0), advisory target size: 67108864, actual target size 1048576, minimum partition size: 1048576
[2024-03-17T20:57:47.208+0000] {subprocess.py:93} INFO - 24/03/17 20:57:47 INFO SparkContext: Starting job: $anonfun$withThreadLocalCaptured$1 at FutureTask.java:264
[2024-03-17T20:57:47.210+0000] {subprocess.py:93} INFO - 24/03/17 20:57:47 INFO DAGScheduler: Got job 4 ($anonfun$withThreadLocalCaptured$1 at FutureTask.java:264) with 1 output partitions
[2024-03-17T20:57:47.211+0000] {subprocess.py:93} INFO - 24/03/17 20:57:47 INFO DAGScheduler: Final stage: ResultStage 5 ($anonfun$withThreadLocalCaptured$1 at FutureTask.java:264)
[2024-03-17T20:57:47.211+0000] {subprocess.py:93} INFO - 24/03/17 20:57:47 INFO DAGScheduler: Parents of final stage: List(ShuffleMapStage 4)
[2024-03-17T20:57:47.211+0000] {subprocess.py:93} INFO - 24/03/17 20:57:47 INFO DAGScheduler: Missing parents: List()
[2024-03-17T20:57:47.212+0000] {subprocess.py:93} INFO - 24/03/17 20:57:47 INFO DAGScheduler: Submitting ResultStage 5 (MapPartitionsRDD[29] at $anonfun$withThreadLocalCaptured$1 at FutureTask.java:264), which has no missing parents
[2024-03-17T20:57:47.216+0000] {subprocess.py:93} INFO - 24/03/17 20:57:47 INFO MemoryStore: Block broadcast_10 stored as values in memory (estimated size 7.2 KiB, free 433.9 MiB)
[2024-03-17T20:57:47.222+0000] {subprocess.py:93} INFO - 24/03/17 20:57:47 INFO MemoryStore: Block broadcast_10_piece0 stored as bytes in memory (estimated size 3.8 KiB, free 433.9 MiB)
[2024-03-17T20:57:47.222+0000] {subprocess.py:93} INFO - 24/03/17 20:57:47 INFO BlockManagerInfo: Added broadcast_10_piece0 in memory on 1feb0b7175e0:45699 (size: 3.8 KiB, free: 434.3 MiB)
[2024-03-17T20:57:47.223+0000] {subprocess.py:93} INFO - 24/03/17 20:57:47 INFO SparkContext: Created broadcast 10 from broadcast at DAGScheduler.scala:1513
[2024-03-17T20:57:47.224+0000] {subprocess.py:93} INFO - 24/03/17 20:57:47 INFO DAGScheduler: Submitting 1 missing tasks from ResultStage 5 (MapPartitionsRDD[29] at $anonfun$withThreadLocalCaptured$1 at FutureTask.java:264) (first 15 tasks are for partitions Vector(0))
[2024-03-17T20:57:47.224+0000] {subprocess.py:93} INFO - 24/03/17 20:57:47 INFO TaskSchedulerImpl: Adding task set 5.0 with 1 tasks resource profile 0
[2024-03-17T20:57:47.261+0000] {subprocess.py:93} INFO - 24/03/17 20:57:47 INFO BlockManagerInfo: Removed broadcast_7_piece0 on 1feb0b7175e0:45699 in memory (size: 8.7 KiB, free: 434.3 MiB)
[2024-03-17T20:57:48.321+0000] {subprocess.py:93} INFO - 24/03/17 20:57:48 INFO Executor: Finished task 0.0 in stage 3.0 (TID 14). 2084 bytes result sent to driver
[2024-03-17T20:57:48.327+0000] {subprocess.py:93} INFO - 24/03/17 20:57:48 INFO TaskSetManager: Starting task 0.0 in stage 5.0 (TID 26) (1feb0b7175e0, executor driver, partition 0, NODE_LOCAL, 4469 bytes) taskResourceAssignments Map()
[2024-03-17T20:57:48.327+0000] {subprocess.py:93} INFO - 24/03/17 20:57:48 INFO TaskSetManager: Finished task 0.0 in stage 3.0 (TID 14) in 5323 ms on 1feb0b7175e0 (executor driver) (1/12)
[2024-03-17T20:57:48.350+0000] {subprocess.py:93} INFO - 24/03/17 20:57:48 INFO Executor: Running task 0.0 in stage 5.0 (TID 26)
[2024-03-17T20:57:48.361+0000] {subprocess.py:93} INFO - 24/03/17 20:57:48 INFO ShuffleBlockFetcherIterator: Getting 12 (512.2 KiB) non-empty blocks including 12 (512.2 KiB) local and 0 (0.0 B) host-local and 0 (0.0 B) push-merged-local and 0 (0.0 B) remote blocks
[2024-03-17T20:57:48.392+0000] {subprocess.py:93} INFO - 24/03/17 20:57:48 INFO ShuffleBlockFetcherIterator: Started 0 remote fetches in 13 ms
[2024-03-17T20:57:48.410+0000] {subprocess.py:93} INFO - 24/03/17 20:57:48 INFO Executor: Finished task 0.0 in stage 5.0 (TID 26). 372081 bytes result sent to driver
[2024-03-17T20:57:48.412+0000] {subprocess.py:93} INFO - 24/03/17 20:57:48 INFO TaskSetManager: Finished task 0.0 in stage 5.0 (TID 26) in 90 ms on 1feb0b7175e0 (executor driver) (1/1)
[2024-03-17T20:57:48.442+0000] {subprocess.py:93} INFO - 24/03/17 20:57:48 INFO TaskSchedulerImpl: Removed TaskSet 5.0, whose tasks have all completed, from pool
[2024-03-17T20:57:48.442+0000] {subprocess.py:93} INFO - 24/03/17 20:57:48 INFO DAGScheduler: ResultStage 5 ($anonfun$withThreadLocalCaptured$1 at FutureTask.java:264) finished in 1.198 s
[2024-03-17T20:57:48.445+0000] {subprocess.py:93} INFO - 24/03/17 20:57:48 INFO DAGScheduler: Job 4 is finished. Cancelling potential speculative or zombie tasks for this job
[2024-03-17T20:57:48.446+0000] {subprocess.py:93} INFO - 24/03/17 20:57:48 INFO TaskSchedulerImpl: Killing all running tasks in stage 5: Stage finished
[2024-03-17T20:57:48.446+0000] {subprocess.py:93} INFO - 24/03/17 20:57:48 INFO DAGScheduler: Job 4 finished: $anonfun$withThreadLocalCaptured$1 at FutureTask.java:264, took 1.205799 s
[2024-03-17T20:57:48.447+0000] {subprocess.py:93} INFO - 24/03/17 20:57:48 INFO CodeGenerator: Code generated in 6.294341 ms
[2024-03-17T20:57:48.486+0000] {subprocess.py:93} INFO - 24/03/17 20:57:48 INFO MemoryStore: Block broadcast_11 stored as values in memory (estimated size 9.0 MiB, free 424.9 MiB)
[2024-03-17T20:57:48.517+0000] {subprocess.py:93} INFO - 24/03/17 20:57:48 INFO MemoryStore: Block broadcast_11_piece0 stored as bytes in memory (estimated size 511.2 KiB, free 424.4 MiB)
[2024-03-17T20:57:48.518+0000] {subprocess.py:93} INFO - 24/03/17 20:57:48 INFO BlockManagerInfo: Added broadcast_11_piece0 in memory on 1feb0b7175e0:45699 (size: 511.2 KiB, free: 433.8 MiB)
[2024-03-17T20:57:48.523+0000] {subprocess.py:93} INFO - 24/03/17 20:57:48 INFO SparkContext: Created broadcast 11 from $anonfun$withThreadLocalCaptured$1 at FutureTask.java:264
[2024-03-17T20:57:50.577+0000] {subprocess.py:93} INFO - 24/03/17 20:57:50 INFO Executor: Finished task 1.0 in stage 3.0 (TID 15). 2084 bytes result sent to driver
[2024-03-17T20:57:50.632+0000] {subprocess.py:93} INFO - 24/03/17 20:57:50 INFO TaskSetManager: Finished task 1.0 in stage 3.0 (TID 15) in 6208 ms on 1feb0b7175e0 (executor driver) (2/12)
[2024-03-17T20:57:50.675+0000] {subprocess.py:93} INFO - 24/03/17 20:57:50 INFO Executor: Finished task 2.0 in stage 3.0 (TID 16). 2084 bytes result sent to driver
[2024-03-17T20:57:50.688+0000] {subprocess.py:93} INFO - 24/03/17 20:57:50 INFO TaskSetManager: Finished task 2.0 in stage 3.0 (TID 16) in 6008 ms on 1feb0b7175e0 (executor driver) (3/12)
[2024-03-17T20:57:50.938+0000] {subprocess.py:93} INFO - 24/03/17 20:57:50 INFO Executor: Finished task 3.0 in stage 3.0 (TID 17). 2084 bytes result sent to driver
[2024-03-17T20:57:50.989+0000] {subprocess.py:93} INFO - 24/03/17 20:57:50 INFO TaskSetManager: Finished task 3.0 in stage 3.0 (TID 17) in 6157 ms on 1feb0b7175e0 (executor driver) (4/12)
[2024-03-17T20:57:51.224+0000] {subprocess.py:93} INFO - 24/03/17 20:57:51 INFO Executor: Finished task 7.0 in stage 3.0 (TID 21). 2084 bytes result sent to driver
[2024-03-17T20:57:51.226+0000] {subprocess.py:93} INFO - 24/03/17 20:57:51 INFO TaskSetManager: Finished task 7.0 in stage 3.0 (TID 21) in 6295 ms on 1feb0b7175e0 (executor driver) (5/12)
[2024-03-17T20:57:51.252+0000] {subprocess.py:93} INFO - 24/03/17 20:57:51 INFO Executor: Finished task 5.0 in stage 3.0 (TID 19). 2084 bytes result sent to driver
[2024-03-17T20:57:51.271+0000] {subprocess.py:93} INFO - 24/03/17 20:57:51 INFO TaskSetManager: Finished task 5.0 in stage 3.0 (TID 19) in 6354 ms on 1feb0b7175e0 (executor driver) (6/12)
[2024-03-17T20:57:51.271+0000] {subprocess.py:93} INFO - 24/03/17 20:57:51 INFO Executor: Finished task 6.0 in stage 3.0 (TID 20). 2084 bytes result sent to driver
[2024-03-17T20:57:51.272+0000] {subprocess.py:93} INFO - 24/03/17 20:57:51 INFO TaskSetManager: Finished task 6.0 in stage 3.0 (TID 20) in 6341 ms on 1feb0b7175e0 (executor driver) (7/12)
[2024-03-17T20:57:51.318+0000] {subprocess.py:93} INFO - 24/03/17 20:57:51 INFO Executor: Finished task 4.0 in stage 3.0 (TID 18). 2084 bytes result sent to driver
[2024-03-17T20:57:51.331+0000] {subprocess.py:93} INFO - 24/03/17 20:57:51 INFO TaskSetManager: Finished task 4.0 in stage 3.0 (TID 18) in 6428 ms on 1feb0b7175e0 (executor driver) (8/12)
[2024-03-17T20:57:51.429+0000] {subprocess.py:93} INFO - 24/03/17 20:57:51 INFO Executor: Finished task 9.0 in stage 3.0 (TID 23). 2084 bytes result sent to driver
[2024-03-17T20:57:51.430+0000] {subprocess.py:93} INFO - 24/03/17 20:57:51 INFO TaskSetManager: Finished task 9.0 in stage 3.0 (TID 23) in 6453 ms on 1feb0b7175e0 (executor driver) (9/12)
[2024-03-17T20:57:51.512+0000] {subprocess.py:93} INFO - 24/03/17 20:57:51 INFO Executor: Finished task 10.0 in stage 3.0 (TID 24). 2084 bytes result sent to driver
[2024-03-17T20:57:51.513+0000] {subprocess.py:93} INFO - 24/03/17 20:57:51 INFO TaskSetManager: Finished task 10.0 in stage 3.0 (TID 24) in 6533 ms on 1feb0b7175e0 (executor driver) (10/12)
[2024-03-17T20:57:51.517+0000] {subprocess.py:93} INFO - 24/03/17 20:57:51 INFO Executor: Finished task 8.0 in stage 3.0 (TID 22). 2084 bytes result sent to driver
[2024-03-17T20:57:51.517+0000] {subprocess.py:93} INFO - 24/03/17 20:57:51 INFO TaskSetManager: Finished task 8.0 in stage 3.0 (TID 22) in 6542 ms on 1feb0b7175e0 (executor driver) (11/12)
[2024-03-17T20:57:51.538+0000] {subprocess.py:93} INFO - 24/03/17 20:57:51 INFO Executor: Finished task 11.0 in stage 3.0 (TID 25). 2084 bytes result sent to driver
[2024-03-17T20:57:51.539+0000] {subprocess.py:93} INFO - 24/03/17 20:57:51 INFO TaskSetManager: Finished task 11.0 in stage 3.0 (TID 25) in 4396 ms on 1feb0b7175e0 (executor driver) (12/12)
[2024-03-17T20:57:51.539+0000] {subprocess.py:93} INFO - 24/03/17 20:57:51 INFO TaskSchedulerImpl: Removed TaskSet 3.0, whose tasks have all completed, from pool
[2024-03-17T20:57:51.540+0000] {subprocess.py:93} INFO - 24/03/17 20:57:51 INFO DAGScheduler: ShuffleMapStage 3 (save at NativeMethodAccessorImpl.java:0) finished in 12.869 s
[2024-03-17T20:57:51.540+0000] {subprocess.py:93} INFO - 24/03/17 20:57:51 INFO DAGScheduler: looking for newly runnable stages
[2024-03-17T20:57:51.540+0000] {subprocess.py:93} INFO - 24/03/17 20:57:51 INFO DAGScheduler: running: Set()
[2024-03-17T20:57:51.540+0000] {subprocess.py:93} INFO - 24/03/17 20:57:51 INFO DAGScheduler: waiting: Set()
[2024-03-17T20:57:51.541+0000] {subprocess.py:93} INFO - 24/03/17 20:57:51 INFO DAGScheduler: failed: Set()
[2024-03-17T20:57:51.545+0000] {subprocess.py:93} INFO - 24/03/17 20:57:51 INFO ShufflePartitionsUtil: For shuffle(1), advisory target size: 67108864, actual target size 1075360, minimum partition size: 1048576
[2024-03-17T20:57:51.570+0000] {subprocess.py:93} INFO - 24/03/17 20:57:51 INFO CodeGenerator: Code generated in 14.659451 ms
[2024-03-17T20:57:51.604+0000] {subprocess.py:93} INFO - 24/03/17 20:57:51 INFO SparkContext: Starting job: save at NativeMethodAccessorImpl.java:0
[2024-03-17T20:57:51.606+0000] {subprocess.py:93} INFO - 24/03/17 20:57:51 INFO DAGScheduler: Got job 5 (save at NativeMethodAccessorImpl.java:0) with 11 output partitions
[2024-03-17T20:57:51.606+0000] {subprocess.py:93} INFO - 24/03/17 20:57:51 INFO DAGScheduler: Final stage: ResultStage 7 (save at NativeMethodAccessorImpl.java:0)
[2024-03-17T20:57:51.606+0000] {subprocess.py:93} INFO - 24/03/17 20:57:51 INFO DAGScheduler: Parents of final stage: List(ShuffleMapStage 6)
[2024-03-17T20:57:51.606+0000] {subprocess.py:93} INFO - 24/03/17 20:57:51 INFO DAGScheduler: Missing parents: List()
[2024-03-17T20:57:51.607+0000] {subprocess.py:93} INFO - 24/03/17 20:57:51 INFO DAGScheduler: Submitting ResultStage 7 (MapPartitionsRDD[34] at save at NativeMethodAccessorImpl.java:0), which has no missing parents
[2024-03-17T20:57:51.672+0000] {subprocess.py:93} INFO - 24/03/17 20:57:51 INFO MemoryStore: Block broadcast_12 stored as values in memory (estimated size 51.8 KiB, free 424.4 MiB)
[2024-03-17T20:57:51.673+0000] {subprocess.py:93} INFO - 24/03/17 20:57:51 INFO MemoryStore: Block broadcast_12_piece0 stored as bytes in memory (estimated size 23.8 KiB, free 424.3 MiB)
[2024-03-17T20:57:51.674+0000] {subprocess.py:93} INFO - 24/03/17 20:57:51 INFO BlockManagerInfo: Added broadcast_12_piece0 in memory on 1feb0b7175e0:45699 (size: 23.8 KiB, free: 433.8 MiB)
[2024-03-17T20:57:51.674+0000] {subprocess.py:93} INFO - 24/03/17 20:57:51 INFO SparkContext: Created broadcast 12 from broadcast at DAGScheduler.scala:1513
[2024-03-17T20:57:51.675+0000] {subprocess.py:93} INFO - 24/03/17 20:57:51 INFO DAGScheduler: Submitting 11 missing tasks from ResultStage 7 (MapPartitionsRDD[34] at save at NativeMethodAccessorImpl.java:0) (first 15 tasks are for partitions Vector(0, 1, 2, 3, 4, 5, 6, 7, 8, 9, 10))
[2024-03-17T20:57:51.675+0000] {subprocess.py:93} INFO - 24/03/17 20:57:51 INFO TaskSchedulerImpl: Adding task set 7.0 with 11 tasks resource profile 0
[2024-03-17T20:57:51.676+0000] {subprocess.py:93} INFO - 24/03/17 20:57:51 INFO TaskSetManager: Starting task 0.0 in stage 7.0 (TID 27) (1feb0b7175e0, executor driver, partition 0, NODE_LOCAL, 4469 bytes) taskResourceAssignments Map()
[2024-03-17T20:57:51.677+0000] {subprocess.py:93} INFO - 24/03/17 20:57:51 INFO TaskSetManager: Starting task 1.0 in stage 7.0 (TID 28) (1feb0b7175e0, executor driver, partition 1, NODE_LOCAL, 4469 bytes) taskResourceAssignments Map()
[2024-03-17T20:57:51.677+0000] {subprocess.py:93} INFO - 24/03/17 20:57:51 INFO TaskSetManager: Starting task 2.0 in stage 7.0 (TID 29) (1feb0b7175e0, executor driver, partition 2, NODE_LOCAL, 4469 bytes) taskResourceAssignments Map()
[2024-03-17T20:57:51.677+0000] {subprocess.py:93} INFO - 24/03/17 20:57:51 INFO TaskSetManager: Starting task 3.0 in stage 7.0 (TID 30) (1feb0b7175e0, executor driver, partition 3, NODE_LOCAL, 4469 bytes) taskResourceAssignments Map()
[2024-03-17T20:57:51.678+0000] {subprocess.py:93} INFO - 24/03/17 20:57:51 INFO TaskSetManager: Starting task 4.0 in stage 7.0 (TID 31) (1feb0b7175e0, executor driver, partition 4, NODE_LOCAL, 4469 bytes) taskResourceAssignments Map()
[2024-03-17T20:57:51.678+0000] {subprocess.py:93} INFO - 24/03/17 20:57:51 INFO TaskSetManager: Starting task 5.0 in stage 7.0 (TID 32) (1feb0b7175e0, executor driver, partition 5, NODE_LOCAL, 4469 bytes) taskResourceAssignments Map()
[2024-03-17T20:57:51.678+0000] {subprocess.py:93} INFO - 24/03/17 20:57:51 INFO TaskSetManager: Starting task 6.0 in stage 7.0 (TID 33) (1feb0b7175e0, executor driver, partition 6, NODE_LOCAL, 4469 bytes) taskResourceAssignments Map()
[2024-03-17T20:57:51.679+0000] {subprocess.py:93} INFO - 24/03/17 20:57:51 INFO TaskSetManager: Starting task 7.0 in stage 7.0 (TID 34) (1feb0b7175e0, executor driver, partition 7, NODE_LOCAL, 4469 bytes) taskResourceAssignments Map()
[2024-03-17T20:57:51.679+0000] {subprocess.py:93} INFO - 24/03/17 20:57:51 INFO TaskSetManager: Starting task 8.0 in stage 7.0 (TID 35) (1feb0b7175e0, executor driver, partition 8, NODE_LOCAL, 4469 bytes) taskResourceAssignments Map()
[2024-03-17T20:57:51.679+0000] {subprocess.py:93} INFO - 24/03/17 20:57:51 INFO TaskSetManager: Starting task 9.0 in stage 7.0 (TID 36) (1feb0b7175e0, executor driver, partition 9, NODE_LOCAL, 4469 bytes) taskResourceAssignments Map()
[2024-03-17T20:57:51.680+0000] {subprocess.py:93} INFO - 24/03/17 20:57:51 INFO TaskSetManager: Starting task 10.0 in stage 7.0 (TID 37) (1feb0b7175e0, executor driver, partition 10, NODE_LOCAL, 4469 bytes) taskResourceAssignments Map()
[2024-03-17T20:57:51.680+0000] {subprocess.py:93} INFO - 24/03/17 20:57:51 INFO Executor: Running task 1.0 in stage 7.0 (TID 28)
[2024-03-17T20:57:51.681+0000] {subprocess.py:93} INFO - 24/03/17 20:57:51 INFO Executor: Running task 0.0 in stage 7.0 (TID 27)
[2024-03-17T20:57:51.682+0000] {subprocess.py:93} INFO - 24/03/17 20:57:51 INFO Executor: Running task 3.0 in stage 7.0 (TID 30)
[2024-03-17T20:57:51.682+0000] {subprocess.py:93} INFO - 24/03/17 20:57:51 INFO Executor: Running task 4.0 in stage 7.0 (TID 31)
[2024-03-17T20:57:51.682+0000] {subprocess.py:93} INFO - 24/03/17 20:57:51 INFO Executor: Running task 5.0 in stage 7.0 (TID 32)
[2024-03-17T20:57:51.683+0000] {subprocess.py:93} INFO - 24/03/17 20:57:51 INFO Executor: Running task 2.0 in stage 7.0 (TID 29)
[2024-03-17T20:57:51.685+0000] {subprocess.py:93} INFO - 24/03/17 20:57:51 INFO Executor: Running task 7.0 in stage 7.0 (TID 34)
[2024-03-17T20:57:51.685+0000] {subprocess.py:93} INFO - 24/03/17 20:57:51 INFO Executor: Running task 9.0 in stage 7.0 (TID 36)
[2024-03-17T20:57:51.686+0000] {subprocess.py:93} INFO - 24/03/17 20:57:51 INFO Executor: Running task 10.0 in stage 7.0 (TID 37)
[2024-03-17T20:57:51.686+0000] {subprocess.py:93} INFO - 24/03/17 20:57:51 INFO Executor: Running task 8.0 in stage 7.0 (TID 35)
[2024-03-17T20:57:51.687+0000] {subprocess.py:93} INFO - 24/03/17 20:57:51 INFO Executor: Running task 6.0 in stage 7.0 (TID 33)
[2024-03-17T20:57:51.756+0000] {subprocess.py:93} INFO - 24/03/17 20:57:51 INFO ShuffleBlockFetcherIterator: Getting 1 (1080.6 KiB) non-empty blocks including 1 (1080.6 KiB) local and 0 (0.0 B) host-local and 0 (0.0 B) push-merged-local and 0 (0.0 B) remote blocks
[2024-03-17T20:57:51.757+0000] {subprocess.py:93} INFO - 24/03/17 20:57:51 INFO ShuffleBlockFetcherIterator: Getting 1 (1076.2 KiB) non-empty blocks including 1 (1076.2 KiB) local and 0 (0.0 B) host-local and 0 (0.0 B) push-merged-local and 0 (0.0 B) remote blocks
[2024-03-17T20:57:51.757+0000] {subprocess.py:93} INFO - 24/03/17 20:57:51 INFO ShuffleBlockFetcherIterator: Getting 1 (1078.2 KiB) non-empty blocks including 1 (1078.2 KiB) local and 0 (0.0 B) host-local and 0 (0.0 B) push-merged-local and 0 (0.0 B) remote blocks
[2024-03-17T20:57:51.757+0000] {subprocess.py:93} INFO - 24/03/17 20:57:51 INFO ShuffleBlockFetcherIterator: Started 0 remote fetches in 1 ms
[2024-03-17T20:57:51.758+0000] {subprocess.py:93} INFO - 24/03/17 20:57:51 INFO ShuffleBlockFetcherIterator: Started 0 remote fetches in 1 ms
[2024-03-17T20:57:51.758+0000] {subprocess.py:93} INFO - 24/03/17 20:57:51 INFO ShuffleBlockFetcherIterator: Started 0 remote fetches in 1 ms
[2024-03-17T20:57:51.758+0000] {subprocess.py:93} INFO - 24/03/17 20:57:51 INFO ShuffleBlockFetcherIterator: Getting 1 (1079.1 KiB) non-empty blocks including 1 (1079.1 KiB) local and 0 (0.0 B) host-local and 0 (0.0 B) push-merged-local and 0 (0.0 B) remote blocks
[2024-03-17T20:57:51.758+0000] {subprocess.py:93} INFO - 24/03/17 20:57:51 INFO ShuffleBlockFetcherIterator: Getting 1 (1070.7 KiB) non-empty blocks including 1 (1070.7 KiB) local and 0 (0.0 B) host-local and 0 (0.0 B) push-merged-local and 0 (0.0 B) remote blocks
[2024-03-17T20:57:51.759+0000] {subprocess.py:93} INFO - 24/03/17 20:57:51 INFO ShuffleBlockFetcherIterator: Started 0 remote fetches in 1 ms
[2024-03-17T20:57:51.759+0000] {subprocess.py:93} INFO - 24/03/17 20:57:51 INFO ShuffleBlockFetcherIterator: Getting 1 (790.9 KiB) non-empty blocks including 1 (790.9 KiB) local and 0 (0.0 B) host-local and 0 (0.0 B) push-merged-local and 0 (0.0 B) remote blocks
[2024-03-17T20:57:51.760+0000] {subprocess.py:93} INFO - 24/03/17 20:57:51 INFO ShuffleBlockFetcherIterator: Started 0 remote fetches in 1 ms
[2024-03-17T20:57:51.760+0000] {subprocess.py:93} INFO - 24/03/17 20:57:51 INFO ShuffleBlockFetcherIterator: Getting 2 (2.1 MiB) non-empty blocks including 2 (2.1 MiB) local and 0 (0.0 B) host-local and 0 (0.0 B) push-merged-local and 0 (0.0 B) remote blocks
[2024-03-17T20:57:51.760+0000] {subprocess.py:93} INFO - 24/03/17 20:57:51 INFO ShuffleBlockFetcherIterator: Getting 1 (1090.2 KiB) non-empty blocks including 1 (1090.2 KiB) local and 0 (0.0 B) host-local and 0 (0.0 B) push-merged-local and 0 (0.0 B) remote blocks
[2024-03-17T20:57:51.760+0000] {subprocess.py:93} INFO - 24/03/17 20:57:51 INFO ShuffleBlockFetcherIterator: Started 0 remote fetches in 1 ms
[2024-03-17T20:57:51.761+0000] {subprocess.py:93} INFO - 24/03/17 20:57:51 INFO ShuffleBlockFetcherIterator: Getting 1 (1073.7 KiB) non-empty blocks including 1 (1073.7 KiB) local and 0 (0.0 B) host-local and 0 (0.0 B) push-merged-local and 0 (0.0 B) remote blocks
[2024-03-17T20:57:51.761+0000] {subprocess.py:93} INFO - 24/03/17 20:57:51 INFO ShuffleBlockFetcherIterator: Started 0 remote fetches in 1 ms
[2024-03-17T20:57:51.762+0000] {subprocess.py:93} INFO - 24/03/17 20:57:51 INFO ShuffleBlockFetcherIterator: Getting 1 (1051.0 KiB) non-empty blocks including 1 (1051.0 KiB) local and 0 (0.0 B) host-local and 0 (0.0 B) push-merged-local and 0 (0.0 B) remote blocks
[2024-03-17T20:57:51.762+0000] {subprocess.py:93} INFO - 24/03/17 20:57:51 INFO ShuffleBlockFetcherIterator: Started 0 remote fetches in 2 ms
[2024-03-17T20:57:51.763+0000] {subprocess.py:93} INFO - 24/03/17 20:57:51 INFO ShuffleBlockFetcherIterator: Started 0 remote fetches in 2 ms
[2024-03-17T20:57:51.763+0000] {subprocess.py:93} INFO - 24/03/17 20:57:51 INFO ShuffleBlockFetcherIterator: Started 0 remote fetches in 2 ms
[2024-03-17T20:57:51.763+0000] {subprocess.py:93} INFO - 24/03/17 20:57:51 INFO ShuffleBlockFetcherIterator: Getting 1 (1073.0 KiB) non-empty blocks including 1 (1073.0 KiB) local and 0 (0.0 B) host-local and 0 (0.0 B) push-merged-local and 0 (0.0 B) remote blocks
[2024-03-17T20:57:51.764+0000] {subprocess.py:93} INFO - 24/03/17 20:57:51 INFO ShuffleBlockFetcherIterator: Started 0 remote fetches in 1 ms
[2024-03-17T20:57:51.779+0000] {subprocess.py:93} INFO - 24/03/17 20:57:51 INFO CodeGenerator: Code generated in 9.444403 ms
[2024-03-17T20:57:51.804+0000] {subprocess.py:93} INFO - 24/03/17 20:57:51 INFO Executor: Finished task 10.0 in stage 7.0 (TID 37). 4253 bytes result sent to driver
[2024-03-17T20:57:51.805+0000] {subprocess.py:93} INFO - 24/03/17 20:57:51 INFO TaskSetManager: Finished task 10.0 in stage 7.0 (TID 37) in 125 ms on 1feb0b7175e0 (executor driver) (1/11)
[2024-03-17T20:57:51.810+0000] {subprocess.py:93} INFO - 24/03/17 20:57:51 INFO Executor: Finished task 8.0 in stage 7.0 (TID 35). 4253 bytes result sent to driver
[2024-03-17T20:57:51.811+0000] {subprocess.py:93} INFO - 24/03/17 20:57:51 INFO Executor: Finished task 3.0 in stage 7.0 (TID 30). 4253 bytes result sent to driver
[2024-03-17T20:57:51.812+0000] {subprocess.py:93} INFO - 24/03/17 20:57:51 INFO Executor: Finished task 5.0 in stage 7.0 (TID 32). 4253 bytes result sent to driver
[2024-03-17T20:57:51.812+0000] {subprocess.py:93} INFO - 24/03/17 20:57:51 INFO Executor: Finished task 6.0 in stage 7.0 (TID 33). 4253 bytes result sent to driver
[2024-03-17T20:57:51.813+0000] {subprocess.py:93} INFO - 24/03/17 20:57:51 INFO Executor: Finished task 7.0 in stage 7.0 (TID 34). 4253 bytes result sent to driver
[2024-03-17T20:57:51.813+0000] {subprocess.py:93} INFO - 24/03/17 20:57:51 INFO Executor: Finished task 4.0 in stage 7.0 (TID 31). 4253 bytes result sent to driver
[2024-03-17T20:57:51.813+0000] {subprocess.py:93} INFO - 24/03/17 20:57:51 INFO Executor: Finished task 1.0 in stage 7.0 (TID 28). 4253 bytes result sent to driver
[2024-03-17T20:57:51.814+0000] {subprocess.py:93} INFO - 24/03/17 20:57:51 INFO Executor: Finished task 9.0 in stage 7.0 (TID 36). 4253 bytes result sent to driver
[2024-03-17T20:57:51.814+0000] {subprocess.py:93} INFO - 24/03/17 20:57:51 INFO TaskSetManager: Finished task 6.0 in stage 7.0 (TID 33) in 135 ms on 1feb0b7175e0 (executor driver) (2/11)
[2024-03-17T20:57:51.815+0000] {subprocess.py:93} INFO - 24/03/17 20:57:51 INFO TaskSetManager: Finished task 8.0 in stage 7.0 (TID 35) in 134 ms on 1feb0b7175e0 (executor driver) (3/11)
[2024-03-17T20:57:51.815+0000] {subprocess.py:93} INFO - 24/03/17 20:57:51 INFO TaskSetManager: Finished task 7.0 in stage 7.0 (TID 34) in 135 ms on 1feb0b7175e0 (executor driver) (4/11)
[2024-03-17T20:57:51.815+0000] {subprocess.py:93} INFO - 24/03/17 20:57:51 INFO TaskSetManager: Finished task 3.0 in stage 7.0 (TID 30) in 137 ms on 1feb0b7175e0 (executor driver) (5/11)
[2024-03-17T20:57:51.816+0000] {subprocess.py:93} INFO - 24/03/17 20:57:51 INFO TaskSetManager: Finished task 5.0 in stage 7.0 (TID 32) in 136 ms on 1feb0b7175e0 (executor driver) (6/11)
[2024-03-17T20:57:51.816+0000] {subprocess.py:93} INFO - 24/03/17 20:57:51 INFO Executor: Finished task 2.0 in stage 7.0 (TID 29). 4253 bytes result sent to driver
[2024-03-17T20:57:51.816+0000] {subprocess.py:93} INFO - 24/03/17 20:57:51 INFO TaskSetManager: Finished task 1.0 in stage 7.0 (TID 28) in 138 ms on 1feb0b7175e0 (executor driver) (7/11)
[2024-03-17T20:57:51.817+0000] {subprocess.py:93} INFO - 24/03/17 20:57:51 INFO TaskSetManager: Finished task 4.0 in stage 7.0 (TID 31) in 137 ms on 1feb0b7175e0 (executor driver) (8/11)
[2024-03-17T20:57:51.817+0000] {subprocess.py:93} INFO - 24/03/17 20:57:51 INFO TaskSetManager: Finished task 9.0 in stage 7.0 (TID 36) in 136 ms on 1feb0b7175e0 (executor driver) (9/11)
[2024-03-17T20:57:51.817+0000] {subprocess.py:93} INFO - 24/03/17 20:57:51 INFO TaskSetManager: Finished task 2.0 in stage 7.0 (TID 29) in 138 ms on 1feb0b7175e0 (executor driver) (10/11)
[2024-03-17T20:57:59.935+0000] {subprocess.py:93} INFO - 24/03/17 20:57:59 INFO Executor: Finished task 0.0 in stage 7.0 (TID 27). 4296 bytes result sent to driver
[2024-03-17T20:57:59.935+0000] {subprocess.py:93} INFO - 24/03/17 20:57:59 INFO TaskSetManager: Finished task 0.0 in stage 7.0 (TID 27) in 8259 ms on 1feb0b7175e0 (executor driver) (11/11)
[2024-03-17T20:57:59.936+0000] {subprocess.py:93} INFO - 24/03/17 20:57:59 INFO TaskSchedulerImpl: Removed TaskSet 7.0, whose tasks have all completed, from pool
[2024-03-17T20:57:59.936+0000] {subprocess.py:93} INFO - 24/03/17 20:57:59 INFO DAGScheduler: ResultStage 7 (save at NativeMethodAccessorImpl.java:0) finished in 8.328 s
[2024-03-17T20:57:59.937+0000] {subprocess.py:93} INFO - 24/03/17 20:57:59 INFO DAGScheduler: Job 5 is finished. Cancelling potential speculative or zombie tasks for this job
[2024-03-17T20:57:59.937+0000] {subprocess.py:93} INFO - 24/03/17 20:57:59 INFO TaskSchedulerImpl: Killing all running tasks in stage 7: Stage finished
[2024-03-17T20:57:59.937+0000] {subprocess.py:93} INFO - 24/03/17 20:57:59 INFO DAGScheduler: Job 5 finished: save at NativeMethodAccessorImpl.java:0, took 8.332487 s
[2024-03-17T20:58:00.531+0000] {subprocess.py:93} INFO - Sparkframe Pushed Successfully
[2024-03-17T20:58:00.581+0000] {subprocess.py:93} INFO - 24/03/17 20:58:00 INFO SparkContext: Invoking stop() from shutdown hook
[2024-03-17T20:58:00.593+0000] {subprocess.py:93} INFO - 24/03/17 20:58:00 INFO SparkUI: Stopped Spark web UI at http://1feb0b7175e0:4040
[2024-03-17T20:58:00.606+0000] {subprocess.py:93} INFO - 24/03/17 20:58:00 INFO MapOutputTrackerMasterEndpoint: MapOutputTrackerMasterEndpoint stopped!
[2024-03-17T20:58:00.624+0000] {subprocess.py:93} INFO - 24/03/17 20:58:00 INFO MemoryStore: MemoryStore cleared
[2024-03-17T20:58:00.624+0000] {subprocess.py:93} INFO - 24/03/17 20:58:00 INFO BlockManager: BlockManager stopped
[2024-03-17T20:58:00.626+0000] {subprocess.py:93} INFO - 24/03/17 20:58:00 INFO BlockManagerMaster: BlockManagerMaster stopped
[2024-03-17T20:58:00.629+0000] {subprocess.py:93} INFO - 24/03/17 20:58:00 INFO OutputCommitCoordinator$OutputCommitCoordinatorEndpoint: OutputCommitCoordinator stopped!
[2024-03-17T20:58:00.636+0000] {subprocess.py:93} INFO - 24/03/17 20:58:00 INFO SparkContext: Successfully stopped SparkContext
[2024-03-17T20:58:00.636+0000] {subprocess.py:93} INFO - 24/03/17 20:58:00 INFO ShutdownHookManager: Shutdown hook called
[2024-03-17T20:58:00.637+0000] {subprocess.py:93} INFO - 24/03/17 20:58:00 INFO ShutdownHookManager: Deleting directory /tmp/spark-ade340ec-9d7e-4c0d-a776-edf16602c1db
[2024-03-17T20:58:00.640+0000] {subprocess.py:93} INFO - 24/03/17 20:58:00 INFO ShutdownHookManager: Deleting directory /tmp/spark-760c2552-ecf7-4f30-8835-8231379225e6
[2024-03-17T20:58:00.643+0000] {subprocess.py:93} INFO - 24/03/17 20:58:00 INFO ShutdownHookManager: Deleting directory /tmp/spark-760c2552-ecf7-4f30-8835-8231379225e6/pyspark-5003c1a4-c20d-4e1d-8bf4-25505950e7dc
[2024-03-17T20:58:00.704+0000] {subprocess.py:97} INFO - Command exited with return code 0
[2024-03-17T20:58:00.770+0000] {taskinstance.py:1350} INFO - Marking task as SUCCESS. dag_id=Sales_ETL, task_id=books_data_transform, execution_date=20240317T205646, start_date=20240317T205727, end_date=20240317T205800
[2024-03-17T20:58:00.826+0000] {local_task_job_runner.py:225} INFO - Task exited with return code 0
[2024-03-17T20:58:00.845+0000] {taskinstance.py:2653} INFO - 0 downstream tasks scheduled from follow-on schedule check
