[2024-03-17T20:56:48.164+0000] {taskinstance.py:1103} INFO - Dependencies all met for dep_context=non-requeueable deps ti=<TaskInstance: Sales_ETL.sales_data_transform manual__2024-03-17T20:56:46.092685+00:00 [queued]>
[2024-03-17T20:56:48.173+0000] {taskinstance.py:1103} INFO - Dependencies all met for dep_context=requeueable deps ti=<TaskInstance: Sales_ETL.sales_data_transform manual__2024-03-17T20:56:46.092685+00:00 [queued]>
[2024-03-17T20:56:48.173+0000] {taskinstance.py:1308} INFO - Starting attempt 1 of 1
[2024-03-17T20:56:48.220+0000] {taskinstance.py:1327} INFO - Executing <Task(BashOperator): sales_data_transform> on 2024-03-17 20:56:46.092685+00:00
[2024-03-17T20:56:48.225+0000] {standard_task_runner.py:57} INFO - Started process 191 to run task
[2024-03-17T20:56:48.228+0000] {standard_task_runner.py:84} INFO - Running: ['***', 'tasks', 'run', 'Sales_ETL', 'sales_data_transform', 'manual__2024-03-17T20:56:46.092685+00:00', '--job-id', '74', '--raw', '--subdir', 'DAGS_FOLDER/sales_transform.py', '--cfg-path', '/tmp/tmp71yzskg8']
[2024-03-17T20:56:48.228+0000] {standard_task_runner.py:85} INFO - Job 74: Subtask sales_data_transform
[2024-03-17T20:56:48.293+0000] {task_command.py:410} INFO - Running <TaskInstance: Sales_ETL.sales_data_transform manual__2024-03-17T20:56:46.092685+00:00 [running]> on host 1feb0b7175e0
[2024-03-17T20:56:48.465+0000] {taskinstance.py:1547} INFO - Exporting env vars: AIRFLOW_CTX_DAG_EMAIL='***@example.com' AIRFLOW_CTX_DAG_OWNER='***' AIRFLOW_CTX_DAG_ID='Sales_ETL' AIRFLOW_CTX_TASK_ID='sales_data_transform' AIRFLOW_CTX_EXECUTION_DATE='2024-03-17T20:56:46.092685+00:00' AIRFLOW_CTX_TRY_NUMBER='1' AIRFLOW_CTX_DAG_RUN_ID='manual__2024-03-17T20:56:46.092685+00:00'
[2024-03-17T20:56:48.466+0000] {subprocess.py:63} INFO - Tmp dir root location: /tmp
[2024-03-17T20:56:48.467+0000] {subprocess.py:75} INFO - Running command: ['/bin/bash', '-c', '/opt/spark/bin/spark-submit /mnt/sales_data_job.py']
[2024-03-17T20:56:48.477+0000] {subprocess.py:86} INFO - Output:
[2024-03-17T20:56:58.874+0000] {subprocess.py:93} INFO - 24/03/17 20:56:58 INFO SparkContext: Running Spark version 3.3.0
[2024-03-17T20:56:59.308+0000] {subprocess.py:93} INFO - 24/03/17 20:56:59 WARN NativeCodeLoader: Unable to load native-hadoop library for your platform... using builtin-java classes where applicable
[2024-03-17T20:56:59.523+0000] {subprocess.py:93} INFO - 24/03/17 20:56:59 INFO ResourceUtils: ==============================================================
[2024-03-17T20:56:59.523+0000] {subprocess.py:93} INFO - 24/03/17 20:56:59 INFO ResourceUtils: No custom resources configured for spark.driver.
[2024-03-17T20:56:59.523+0000] {subprocess.py:93} INFO - 24/03/17 20:56:59 INFO ResourceUtils: ==============================================================
[2024-03-17T20:56:59.524+0000] {subprocess.py:93} INFO - 24/03/17 20:56:59 INFO SparkContext: Submitted application: Twitter_Pipeline
[2024-03-17T20:56:59.566+0000] {subprocess.py:93} INFO - 24/03/17 20:56:59 INFO ResourceProfile: Default ResourceProfile created, executor resources: Map(cores -> name: cores, amount: 1, script: , vendor: , memory -> name: memory, amount: 1024, script: , vendor: , offHeap -> name: offHeap, amount: 0, script: , vendor: ), task resources: Map(cpus -> name: cpus, amount: 1.0)
[2024-03-17T20:56:59.577+0000] {subprocess.py:93} INFO - 24/03/17 20:56:59 INFO ResourceProfile: Limiting resource is cpu
[2024-03-17T20:56:59.577+0000] {subprocess.py:93} INFO - 24/03/17 20:56:59 INFO ResourceProfileManager: Added ResourceProfile id: 0
[2024-03-17T20:56:59.677+0000] {subprocess.py:93} INFO - 24/03/17 20:56:59 INFO SecurityManager: Changing view acls to: ***
[2024-03-17T20:56:59.677+0000] {subprocess.py:93} INFO - 24/03/17 20:56:59 INFO SecurityManager: Changing modify acls to: ***
[2024-03-17T20:56:59.677+0000] {subprocess.py:93} INFO - 24/03/17 20:56:59 INFO SecurityManager: Changing view acls groups to:
[2024-03-17T20:56:59.678+0000] {subprocess.py:93} INFO - 24/03/17 20:56:59 INFO SecurityManager: Changing modify acls groups to:
[2024-03-17T20:56:59.678+0000] {subprocess.py:93} INFO - 24/03/17 20:56:59 INFO SecurityManager: SecurityManager: authentication disabled; ui acls disabled; users  with view permissions: Set(***); groups with view permissions: Set(); users  with modify permissions: Set(***); groups with modify permissions: Set()
[2024-03-17T20:57:00.073+0000] {subprocess.py:93} INFO - 24/03/17 20:57:00 INFO Utils: Successfully started service 'sparkDriver' on port 36361.
[2024-03-17T20:57:00.176+0000] {subprocess.py:93} INFO - 24/03/17 20:57:00 INFO SparkEnv: Registering MapOutputTracker
[2024-03-17T20:57:00.245+0000] {subprocess.py:93} INFO - 24/03/17 20:57:00 INFO SparkEnv: Registering BlockManagerMaster
[2024-03-17T20:57:00.269+0000] {subprocess.py:93} INFO - 24/03/17 20:57:00 INFO BlockManagerMasterEndpoint: Using org.apache.spark.storage.DefaultTopologyMapper for getting topology information
[2024-03-17T20:57:00.270+0000] {subprocess.py:93} INFO - 24/03/17 20:57:00 INFO BlockManagerMasterEndpoint: BlockManagerMasterEndpoint up
[2024-03-17T20:57:00.277+0000] {subprocess.py:93} INFO - 24/03/17 20:57:00 INFO SparkEnv: Registering BlockManagerMasterHeartbeat
[2024-03-17T20:57:00.449+0000] {subprocess.py:93} INFO - 24/03/17 20:57:00 INFO DiskBlockManager: Created local directory at /tmp/blockmgr-3c0a7394-6cd2-4dce-a753-bf6497be49df
[2024-03-17T20:57:00.467+0000] {subprocess.py:93} INFO - 24/03/17 20:57:00 INFO MemoryStore: MemoryStore started with capacity 434.4 MiB
[2024-03-17T20:57:00.509+0000] {subprocess.py:93} INFO - 24/03/17 20:57:00 INFO SparkEnv: Registering OutputCommitCoordinator
[2024-03-17T20:57:00.938+0000] {subprocess.py:93} INFO - 24/03/17 20:57:00 INFO Utils: Successfully started service 'SparkUI' on port 4040.
[2024-03-17T20:57:01.103+0000] {subprocess.py:93} INFO - 24/03/17 20:57:01 INFO Executor: Starting executor ID driver on host 1feb0b7175e0
[2024-03-17T20:57:01.111+0000] {subprocess.py:93} INFO - 24/03/17 20:57:01 INFO Executor: Starting executor with user classpath (userClassPathFirst = false): ''
[2024-03-17T20:57:01.135+0000] {subprocess.py:93} INFO - 24/03/17 20:57:01 INFO Utils: Successfully started service 'org.apache.spark.network.netty.NettyBlockTransferService' on port 43599.
[2024-03-17T20:57:01.136+0000] {subprocess.py:93} INFO - 24/03/17 20:57:01 INFO NettyBlockTransferService: Server created on 1feb0b7175e0:43599
[2024-03-17T20:57:01.138+0000] {subprocess.py:93} INFO - 24/03/17 20:57:01 INFO BlockManager: Using org.apache.spark.storage.RandomBlockReplicationPolicy for block replication policy
[2024-03-17T20:57:01.145+0000] {subprocess.py:93} INFO - 24/03/17 20:57:01 INFO BlockManagerMaster: Registering BlockManager BlockManagerId(driver, 1feb0b7175e0, 43599, None)
[2024-03-17T20:57:01.149+0000] {subprocess.py:93} INFO - 24/03/17 20:57:01 INFO BlockManagerMasterEndpoint: Registering block manager 1feb0b7175e0:43599 with 434.4 MiB RAM, BlockManagerId(driver, 1feb0b7175e0, 43599, None)
[2024-03-17T20:57:01.151+0000] {subprocess.py:93} INFO - 24/03/17 20:57:01 INFO BlockManagerMaster: Registered BlockManager BlockManagerId(driver, 1feb0b7175e0, 43599, None)
[2024-03-17T20:57:01.152+0000] {subprocess.py:93} INFO - 24/03/17 20:57:01 INFO BlockManager: Initialized BlockManager: BlockManagerId(driver, 1feb0b7175e0, 43599, None)
[2024-03-17T20:57:02.083+0000] {subprocess.py:93} INFO - 24/03/17 20:57:02 INFO SharedState: Setting hive.metastore.warehouse.dir ('null') to the value of spark.sql.warehouse.dir.
[2024-03-17T20:57:02.092+0000] {subprocess.py:93} INFO - 24/03/17 20:57:02 INFO SharedState: Warehouse path is 'file:/tmp/***tmplgh1g5f4/spark-warehouse'.
[2024-03-17T20:57:03.862+0000] {subprocess.py:93} INFO - 24/03/17 20:57:03 INFO InMemoryFileIndex: It took 173 ms to list leaf files for 1 paths.
[2024-03-17T20:57:10.116+0000] {subprocess.py:93} INFO - 24/03/17 20:57:10 INFO FileSourceStrategy: Pushed Filters:
[2024-03-17T20:57:10.117+0000] {subprocess.py:93} INFO - 24/03/17 20:57:10 INFO FileSourceStrategy: Post-Scan Filters:
[2024-03-17T20:57:10.118+0000] {subprocess.py:93} INFO - 24/03/17 20:57:10 INFO FileSourceStrategy: Output Data Schema: struct<Order ID: string, Product: string, Quantity Ordered: int, Price Each: float, Order Date: string ... 1 more field>
[2024-03-17T20:57:10.934+0000] {subprocess.py:93} INFO - 24/03/17 20:57:10 INFO CodeGenerator: Code generated in 357.218075 ms
[2024-03-17T20:57:11.050+0000] {subprocess.py:93} INFO - 24/03/17 20:57:11 INFO MemoryStore: Block broadcast_0 stored as values in memory (estimated size 199.1 KiB, free 434.2 MiB)
[2024-03-17T20:57:11.200+0000] {subprocess.py:93} INFO - 24/03/17 20:57:11 INFO MemoryStore: Block broadcast_0_piece0 stored as bytes in memory (estimated size 33.9 KiB, free 434.2 MiB)
[2024-03-17T20:57:11.202+0000] {subprocess.py:93} INFO - 24/03/17 20:57:11 INFO BlockManagerInfo: Added broadcast_0_piece0 in memory on 1feb0b7175e0:43599 (size: 33.9 KiB, free: 434.4 MiB)
[2024-03-17T20:57:11.206+0000] {subprocess.py:93} INFO - 24/03/17 20:57:11 INFO SparkContext: Created broadcast 0 from save at NativeMethodAccessorImpl.java:0
[2024-03-17T20:57:11.226+0000] {subprocess.py:93} INFO - 24/03/17 20:57:11 INFO FileSourceScanExec: Planning scan with bin packing, max size: 5546760 bytes, open cost is considered as scanning 4194304 bytes.
[2024-03-17T20:57:11.374+0000] {subprocess.py:93} INFO - 24/03/17 20:57:11 INFO CodeGenerator: Code generated in 14.212947 ms
[2024-03-17T20:57:11.546+0000] {subprocess.py:93} INFO - 24/03/17 20:57:11 INFO SparkContext: Starting job: save at NativeMethodAccessorImpl.java:0
[2024-03-17T20:57:11.564+0000] {subprocess.py:93} INFO - 24/03/17 20:57:11 INFO DAGScheduler: Got job 0 (save at NativeMethodAccessorImpl.java:0) with 12 output partitions
[2024-03-17T20:57:11.565+0000] {subprocess.py:93} INFO - 24/03/17 20:57:11 INFO DAGScheduler: Final stage: ResultStage 0 (save at NativeMethodAccessorImpl.java:0)
[2024-03-17T20:57:11.565+0000] {subprocess.py:93} INFO - 24/03/17 20:57:11 INFO DAGScheduler: Parents of final stage: List()
[2024-03-17T20:57:11.566+0000] {subprocess.py:93} INFO - 24/03/17 20:57:11 INFO DAGScheduler: Missing parents: List()
[2024-03-17T20:57:11.570+0000] {subprocess.py:93} INFO - 24/03/17 20:57:11 INFO DAGScheduler: Submitting ResultStage 0 (MapPartitionsRDD[5] at save at NativeMethodAccessorImpl.java:0), which has no missing parents
[2024-03-17T20:57:11.588+0000] {subprocess.py:93} INFO - 24/03/17 20:57:11 INFO MemoryStore: Block broadcast_1 stored as values in memory (estimated size 19.4 KiB, free 434.2 MiB)
[2024-03-17T20:57:11.598+0000] {subprocess.py:93} INFO - 24/03/17 20:57:11 INFO MemoryStore: Block broadcast_1_piece0 stored as bytes in memory (estimated size 9.3 KiB, free 434.1 MiB)
[2024-03-17T20:57:11.599+0000] {subprocess.py:93} INFO - 24/03/17 20:57:11 INFO BlockManagerInfo: Added broadcast_1_piece0 in memory on 1feb0b7175e0:43599 (size: 9.3 KiB, free: 434.4 MiB)
[2024-03-17T20:57:11.600+0000] {subprocess.py:93} INFO - 24/03/17 20:57:11 INFO SparkContext: Created broadcast 1 from broadcast at DAGScheduler.scala:1513
[2024-03-17T20:57:11.611+0000] {subprocess.py:93} INFO - 24/03/17 20:57:11 INFO DAGScheduler: Submitting 12 missing tasks from ResultStage 0 (MapPartitionsRDD[5] at save at NativeMethodAccessorImpl.java:0) (first 15 tasks are for partitions Vector(0, 1, 2, 3, 4, 5, 6, 7, 8, 9, 10, 11))
[2024-03-17T20:57:11.612+0000] {subprocess.py:93} INFO - 24/03/17 20:57:11 INFO TaskSchedulerImpl: Adding task set 0.0 with 12 tasks resource profile 0
[2024-03-17T20:57:11.680+0000] {subprocess.py:93} INFO - 24/03/17 20:57:11 INFO TaskSetManager: Starting task 0.0 in stage 0.0 (TID 0) (1feb0b7175e0, executor driver, partition 0, PROCESS_LOCAL, 4928 bytes) taskResourceAssignments Map()
[2024-03-17T20:57:11.683+0000] {subprocess.py:93} INFO - 24/03/17 20:57:11 INFO TaskSetManager: Starting task 1.0 in stage 0.0 (TID 1) (1feb0b7175e0, executor driver, partition 1, PROCESS_LOCAL, 4927 bytes) taskResourceAssignments Map()
[2024-03-17T20:57:11.683+0000] {subprocess.py:93} INFO - 24/03/17 20:57:11 INFO TaskSetManager: Starting task 2.0 in stage 0.0 (TID 2) (1feb0b7175e0, executor driver, partition 2, PROCESS_LOCAL, 4925 bytes) taskResourceAssignments Map()
[2024-03-17T20:57:11.684+0000] {subprocess.py:93} INFO - 24/03/17 20:57:11 INFO TaskSetManager: Starting task 3.0 in stage 0.0 (TID 3) (1feb0b7175e0, executor driver, partition 3, PROCESS_LOCAL, 4928 bytes) taskResourceAssignments Map()
[2024-03-17T20:57:11.685+0000] {subprocess.py:93} INFO - 24/03/17 20:57:11 INFO TaskSetManager: Starting task 4.0 in stage 0.0 (TID 4) (1feb0b7175e0, executor driver, partition 4, PROCESS_LOCAL, 4923 bytes) taskResourceAssignments Map()
[2024-03-17T20:57:11.685+0000] {subprocess.py:93} INFO - 24/03/17 20:57:11 INFO TaskSetManager: Starting task 5.0 in stage 0.0 (TID 5) (1feb0b7175e0, executor driver, partition 5, PROCESS_LOCAL, 4925 bytes) taskResourceAssignments Map()
[2024-03-17T20:57:11.686+0000] {subprocess.py:93} INFO - 24/03/17 20:57:11 INFO TaskSetManager: Starting task 6.0 in stage 0.0 (TID 6) (1feb0b7175e0, executor driver, partition 6, PROCESS_LOCAL, 4924 bytes) taskResourceAssignments Map()
[2024-03-17T20:57:11.686+0000] {subprocess.py:93} INFO - 24/03/17 20:57:11 INFO TaskSetManager: Starting task 7.0 in stage 0.0 (TID 7) (1feb0b7175e0, executor driver, partition 7, PROCESS_LOCAL, 4924 bytes) taskResourceAssignments Map()
[2024-03-17T20:57:11.687+0000] {subprocess.py:93} INFO - 24/03/17 20:57:11 INFO TaskSetManager: Starting task 8.0 in stage 0.0 (TID 8) (1feb0b7175e0, executor driver, partition 8, PROCESS_LOCAL, 4928 bytes) taskResourceAssignments Map()
[2024-03-17T20:57:11.687+0000] {subprocess.py:93} INFO - 24/03/17 20:57:11 INFO TaskSetManager: Starting task 9.0 in stage 0.0 (TID 9) (1feb0b7175e0, executor driver, partition 9, PROCESS_LOCAL, 4926 bytes) taskResourceAssignments Map()
[2024-03-17T20:57:11.688+0000] {subprocess.py:93} INFO - 24/03/17 20:57:11 INFO TaskSetManager: Starting task 10.0 in stage 0.0 (TID 10) (1feb0b7175e0, executor driver, partition 10, PROCESS_LOCAL, 4929 bytes) taskResourceAssignments Map()
[2024-03-17T20:57:11.688+0000] {subprocess.py:93} INFO - 24/03/17 20:57:11 INFO TaskSetManager: Starting task 11.0 in stage 0.0 (TID 11) (1feb0b7175e0, executor driver, partition 11, PROCESS_LOCAL, 4927 bytes) taskResourceAssignments Map()
[2024-03-17T20:57:11.703+0000] {subprocess.py:93} INFO - 24/03/17 20:57:11 INFO Executor: Running task 10.0 in stage 0.0 (TID 10)
[2024-03-17T20:57:11.703+0000] {subprocess.py:93} INFO - 24/03/17 20:57:11 INFO Executor: Running task 8.0 in stage 0.0 (TID 8)
[2024-03-17T20:57:11.704+0000] {subprocess.py:93} INFO - 24/03/17 20:57:11 INFO Executor: Running task 2.0 in stage 0.0 (TID 2)
[2024-03-17T20:57:11.704+0000] {subprocess.py:93} INFO - 24/03/17 20:57:11 INFO Executor: Running task 6.0 in stage 0.0 (TID 6)
[2024-03-17T20:57:11.705+0000] {subprocess.py:93} INFO - 24/03/17 20:57:11 INFO Executor: Running task 1.0 in stage 0.0 (TID 1)
[2024-03-17T20:57:11.705+0000] {subprocess.py:93} INFO - 24/03/17 20:57:11 INFO Executor: Running task 11.0 in stage 0.0 (TID 11)
[2024-03-17T20:57:11.706+0000] {subprocess.py:93} INFO - 24/03/17 20:57:11 INFO Executor: Running task 5.0 in stage 0.0 (TID 5)
[2024-03-17T20:57:11.706+0000] {subprocess.py:93} INFO - 24/03/17 20:57:11 INFO Executor: Running task 7.0 in stage 0.0 (TID 7)
[2024-03-17T20:57:11.706+0000] {subprocess.py:93} INFO - 24/03/17 20:57:11 INFO Executor: Running task 4.0 in stage 0.0 (TID 4)
[2024-03-17T20:57:11.707+0000] {subprocess.py:93} INFO - 24/03/17 20:57:11 INFO Executor: Running task 3.0 in stage 0.0 (TID 3)
[2024-03-17T20:57:11.707+0000] {subprocess.py:93} INFO - 24/03/17 20:57:11 INFO Executor: Running task 9.0 in stage 0.0 (TID 9)
[2024-03-17T20:57:11.707+0000] {subprocess.py:93} INFO - 24/03/17 20:57:11 INFO Executor: Running task 0.0 in stage 0.0 (TID 0)
[2024-03-17T20:57:11.980+0000] {subprocess.py:93} INFO - 24/03/17 20:57:11 INFO CodeGenerator: Code generated in 13.127703 ms
[2024-03-17T20:57:11.984+0000] {subprocess.py:93} INFO - 24/03/17 20:57:11 INFO FileScanRDD: Reading File path: file:///opt/***/disk_data/raw/Sales_June_2019.csv, range: 0-1182508, partition values: [empty row]
[2024-03-17T20:57:11.985+0000] {subprocess.py:93} INFO - 24/03/17 20:57:11 INFO FileScanRDD: Reading File path: file:///opt/***/disk_data/raw/Sales_May_2019.csv, range: 0-1443965, partition values: [empty row]
[2024-03-17T20:57:11.986+0000] {subprocess.py:93} INFO - 24/03/17 20:57:11 INFO FileScanRDD: Reading File path: file:///opt/***/disk_data/raw/Sales_April_2019.csv, range: 0-1595953, partition values: [empty row]
[2024-03-17T20:57:11.987+0000] {subprocess.py:93} INFO - 24/03/17 20:57:11 INFO FileScanRDD: Reading File path: file:///opt/***/disk_data/raw/Sales_October_2019.csv, range: 0-1770338, partition values: [empty row]
[2024-03-17T20:57:11.988+0000] {subprocess.py:93} INFO - 24/03/17 20:57:11 INFO FileScanRDD: Reading File path: file:///opt/***/disk_data/raw/Sales_November_2019.csv, range: 0-1534677, partition values: [empty row]
[2024-03-17T20:57:11.989+0000] {subprocess.py:93} INFO - 24/03/17 20:57:11 INFO FileScanRDD: Reading File path: file:///opt/***/disk_data/raw/Sales_August_2019.csv, range: 0-1043593, partition values: [empty row]
[2024-03-17T20:57:11.990+0000] {subprocess.py:93} INFO - 24/03/17 20:57:11 INFO FileScanRDD: Reading File path: file:///opt/***/disk_data/raw/Sales_September_2019.csv, range: 0-1014958, partition values: [empty row]
[2024-03-17T20:57:11.990+0000] {subprocess.py:93} INFO - 24/03/17 20:57:11 INFO FileScanRDD: Reading File path: file:///opt/***/disk_data/raw/Sales_March_2019.csv, range: 0-1323497, partition values: [empty row]
[2024-03-17T20:57:11.991+0000] {subprocess.py:93} INFO - 24/03/17 20:57:11 INFO FileScanRDD: Reading File path: file:///opt/***/disk_data/raw/Sales_December_2019.csv, range: 0-2181642, partition values: [empty row]
[2024-03-17T20:57:11.991+0000] {subprocess.py:93} INFO - 24/03/17 20:57:11 INFO FileScanRDD: Reading File path: file:///opt/***/disk_data/raw/Sales_July_2019.csv, range: 0-1248753, partition values: [empty row]
[2024-03-17T20:57:11.992+0000] {subprocess.py:93} INFO - 24/03/17 20:57:11 INFO FileScanRDD: Reading File path: file:///opt/***/disk_data/raw/Sales_January_2019.csv, range: 0-843098, partition values: [empty row]
[2024-03-17T20:57:11.992+0000] {subprocess.py:93} INFO - 24/03/17 20:57:11 INFO FileScanRDD: Reading File path: file:///opt/***/disk_data/raw/Sales_February_2019.csv, range: 0-1046495, partition values: [empty row]
[2024-03-17T20:57:12.011+0000] {subprocess.py:93} INFO - 24/03/17 20:57:12 INFO CodeGenerator: Code generated in 16.930656 ms
[2024-03-17T20:57:12.795+0000] {subprocess.py:93} INFO - 24/03/17 20:57:12 INFO Executor: Finished task 11.0 in stage 0.0 (TID 11). 167545 bytes result sent to driver
[2024-03-17T20:57:12.825+0000] {subprocess.py:93} INFO - 24/03/17 20:57:12 INFO TaskSetManager: Finished task 11.0 in stage 0.0 (TID 11) in 1136 ms on 1feb0b7175e0 (executor driver) (1/12)
[2024-03-17T20:57:12.978+0000] {subprocess.py:93} INFO - 24/03/17 20:57:12 INFO Executor: Finished task 7.0 in stage 0.0 (TID 7). 167545 bytes result sent to driver
[2024-03-17T20:57:12.986+0000] {subprocess.py:93} INFO - 24/03/17 20:57:12 INFO Executor: Finished task 8.0 in stage 0.0 (TID 8). 167545 bytes result sent to driver
[2024-03-17T20:57:13.012+0000] {subprocess.py:93} INFO - 24/03/17 20:57:13 INFO Executor: Finished task 2.0 in stage 0.0 (TID 2). 167545 bytes result sent to driver
[2024-03-17T20:57:13.013+0000] {subprocess.py:93} INFO - 24/03/17 20:57:13 INFO TaskSetManager: Finished task 8.0 in stage 0.0 (TID 8) in 1326 ms on 1feb0b7175e0 (executor driver) (2/12)
[2024-03-17T20:57:13.032+0000] {subprocess.py:93} INFO - 24/03/17 20:57:13 INFO TaskSetManager: Finished task 7.0 in stage 0.0 (TID 7) in 1346 ms on 1feb0b7175e0 (executor driver) (3/12)
[2024-03-17T20:57:13.038+0000] {subprocess.py:93} INFO - 24/03/17 20:57:13 INFO TaskSetManager: Finished task 2.0 in stage 0.0 (TID 2) in 1354 ms on 1feb0b7175e0 (executor driver) (4/12)
[2024-03-17T20:57:13.108+0000] {subprocess.py:93} INFO - 24/03/17 20:57:13 INFO Executor: Finished task 9.0 in stage 0.0 (TID 9). 167545 bytes result sent to driver
[2024-03-17T20:57:13.117+0000] {subprocess.py:93} INFO - 24/03/17 20:57:13 INFO TaskSetManager: Finished task 9.0 in stage 0.0 (TID 9) in 1430 ms on 1feb0b7175e0 (executor driver) (5/12)
[2024-03-17T20:57:13.131+0000] {subprocess.py:93} INFO - 24/03/17 20:57:13 INFO Executor: Finished task 5.0 in stage 0.0 (TID 5). 167545 bytes result sent to driver
[2024-03-17T20:57:13.133+0000] {subprocess.py:93} INFO - 24/03/17 20:57:13 INFO Executor: Finished task 10.0 in stage 0.0 (TID 10). 167545 bytes result sent to driver
[2024-03-17T20:57:13.138+0000] {subprocess.py:93} INFO - 24/03/17 20:57:13 INFO TaskSetManager: Finished task 5.0 in stage 0.0 (TID 5) in 1453 ms on 1feb0b7175e0 (executor driver) (6/12)
[2024-03-17T20:57:13.140+0000] {subprocess.py:93} INFO - 24/03/17 20:57:13 INFO TaskSetManager: Finished task 10.0 in stage 0.0 (TID 10) in 1453 ms on 1feb0b7175e0 (executor driver) (7/12)
[2024-03-17T20:57:13.145+0000] {subprocess.py:93} INFO - 24/03/17 20:57:13 INFO Executor: Finished task 4.0 in stage 0.0 (TID 4). 167545 bytes result sent to driver
[2024-03-17T20:57:13.151+0000] {subprocess.py:93} INFO - 24/03/17 20:57:13 INFO TaskSetManager: Finished task 4.0 in stage 0.0 (TID 4) in 1467 ms on 1feb0b7175e0 (executor driver) (8/12)
[2024-03-17T20:57:13.186+0000] {subprocess.py:93} INFO - 24/03/17 20:57:13 INFO Executor: Finished task 6.0 in stage 0.0 (TID 6). 167545 bytes result sent to driver
[2024-03-17T20:57:13.191+0000] {subprocess.py:93} INFO - 24/03/17 20:57:13 INFO TaskSetManager: Finished task 6.0 in stage 0.0 (TID 6) in 1505 ms on 1feb0b7175e0 (executor driver) (9/12)
[2024-03-17T20:57:13.191+0000] {subprocess.py:93} INFO - 24/03/17 20:57:13 INFO Executor: Finished task 3.0 in stage 0.0 (TID 3). 167545 bytes result sent to driver
[2024-03-17T20:57:13.199+0000] {subprocess.py:93} INFO - 24/03/17 20:57:13 INFO TaskSetManager: Finished task 3.0 in stage 0.0 (TID 3) in 1516 ms on 1feb0b7175e0 (executor driver) (10/12)
[2024-03-17T20:57:13.220+0000] {subprocess.py:93} INFO - 24/03/17 20:57:13 INFO Executor: Finished task 1.0 in stage 0.0 (TID 1). 167545 bytes result sent to driver
[2024-03-17T20:57:13.225+0000] {subprocess.py:93} INFO - 24/03/17 20:57:13 INFO TaskSetManager: Finished task 1.0 in stage 0.0 (TID 1) in 1542 ms on 1feb0b7175e0 (executor driver) (11/12)
[2024-03-17T20:57:13.258+0000] {subprocess.py:93} INFO - 24/03/17 20:57:13 INFO Executor: Finished task 0.0 in stage 0.0 (TID 0). 167545 bytes result sent to driver
[2024-03-17T20:57:13.262+0000] {subprocess.py:93} INFO - 24/03/17 20:57:13 INFO TaskSetManager: Finished task 0.0 in stage 0.0 (TID 0) in 1613 ms on 1feb0b7175e0 (executor driver) (12/12)
[2024-03-17T20:57:13.263+0000] {subprocess.py:93} INFO - 24/03/17 20:57:13 INFO TaskSchedulerImpl: Removed TaskSet 0.0, whose tasks have all completed, from pool
[2024-03-17T20:57:13.266+0000] {subprocess.py:93} INFO - 24/03/17 20:57:13 INFO DAGScheduler: ResultStage 0 (save at NativeMethodAccessorImpl.java:0) finished in 1.680 s
[2024-03-17T20:57:13.269+0000] {subprocess.py:93} INFO - 24/03/17 20:57:13 INFO DAGScheduler: Job 0 is finished. Cancelling potential speculative or zombie tasks for this job
[2024-03-17T20:57:13.270+0000] {subprocess.py:93} INFO - 24/03/17 20:57:13 INFO TaskSchedulerImpl: Killing all running tasks in stage 0: Stage finished
[2024-03-17T20:57:13.271+0000] {subprocess.py:93} INFO - 24/03/17 20:57:13 INFO DAGScheduler: Job 0 finished: save at NativeMethodAccessorImpl.java:0, took 1.724247 s
[2024-03-17T20:57:13.412+0000] {subprocess.py:93} INFO - 24/03/17 20:57:13 INFO DAGScheduler: Registering RDD 6 (save at NativeMethodAccessorImpl.java:0) as input to shuffle 0
[2024-03-17T20:57:13.415+0000] {subprocess.py:93} INFO - 24/03/17 20:57:13 INFO DAGScheduler: Got map stage job 1 (save at NativeMethodAccessorImpl.java:0) with 12 output partitions
[2024-03-17T20:57:13.416+0000] {subprocess.py:93} INFO - 24/03/17 20:57:13 INFO DAGScheduler: Final stage: ShuffleMapStage 1 (save at NativeMethodAccessorImpl.java:0)
[2024-03-17T20:57:13.416+0000] {subprocess.py:93} INFO - 24/03/17 20:57:13 INFO DAGScheduler: Parents of final stage: List()
[2024-03-17T20:57:13.416+0000] {subprocess.py:93} INFO - 24/03/17 20:57:13 INFO DAGScheduler: Missing parents: List()
[2024-03-17T20:57:13.418+0000] {subprocess.py:93} INFO - 24/03/17 20:57:13 INFO DAGScheduler: Submitting ShuffleMapStage 1 (MapPartitionsRDD[6] at save at NativeMethodAccessorImpl.java:0), which has no missing parents
[2024-03-17T20:57:13.430+0000] {subprocess.py:93} INFO - 24/03/17 20:57:13 INFO MemoryStore: Block broadcast_2 stored as values in memory (estimated size 27.8 KiB, free 434.1 MiB)
[2024-03-17T20:57:13.437+0000] {subprocess.py:93} INFO - 24/03/17 20:57:13 INFO MemoryStore: Block broadcast_2_piece0 stored as bytes in memory (estimated size 11.3 KiB, free 434.1 MiB)
[2024-03-17T20:57:13.439+0000] {subprocess.py:93} INFO - 24/03/17 20:57:13 INFO BlockManagerInfo: Added broadcast_2_piece0 in memory on 1feb0b7175e0:43599 (size: 11.3 KiB, free: 434.3 MiB)
[2024-03-17T20:57:13.439+0000] {subprocess.py:93} INFO - 24/03/17 20:57:13 INFO SparkContext: Created broadcast 2 from broadcast at DAGScheduler.scala:1513
[2024-03-17T20:57:13.441+0000] {subprocess.py:93} INFO - 24/03/17 20:57:13 INFO DAGScheduler: Submitting 12 missing tasks from ShuffleMapStage 1 (MapPartitionsRDD[6] at save at NativeMethodAccessorImpl.java:0) (first 15 tasks are for partitions Vector(0, 1, 2, 3, 4, 5, 6, 7, 8, 9, 10, 11))
[2024-03-17T20:57:13.441+0000] {subprocess.py:93} INFO - 24/03/17 20:57:13 INFO TaskSchedulerImpl: Adding task set 1.0 with 12 tasks resource profile 0
[2024-03-17T20:57:13.444+0000] {subprocess.py:93} INFO - 24/03/17 20:57:13 INFO TaskSetManager: Starting task 0.0 in stage 1.0 (TID 12) (1feb0b7175e0, executor driver, partition 0, PROCESS_LOCAL, 4917 bytes) taskResourceAssignments Map()
[2024-03-17T20:57:13.444+0000] {subprocess.py:93} INFO - 24/03/17 20:57:13 INFO TaskSetManager: Starting task 1.0 in stage 1.0 (TID 13) (1feb0b7175e0, executor driver, partition 1, PROCESS_LOCAL, 4916 bytes) taskResourceAssignments Map()
[2024-03-17T20:57:13.445+0000] {subprocess.py:93} INFO - 24/03/17 20:57:13 INFO TaskSetManager: Starting task 2.0 in stage 1.0 (TID 14) (1feb0b7175e0, executor driver, partition 2, PROCESS_LOCAL, 4914 bytes) taskResourceAssignments Map()
[2024-03-17T20:57:13.445+0000] {subprocess.py:93} INFO - 24/03/17 20:57:13 INFO TaskSetManager: Starting task 3.0 in stage 1.0 (TID 15) (1feb0b7175e0, executor driver, partition 3, PROCESS_LOCAL, 4917 bytes) taskResourceAssignments Map()
[2024-03-17T20:57:13.445+0000] {subprocess.py:93} INFO - 24/03/17 20:57:13 INFO TaskSetManager: Starting task 4.0 in stage 1.0 (TID 16) (1feb0b7175e0, executor driver, partition 4, PROCESS_LOCAL, 4912 bytes) taskResourceAssignments Map()
[2024-03-17T20:57:13.446+0000] {subprocess.py:93} INFO - 24/03/17 20:57:13 INFO TaskSetManager: Starting task 5.0 in stage 1.0 (TID 17) (1feb0b7175e0, executor driver, partition 5, PROCESS_LOCAL, 4914 bytes) taskResourceAssignments Map()
[2024-03-17T20:57:13.446+0000] {subprocess.py:93} INFO - 24/03/17 20:57:13 INFO TaskSetManager: Starting task 6.0 in stage 1.0 (TID 18) (1feb0b7175e0, executor driver, partition 6, PROCESS_LOCAL, 4913 bytes) taskResourceAssignments Map()
[2024-03-17T20:57:13.446+0000] {subprocess.py:93} INFO - 24/03/17 20:57:13 INFO TaskSetManager: Starting task 7.0 in stage 1.0 (TID 19) (1feb0b7175e0, executor driver, partition 7, PROCESS_LOCAL, 4913 bytes) taskResourceAssignments Map()
[2024-03-17T20:57:13.447+0000] {subprocess.py:93} INFO - 24/03/17 20:57:13 INFO TaskSetManager: Starting task 8.0 in stage 1.0 (TID 20) (1feb0b7175e0, executor driver, partition 8, PROCESS_LOCAL, 4917 bytes) taskResourceAssignments Map()
[2024-03-17T20:57:13.447+0000] {subprocess.py:93} INFO - 24/03/17 20:57:13 INFO TaskSetManager: Starting task 9.0 in stage 1.0 (TID 21) (1feb0b7175e0, executor driver, partition 9, PROCESS_LOCAL, 4915 bytes) taskResourceAssignments Map()
[2024-03-17T20:57:13.447+0000] {subprocess.py:93} INFO - 24/03/17 20:57:13 INFO TaskSetManager: Starting task 10.0 in stage 1.0 (TID 22) (1feb0b7175e0, executor driver, partition 10, PROCESS_LOCAL, 4918 bytes) taskResourceAssignments Map()
[2024-03-17T20:57:13.448+0000] {subprocess.py:93} INFO - 24/03/17 20:57:13 INFO TaskSetManager: Starting task 11.0 in stage 1.0 (TID 23) (1feb0b7175e0, executor driver, partition 11, PROCESS_LOCAL, 4916 bytes) taskResourceAssignments Map()
[2024-03-17T20:57:13.449+0000] {subprocess.py:93} INFO - 24/03/17 20:57:13 INFO Executor: Running task 0.0 in stage 1.0 (TID 12)
[2024-03-17T20:57:13.449+0000] {subprocess.py:93} INFO - 24/03/17 20:57:13 INFO Executor: Running task 2.0 in stage 1.0 (TID 14)
[2024-03-17T20:57:13.450+0000] {subprocess.py:93} INFO - 24/03/17 20:57:13 INFO Executor: Running task 3.0 in stage 1.0 (TID 15)
[2024-03-17T20:57:13.450+0000] {subprocess.py:93} INFO - 24/03/17 20:57:13 INFO Executor: Running task 4.0 in stage 1.0 (TID 16)
[2024-03-17T20:57:13.452+0000] {subprocess.py:93} INFO - 24/03/17 20:57:13 INFO Executor: Running task 5.0 in stage 1.0 (TID 17)
[2024-03-17T20:57:13.454+0000] {subprocess.py:93} INFO - 24/03/17 20:57:13 INFO Executor: Running task 8.0 in stage 1.0 (TID 20)
[2024-03-17T20:57:13.455+0000] {subprocess.py:93} INFO - 24/03/17 20:57:13 INFO Executor: Running task 10.0 in stage 1.0 (TID 22)
[2024-03-17T20:57:13.457+0000] {subprocess.py:93} INFO - 24/03/17 20:57:13 INFO Executor: Running task 9.0 in stage 1.0 (TID 21)
[2024-03-17T20:57:13.457+0000] {subprocess.py:93} INFO - 24/03/17 20:57:13 INFO Executor: Running task 1.0 in stage 1.0 (TID 13)
[2024-03-17T20:57:13.458+0000] {subprocess.py:93} INFO - 24/03/17 20:57:13 INFO Executor: Running task 11.0 in stage 1.0 (TID 23)
[2024-03-17T20:57:13.458+0000] {subprocess.py:93} INFO - 24/03/17 20:57:13 INFO Executor: Running task 6.0 in stage 1.0 (TID 18)
[2024-03-17T20:57:13.458+0000] {subprocess.py:93} INFO - 24/03/17 20:57:13 INFO Executor: Running task 7.0 in stage 1.0 (TID 19)
[2024-03-17T20:57:13.491+0000] {subprocess.py:93} INFO - 24/03/17 20:57:13 INFO FileScanRDD: Reading File path: file:///opt/***/disk_data/raw/Sales_November_2019.csv, range: 0-1534677, partition values: [empty row]
[2024-03-17T20:57:13.492+0000] {subprocess.py:93} INFO - 24/03/17 20:57:13 INFO FileScanRDD: Reading File path: file:///opt/***/disk_data/raw/Sales_January_2019.csv, range: 0-843098, partition values: [empty row]
[2024-03-17T20:57:13.492+0000] {subprocess.py:93} INFO - 24/03/17 20:57:13 INFO FileScanRDD: Reading File path: file:///opt/***/disk_data/raw/Sales_September_2019.csv, range: 0-1014958, partition values: [empty row]
[2024-03-17T20:57:13.492+0000] {subprocess.py:93} INFO - 24/03/17 20:57:13 INFO FileScanRDD: Reading File path: file:///opt/***/disk_data/raw/Sales_July_2019.csv, range: 0-1248753, partition values: [empty row]
[2024-03-17T20:57:13.493+0000] {subprocess.py:93} INFO - 24/03/17 20:57:13 INFO FileScanRDD: Reading File path: file:///opt/***/disk_data/raw/Sales_March_2019.csv, range: 0-1323497, partition values: [empty row]
[2024-03-17T20:57:13.493+0000] {subprocess.py:93} INFO - 24/03/17 20:57:13 INFO FileScanRDD: Reading File path: file:///opt/***/disk_data/raw/Sales_April_2019.csv, range: 0-1595953, partition values: [empty row]
[2024-03-17T20:57:13.494+0000] {subprocess.py:93} INFO - 24/03/17 20:57:13 INFO FileScanRDD: Reading File path: file:///opt/***/disk_data/raw/Sales_June_2019.csv, range: 0-1182508, partition values: [empty row]
[2024-03-17T20:57:13.495+0000] {subprocess.py:93} INFO - 24/03/17 20:57:13 INFO FileScanRDD: Reading File path: file:///opt/***/disk_data/raw/Sales_October_2019.csv, range: 0-1770338, partition values: [empty row]
[2024-03-17T20:57:13.495+0000] {subprocess.py:93} INFO - 24/03/17 20:57:13 INFO FileScanRDD: Reading File path: file:///opt/***/disk_data/raw/Sales_February_2019.csv, range: 0-1046495, partition values: [empty row]
[2024-03-17T20:57:13.496+0000] {subprocess.py:93} INFO - 24/03/17 20:57:13 INFO FileScanRDD: Reading File path: file:///opt/***/disk_data/raw/Sales_May_2019.csv, range: 0-1443965, partition values: [empty row]
[2024-03-17T20:57:13.498+0000] {subprocess.py:93} INFO - 24/03/17 20:57:13 INFO FileScanRDD: Reading File path: file:///opt/***/disk_data/raw/Sales_August_2019.csv, range: 0-1043593, partition values: [empty row]
[2024-03-17T20:57:13.499+0000] {subprocess.py:93} INFO - 24/03/17 20:57:13 INFO FileScanRDD: Reading File path: file:///opt/***/disk_data/raw/Sales_December_2019.csv, range: 0-2181642, partition values: [empty row]
[2024-03-17T20:57:13.501+0000] {subprocess.py:93} INFO - 24/03/17 20:57:13 INFO BlockManagerInfo: Removed broadcast_1_piece0 on 1feb0b7175e0:43599 in memory (size: 9.3 KiB, free: 434.4 MiB)
[2024-03-17T20:57:14.066+0000] {subprocess.py:93} INFO - 24/03/17 20:57:14 INFO Executor: Finished task 11.0 in stage 1.0 (TID 23). 2071 bytes result sent to driver
[2024-03-17T20:57:14.070+0000] {subprocess.py:93} INFO - 24/03/17 20:57:14 INFO TaskSetManager: Finished task 11.0 in stage 1.0 (TID 23) in 623 ms on 1feb0b7175e0 (executor driver) (1/12)
[2024-03-17T20:57:14.080+0000] {subprocess.py:93} INFO - 24/03/17 20:57:14 INFO Executor: Finished task 10.0 in stage 1.0 (TID 22). 2028 bytes result sent to driver
[2024-03-17T20:57:14.081+0000] {subprocess.py:93} INFO - 24/03/17 20:57:14 INFO Executor: Finished task 8.0 in stage 1.0 (TID 20). 2028 bytes result sent to driver
[2024-03-17T20:57:14.083+0000] {subprocess.py:93} INFO - 24/03/17 20:57:14 INFO Executor: Finished task 9.0 in stage 1.0 (TID 21). 2028 bytes result sent to driver
[2024-03-17T20:57:14.084+0000] {subprocess.py:93} INFO - 24/03/17 20:57:14 INFO TaskSetManager: Finished task 10.0 in stage 1.0 (TID 22) in 635 ms on 1feb0b7175e0 (executor driver) (2/12)
[2024-03-17T20:57:14.085+0000] {subprocess.py:93} INFO - 24/03/17 20:57:14 INFO TaskSetManager: Finished task 8.0 in stage 1.0 (TID 20) in 637 ms on 1feb0b7175e0 (executor driver) (3/12)
[2024-03-17T20:57:14.086+0000] {subprocess.py:93} INFO - 24/03/17 20:57:14 INFO TaskSetManager: Finished task 9.0 in stage 1.0 (TID 21) in 637 ms on 1feb0b7175e0 (executor driver) (4/12)
[2024-03-17T20:57:14.098+0000] {subprocess.py:93} INFO - 24/03/17 20:57:14 INFO Executor: Finished task 6.0 in stage 1.0 (TID 18). 2028 bytes result sent to driver
[2024-03-17T20:57:14.104+0000] {subprocess.py:93} INFO - 24/03/17 20:57:14 INFO TaskSetManager: Finished task 6.0 in stage 1.0 (TID 18) in 658 ms on 1feb0b7175e0 (executor driver) (5/12)
[2024-03-17T20:57:14.105+0000] {subprocess.py:93} INFO - 24/03/17 20:57:14 INFO Executor: Finished task 7.0 in stage 1.0 (TID 19). 2028 bytes result sent to driver
[2024-03-17T20:57:14.106+0000] {subprocess.py:93} INFO - 24/03/17 20:57:14 INFO TaskSetManager: Finished task 7.0 in stage 1.0 (TID 19) in 660 ms on 1feb0b7175e0 (executor driver) (6/12)
[2024-03-17T20:57:14.141+0000] {subprocess.py:93} INFO - 24/03/17 20:57:14 INFO Executor: Finished task 5.0 in stage 1.0 (TID 17). 2028 bytes result sent to driver
[2024-03-17T20:57:14.142+0000] {subprocess.py:93} INFO - 24/03/17 20:57:14 INFO TaskSetManager: Finished task 5.0 in stage 1.0 (TID 17) in 697 ms on 1feb0b7175e0 (executor driver) (7/12)
[2024-03-17T20:57:14.158+0000] {subprocess.py:93} INFO - 24/03/17 20:57:14 INFO Executor: Finished task 4.0 in stage 1.0 (TID 16). 2028 bytes result sent to driver
[2024-03-17T20:57:14.159+0000] {subprocess.py:93} INFO - 24/03/17 20:57:14 INFO TaskSetManager: Finished task 4.0 in stage 1.0 (TID 16) in 714 ms on 1feb0b7175e0 (executor driver) (8/12)
[2024-03-17T20:57:14.161+0000] {subprocess.py:93} INFO - 24/03/17 20:57:14 INFO Executor: Finished task 3.0 in stage 1.0 (TID 15). 2028 bytes result sent to driver
[2024-03-17T20:57:14.163+0000] {subprocess.py:93} INFO - 24/03/17 20:57:14 INFO TaskSetManager: Finished task 3.0 in stage 1.0 (TID 15) in 717 ms on 1feb0b7175e0 (executor driver) (9/12)
[2024-03-17T20:57:14.166+0000] {subprocess.py:93} INFO - 24/03/17 20:57:14 INFO Executor: Finished task 2.0 in stage 1.0 (TID 14). 2028 bytes result sent to driver
[2024-03-17T20:57:14.167+0000] {subprocess.py:93} INFO - 24/03/17 20:57:14 INFO TaskSetManager: Finished task 2.0 in stage 1.0 (TID 14) in 723 ms on 1feb0b7175e0 (executor driver) (10/12)
[2024-03-17T20:57:14.190+0000] {subprocess.py:93} INFO - 24/03/17 20:57:14 INFO Executor: Finished task 1.0 in stage 1.0 (TID 13). 2028 bytes result sent to driver
[2024-03-17T20:57:14.191+0000] {subprocess.py:93} INFO - 24/03/17 20:57:14 INFO TaskSetManager: Finished task 1.0 in stage 1.0 (TID 13) in 747 ms on 1feb0b7175e0 (executor driver) (11/12)
[2024-03-17T20:57:14.227+0000] {subprocess.py:93} INFO - 24/03/17 20:57:14 INFO Executor: Finished task 0.0 in stage 1.0 (TID 12). 2028 bytes result sent to driver
[2024-03-17T20:57:14.228+0000] {subprocess.py:93} INFO - 24/03/17 20:57:14 INFO TaskSetManager: Finished task 0.0 in stage 1.0 (TID 12) in 786 ms on 1feb0b7175e0 (executor driver) (12/12)
[2024-03-17T20:57:14.228+0000] {subprocess.py:93} INFO - 24/03/17 20:57:14 INFO TaskSchedulerImpl: Removed TaskSet 1.0, whose tasks have all completed, from pool
[2024-03-17T20:57:14.229+0000] {subprocess.py:93} INFO - 24/03/17 20:57:14 INFO DAGScheduler: ShuffleMapStage 1 (save at NativeMethodAccessorImpl.java:0) finished in 0.808 s
[2024-03-17T20:57:14.229+0000] {subprocess.py:93} INFO - 24/03/17 20:57:14 INFO DAGScheduler: looking for newly runnable stages
[2024-03-17T20:57:14.230+0000] {subprocess.py:93} INFO - 24/03/17 20:57:14 INFO DAGScheduler: running: Set()
[2024-03-17T20:57:14.230+0000] {subprocess.py:93} INFO - 24/03/17 20:57:14 INFO DAGScheduler: waiting: Set()
[2024-03-17T20:57:14.230+0000] {subprocess.py:93} INFO - 24/03/17 20:57:14 INFO DAGScheduler: failed: Set()
[2024-03-17T20:57:14.256+0000] {subprocess.py:93} INFO - 24/03/17 20:57:14 INFO ShufflePartitionsUtil: For shuffle(0), advisory target size: 67108864, actual target size 1048576, minimum partition size: 1048576
[2024-03-17T20:57:14.293+0000] {subprocess.py:93} INFO - 24/03/17 20:57:14 INFO CodeGenerator: Code generated in 20.568289 ms
[2024-03-17T20:57:14.371+0000] {subprocess.py:93} INFO - 24/03/17 20:57:14 INFO SparkContext: Starting job: save at NativeMethodAccessorImpl.java:0
[2024-03-17T20:57:14.373+0000] {subprocess.py:93} INFO - 24/03/17 20:57:14 INFO DAGScheduler: Got job 2 (save at NativeMethodAccessorImpl.java:0) with 6 output partitions
[2024-03-17T20:57:14.373+0000] {subprocess.py:93} INFO - 24/03/17 20:57:14 INFO DAGScheduler: Final stage: ResultStage 3 (save at NativeMethodAccessorImpl.java:0)
[2024-03-17T20:57:14.373+0000] {subprocess.py:93} INFO - 24/03/17 20:57:14 INFO DAGScheduler: Parents of final stage: List(ShuffleMapStage 2)
[2024-03-17T20:57:14.374+0000] {subprocess.py:93} INFO - 24/03/17 20:57:14 INFO DAGScheduler: Missing parents: List()
[2024-03-17T20:57:14.374+0000] {subprocess.py:93} INFO - 24/03/17 20:57:14 INFO DAGScheduler: Submitting ResultStage 3 (MapPartitionsRDD[11] at save at NativeMethodAccessorImpl.java:0), which has no missing parents
[2024-03-17T20:57:14.397+0000] {subprocess.py:93} INFO - 24/03/17 20:57:14 INFO MemoryStore: Block broadcast_3 stored as values in memory (estimated size 41.1 KiB, free 434.1 MiB)
[2024-03-17T20:57:14.399+0000] {subprocess.py:93} INFO - 24/03/17 20:57:14 INFO MemoryStore: Block broadcast_3_piece0 stored as bytes in memory (estimated size 19.5 KiB, free 434.1 MiB)
[2024-03-17T20:57:14.399+0000] {subprocess.py:93} INFO - 24/03/17 20:57:14 INFO BlockManagerInfo: Added broadcast_3_piece0 in memory on 1feb0b7175e0:43599 (size: 19.5 KiB, free: 434.3 MiB)
[2024-03-17T20:57:14.400+0000] {subprocess.py:93} INFO - 24/03/17 20:57:14 INFO SparkContext: Created broadcast 3 from broadcast at DAGScheduler.scala:1513
[2024-03-17T20:57:14.401+0000] {subprocess.py:93} INFO - 24/03/17 20:57:14 INFO DAGScheduler: Submitting 6 missing tasks from ResultStage 3 (MapPartitionsRDD[11] at save at NativeMethodAccessorImpl.java:0) (first 15 tasks are for partitions Vector(0, 1, 2, 3, 4, 5))
[2024-03-17T20:57:14.401+0000] {subprocess.py:93} INFO - 24/03/17 20:57:14 INFO TaskSchedulerImpl: Adding task set 3.0 with 6 tasks resource profile 0
[2024-03-17T20:57:14.406+0000] {subprocess.py:93} INFO - 24/03/17 20:57:14 INFO TaskSetManager: Starting task 0.0 in stage 3.0 (TID 24) (1feb0b7175e0, executor driver, partition 0, NODE_LOCAL, 4453 bytes) taskResourceAssignments Map()
[2024-03-17T20:57:14.407+0000] {subprocess.py:93} INFO - 24/03/17 20:57:14 INFO TaskSetManager: Starting task 1.0 in stage 3.0 (TID 25) (1feb0b7175e0, executor driver, partition 1, NODE_LOCAL, 4453 bytes) taskResourceAssignments Map()
[2024-03-17T20:57:14.408+0000] {subprocess.py:93} INFO - 24/03/17 20:57:14 INFO TaskSetManager: Starting task 2.0 in stage 3.0 (TID 26) (1feb0b7175e0, executor driver, partition 2, NODE_LOCAL, 4453 bytes) taskResourceAssignments Map()
[2024-03-17T20:57:14.408+0000] {subprocess.py:93} INFO - 24/03/17 20:57:14 INFO TaskSetManager: Starting task 3.0 in stage 3.0 (TID 27) (1feb0b7175e0, executor driver, partition 3, NODE_LOCAL, 4453 bytes) taskResourceAssignments Map()
[2024-03-17T20:57:14.408+0000] {subprocess.py:93} INFO - 24/03/17 20:57:14 INFO TaskSetManager: Starting task 4.0 in stage 3.0 (TID 28) (1feb0b7175e0, executor driver, partition 4, NODE_LOCAL, 4453 bytes) taskResourceAssignments Map()
[2024-03-17T20:57:14.408+0000] {subprocess.py:93} INFO - 24/03/17 20:57:14 INFO TaskSetManager: Starting task 5.0 in stage 3.0 (TID 29) (1feb0b7175e0, executor driver, partition 5, NODE_LOCAL, 4453 bytes) taskResourceAssignments Map()
[2024-03-17T20:57:14.409+0000] {subprocess.py:93} INFO - 24/03/17 20:57:14 INFO Executor: Running task 1.0 in stage 3.0 (TID 25)
[2024-03-17T20:57:14.409+0000] {subprocess.py:93} INFO - 24/03/17 20:57:14 INFO Executor: Running task 3.0 in stage 3.0 (TID 27)
[2024-03-17T20:57:14.409+0000] {subprocess.py:93} INFO - 24/03/17 20:57:14 INFO Executor: Running task 4.0 in stage 3.0 (TID 28)
[2024-03-17T20:57:14.410+0000] {subprocess.py:93} INFO - 24/03/17 20:57:14 INFO Executor: Running task 0.0 in stage 3.0 (TID 24)
[2024-03-17T20:57:14.410+0000] {subprocess.py:93} INFO - 24/03/17 20:57:14 INFO Executor: Running task 5.0 in stage 3.0 (TID 29)
[2024-03-17T20:57:14.410+0000] {subprocess.py:93} INFO - 24/03/17 20:57:14 INFO Executor: Running task 2.0 in stage 3.0 (TID 26)
[2024-03-17T20:57:14.482+0000] {subprocess.py:93} INFO - 24/03/17 20:57:14 INFO ShuffleBlockFetcherIterator: Getting 12 (1110.9 KiB) non-empty blocks including 12 (1110.9 KiB) local and 0 (0.0 B) host-local and 0 (0.0 B) push-merged-local and 0 (0.0 B) remote blocks
[2024-03-17T20:57:14.483+0000] {subprocess.py:93} INFO - 24/03/17 20:57:14 INFO ShuffleBlockFetcherIterator: Getting 2 (1044.9 KiB) non-empty blocks including 2 (1044.9 KiB) local and 0 (0.0 B) host-local and 0 (0.0 B) push-merged-local and 0 (0.0 B) remote blocks
[2024-03-17T20:57:14.484+0000] {subprocess.py:93} INFO - 24/03/17 20:57:14 INFO ShuffleBlockFetcherIterator: Getting 4 (1051.3 KiB) non-empty blocks including 4 (1051.3 KiB) local and 0 (0.0 B) host-local and 0 (0.0 B) push-merged-local and 0 (0.0 B) remote blocks
[2024-03-17T20:57:14.484+0000] {subprocess.py:93} INFO - 24/03/17 20:57:14 INFO ShuffleBlockFetcherIterator: Getting 3 (1046.7 KiB) non-empty blocks including 3 (1046.7 KiB) local and 0 (0.0 B) host-local and 0 (0.0 B) push-merged-local and 0 (0.0 B) remote blocks
[2024-03-17T20:57:14.484+0000] {subprocess.py:93} INFO - 24/03/17 20:57:14 INFO ShuffleBlockFetcherIterator: Getting 3 (1027.4 KiB) non-empty blocks including 3 (1027.4 KiB) local and 0 (0.0 B) host-local and 0 (0.0 B) push-merged-local and 0 (0.0 B) remote blocks
[2024-03-17T20:57:14.484+0000] {subprocess.py:93} INFO - 24/03/17 20:57:14 INFO ShuffleBlockFetcherIterator: Getting 2 (1033.3 KiB) non-empty blocks including 2 (1033.3 KiB) local and 0 (0.0 B) host-local and 0 (0.0 B) push-merged-local and 0 (0.0 B) remote blocks
[2024-03-17T20:57:14.486+0000] {subprocess.py:93} INFO - 24/03/17 20:57:14 INFO ShuffleBlockFetcherIterator: Started 0 remote fetches in 14 ms
[2024-03-17T20:57:14.486+0000] {subprocess.py:93} INFO - 24/03/17 20:57:14 INFO ShuffleBlockFetcherIterator: Started 0 remote fetches in 14 ms
[2024-03-17T20:57:14.487+0000] {subprocess.py:93} INFO - 24/03/17 20:57:14 INFO ShuffleBlockFetcherIterator: Started 0 remote fetches in 14 ms
[2024-03-17T20:57:14.487+0000] {subprocess.py:93} INFO - 24/03/17 20:57:14 INFO ShuffleBlockFetcherIterator: Started 0 remote fetches in 14 ms
[2024-03-17T20:57:14.487+0000] {subprocess.py:93} INFO - 24/03/17 20:57:14 INFO ShuffleBlockFetcherIterator: Started 0 remote fetches in 14 ms
[2024-03-17T20:57:14.488+0000] {subprocess.py:93} INFO - 24/03/17 20:57:14 INFO ShuffleBlockFetcherIterator: Started 0 remote fetches in 14 ms
[2024-03-17T20:57:14.504+0000] {subprocess.py:93} INFO - 24/03/17 20:57:14 INFO CodeGenerator: Code generated in 6.247402 ms
[2024-03-17T20:57:14.520+0000] {subprocess.py:93} INFO - 24/03/17 20:57:14 INFO CodeGenerator: Code generated in 6.473695 ms
[2024-03-17T20:57:14.556+0000] {subprocess.py:93} INFO - 24/03/17 20:57:14 INFO CodeGenerator: Code generated in 14.006732 ms
[2024-03-17T20:57:24.131+0000] {subprocess.py:93} INFO - 24/03/17 20:57:24 INFO Executor: Finished task 3.0 in stage 3.0 (TID 27). 3049 bytes result sent to driver
[2024-03-17T20:57:24.132+0000] {subprocess.py:93} INFO - 24/03/17 20:57:24 INFO TaskSetManager: Finished task 3.0 in stage 3.0 (TID 27) in 9725 ms on 1feb0b7175e0 (executor driver) (1/6)
[2024-03-17T20:57:24.436+0000] {subprocess.py:93} INFO - 24/03/17 20:57:24 INFO Executor: Finished task 2.0 in stage 3.0 (TID 26). 3049 bytes result sent to driver
[2024-03-17T20:57:24.436+0000] {subprocess.py:93} INFO - 24/03/17 20:57:24 INFO TaskSetManager: Finished task 2.0 in stage 3.0 (TID 26) in 10029 ms on 1feb0b7175e0 (executor driver) (2/6)
[2024-03-17T20:57:24.498+0000] {subprocess.py:93} INFO - 24/03/17 20:57:24 INFO Executor: Finished task 4.0 in stage 3.0 (TID 28). 3049 bytes result sent to driver
[2024-03-17T20:57:24.499+0000] {subprocess.py:93} INFO - 24/03/17 20:57:24 INFO TaskSetManager: Finished task 4.0 in stage 3.0 (TID 28) in 10092 ms on 1feb0b7175e0 (executor driver) (3/6)
[2024-03-17T20:57:25.025+0000] {subprocess.py:93} INFO - 24/03/17 20:57:25 INFO Executor: Finished task 0.0 in stage 3.0 (TID 24). 3049 bytes result sent to driver
[2024-03-17T20:57:25.026+0000] {subprocess.py:93} INFO - 24/03/17 20:57:25 INFO TaskSetManager: Finished task 0.0 in stage 3.0 (TID 24) in 10621 ms on 1feb0b7175e0 (executor driver) (4/6)
[2024-03-17T20:57:25.295+0000] {subprocess.py:93} INFO - 24/03/17 20:57:25 INFO Executor: Finished task 1.0 in stage 3.0 (TID 25). 3049 bytes result sent to driver
[2024-03-17T20:57:25.296+0000] {subprocess.py:93} INFO - 24/03/17 20:57:25 INFO TaskSetManager: Finished task 1.0 in stage 3.0 (TID 25) in 10890 ms on 1feb0b7175e0 (executor driver) (5/6)
[2024-03-17T20:57:25.370+0000] {subprocess.py:93} INFO - 24/03/17 20:57:25 INFO Executor: Finished task 5.0 in stage 3.0 (TID 29). 3049 bytes result sent to driver
[2024-03-17T20:57:25.371+0000] {subprocess.py:93} INFO - 24/03/17 20:57:25 INFO TaskSetManager: Finished task 5.0 in stage 3.0 (TID 29) in 10963 ms on 1feb0b7175e0 (executor driver) (6/6)
[2024-03-17T20:57:25.372+0000] {subprocess.py:93} INFO - 24/03/17 20:57:25 INFO TaskSchedulerImpl: Removed TaskSet 3.0, whose tasks have all completed, from pool
[2024-03-17T20:57:25.373+0000] {subprocess.py:93} INFO - 24/03/17 20:57:25 INFO DAGScheduler: ResultStage 3 (save at NativeMethodAccessorImpl.java:0) finished in 10.987 s
[2024-03-17T20:57:25.373+0000] {subprocess.py:93} INFO - 24/03/17 20:57:25 INFO DAGScheduler: Job 2 is finished. Cancelling potential speculative or zombie tasks for this job
[2024-03-17T20:57:25.374+0000] {subprocess.py:93} INFO - 24/03/17 20:57:25 INFO TaskSchedulerImpl: Killing all running tasks in stage 3: Stage finished
[2024-03-17T20:57:25.374+0000] {subprocess.py:93} INFO - 24/03/17 20:57:25 INFO DAGScheduler: Job 2 finished: save at NativeMethodAccessorImpl.java:0, took 11.001668 s
[2024-03-17T20:57:26.138+0000] {subprocess.py:93} INFO - Sparkframe Pushed Successfully
[2024-03-17T20:57:26.287+0000] {subprocess.py:93} INFO - 24/03/17 20:57:26 INFO SparkContext: Invoking stop() from shutdown hook
[2024-03-17T20:57:26.305+0000] {subprocess.py:93} INFO - 24/03/17 20:57:26 INFO SparkUI: Stopped Spark web UI at http://1feb0b7175e0:4040
[2024-03-17T20:57:26.316+0000] {subprocess.py:93} INFO - 24/03/17 20:57:26 INFO MapOutputTrackerMasterEndpoint: MapOutputTrackerMasterEndpoint stopped!
[2024-03-17T20:57:26.341+0000] {subprocess.py:93} INFO - 24/03/17 20:57:26 INFO MemoryStore: MemoryStore cleared
[2024-03-17T20:57:26.341+0000] {subprocess.py:93} INFO - 24/03/17 20:57:26 INFO BlockManager: BlockManager stopped
[2024-03-17T20:57:26.343+0000] {subprocess.py:93} INFO - 24/03/17 20:57:26 INFO BlockManagerMaster: BlockManagerMaster stopped
[2024-03-17T20:57:26.345+0000] {subprocess.py:93} INFO - 24/03/17 20:57:26 INFO OutputCommitCoordinator$OutputCommitCoordinatorEndpoint: OutputCommitCoordinator stopped!
[2024-03-17T20:57:26.352+0000] {subprocess.py:93} INFO - 24/03/17 20:57:26 INFO SparkContext: Successfully stopped SparkContext
[2024-03-17T20:57:26.352+0000] {subprocess.py:93} INFO - 24/03/17 20:57:26 INFO ShutdownHookManager: Shutdown hook called
[2024-03-17T20:57:26.353+0000] {subprocess.py:93} INFO - 24/03/17 20:57:26 INFO ShutdownHookManager: Deleting directory /tmp/spark-8a384ed7-9323-47a2-be56-bdec7a90cdd9
[2024-03-17T20:57:26.355+0000] {subprocess.py:93} INFO - 24/03/17 20:57:26 INFO ShutdownHookManager: Deleting directory /tmp/spark-8a384ed7-9323-47a2-be56-bdec7a90cdd9/pyspark-54088961-666d-4d72-b8ef-86774505a23e
[2024-03-17T20:57:26.357+0000] {subprocess.py:93} INFO - 24/03/17 20:57:26 INFO ShutdownHookManager: Deleting directory /tmp/spark-17258422-0294-411a-874d-1c3b28365bb3
[2024-03-17T20:57:26.417+0000] {subprocess.py:97} INFO - Command exited with return code 0
[2024-03-17T20:57:26.537+0000] {taskinstance.py:1350} INFO - Marking task as SUCCESS. dag_id=Sales_ETL, task_id=sales_data_transform, execution_date=20240317T205646, start_date=20240317T205648, end_date=20240317T205726
[2024-03-17T20:57:26.646+0000] {local_task_job_runner.py:225} INFO - Task exited with return code 0
[2024-03-17T20:57:26.691+0000] {taskinstance.py:2653} INFO - 0 downstream tasks scheduled from follow-on schedule check
