[2024-03-17T09:28:13.964+0000] {processor.py:157} INFO - Started process (PID=43) to work on /opt/airflow/dags/j_spark_trigger.py
[2024-03-17T09:28:13.964+0000] {processor.py:826} INFO - Processing file /opt/airflow/dags/j_spark_trigger.py for tasks to queue
[2024-03-17T09:28:13.965+0000] {logging_mixin.py:149} INFO - [2024-03-17T09:28:13.965+0000] {dagbag.py:541} INFO - Filling up the DagBag from /opt/airflow/dags/j_spark_trigger.py
[2024-03-17T09:28:14.236+0000] {processor.py:836} INFO - DAG(s) dict_keys(['j_spark_trigger']) retrieved from /opt/airflow/dags/j_spark_trigger.py
[2024-03-17T09:28:14.786+0000] {logging_mixin.py:149} INFO - [2024-03-17T09:28:14.786+0000] {manager.py:504} INFO - Created Permission View: can delete on DAG:j_spark_trigger
[2024-03-17T09:28:14.893+0000] {logging_mixin.py:149} INFO - [2024-03-17T09:28:14.893+0000] {manager.py:504} INFO - Created Permission View: can edit on DAG:j_spark_trigger
[2024-03-17T09:28:15.441+0000] {logging_mixin.py:149} INFO - [2024-03-17T09:28:15.440+0000] {manager.py:504} INFO - Created Permission View: can read on DAG:j_spark_trigger
[2024-03-17T09:28:15.455+0000] {logging_mixin.py:149} INFO - [2024-03-17T09:28:15.455+0000] {dag.py:2726} INFO - Sync 1 DAGs
[2024-03-17T09:28:15.466+0000] {logging_mixin.py:149} INFO - [2024-03-17T09:28:15.465+0000] {dag.py:2747} INFO - Creating ORM DAG for j_spark_trigger
[2024-03-17T09:28:15.476+0000] {logging_mixin.py:149} INFO - [2024-03-17T09:28:15.476+0000] {dag.py:3490} INFO - Setting next_dagrun for j_spark_trigger to 2024-03-16T09:28:15.476650+00:00, run_after=2024-03-17T09:28:15.476650+00:00
[2024-03-17T09:28:15.605+0000] {processor.py:179} INFO - Processing /opt/airflow/dags/j_spark_trigger.py took 1.643 seconds
[2024-03-17T09:28:45.772+0000] {processor.py:157} INFO - Started process (PID=62) to work on /opt/airflow/dags/j_spark_trigger.py
[2024-03-17T09:28:45.772+0000] {processor.py:826} INFO - Processing file /opt/airflow/dags/j_spark_trigger.py for tasks to queue
[2024-03-17T09:28:45.773+0000] {logging_mixin.py:149} INFO - [2024-03-17T09:28:45.773+0000] {dagbag.py:541} INFO - Filling up the DagBag from /opt/airflow/dags/j_spark_trigger.py
[2024-03-17T09:28:45.807+0000] {processor.py:836} INFO - DAG(s) dict_keys(['j_spark_trigger']) retrieved from /opt/airflow/dags/j_spark_trigger.py
[2024-03-17T09:28:46.375+0000] {logging_mixin.py:149} INFO - [2024-03-17T09:28:46.375+0000] {dag.py:2726} INFO - Sync 1 DAGs
[2024-03-17T09:28:46.402+0000] {logging_mixin.py:149} INFO - [2024-03-17T09:28:46.402+0000] {dag.py:3490} INFO - Setting next_dagrun for j_spark_trigger to 2024-03-16T09:28:46.402064+00:00, run_after=2024-03-17T09:28:46.402064+00:00
[2024-03-17T09:28:46.483+0000] {processor.py:179} INFO - Processing /opt/airflow/dags/j_spark_trigger.py took 0.715 seconds
[2024-03-17T09:29:16.643+0000] {processor.py:157} INFO - Started process (PID=90) to work on /opt/airflow/dags/j_spark_trigger.py
[2024-03-17T09:29:16.644+0000] {processor.py:826} INFO - Processing file /opt/airflow/dags/j_spark_trigger.py for tasks to queue
[2024-03-17T09:29:16.648+0000] {logging_mixin.py:149} INFO - [2024-03-17T09:29:16.648+0000] {dagbag.py:541} INFO - Filling up the DagBag from /opt/airflow/dags/j_spark_trigger.py
[2024-03-17T09:29:16.709+0000] {processor.py:836} INFO - DAG(s) dict_keys(['j_spark_trigger']) retrieved from /opt/airflow/dags/j_spark_trigger.py
[2024-03-17T09:29:17.196+0000] {logging_mixin.py:149} INFO - [2024-03-17T09:29:17.196+0000] {dag.py:2726} INFO - Sync 1 DAGs
[2024-03-17T09:29:17.410+0000] {logging_mixin.py:149} INFO - [2024-03-17T09:29:17.410+0000] {dag.py:3490} INFO - Setting next_dagrun for j_spark_trigger to 2024-03-16T09:29:17.410480+00:00, run_after=2024-03-17T09:29:17.410480+00:00
[2024-03-17T09:29:18.521+0000] {processor.py:179} INFO - Processing /opt/airflow/dags/j_spark_trigger.py took 1.880 seconds
[2024-03-17T09:29:48.697+0000] {processor.py:157} INFO - Started process (PID=109) to work on /opt/airflow/dags/j_spark_trigger.py
[2024-03-17T09:29:48.697+0000] {processor.py:826} INFO - Processing file /opt/airflow/dags/j_spark_trigger.py for tasks to queue
[2024-03-17T09:29:48.698+0000] {logging_mixin.py:149} INFO - [2024-03-17T09:29:48.698+0000] {dagbag.py:541} INFO - Filling up the DagBag from /opt/airflow/dags/j_spark_trigger.py
[2024-03-17T09:29:48.947+0000] {processor.py:836} INFO - DAG(s) dict_keys(['j_spark_trigger']) retrieved from /opt/airflow/dags/j_spark_trigger.py
[2024-03-17T09:29:48.974+0000] {logging_mixin.py:149} INFO - [2024-03-17T09:29:48.974+0000] {dag.py:2726} INFO - Sync 1 DAGs
[2024-03-17T09:29:48.996+0000] {logging_mixin.py:149} INFO - [2024-03-17T09:29:48.996+0000] {dag.py:3490} INFO - Setting next_dagrun for j_spark_trigger to 2024-03-17T09:29:17.410480+00:00, run_after=2024-03-18T09:29:17.410480+00:00
[2024-03-17T09:29:49.133+0000] {processor.py:179} INFO - Processing /opt/airflow/dags/j_spark_trigger.py took 0.438 seconds
[2024-03-17T09:30:19.301+0000] {processor.py:157} INFO - Started process (PID=128) to work on /opt/airflow/dags/j_spark_trigger.py
[2024-03-17T09:30:19.301+0000] {processor.py:826} INFO - Processing file /opt/airflow/dags/j_spark_trigger.py for tasks to queue
[2024-03-17T09:30:19.302+0000] {logging_mixin.py:149} INFO - [2024-03-17T09:30:19.302+0000] {dagbag.py:541} INFO - Filling up the DagBag from /opt/airflow/dags/j_spark_trigger.py
[2024-03-17T09:30:19.324+0000] {processor.py:836} INFO - DAG(s) dict_keys(['j_spark_trigger']) retrieved from /opt/airflow/dags/j_spark_trigger.py
[2024-03-17T09:30:19.361+0000] {logging_mixin.py:149} INFO - [2024-03-17T09:30:19.360+0000] {dag.py:2726} INFO - Sync 1 DAGs
[2024-03-17T09:30:19.389+0000] {logging_mixin.py:149} INFO - [2024-03-17T09:30:19.389+0000] {dag.py:3490} INFO - Setting next_dagrun for j_spark_trigger to 2024-03-17T09:29:17.410480+00:00, run_after=2024-03-18T09:29:17.410480+00:00
[2024-03-17T09:30:19.472+0000] {processor.py:179} INFO - Processing /opt/airflow/dags/j_spark_trigger.py took 0.173 seconds
[2024-03-17T09:30:49.586+0000] {processor.py:157} INFO - Started process (PID=156) to work on /opt/airflow/dags/j_spark_trigger.py
[2024-03-17T09:30:49.587+0000] {processor.py:826} INFO - Processing file /opt/airflow/dags/j_spark_trigger.py for tasks to queue
[2024-03-17T09:30:49.588+0000] {logging_mixin.py:149} INFO - [2024-03-17T09:30:49.588+0000] {dagbag.py:541} INFO - Filling up the DagBag from /opt/airflow/dags/j_spark_trigger.py
[2024-03-17T09:30:49.616+0000] {processor.py:836} INFO - DAG(s) dict_keys(['j_spark_trigger']) retrieved from /opt/airflow/dags/j_spark_trigger.py
[2024-03-17T09:30:49.650+0000] {logging_mixin.py:149} INFO - [2024-03-17T09:30:49.649+0000] {dag.py:2726} INFO - Sync 1 DAGs
[2024-03-17T09:30:49.679+0000] {logging_mixin.py:149} INFO - [2024-03-17T09:30:49.678+0000] {dag.py:3490} INFO - Setting next_dagrun for j_spark_trigger to 2024-03-17T09:29:17.410480+00:00, run_after=2024-03-18T09:29:17.410480+00:00
[2024-03-17T09:30:49.792+0000] {processor.py:179} INFO - Processing /opt/airflow/dags/j_spark_trigger.py took 0.208 seconds
[2024-03-17T09:31:19.949+0000] {processor.py:157} INFO - Started process (PID=175) to work on /opt/airflow/dags/j_spark_trigger.py
[2024-03-17T09:31:19.950+0000] {processor.py:826} INFO - Processing file /opt/airflow/dags/j_spark_trigger.py for tasks to queue
[2024-03-17T09:31:19.950+0000] {logging_mixin.py:149} INFO - [2024-03-17T09:31:19.950+0000] {dagbag.py:541} INFO - Filling up the DagBag from /opt/airflow/dags/j_spark_trigger.py
[2024-03-17T09:31:19.982+0000] {processor.py:836} INFO - DAG(s) dict_keys(['j_spark_trigger']) retrieved from /opt/airflow/dags/j_spark_trigger.py
[2024-03-17T09:31:20.013+0000] {logging_mixin.py:149} INFO - [2024-03-17T09:31:20.013+0000] {dag.py:2726} INFO - Sync 1 DAGs
[2024-03-17T09:31:20.035+0000] {logging_mixin.py:149} INFO - [2024-03-17T09:31:20.035+0000] {dag.py:3490} INFO - Setting next_dagrun for j_spark_trigger to 2024-03-17T09:29:17.410480+00:00, run_after=2024-03-18T09:29:17.410480+00:00
[2024-03-17T09:31:20.115+0000] {processor.py:179} INFO - Processing /opt/airflow/dags/j_spark_trigger.py took 0.169 seconds
[2024-03-17T09:31:50.272+0000] {processor.py:157} INFO - Started process (PID=194) to work on /opt/airflow/dags/j_spark_trigger.py
[2024-03-17T09:31:50.273+0000] {processor.py:826} INFO - Processing file /opt/airflow/dags/j_spark_trigger.py for tasks to queue
[2024-03-17T09:31:50.275+0000] {logging_mixin.py:149} INFO - [2024-03-17T09:31:50.274+0000] {dagbag.py:541} INFO - Filling up the DagBag from /opt/airflow/dags/j_spark_trigger.py
[2024-03-17T09:31:50.317+0000] {processor.py:836} INFO - DAG(s) dict_keys(['j_spark_trigger']) retrieved from /opt/airflow/dags/j_spark_trigger.py
[2024-03-17T09:31:50.349+0000] {logging_mixin.py:149} INFO - [2024-03-17T09:31:50.349+0000] {dag.py:2726} INFO - Sync 1 DAGs
[2024-03-17T09:31:50.383+0000] {logging_mixin.py:149} INFO - [2024-03-17T09:31:50.383+0000] {dag.py:3490} INFO - Setting next_dagrun for j_spark_trigger to 2024-03-17T09:29:17.410480+00:00, run_after=2024-03-18T09:29:17.410480+00:00
[2024-03-17T09:31:50.474+0000] {processor.py:179} INFO - Processing /opt/airflow/dags/j_spark_trigger.py took 0.206 seconds
[2024-03-17T09:32:20.648+0000] {processor.py:157} INFO - Started process (PID=222) to work on /opt/airflow/dags/j_spark_trigger.py
[2024-03-17T09:32:20.648+0000] {processor.py:826} INFO - Processing file /opt/airflow/dags/j_spark_trigger.py for tasks to queue
[2024-03-17T09:32:20.649+0000] {logging_mixin.py:149} INFO - [2024-03-17T09:32:20.649+0000] {dagbag.py:541} INFO - Filling up the DagBag from /opt/airflow/dags/j_spark_trigger.py
[2024-03-17T09:32:20.681+0000] {processor.py:836} INFO - DAG(s) dict_keys(['j_spark_trigger']) retrieved from /opt/airflow/dags/j_spark_trigger.py
[2024-03-17T09:32:20.710+0000] {logging_mixin.py:149} INFO - [2024-03-17T09:32:20.710+0000] {dag.py:2726} INFO - Sync 1 DAGs
[2024-03-17T09:32:20.733+0000] {logging_mixin.py:149} INFO - [2024-03-17T09:32:20.733+0000] {dag.py:3490} INFO - Setting next_dagrun for j_spark_trigger to 2024-03-17T09:29:17.410480+00:00, run_after=2024-03-18T09:29:17.410480+00:00
[2024-03-17T09:32:20.898+0000] {processor.py:179} INFO - Processing /opt/airflow/dags/j_spark_trigger.py took 0.254 seconds
[2024-03-17T09:32:51.062+0000] {processor.py:157} INFO - Started process (PID=241) to work on /opt/airflow/dags/j_spark_trigger.py
[2024-03-17T09:32:51.063+0000] {processor.py:826} INFO - Processing file /opt/airflow/dags/j_spark_trigger.py for tasks to queue
[2024-03-17T09:32:51.064+0000] {logging_mixin.py:149} INFO - [2024-03-17T09:32:51.064+0000] {dagbag.py:541} INFO - Filling up the DagBag from /opt/airflow/dags/j_spark_trigger.py
[2024-03-17T09:32:51.090+0000] {processor.py:836} INFO - DAG(s) dict_keys(['j_spark_trigger']) retrieved from /opt/airflow/dags/j_spark_trigger.py
[2024-03-17T09:32:51.127+0000] {logging_mixin.py:149} INFO - [2024-03-17T09:32:51.127+0000] {dag.py:2726} INFO - Sync 1 DAGs
[2024-03-17T09:32:51.157+0000] {logging_mixin.py:149} INFO - [2024-03-17T09:32:51.157+0000] {dag.py:3490} INFO - Setting next_dagrun for j_spark_trigger to 2024-03-17T09:29:17.410480+00:00, run_after=2024-03-18T09:29:17.410480+00:00
[2024-03-17T09:32:51.225+0000] {processor.py:179} INFO - Processing /opt/airflow/dags/j_spark_trigger.py took 0.165 seconds
[2024-03-17T09:33:21.273+0000] {processor.py:157} INFO - Started process (PID=269) to work on /opt/airflow/dags/j_spark_trigger.py
[2024-03-17T09:33:21.289+0000] {processor.py:826} INFO - Processing file /opt/airflow/dags/j_spark_trigger.py for tasks to queue
[2024-03-17T09:33:21.290+0000] {logging_mixin.py:149} INFO - [2024-03-17T09:33:21.290+0000] {dagbag.py:541} INFO - Filling up the DagBag from /opt/airflow/dags/j_spark_trigger.py
[2024-03-17T09:33:21.319+0000] {processor.py:836} INFO - DAG(s) dict_keys(['j_spark_trigger']) retrieved from /opt/airflow/dags/j_spark_trigger.py
[2024-03-17T09:33:21.361+0000] {logging_mixin.py:149} INFO - [2024-03-17T09:33:21.361+0000] {dag.py:2726} INFO - Sync 1 DAGs
[2024-03-17T09:33:21.400+0000] {logging_mixin.py:149} INFO - [2024-03-17T09:33:21.400+0000] {dag.py:3490} INFO - Setting next_dagrun for j_spark_trigger to 2024-03-17T09:29:17.410480+00:00, run_after=2024-03-18T09:29:17.410480+00:00
[2024-03-17T09:33:21.511+0000] {processor.py:179} INFO - Processing /opt/airflow/dags/j_spark_trigger.py took 0.242 seconds
[2024-03-17T09:33:51.668+0000] {processor.py:157} INFO - Started process (PID=288) to work on /opt/airflow/dags/j_spark_trigger.py
[2024-03-17T09:33:51.668+0000] {processor.py:826} INFO - Processing file /opt/airflow/dags/j_spark_trigger.py for tasks to queue
[2024-03-17T09:33:51.669+0000] {logging_mixin.py:149} INFO - [2024-03-17T09:33:51.669+0000] {dagbag.py:541} INFO - Filling up the DagBag from /opt/airflow/dags/j_spark_trigger.py
[2024-03-17T09:33:51.691+0000] {processor.py:836} INFO - DAG(s) dict_keys(['j_spark_trigger']) retrieved from /opt/airflow/dags/j_spark_trigger.py
[2024-03-17T09:33:51.721+0000] {logging_mixin.py:149} INFO - [2024-03-17T09:33:51.721+0000] {dag.py:2726} INFO - Sync 1 DAGs
[2024-03-17T09:33:51.746+0000] {logging_mixin.py:149} INFO - [2024-03-17T09:33:51.746+0000] {dag.py:3490} INFO - Setting next_dagrun for j_spark_trigger to 2024-03-17T09:29:17.410480+00:00, run_after=2024-03-18T09:29:17.410480+00:00
[2024-03-17T09:33:52.292+0000] {processor.py:179} INFO - Processing /opt/airflow/dags/j_spark_trigger.py took 0.628 seconds
[2024-03-17T09:34:22.462+0000] {processor.py:157} INFO - Started process (PID=314) to work on /opt/airflow/dags/j_spark_trigger.py
[2024-03-17T09:34:22.462+0000] {processor.py:826} INFO - Processing file /opt/airflow/dags/j_spark_trigger.py for tasks to queue
[2024-03-17T09:34:22.464+0000] {logging_mixin.py:149} INFO - [2024-03-17T09:34:22.463+0000] {dagbag.py:541} INFO - Filling up the DagBag from /opt/airflow/dags/j_spark_trigger.py
[2024-03-17T09:34:22.493+0000] {processor.py:836} INFO - DAG(s) dict_keys(['j_spark_trigger']) retrieved from /opt/airflow/dags/j_spark_trigger.py
[2024-03-17T09:34:22.536+0000] {logging_mixin.py:149} INFO - [2024-03-17T09:34:22.536+0000] {dag.py:2726} INFO - Sync 1 DAGs
[2024-03-17T09:34:22.561+0000] {logging_mixin.py:149} INFO - [2024-03-17T09:34:22.561+0000] {dag.py:3490} INFO - Setting next_dagrun for j_spark_trigger to 2024-03-17T09:29:17.410480+00:00, run_after=2024-03-18T09:29:17.410480+00:00
[2024-03-17T09:34:22.692+0000] {processor.py:179} INFO - Processing /opt/airflow/dags/j_spark_trigger.py took 0.234 seconds
[2024-03-17T09:34:52.852+0000] {processor.py:157} INFO - Started process (PID=335) to work on /opt/airflow/dags/j_spark_trigger.py
[2024-03-17T09:34:52.853+0000] {processor.py:826} INFO - Processing file /opt/airflow/dags/j_spark_trigger.py for tasks to queue
[2024-03-17T09:34:52.854+0000] {logging_mixin.py:149} INFO - [2024-03-17T09:34:52.854+0000] {dagbag.py:541} INFO - Filling up the DagBag from /opt/airflow/dags/j_spark_trigger.py
[2024-03-17T09:34:52.876+0000] {processor.py:836} INFO - DAG(s) dict_keys(['j_spark_trigger']) retrieved from /opt/airflow/dags/j_spark_trigger.py
[2024-03-17T09:34:52.907+0000] {logging_mixin.py:149} INFO - [2024-03-17T09:34:52.907+0000] {dag.py:2726} INFO - Sync 1 DAGs
[2024-03-17T09:34:52.931+0000] {logging_mixin.py:149} INFO - [2024-03-17T09:34:52.931+0000] {dag.py:3490} INFO - Setting next_dagrun for j_spark_trigger to 2024-03-17T09:29:17.410480+00:00, run_after=2024-03-18T09:29:17.410480+00:00
[2024-03-17T09:34:53.002+0000] {processor.py:179} INFO - Processing /opt/airflow/dags/j_spark_trigger.py took 0.154 seconds
[2024-03-17T09:35:23.147+0000] {processor.py:157} INFO - Started process (PID=354) to work on /opt/airflow/dags/j_spark_trigger.py
[2024-03-17T09:35:23.148+0000] {processor.py:826} INFO - Processing file /opt/airflow/dags/j_spark_trigger.py for tasks to queue
[2024-03-17T09:35:23.149+0000] {logging_mixin.py:149} INFO - [2024-03-17T09:35:23.148+0000] {dagbag.py:541} INFO - Filling up the DagBag from /opt/airflow/dags/j_spark_trigger.py
[2024-03-17T09:35:23.174+0000] {processor.py:836} INFO - DAG(s) dict_keys(['j_spark_trigger']) retrieved from /opt/airflow/dags/j_spark_trigger.py
[2024-03-17T09:35:23.204+0000] {logging_mixin.py:149} INFO - [2024-03-17T09:35:23.204+0000] {dag.py:2726} INFO - Sync 1 DAGs
[2024-03-17T09:35:23.229+0000] {logging_mixin.py:149} INFO - [2024-03-17T09:35:23.229+0000] {dag.py:3490} INFO - Setting next_dagrun for j_spark_trigger to 2024-03-17T09:29:17.410480+00:00, run_after=2024-03-18T09:29:17.410480+00:00
[2024-03-17T09:35:23.287+0000] {processor.py:179} INFO - Processing /opt/airflow/dags/j_spark_trigger.py took 0.142 seconds
[2024-03-17T09:35:53.432+0000] {processor.py:157} INFO - Started process (PID=382) to work on /opt/airflow/dags/j_spark_trigger.py
[2024-03-17T09:35:53.433+0000] {processor.py:826} INFO - Processing file /opt/airflow/dags/j_spark_trigger.py for tasks to queue
[2024-03-17T09:35:53.434+0000] {logging_mixin.py:149} INFO - [2024-03-17T09:35:53.433+0000] {dagbag.py:541} INFO - Filling up the DagBag from /opt/airflow/dags/j_spark_trigger.py
[2024-03-17T09:35:53.461+0000] {processor.py:836} INFO - DAG(s) dict_keys(['j_spark_trigger']) retrieved from /opt/airflow/dags/j_spark_trigger.py
[2024-03-17T09:35:53.497+0000] {logging_mixin.py:149} INFO - [2024-03-17T09:35:53.497+0000] {dag.py:2726} INFO - Sync 1 DAGs
[2024-03-17T09:35:53.520+0000] {logging_mixin.py:149} INFO - [2024-03-17T09:35:53.520+0000] {dag.py:3490} INFO - Setting next_dagrun for j_spark_trigger to 2024-03-17T09:29:17.410480+00:00, run_after=2024-03-18T09:29:17.410480+00:00
[2024-03-17T09:35:53.583+0000] {processor.py:179} INFO - Processing /opt/airflow/dags/j_spark_trigger.py took 0.154 seconds
[2024-03-17T09:36:23.735+0000] {processor.py:157} INFO - Started process (PID=401) to work on /opt/airflow/dags/j_spark_trigger.py
[2024-03-17T09:36:23.735+0000] {processor.py:826} INFO - Processing file /opt/airflow/dags/j_spark_trigger.py for tasks to queue
[2024-03-17T09:36:23.736+0000] {logging_mixin.py:149} INFO - [2024-03-17T09:36:23.736+0000] {dagbag.py:541} INFO - Filling up the DagBag from /opt/airflow/dags/j_spark_trigger.py
[2024-03-17T09:36:23.761+0000] {processor.py:836} INFO - DAG(s) dict_keys(['j_spark_trigger']) retrieved from /opt/airflow/dags/j_spark_trigger.py
[2024-03-17T09:36:23.877+0000] {logging_mixin.py:149} INFO - [2024-03-17T09:36:23.877+0000] {dag.py:2726} INFO - Sync 1 DAGs
[2024-03-17T09:36:23.910+0000] {logging_mixin.py:149} INFO - [2024-03-17T09:36:23.910+0000] {dag.py:3490} INFO - Setting next_dagrun for j_spark_trigger to 2024-03-17T09:29:17.410480+00:00, run_after=2024-03-18T09:29:17.410480+00:00
[2024-03-17T09:36:24.065+0000] {processor.py:179} INFO - Processing /opt/airflow/dags/j_spark_trigger.py took 0.332 seconds
[2024-03-17T09:36:54.240+0000] {processor.py:157} INFO - Started process (PID=429) to work on /opt/airflow/dags/j_spark_trigger.py
[2024-03-17T09:36:54.241+0000] {processor.py:826} INFO - Processing file /opt/airflow/dags/j_spark_trigger.py for tasks to queue
[2024-03-17T09:36:54.242+0000] {logging_mixin.py:149} INFO - [2024-03-17T09:36:54.242+0000] {dagbag.py:541} INFO - Filling up the DagBag from /opt/airflow/dags/j_spark_trigger.py
[2024-03-17T09:36:54.277+0000] {processor.py:836} INFO - DAG(s) dict_keys(['j_spark_trigger']) retrieved from /opt/airflow/dags/j_spark_trigger.py
[2024-03-17T09:36:54.315+0000] {logging_mixin.py:149} INFO - [2024-03-17T09:36:54.315+0000] {dag.py:2726} INFO - Sync 1 DAGs
[2024-03-17T09:36:54.345+0000] {logging_mixin.py:149} INFO - [2024-03-17T09:36:54.345+0000] {dag.py:3490} INFO - Setting next_dagrun for j_spark_trigger to 2024-03-17T09:29:17.410480+00:00, run_after=2024-03-18T09:29:17.410480+00:00
[2024-03-17T09:36:54.462+0000] {processor.py:179} INFO - Processing /opt/airflow/dags/j_spark_trigger.py took 0.226 seconds
[2024-03-17T09:37:24.634+0000] {processor.py:157} INFO - Started process (PID=448) to work on /opt/airflow/dags/j_spark_trigger.py
[2024-03-17T09:37:24.634+0000] {processor.py:826} INFO - Processing file /opt/airflow/dags/j_spark_trigger.py for tasks to queue
[2024-03-17T09:37:24.635+0000] {logging_mixin.py:149} INFO - [2024-03-17T09:37:24.635+0000] {dagbag.py:541} INFO - Filling up the DagBag from /opt/airflow/dags/j_spark_trigger.py
[2024-03-17T09:37:24.674+0000] {processor.py:836} INFO - DAG(s) dict_keys(['j_spark_trigger']) retrieved from /opt/airflow/dags/j_spark_trigger.py
[2024-03-17T09:37:24.713+0000] {logging_mixin.py:149} INFO - [2024-03-17T09:37:24.712+0000] {dag.py:2726} INFO - Sync 1 DAGs
[2024-03-17T09:37:24.740+0000] {logging_mixin.py:149} INFO - [2024-03-17T09:37:24.740+0000] {dag.py:3490} INFO - Setting next_dagrun for j_spark_trigger to 2024-03-17T09:29:17.410480+00:00, run_after=2024-03-18T09:29:17.410480+00:00
[2024-03-17T09:37:24.849+0000] {processor.py:179} INFO - Processing /opt/airflow/dags/j_spark_trigger.py took 0.219 seconds
[2024-03-17T09:37:55.009+0000] {processor.py:157} INFO - Started process (PID=467) to work on /opt/airflow/dags/j_spark_trigger.py
[2024-03-17T09:37:55.009+0000] {processor.py:826} INFO - Processing file /opt/airflow/dags/j_spark_trigger.py for tasks to queue
[2024-03-17T09:37:55.010+0000] {logging_mixin.py:149} INFO - [2024-03-17T09:37:55.010+0000] {dagbag.py:541} INFO - Filling up the DagBag from /opt/airflow/dags/j_spark_trigger.py
[2024-03-17T09:37:55.061+0000] {processor.py:836} INFO - DAG(s) dict_keys(['j_spark_trigger']) retrieved from /opt/airflow/dags/j_spark_trigger.py
[2024-03-17T09:37:55.132+0000] {logging_mixin.py:149} INFO - [2024-03-17T09:37:55.131+0000] {dag.py:2726} INFO - Sync 1 DAGs
[2024-03-17T09:37:55.185+0000] {logging_mixin.py:149} INFO - [2024-03-17T09:37:55.185+0000] {dag.py:3490} INFO - Setting next_dagrun for j_spark_trigger to 2024-03-17T09:29:17.410480+00:00, run_after=2024-03-18T09:29:17.410480+00:00
[2024-03-17T09:37:55.264+0000] {processor.py:179} INFO - Processing /opt/airflow/dags/j_spark_trigger.py took 0.258 seconds
[2024-03-17T09:38:25.471+0000] {processor.py:157} INFO - Started process (PID=495) to work on /opt/airflow/dags/j_spark_trigger.py
[2024-03-17T09:38:25.472+0000] {processor.py:826} INFO - Processing file /opt/airflow/dags/j_spark_trigger.py for tasks to queue
[2024-03-17T09:38:25.473+0000] {logging_mixin.py:149} INFO - [2024-03-17T09:38:25.473+0000] {dagbag.py:541} INFO - Filling up the DagBag from /opt/airflow/dags/j_spark_trigger.py
[2024-03-17T09:38:25.537+0000] {processor.py:836} INFO - DAG(s) dict_keys(['j_spark_trigger']) retrieved from /opt/airflow/dags/j_spark_trigger.py
[2024-03-17T09:38:25.611+0000] {logging_mixin.py:149} INFO - [2024-03-17T09:38:25.611+0000] {dag.py:2726} INFO - Sync 1 DAGs
[2024-03-17T09:38:25.660+0000] {logging_mixin.py:149} INFO - [2024-03-17T09:38:25.660+0000] {dag.py:3490} INFO - Setting next_dagrun for j_spark_trigger to 2024-03-17T09:29:17.410480+00:00, run_after=2024-03-18T09:29:17.410480+00:00
[2024-03-17T09:38:25.760+0000] {processor.py:179} INFO - Processing /opt/airflow/dags/j_spark_trigger.py took 0.292 seconds
[2024-03-17T09:38:55.922+0000] {processor.py:157} INFO - Started process (PID=514) to work on /opt/airflow/dags/j_spark_trigger.py
[2024-03-17T09:38:55.923+0000] {processor.py:826} INFO - Processing file /opt/airflow/dags/j_spark_trigger.py for tasks to queue
[2024-03-17T09:38:55.924+0000] {logging_mixin.py:149} INFO - [2024-03-17T09:38:55.924+0000] {dagbag.py:541} INFO - Filling up the DagBag from /opt/airflow/dags/j_spark_trigger.py
[2024-03-17T09:38:55.964+0000] {processor.py:836} INFO - DAG(s) dict_keys(['j_spark_trigger']) retrieved from /opt/airflow/dags/j_spark_trigger.py
[2024-03-17T09:38:56.016+0000] {logging_mixin.py:149} INFO - [2024-03-17T09:38:56.016+0000] {dag.py:2726} INFO - Sync 1 DAGs
[2024-03-17T09:38:56.054+0000] {logging_mixin.py:149} INFO - [2024-03-17T09:38:56.054+0000] {dag.py:3490} INFO - Setting next_dagrun for j_spark_trigger to 2024-03-17T09:29:17.410480+00:00, run_after=2024-03-18T09:29:17.410480+00:00
[2024-03-17T09:38:56.192+0000] {processor.py:179} INFO - Processing /opt/airflow/dags/j_spark_trigger.py took 0.276 seconds
[2024-03-17T09:39:26.395+0000] {processor.py:157} INFO - Started process (PID=542) to work on /opt/airflow/dags/j_spark_trigger.py
[2024-03-17T09:39:26.397+0000] {processor.py:826} INFO - Processing file /opt/airflow/dags/j_spark_trigger.py for tasks to queue
[2024-03-17T09:39:26.398+0000] {logging_mixin.py:149} INFO - [2024-03-17T09:39:26.398+0000] {dagbag.py:541} INFO - Filling up the DagBag from /opt/airflow/dags/j_spark_trigger.py
[2024-03-17T09:39:26.452+0000] {processor.py:836} INFO - DAG(s) dict_keys(['j_spark_trigger']) retrieved from /opt/airflow/dags/j_spark_trigger.py
[2024-03-17T09:39:26.498+0000] {logging_mixin.py:149} INFO - [2024-03-17T09:39:26.498+0000] {dag.py:2726} INFO - Sync 1 DAGs
[2024-03-17T09:39:26.529+0000] {logging_mixin.py:149} INFO - [2024-03-17T09:39:26.529+0000] {dag.py:3490} INFO - Setting next_dagrun for j_spark_trigger to 2024-03-17T09:29:17.410480+00:00, run_after=2024-03-18T09:29:17.410480+00:00
[2024-03-17T09:39:26.639+0000] {processor.py:179} INFO - Processing /opt/airflow/dags/j_spark_trigger.py took 0.275 seconds
[2024-03-17T09:39:57.568+0000] {processor.py:157} INFO - Started process (PID=561) to work on /opt/airflow/dags/j_spark_trigger.py
[2024-03-17T09:39:57.580+0000] {processor.py:826} INFO - Processing file /opt/airflow/dags/j_spark_trigger.py for tasks to queue
[2024-03-17T09:39:57.583+0000] {logging_mixin.py:149} INFO - [2024-03-17T09:39:57.583+0000] {dagbag.py:541} INFO - Filling up the DagBag from /opt/airflow/dags/j_spark_trigger.py
[2024-03-17T09:39:58.006+0000] {processor.py:836} INFO - DAG(s) dict_keys(['j_spark_trigger']) retrieved from /opt/airflow/dags/j_spark_trigger.py
[2024-03-17T09:39:58.177+0000] {logging_mixin.py:149} INFO - [2024-03-17T09:39:58.177+0000] {dag.py:2726} INFO - Sync 1 DAGs
[2024-03-17T09:39:58.226+0000] {logging_mixin.py:149} INFO - [2024-03-17T09:39:58.226+0000] {dag.py:3490} INFO - Setting next_dagrun for j_spark_trigger to 2024-03-17T09:29:17.410480+00:00, run_after=2024-03-18T09:29:17.410480+00:00
[2024-03-17T09:39:58.871+0000] {processor.py:179} INFO - Processing /opt/airflow/dags/j_spark_trigger.py took 1.335 seconds
[2024-03-17T09:40:29.161+0000] {processor.py:157} INFO - Started process (PID=580) to work on /opt/airflow/dags/j_spark_trigger.py
[2024-03-17T09:40:29.163+0000] {processor.py:826} INFO - Processing file /opt/airflow/dags/j_spark_trigger.py for tasks to queue
[2024-03-17T09:40:29.164+0000] {logging_mixin.py:149} INFO - [2024-03-17T09:40:29.164+0000] {dagbag.py:541} INFO - Filling up the DagBag from /opt/airflow/dags/j_spark_trigger.py
[2024-03-17T09:40:29.206+0000] {processor.py:836} INFO - DAG(s) dict_keys(['j_spark_trigger']) retrieved from /opt/airflow/dags/j_spark_trigger.py
[2024-03-17T09:40:29.256+0000] {logging_mixin.py:149} INFO - [2024-03-17T09:40:29.256+0000] {dag.py:2726} INFO - Sync 1 DAGs
[2024-03-17T09:40:29.288+0000] {logging_mixin.py:149} INFO - [2024-03-17T09:40:29.288+0000] {dag.py:3490} INFO - Setting next_dagrun for j_spark_trigger to 2024-03-17T09:29:17.410480+00:00, run_after=2024-03-18T09:29:17.410480+00:00
[2024-03-17T09:40:29.404+0000] {processor.py:179} INFO - Processing /opt/airflow/dags/j_spark_trigger.py took 0.249 seconds
[2024-03-17T09:40:59.588+0000] {processor.py:157} INFO - Started process (PID=599) to work on /opt/airflow/dags/j_spark_trigger.py
[2024-03-17T09:40:59.589+0000] {processor.py:826} INFO - Processing file /opt/airflow/dags/j_spark_trigger.py for tasks to queue
[2024-03-17T09:40:59.590+0000] {logging_mixin.py:149} INFO - [2024-03-17T09:40:59.590+0000] {dagbag.py:541} INFO - Filling up the DagBag from /opt/airflow/dags/j_spark_trigger.py
[2024-03-17T09:40:59.623+0000] {processor.py:836} INFO - DAG(s) dict_keys(['j_spark_trigger']) retrieved from /opt/airflow/dags/j_spark_trigger.py
[2024-03-17T09:40:59.661+0000] {logging_mixin.py:149} INFO - [2024-03-17T09:40:59.661+0000] {dag.py:2726} INFO - Sync 1 DAGs
[2024-03-17T09:40:59.691+0000] {logging_mixin.py:149} INFO - [2024-03-17T09:40:59.691+0000] {dag.py:3490} INFO - Setting next_dagrun for j_spark_trigger to 2024-03-17T09:29:17.410480+00:00, run_after=2024-03-18T09:29:17.410480+00:00
[2024-03-17T09:40:59.821+0000] {processor.py:179} INFO - Processing /opt/airflow/dags/j_spark_trigger.py took 0.239 seconds
[2024-03-17T09:41:30.065+0000] {processor.py:157} INFO - Started process (PID=627) to work on /opt/airflow/dags/j_spark_trigger.py
[2024-03-17T09:41:30.177+0000] {processor.py:826} INFO - Processing file /opt/airflow/dags/j_spark_trigger.py for tasks to queue
[2024-03-17T09:41:30.179+0000] {logging_mixin.py:149} INFO - [2024-03-17T09:41:30.178+0000] {dagbag.py:541} INFO - Filling up the DagBag from /opt/airflow/dags/j_spark_trigger.py
[2024-03-17T09:41:30.305+0000] {processor.py:836} INFO - DAG(s) dict_keys(['j_spark_trigger']) retrieved from /opt/airflow/dags/j_spark_trigger.py
[2024-03-17T09:41:30.372+0000] {logging_mixin.py:149} INFO - [2024-03-17T09:41:30.372+0000] {dag.py:2726} INFO - Sync 1 DAGs
[2024-03-17T09:41:30.434+0000] {logging_mixin.py:149} INFO - [2024-03-17T09:41:30.434+0000] {dag.py:3490} INFO - Setting next_dagrun for j_spark_trigger to 2024-03-17T09:29:17.410480+00:00, run_after=2024-03-18T09:29:17.410480+00:00
[2024-03-17T09:41:30.554+0000] {processor.py:179} INFO - Processing /opt/airflow/dags/j_spark_trigger.py took 0.498 seconds
[2024-03-17T09:42:00.879+0000] {processor.py:157} INFO - Started process (PID=646) to work on /opt/airflow/dags/j_spark_trigger.py
[2024-03-17T09:42:00.958+0000] {processor.py:826} INFO - Processing file /opt/airflow/dags/j_spark_trigger.py for tasks to queue
[2024-03-17T09:42:00.962+0000] {logging_mixin.py:149} INFO - [2024-03-17T09:42:00.962+0000] {dagbag.py:541} INFO - Filling up the DagBag from /opt/airflow/dags/j_spark_trigger.py
[2024-03-17T09:42:01.279+0000] {processor.py:836} INFO - DAG(s) dict_keys(['j_spark_trigger']) retrieved from /opt/airflow/dags/j_spark_trigger.py
[2024-03-17T09:42:01.345+0000] {logging_mixin.py:149} INFO - [2024-03-17T09:42:01.345+0000] {dag.py:2726} INFO - Sync 1 DAGs
[2024-03-17T09:42:01.408+0000] {logging_mixin.py:149} INFO - [2024-03-17T09:42:01.408+0000] {dag.py:3490} INFO - Setting next_dagrun for j_spark_trigger to 2024-03-17T09:29:17.410480+00:00, run_after=2024-03-18T09:29:17.410480+00:00
[2024-03-17T09:42:01.512+0000] {processor.py:179} INFO - Processing /opt/airflow/dags/j_spark_trigger.py took 0.661 seconds
[2024-03-17T09:42:31.744+0000] {processor.py:157} INFO - Started process (PID=665) to work on /opt/airflow/dags/j_spark_trigger.py
[2024-03-17T09:42:31.785+0000] {processor.py:826} INFO - Processing file /opt/airflow/dags/j_spark_trigger.py for tasks to queue
[2024-03-17T09:42:31.801+0000] {logging_mixin.py:149} INFO - [2024-03-17T09:42:31.800+0000] {dagbag.py:541} INFO - Filling up the DagBag from /opt/airflow/dags/j_spark_trigger.py
[2024-03-17T09:42:32.624+0000] {processor.py:836} INFO - DAG(s) dict_keys(['j_spark_trigger']) retrieved from /opt/airflow/dags/j_spark_trigger.py
[2024-03-17T09:42:33.110+0000] {logging_mixin.py:149} INFO - [2024-03-17T09:42:33.110+0000] {dag.py:2726} INFO - Sync 1 DAGs
[2024-03-17T09:42:33.220+0000] {logging_mixin.py:149} INFO - [2024-03-17T09:42:33.219+0000] {dag.py:3490} INFO - Setting next_dagrun for j_spark_trigger to 2024-03-17T09:29:17.410480+00:00, run_after=2024-03-18T09:29:17.410480+00:00
[2024-03-17T09:42:34.062+0000] {processor.py:179} INFO - Processing /opt/airflow/dags/j_spark_trigger.py took 2.324 seconds
[2024-03-17T09:43:05.321+0000] {processor.py:157} INFO - Started process (PID=684) to work on /opt/airflow/dags/j_spark_trigger.py
[2024-03-17T09:43:05.408+0000] {processor.py:826} INFO - Processing file /opt/airflow/dags/j_spark_trigger.py for tasks to queue
[2024-03-17T09:43:05.456+0000] {logging_mixin.py:149} INFO - [2024-03-17T09:43:05.453+0000] {dagbag.py:541} INFO - Filling up the DagBag from /opt/airflow/dags/j_spark_trigger.py
[2024-03-17T09:43:06.316+0000] {processor.py:836} INFO - DAG(s) dict_keys(['j_spark_trigger']) retrieved from /opt/airflow/dags/j_spark_trigger.py
[2024-03-17T09:43:06.977+0000] {logging_mixin.py:149} INFO - [2024-03-17T09:43:06.977+0000] {dag.py:2726} INFO - Sync 1 DAGs
[2024-03-17T09:43:07.274+0000] {logging_mixin.py:149} INFO - [2024-03-17T09:43:07.273+0000] {dag.py:3490} INFO - Setting next_dagrun for j_spark_trigger to 2024-03-17T09:29:17.410480+00:00, run_after=2024-03-18T09:29:17.410480+00:00
[2024-03-17T09:43:07.479+0000] {processor.py:179} INFO - Processing /opt/airflow/dags/j_spark_trigger.py took 2.327 seconds
[2024-03-17T09:43:38.290+0000] {processor.py:157} INFO - Started process (PID=703) to work on /opt/airflow/dags/j_spark_trigger.py
[2024-03-17T09:43:38.380+0000] {processor.py:826} INFO - Processing file /opt/airflow/dags/j_spark_trigger.py for tasks to queue
[2024-03-17T09:43:38.387+0000] {logging_mixin.py:149} INFO - [2024-03-17T09:43:38.386+0000] {dagbag.py:541} INFO - Filling up the DagBag from /opt/airflow/dags/j_spark_trigger.py
[2024-03-17T09:43:38.690+0000] {processor.py:836} INFO - DAG(s) dict_keys(['j_spark_trigger']) retrieved from /opt/airflow/dags/j_spark_trigger.py
[2024-03-17T09:43:38.978+0000] {logging_mixin.py:149} INFO - [2024-03-17T09:43:38.977+0000] {dag.py:2726} INFO - Sync 1 DAGs
[2024-03-17T09:43:39.104+0000] {logging_mixin.py:149} INFO - [2024-03-17T09:43:39.103+0000] {dag.py:3490} INFO - Setting next_dagrun for j_spark_trigger to 2024-03-17T09:29:17.410480+00:00, run_after=2024-03-18T09:29:17.410480+00:00
[2024-03-17T09:43:39.211+0000] {processor.py:179} INFO - Processing /opt/airflow/dags/j_spark_trigger.py took 0.969 seconds
[2024-03-17T09:44:09.455+0000] {processor.py:157} INFO - Started process (PID=722) to work on /opt/airflow/dags/j_spark_trigger.py
[2024-03-17T09:44:09.553+0000] {processor.py:826} INFO - Processing file /opt/airflow/dags/j_spark_trigger.py for tasks to queue
[2024-03-17T09:44:09.554+0000] {logging_mixin.py:149} INFO - [2024-03-17T09:44:09.554+0000] {dagbag.py:541} INFO - Filling up the DagBag from /opt/airflow/dags/j_spark_trigger.py
[2024-03-17T09:44:09.728+0000] {processor.py:836} INFO - DAG(s) dict_keys(['j_spark_trigger']) retrieved from /opt/airflow/dags/j_spark_trigger.py
[2024-03-17T09:44:09.760+0000] {logging_mixin.py:149} INFO - [2024-03-17T09:44:09.759+0000] {dag.py:2726} INFO - Sync 1 DAGs
[2024-03-17T09:44:09.791+0000] {logging_mixin.py:149} INFO - [2024-03-17T09:44:09.791+0000] {dag.py:3490} INFO - Setting next_dagrun for j_spark_trigger to 2024-03-17T09:29:17.410480+00:00, run_after=2024-03-18T09:29:17.410480+00:00
[2024-03-17T09:44:09.975+0000] {processor.py:179} INFO - Processing /opt/airflow/dags/j_spark_trigger.py took 0.522 seconds
[2024-03-17T09:44:43.816+0000] {processor.py:157} INFO - Started process (PID=739) to work on /opt/airflow/dags/j_spark_trigger.py
[2024-03-17T09:44:44.158+0000] {processor.py:826} INFO - Processing file /opt/airflow/dags/j_spark_trigger.py for tasks to queue
[2024-03-17T09:44:44.233+0000] {logging_mixin.py:149} INFO - [2024-03-17T09:44:44.231+0000] {dagbag.py:541} INFO - Filling up the DagBag from /opt/airflow/dags/j_spark_trigger.py
[2024-03-17T09:44:46.859+0000] {processor.py:836} INFO - DAG(s) dict_keys(['j_spark_trigger']) retrieved from /opt/airflow/dags/j_spark_trigger.py
[2024-03-17T09:44:48.039+0000] {logging_mixin.py:149} INFO - [2024-03-17T09:44:48.037+0000] {dag.py:2726} INFO - Sync 1 DAGs
[2024-03-17T09:44:48.574+0000] {logging_mixin.py:149} INFO - [2024-03-17T09:44:48.574+0000] {dag.py:3490} INFO - Setting next_dagrun for j_spark_trigger to 2024-03-17T09:29:17.410480+00:00, run_after=2024-03-18T09:29:17.410480+00:00
[2024-03-17T09:44:48.920+0000] {processor.py:179} INFO - Processing /opt/airflow/dags/j_spark_trigger.py took 5.850 seconds
[2024-03-17T09:45:19.510+0000] {processor.py:157} INFO - Started process (PID=760) to work on /opt/airflow/dags/j_spark_trigger.py
[2024-03-17T09:45:19.690+0000] {processor.py:826} INFO - Processing file /opt/airflow/dags/j_spark_trigger.py for tasks to queue
[2024-03-17T09:45:19.697+0000] {logging_mixin.py:149} INFO - [2024-03-17T09:45:19.696+0000] {dagbag.py:541} INFO - Filling up the DagBag from /opt/airflow/dags/j_spark_trigger.py
[2024-03-17T09:45:20.072+0000] {processor.py:836} INFO - DAG(s) dict_keys(['j_spark_trigger']) retrieved from /opt/airflow/dags/j_spark_trigger.py
[2024-03-17T09:45:20.323+0000] {logging_mixin.py:149} INFO - [2024-03-17T09:45:20.323+0000] {dag.py:2726} INFO - Sync 1 DAGs
[2024-03-17T09:45:20.487+0000] {logging_mixin.py:149} INFO - [2024-03-17T09:45:20.487+0000] {dag.py:3490} INFO - Setting next_dagrun for j_spark_trigger to 2024-03-17T09:29:17.410480+00:00, run_after=2024-03-18T09:29:17.410480+00:00
[2024-03-17T09:45:20.686+0000] {processor.py:179} INFO - Processing /opt/airflow/dags/j_spark_trigger.py took 1.249 seconds
[2024-03-17T09:45:55.564+0000] {processor.py:157} INFO - Started process (PID=779) to work on /opt/airflow/dags/j_spark_trigger.py
[2024-03-17T09:45:55.870+0000] {processor.py:826} INFO - Processing file /opt/airflow/dags/j_spark_trigger.py for tasks to queue
[2024-03-17T09:45:56.070+0000] {logging_mixin.py:149} INFO - [2024-03-17T09:45:56.052+0000] {dagbag.py:541} INFO - Filling up the DagBag from /opt/airflow/dags/j_spark_trigger.py
[2024-03-17T09:45:57.277+0000] {processor.py:836} INFO - DAG(s) dict_keys(['j_spark_trigger']) retrieved from /opt/airflow/dags/j_spark_trigger.py
[2024-03-17T09:45:58.129+0000] {logging_mixin.py:149} INFO - [2024-03-17T09:45:58.129+0000] {dag.py:2726} INFO - Sync 1 DAGs
[2024-03-17T09:45:58.365+0000] {logging_mixin.py:149} INFO - [2024-03-17T09:45:58.365+0000] {dag.py:3490} INFO - Setting next_dagrun for j_spark_trigger to 2024-03-17T09:29:17.410480+00:00, run_after=2024-03-18T09:29:17.410480+00:00
[2024-03-17T09:45:58.521+0000] {processor.py:179} INFO - Processing /opt/airflow/dags/j_spark_trigger.py took 4.879 seconds
[2024-03-17T09:46:29.146+0000] {processor.py:157} INFO - Started process (PID=789) to work on /opt/airflow/dags/j_spark_trigger.py
[2024-03-17T09:46:29.180+0000] {processor.py:826} INFO - Processing file /opt/airflow/dags/j_spark_trigger.py for tasks to queue
[2024-03-17T09:46:29.182+0000] {logging_mixin.py:149} INFO - [2024-03-17T09:46:29.182+0000] {dagbag.py:541} INFO - Filling up the DagBag from /opt/airflow/dags/j_spark_trigger.py
[2024-03-17T09:46:29.314+0000] {processor.py:836} INFO - DAG(s) dict_keys(['j_spark_trigger']) retrieved from /opt/airflow/dags/j_spark_trigger.py
[2024-03-17T09:46:29.392+0000] {logging_mixin.py:149} INFO - [2024-03-17T09:46:29.391+0000] {dag.py:2726} INFO - Sync 1 DAGs
[2024-03-17T09:46:29.782+0000] {logging_mixin.py:149} INFO - [2024-03-17T09:46:29.781+0000] {dag.py:3490} INFO - Setting next_dagrun for j_spark_trigger to 2024-03-17T09:29:17.410480+00:00, run_after=2024-03-18T09:29:17.410480+00:00
[2024-03-17T09:46:29.906+0000] {processor.py:179} INFO - Processing /opt/airflow/dags/j_spark_trigger.py took 0.770 seconds
[2024-03-17T09:47:00.397+0000] {processor.py:157} INFO - Started process (PID=810) to work on /opt/airflow/dags/j_spark_trigger.py
[2024-03-17T09:47:00.409+0000] {processor.py:826} INFO - Processing file /opt/airflow/dags/j_spark_trigger.py for tasks to queue
[2024-03-17T09:47:00.410+0000] {logging_mixin.py:149} INFO - [2024-03-17T09:47:00.410+0000] {dagbag.py:541} INFO - Filling up the DagBag from /opt/airflow/dags/j_spark_trigger.py
[2024-03-17T09:47:00.513+0000] {processor.py:836} INFO - DAG(s) dict_keys(['j_spark_trigger']) retrieved from /opt/airflow/dags/j_spark_trigger.py
[2024-03-17T09:47:00.575+0000] {logging_mixin.py:149} INFO - [2024-03-17T09:47:00.575+0000] {dag.py:2726} INFO - Sync 1 DAGs
[2024-03-17T09:47:00.657+0000] {logging_mixin.py:149} INFO - [2024-03-17T09:47:00.656+0000] {dag.py:3490} INFO - Setting next_dagrun for j_spark_trigger to 2024-03-17T09:29:17.410480+00:00, run_after=2024-03-18T09:29:17.410480+00:00
[2024-03-17T09:47:00.726+0000] {processor.py:179} INFO - Processing /opt/airflow/dags/j_spark_trigger.py took 0.332 seconds
[2024-03-17T09:47:31.974+0000] {processor.py:157} INFO - Started process (PID=829) to work on /opt/airflow/dags/j_spark_trigger.py
[2024-03-17T09:47:32.013+0000] {processor.py:826} INFO - Processing file /opt/airflow/dags/j_spark_trigger.py for tasks to queue
[2024-03-17T09:47:32.062+0000] {logging_mixin.py:149} INFO - [2024-03-17T09:47:32.061+0000] {dagbag.py:541} INFO - Filling up the DagBag from /opt/airflow/dags/j_spark_trigger.py
[2024-03-17T09:47:34.080+0000] {processor.py:836} INFO - DAG(s) dict_keys(['j_spark_trigger']) retrieved from /opt/airflow/dags/j_spark_trigger.py
[2024-03-17T09:47:34.132+0000] {logging_mixin.py:149} INFO - [2024-03-17T09:47:34.131+0000] {dag.py:2726} INFO - Sync 1 DAGs
[2024-03-17T09:47:34.174+0000] {logging_mixin.py:149} INFO - [2024-03-17T09:47:34.174+0000] {dag.py:3490} INFO - Setting next_dagrun for j_spark_trigger to 2024-03-17T09:29:17.410480+00:00, run_after=2024-03-18T09:29:17.410480+00:00
[2024-03-17T09:47:34.278+0000] {processor.py:179} INFO - Processing /opt/airflow/dags/j_spark_trigger.py took 2.623 seconds
[2024-03-17T09:48:23.800+0000] {processor.py:157} INFO - Started process (PID=839) to work on /opt/airflow/dags/j_spark_trigger.py
[2024-03-17T09:48:24.262+0000] {processor.py:826} INFO - Processing file /opt/airflow/dags/j_spark_trigger.py for tasks to queue
[2024-03-17T09:48:24.488+0000] {logging_mixin.py:149} INFO - [2024-03-17T09:48:24.472+0000] {dagbag.py:541} INFO - Filling up the DagBag from /opt/airflow/dags/j_spark_trigger.py
[2024-03-17T09:48:32.461+0000] {processor.py:836} INFO - DAG(s) dict_keys(['j_spark_trigger']) retrieved from /opt/airflow/dags/j_spark_trigger.py
[2024-03-17T09:48:35.026+0000] {logging_mixin.py:149} INFO - [2024-03-17T09:48:35.019+0000] {dag.py:2726} INFO - Sync 1 DAGs
[2024-03-17T09:48:36.038+0000] {logging_mixin.py:149} INFO - [2024-03-17T09:48:36.034+0000] {dag.py:3490} INFO - Setting next_dagrun for j_spark_trigger to 2024-03-17T09:29:17.410480+00:00, run_after=2024-03-18T09:29:17.410480+00:00
[2024-03-17T09:48:36.400+0000] {processor.py:179} INFO - Processing /opt/airflow/dags/j_spark_trigger.py took 21.619 seconds
[2024-03-17T09:49:06.742+0000] {processor.py:157} INFO - Started process (PID=868) to work on /opt/airflow/dags/j_spark_trigger.py
[2024-03-17T09:49:06.760+0000] {processor.py:826} INFO - Processing file /opt/airflow/dags/j_spark_trigger.py for tasks to queue
[2024-03-17T09:49:06.761+0000] {logging_mixin.py:149} INFO - [2024-03-17T09:49:06.761+0000] {dagbag.py:541} INFO - Filling up the DagBag from /opt/airflow/dags/j_spark_trigger.py
[2024-03-17T09:49:06.859+0000] {processor.py:836} INFO - DAG(s) dict_keys(['j_spark_trigger']) retrieved from /opt/airflow/dags/j_spark_trigger.py
[2024-03-17T09:49:06.916+0000] {logging_mixin.py:149} INFO - [2024-03-17T09:49:06.916+0000] {dag.py:2726} INFO - Sync 1 DAGs
[2024-03-17T09:49:06.960+0000] {logging_mixin.py:149} INFO - [2024-03-17T09:49:06.960+0000] {dag.py:3490} INFO - Setting next_dagrun for j_spark_trigger to 2024-03-17T09:29:17.410480+00:00, run_after=2024-03-18T09:29:17.410480+00:00
[2024-03-17T09:49:08.398+0000] {processor.py:179} INFO - Processing /opt/airflow/dags/j_spark_trigger.py took 1.664 seconds
[2024-03-17T09:49:38.872+0000] {processor.py:157} INFO - Started process (PID=887) to work on /opt/airflow/dags/j_spark_trigger.py
[2024-03-17T09:49:38.873+0000] {processor.py:826} INFO - Processing file /opt/airflow/dags/j_spark_trigger.py for tasks to queue
[2024-03-17T09:49:38.874+0000] {logging_mixin.py:149} INFO - [2024-03-17T09:49:38.874+0000] {dagbag.py:541} INFO - Filling up the DagBag from /opt/airflow/dags/j_spark_trigger.py
[2024-03-17T09:49:39.045+0000] {processor.py:836} INFO - DAG(s) dict_keys(['j_spark_trigger']) retrieved from /opt/airflow/dags/j_spark_trigger.py
[2024-03-17T09:49:39.237+0000] {logging_mixin.py:149} INFO - [2024-03-17T09:49:39.236+0000] {dag.py:2726} INFO - Sync 1 DAGs
[2024-03-17T09:49:39.553+0000] {logging_mixin.py:149} INFO - [2024-03-17T09:49:39.553+0000] {dag.py:3490} INFO - Setting next_dagrun for j_spark_trigger to 2024-03-17T09:29:17.410480+00:00, run_after=2024-03-18T09:29:17.410480+00:00
[2024-03-17T09:49:39.987+0000] {processor.py:179} INFO - Processing /opt/airflow/dags/j_spark_trigger.py took 1.158 seconds
[2024-03-17T09:50:10.143+0000] {processor.py:157} INFO - Started process (PID=906) to work on /opt/airflow/dags/j_spark_trigger.py
[2024-03-17T09:50:10.143+0000] {processor.py:826} INFO - Processing file /opt/airflow/dags/j_spark_trigger.py for tasks to queue
[2024-03-17T09:50:10.144+0000] {logging_mixin.py:149} INFO - [2024-03-17T09:50:10.144+0000] {dagbag.py:541} INFO - Filling up the DagBag from /opt/airflow/dags/j_spark_trigger.py
[2024-03-17T09:50:10.168+0000] {processor.py:836} INFO - DAG(s) dict_keys(['j_spark_trigger']) retrieved from /opt/airflow/dags/j_spark_trigger.py
[2024-03-17T09:50:10.200+0000] {logging_mixin.py:149} INFO - [2024-03-17T09:50:10.199+0000] {dag.py:2726} INFO - Sync 1 DAGs
[2024-03-17T09:50:10.308+0000] {logging_mixin.py:149} INFO - [2024-03-17T09:50:10.308+0000] {dag.py:3490} INFO - Setting next_dagrun for j_spark_trigger to 2024-03-17T09:29:17.410480+00:00, run_after=2024-03-18T09:29:17.410480+00:00
[2024-03-17T09:50:10.887+0000] {processor.py:179} INFO - Processing /opt/airflow/dags/j_spark_trigger.py took 0.747 seconds
[2024-03-17T09:50:41.061+0000] {processor.py:157} INFO - Started process (PID=925) to work on /opt/airflow/dags/j_spark_trigger.py
[2024-03-17T09:50:41.062+0000] {processor.py:826} INFO - Processing file /opt/airflow/dags/j_spark_trigger.py for tasks to queue
[2024-03-17T09:50:41.062+0000] {logging_mixin.py:149} INFO - [2024-03-17T09:50:41.062+0000] {dagbag.py:541} INFO - Filling up the DagBag from /opt/airflow/dags/j_spark_trigger.py
[2024-03-17T09:50:41.086+0000] {processor.py:836} INFO - DAG(s) dict_keys(['j_spark_trigger']) retrieved from /opt/airflow/dags/j_spark_trigger.py
[2024-03-17T09:50:41.115+0000] {logging_mixin.py:149} INFO - [2024-03-17T09:50:41.115+0000] {dag.py:2726} INFO - Sync 1 DAGs
[2024-03-17T09:50:41.136+0000] {logging_mixin.py:149} INFO - [2024-03-17T09:50:41.136+0000] {dag.py:3490} INFO - Setting next_dagrun for j_spark_trigger to 2024-03-17T09:29:17.410480+00:00, run_after=2024-03-18T09:29:17.410480+00:00
[2024-03-17T09:50:42.376+0000] {processor.py:179} INFO - Processing /opt/airflow/dags/j_spark_trigger.py took 1.319 seconds
[2024-03-17T09:51:12.428+0000] {processor.py:157} INFO - Started process (PID=953) to work on /opt/airflow/dags/j_spark_trigger.py
[2024-03-17T09:51:12.430+0000] {processor.py:826} INFO - Processing file /opt/airflow/dags/j_spark_trigger.py for tasks to queue
[2024-03-17T09:51:12.431+0000] {logging_mixin.py:149} INFO - [2024-03-17T09:51:12.431+0000] {dagbag.py:541} INFO - Filling up the DagBag from /opt/airflow/dags/j_spark_trigger.py
[2024-03-17T09:51:12.468+0000] {processor.py:836} INFO - DAG(s) dict_keys(['j_spark_trigger']) retrieved from /opt/airflow/dags/j_spark_trigger.py
[2024-03-17T09:51:12.507+0000] {logging_mixin.py:149} INFO - [2024-03-17T09:51:12.507+0000] {dag.py:2726} INFO - Sync 1 DAGs
[2024-03-17T09:51:12.531+0000] {logging_mixin.py:149} INFO - [2024-03-17T09:51:12.531+0000] {dag.py:3490} INFO - Setting next_dagrun for j_spark_trigger to 2024-03-17T09:29:17.410480+00:00, run_after=2024-03-18T09:29:17.410480+00:00
[2024-03-17T09:51:12.607+0000] {processor.py:179} INFO - Processing /opt/airflow/dags/j_spark_trigger.py took 0.184 seconds
[2024-03-17T09:51:42.675+0000] {processor.py:157} INFO - Started process (PID=972) to work on /opt/airflow/dags/j_spark_trigger.py
[2024-03-17T09:51:42.676+0000] {processor.py:826} INFO - Processing file /opt/airflow/dags/j_spark_trigger.py for tasks to queue
[2024-03-17T09:51:42.676+0000] {logging_mixin.py:149} INFO - [2024-03-17T09:51:42.676+0000] {dagbag.py:541} INFO - Filling up the DagBag from /opt/airflow/dags/j_spark_trigger.py
[2024-03-17T09:51:42.702+0000] {processor.py:836} INFO - DAG(s) dict_keys(['j_spark_trigger']) retrieved from /opt/airflow/dags/j_spark_trigger.py
[2024-03-17T09:51:42.734+0000] {logging_mixin.py:149} INFO - [2024-03-17T09:51:42.734+0000] {dag.py:2726} INFO - Sync 1 DAGs
[2024-03-17T09:51:42.760+0000] {logging_mixin.py:149} INFO - [2024-03-17T09:51:42.760+0000] {dag.py:3490} INFO - Setting next_dagrun for j_spark_trigger to 2024-03-17T09:29:17.410480+00:00, run_after=2024-03-18T09:29:17.410480+00:00
[2024-03-17T09:51:51.987+0000] {processor.py:179} INFO - Processing /opt/airflow/dags/j_spark_trigger.py took 9.317 seconds
[2024-03-17T09:52:22.264+0000] {processor.py:157} INFO - Started process (PID=1000) to work on /opt/airflow/dags/j_spark_trigger.py
[2024-03-17T09:52:22.475+0000] {processor.py:826} INFO - Processing file /opt/airflow/dags/j_spark_trigger.py for tasks to queue
[2024-03-17T09:52:22.483+0000] {logging_mixin.py:149} INFO - [2024-03-17T09:52:22.482+0000] {dagbag.py:541} INFO - Filling up the DagBag from /opt/airflow/dags/j_spark_trigger.py
[2024-03-17T09:52:23.118+0000] {processor.py:836} INFO - DAG(s) dict_keys(['j_spark_trigger']) retrieved from /opt/airflow/dags/j_spark_trigger.py
[2024-03-17T09:52:23.770+0000] {logging_mixin.py:149} INFO - [2024-03-17T09:52:23.765+0000] {dag.py:2726} INFO - Sync 1 DAGs
[2024-03-17T09:52:23.971+0000] {logging_mixin.py:149} INFO - [2024-03-17T09:52:23.971+0000] {dag.py:3490} INFO - Setting next_dagrun for j_spark_trigger to 2024-03-17T09:29:17.410480+00:00, run_after=2024-03-18T09:29:17.410480+00:00
[2024-03-17T09:52:24.192+0000] {processor.py:179} INFO - Processing /opt/airflow/dags/j_spark_trigger.py took 1.959 seconds
[2024-03-17T09:52:54.633+0000] {processor.py:157} INFO - Started process (PID=1019) to work on /opt/airflow/dags/j_spark_trigger.py
[2024-03-17T09:52:54.654+0000] {processor.py:826} INFO - Processing file /opt/airflow/dags/j_spark_trigger.py for tasks to queue
[2024-03-17T09:52:54.658+0000] {logging_mixin.py:149} INFO - [2024-03-17T09:52:54.657+0000] {dagbag.py:541} INFO - Filling up the DagBag from /opt/airflow/dags/j_spark_trigger.py
[2024-03-17T09:52:54.845+0000] {processor.py:836} INFO - DAG(s) dict_keys(['j_spark_trigger']) retrieved from /opt/airflow/dags/j_spark_trigger.py
[2024-03-17T09:52:55.088+0000] {logging_mixin.py:149} INFO - [2024-03-17T09:52:55.088+0000] {dag.py:2726} INFO - Sync 1 DAGs
[2024-03-17T09:52:55.208+0000] {logging_mixin.py:149} INFO - [2024-03-17T09:52:55.207+0000] {dag.py:3490} INFO - Setting next_dagrun for j_spark_trigger to 2024-03-17T09:29:17.410480+00:00, run_after=2024-03-18T09:29:17.410480+00:00
[2024-03-17T09:52:55.415+0000] {processor.py:179} INFO - Processing /opt/airflow/dags/j_spark_trigger.py took 0.804 seconds
[2024-03-17T09:53:26.277+0000] {processor.py:157} INFO - Started process (PID=1038) to work on /opt/airflow/dags/j_spark_trigger.py
[2024-03-17T09:53:26.360+0000] {processor.py:826} INFO - Processing file /opt/airflow/dags/j_spark_trigger.py for tasks to queue
[2024-03-17T09:53:26.367+0000] {logging_mixin.py:149} INFO - [2024-03-17T09:53:26.367+0000] {dagbag.py:541} INFO - Filling up the DagBag from /opt/airflow/dags/j_spark_trigger.py
[2024-03-17T09:53:26.499+0000] {processor.py:836} INFO - DAG(s) dict_keys(['j_spark_trigger']) retrieved from /opt/airflow/dags/j_spark_trigger.py
[2024-03-17T09:53:26.592+0000] {logging_mixin.py:149} INFO - [2024-03-17T09:53:26.592+0000] {dag.py:2726} INFO - Sync 1 DAGs
[2024-03-17T09:53:26.658+0000] {logging_mixin.py:149} INFO - [2024-03-17T09:53:26.658+0000] {dag.py:3490} INFO - Setting next_dagrun for j_spark_trigger to 2024-03-17T09:29:17.410480+00:00, run_after=2024-03-18T09:29:17.410480+00:00
[2024-03-17T09:53:26.769+0000] {processor.py:179} INFO - Processing /opt/airflow/dags/j_spark_trigger.py took 0.514 seconds
[2024-03-17T09:54:00.656+0000] {processor.py:157} INFO - Started process (PID=1057) to work on /opt/airflow/dags/j_spark_trigger.py
[2024-03-17T09:54:00.722+0000] {processor.py:826} INFO - Processing file /opt/airflow/dags/j_spark_trigger.py for tasks to queue
[2024-03-17T09:54:00.888+0000] {logging_mixin.py:149} INFO - [2024-03-17T09:54:00.887+0000] {dagbag.py:541} INFO - Filling up the DagBag from /opt/airflow/dags/j_spark_trigger.py
[2024-03-17T09:54:04.998+0000] {processor.py:836} INFO - DAG(s) dict_keys(['j_spark_trigger']) retrieved from /opt/airflow/dags/j_spark_trigger.py
[2024-03-17T09:54:12.751+0000] {logging_mixin.py:149} INFO - [2024-03-17T09:54:12.745+0000] {dag.py:2726} INFO - Sync 1 DAGs
[2024-03-17T09:54:14.333+0000] {logging_mixin.py:149} INFO - [2024-03-17T09:54:14.332+0000] {dag.py:3490} INFO - Setting next_dagrun for j_spark_trigger to 2024-03-17T09:29:17.410480+00:00, run_after=2024-03-18T09:29:17.410480+00:00
[2024-03-17T09:54:15.381+0000] {processor.py:179} INFO - Processing /opt/airflow/dags/j_spark_trigger.py took 15.558 seconds
[2024-03-17T09:54:45.715+0000] {processor.py:157} INFO - Started process (PID=1076) to work on /opt/airflow/dags/j_spark_trigger.py
[2024-03-17T09:54:45.716+0000] {processor.py:826} INFO - Processing file /opt/airflow/dags/j_spark_trigger.py for tasks to queue
[2024-03-17T09:54:45.770+0000] {logging_mixin.py:149} INFO - [2024-03-17T09:54:45.770+0000] {dagbag.py:541} INFO - Filling up the DagBag from /opt/airflow/dags/j_spark_trigger.py
[2024-03-17T09:54:45.913+0000] {processor.py:836} INFO - DAG(s) dict_keys(['j_spark_trigger']) retrieved from /opt/airflow/dags/j_spark_trigger.py
[2024-03-17T09:54:46.304+0000] {logging_mixin.py:149} INFO - [2024-03-17T09:54:46.303+0000] {dag.py:2726} INFO - Sync 1 DAGs
[2024-03-17T09:54:46.475+0000] {logging_mixin.py:149} INFO - [2024-03-17T09:54:46.474+0000] {dag.py:3490} INFO - Setting next_dagrun for j_spark_trigger to 2024-03-17T09:29:17.410480+00:00, run_after=2024-03-18T09:29:17.410480+00:00
[2024-03-17T09:54:47.483+0000] {processor.py:179} INFO - Processing /opt/airflow/dags/j_spark_trigger.py took 1.778 seconds
[2024-03-17T09:55:17.745+0000] {processor.py:157} INFO - Started process (PID=1095) to work on /opt/airflow/dags/j_spark_trigger.py
[2024-03-17T09:55:17.853+0000] {processor.py:826} INFO - Processing file /opt/airflow/dags/j_spark_trigger.py for tasks to queue
[2024-03-17T09:55:17.855+0000] {logging_mixin.py:149} INFO - [2024-03-17T09:55:17.855+0000] {dagbag.py:541} INFO - Filling up the DagBag from /opt/airflow/dags/j_spark_trigger.py
[2024-03-17T09:55:18.127+0000] {processor.py:836} INFO - DAG(s) dict_keys(['j_spark_trigger']) retrieved from /opt/airflow/dags/j_spark_trigger.py
[2024-03-17T09:55:18.218+0000] {logging_mixin.py:149} INFO - [2024-03-17T09:55:18.218+0000] {dag.py:2726} INFO - Sync 1 DAGs
[2024-03-17T09:55:18.282+0000] {logging_mixin.py:149} INFO - [2024-03-17T09:55:18.282+0000] {dag.py:3490} INFO - Setting next_dagrun for j_spark_trigger to 2024-03-17T09:29:17.410480+00:00, run_after=2024-03-18T09:29:17.410480+00:00
[2024-03-17T09:55:18.386+0000] {processor.py:179} INFO - Processing /opt/airflow/dags/j_spark_trigger.py took 0.652 seconds
[2024-03-17T09:55:52.666+0000] {processor.py:157} INFO - Started process (PID=1105) to work on /opt/airflow/dags/j_spark_trigger.py
[2024-03-17T09:55:52.746+0000] {processor.py:826} INFO - Processing file /opt/airflow/dags/j_spark_trigger.py for tasks to queue
[2024-03-17T09:55:53.046+0000] {logging_mixin.py:149} INFO - [2024-03-17T09:55:53.045+0000] {dagbag.py:541} INFO - Filling up the DagBag from /opt/airflow/dags/j_spark_trigger.py
[2024-03-17T09:55:59.713+0000] {processor.py:836} INFO - DAG(s) dict_keys(['j_spark_trigger']) retrieved from /opt/airflow/dags/j_spark_trigger.py
[2024-03-17T09:56:11.789+0000] {logging_mixin.py:149} INFO - [2024-03-17T09:56:11.785+0000] {dag.py:2726} INFO - Sync 1 DAGs
[2024-03-17T09:56:15.158+0000] {logging_mixin.py:149} INFO - [2024-03-17T09:56:15.148+0000] {dag.py:3490} INFO - Setting next_dagrun for j_spark_trigger to 2024-03-17T09:29:17.410480+00:00, run_after=2024-03-18T09:29:17.410480+00:00
[2024-03-17T09:56:17.625+0000] {processor.py:179} INFO - Processing /opt/airflow/dags/j_spark_trigger.py took 25.392 seconds
[2024-03-17T09:56:49.843+0000] {processor.py:157} INFO - Started process (PID=1132) to work on /opt/airflow/dags/j_spark_trigger.py
[2024-03-17T09:56:49.943+0000] {processor.py:826} INFO - Processing file /opt/airflow/dags/j_spark_trigger.py for tasks to queue
[2024-03-17T09:56:49.948+0000] {logging_mixin.py:149} INFO - [2024-03-17T09:56:49.947+0000] {dagbag.py:541} INFO - Filling up the DagBag from /opt/airflow/dags/j_spark_trigger.py
[2024-03-17T09:56:50.333+0000] {processor.py:836} INFO - DAG(s) dict_keys(['j_spark_trigger']) retrieved from /opt/airflow/dags/j_spark_trigger.py
[2024-03-17T09:56:50.496+0000] {logging_mixin.py:149} INFO - [2024-03-17T09:56:50.495+0000] {dag.py:2726} INFO - Sync 1 DAGs
[2024-03-17T09:56:50.581+0000] {logging_mixin.py:149} INFO - [2024-03-17T09:56:50.581+0000] {dag.py:3490} INFO - Setting next_dagrun for j_spark_trigger to 2024-03-17T09:29:17.410480+00:00, run_after=2024-03-18T09:29:17.410480+00:00
[2024-03-17T09:56:50.685+0000] {processor.py:179} INFO - Processing /opt/airflow/dags/j_spark_trigger.py took 0.891 seconds
[2024-03-17T09:57:21.396+0000] {processor.py:157} INFO - Started process (PID=1151) to work on /opt/airflow/dags/j_spark_trigger.py
[2024-03-17T09:57:21.563+0000] {processor.py:826} INFO - Processing file /opt/airflow/dags/j_spark_trigger.py for tasks to queue
[2024-03-17T09:57:21.566+0000] {logging_mixin.py:149} INFO - [2024-03-17T09:57:21.565+0000] {dagbag.py:541} INFO - Filling up the DagBag from /opt/airflow/dags/j_spark_trigger.py
[2024-03-17T09:57:21.815+0000] {processor.py:836} INFO - DAG(s) dict_keys(['j_spark_trigger']) retrieved from /opt/airflow/dags/j_spark_trigger.py
[2024-03-17T09:57:21.933+0000] {logging_mixin.py:149} INFO - [2024-03-17T09:57:21.933+0000] {dag.py:2726} INFO - Sync 1 DAGs
[2024-03-17T09:57:22.016+0000] {logging_mixin.py:149} INFO - [2024-03-17T09:57:22.016+0000] {dag.py:3490} INFO - Setting next_dagrun for j_spark_trigger to 2024-03-17T09:29:17.410480+00:00, run_after=2024-03-18T09:29:17.410480+00:00
[2024-03-17T09:57:22.121+0000] {processor.py:179} INFO - Processing /opt/airflow/dags/j_spark_trigger.py took 0.751 seconds
[2024-03-17T09:57:52.683+0000] {processor.py:157} INFO - Started process (PID=1170) to work on /opt/airflow/dags/j_spark_trigger.py
[2024-03-17T09:57:53.098+0000] {processor.py:826} INFO - Processing file /opt/airflow/dags/j_spark_trigger.py for tasks to queue
[2024-03-17T09:57:53.105+0000] {logging_mixin.py:149} INFO - [2024-03-17T09:57:53.104+0000] {dagbag.py:541} INFO - Filling up the DagBag from /opt/airflow/dags/j_spark_trigger.py
[2024-03-17T09:57:55.031+0000] {processor.py:836} INFO - DAG(s) dict_keys(['j_spark_trigger']) retrieved from /opt/airflow/dags/j_spark_trigger.py
[2024-03-17T09:58:01.616+0000] {logging_mixin.py:149} INFO - [2024-03-17T09:58:01.392+0000] {dag.py:2726} INFO - Sync 1 DAGs
[2024-03-17T09:58:04.675+0000] {logging_mixin.py:149} INFO - [2024-03-17T09:58:04.672+0000] {dag.py:3490} INFO - Setting next_dagrun for j_spark_trigger to 2024-03-17T09:29:17.410480+00:00, run_after=2024-03-18T09:29:17.410480+00:00
[2024-03-17T09:58:05.330+0000] {processor.py:179} INFO - Processing /opt/airflow/dags/j_spark_trigger.py took 12.692 seconds
[2024-03-17T09:58:36.549+0000] {processor.py:157} INFO - Started process (PID=1188) to work on /opt/airflow/dags/j_spark_trigger.py
[2024-03-17T09:58:36.601+0000] {processor.py:826} INFO - Processing file /opt/airflow/dags/j_spark_trigger.py for tasks to queue
[2024-03-17T09:58:36.616+0000] {logging_mixin.py:149} INFO - [2024-03-17T09:58:36.615+0000] {dagbag.py:541} INFO - Filling up the DagBag from /opt/airflow/dags/j_spark_trigger.py
[2024-03-17T09:58:37.458+0000] {processor.py:836} INFO - DAG(s) dict_keys(['j_spark_trigger']) retrieved from /opt/airflow/dags/j_spark_trigger.py
[2024-03-17T09:58:38.133+0000] {logging_mixin.py:149} INFO - [2024-03-17T09:58:38.132+0000] {dag.py:2726} INFO - Sync 1 DAGs
[2024-03-17T09:58:38.455+0000] {logging_mixin.py:149} INFO - [2024-03-17T09:58:38.454+0000] {dag.py:3490} INFO - Setting next_dagrun for j_spark_trigger to 2024-03-17T09:29:17.410480+00:00, run_after=2024-03-18T09:29:17.410480+00:00
[2024-03-17T09:58:39.228+0000] {processor.py:179} INFO - Processing /opt/airflow/dags/j_spark_trigger.py took 2.995 seconds
[2024-03-17T09:59:09.669+0000] {processor.py:157} INFO - Started process (PID=1209) to work on /opt/airflow/dags/j_spark_trigger.py
[2024-03-17T09:59:09.804+0000] {processor.py:826} INFO - Processing file /opt/airflow/dags/j_spark_trigger.py for tasks to queue
[2024-03-17T09:59:09.805+0000] {logging_mixin.py:149} INFO - [2024-03-17T09:59:09.805+0000] {dagbag.py:541} INFO - Filling up the DagBag from /opt/airflow/dags/j_spark_trigger.py
[2024-03-17T09:59:09.861+0000] {processor.py:836} INFO - DAG(s) dict_keys(['j_spark_trigger']) retrieved from /opt/airflow/dags/j_spark_trigger.py
[2024-03-17T09:59:09.920+0000] {logging_mixin.py:149} INFO - [2024-03-17T09:59:09.919+0000] {dag.py:2726} INFO - Sync 1 DAGs
[2024-03-17T09:59:09.989+0000] {logging_mixin.py:149} INFO - [2024-03-17T09:59:09.989+0000] {dag.py:3490} INFO - Setting next_dagrun for j_spark_trigger to 2024-03-17T09:29:17.410480+00:00, run_after=2024-03-18T09:29:17.410480+00:00
[2024-03-17T09:59:10.650+0000] {processor.py:179} INFO - Processing /opt/airflow/dags/j_spark_trigger.py took 0.989 seconds
[2024-03-17T09:59:41.206+0000] {processor.py:157} INFO - Started process (PID=1229) to work on /opt/airflow/dags/j_spark_trigger.py
[2024-03-17T09:59:41.224+0000] {processor.py:826} INFO - Processing file /opt/airflow/dags/j_spark_trigger.py for tasks to queue
[2024-03-17T09:59:41.225+0000] {logging_mixin.py:149} INFO - [2024-03-17T09:59:41.225+0000] {dagbag.py:541} INFO - Filling up the DagBag from /opt/airflow/dags/j_spark_trigger.py
[2024-03-17T09:59:41.337+0000] {processor.py:836} INFO - DAG(s) dict_keys(['j_spark_trigger']) retrieved from /opt/airflow/dags/j_spark_trigger.py
[2024-03-17T09:59:41.424+0000] {logging_mixin.py:149} INFO - [2024-03-17T09:59:41.424+0000] {dag.py:2726} INFO - Sync 1 DAGs
[2024-03-17T09:59:41.494+0000] {logging_mixin.py:149} INFO - [2024-03-17T09:59:41.494+0000] {dag.py:3490} INFO - Setting next_dagrun for j_spark_trigger to 2024-03-17T09:29:17.410480+00:00, run_after=2024-03-18T09:29:17.410480+00:00
[2024-03-17T09:59:41.619+0000] {processor.py:179} INFO - Processing /opt/airflow/dags/j_spark_trigger.py took 0.426 seconds
[2024-03-17T10:00:13.952+0000] {processor.py:157} INFO - Started process (PID=1250) to work on /opt/airflow/dags/j_spark_trigger.py
[2024-03-17T10:00:14.114+0000] {processor.py:826} INFO - Processing file /opt/airflow/dags/j_spark_trigger.py for tasks to queue
[2024-03-17T10:00:14.693+0000] {logging_mixin.py:149} INFO - [2024-03-17T10:00:14.692+0000] {dagbag.py:541} INFO - Filling up the DagBag from /opt/airflow/dags/j_spark_trigger.py
[2024-03-17T10:00:17.857+0000] {processor.py:836} INFO - DAG(s) dict_keys(['j_spark_trigger']) retrieved from /opt/airflow/dags/j_spark_trigger.py
[2024-03-17T10:00:17.968+0000] {logging_mixin.py:149} INFO - [2024-03-17T10:00:17.968+0000] {dag.py:2726} INFO - Sync 1 DAGs
[2024-03-17T10:00:18.038+0000] {logging_mixin.py:149} INFO - [2024-03-17T10:00:18.038+0000] {dag.py:3490} INFO - Setting next_dagrun for j_spark_trigger to 2024-03-17T09:29:17.410480+00:00, run_after=2024-03-18T09:29:17.410480+00:00
[2024-03-17T10:00:18.121+0000] {processor.py:179} INFO - Processing /opt/airflow/dags/j_spark_trigger.py took 4.181 seconds
[2024-03-17T10:10:56.644+0000] {processor.py:157} INFO - Started process (PID=81) to work on /opt/airflow/dags/j_spark_trigger.py
[2024-03-17T10:10:56.654+0000] {processor.py:826} INFO - Processing file /opt/airflow/dags/j_spark_trigger.py for tasks to queue
[2024-03-17T10:10:56.655+0000] {logging_mixin.py:149} INFO - [2024-03-17T10:10:56.655+0000] {dagbag.py:541} INFO - Filling up the DagBag from /opt/airflow/dags/j_spark_trigger.py
[2024-03-17T10:10:56.706+0000] {processor.py:836} INFO - DAG(s) dict_keys(['j_spark_trigger']) retrieved from /opt/airflow/dags/j_spark_trigger.py
[2024-03-17T10:10:57.132+0000] {logging_mixin.py:149} INFO - [2024-03-17T10:10:57.131+0000] {dag.py:2726} INFO - Sync 1 DAGs
[2024-03-17T10:10:57.166+0000] {logging_mixin.py:149} INFO - [2024-03-17T10:10:57.165+0000] {dag.py:3490} INFO - Setting next_dagrun for j_spark_trigger to 2024-03-17T09:29:17.410480+00:00, run_after=2024-03-18T09:29:17.410480+00:00
[2024-03-17T10:10:57.238+0000] {processor.py:179} INFO - Processing /opt/airflow/dags/j_spark_trigger.py took 0.599 seconds
[2024-03-17T10:11:27.337+0000] {processor.py:157} INFO - Started process (PID=101) to work on /opt/airflow/dags/j_spark_trigger.py
[2024-03-17T10:11:27.337+0000] {processor.py:826} INFO - Processing file /opt/airflow/dags/j_spark_trigger.py for tasks to queue
[2024-03-17T10:11:27.338+0000] {logging_mixin.py:149} INFO - [2024-03-17T10:11:27.338+0000] {dagbag.py:541} INFO - Filling up the DagBag from /opt/airflow/dags/j_spark_trigger.py
[2024-03-17T10:11:27.363+0000] {processor.py:836} INFO - DAG(s) dict_keys(['j_spark_trigger']) retrieved from /opt/airflow/dags/j_spark_trigger.py
[2024-03-17T10:11:27.524+0000] {logging_mixin.py:149} INFO - [2024-03-17T10:11:27.524+0000] {dag.py:2726} INFO - Sync 1 DAGs
[2024-03-17T10:11:27.546+0000] {logging_mixin.py:149} INFO - [2024-03-17T10:11:27.545+0000] {dag.py:3490} INFO - Setting next_dagrun for j_spark_trigger to 2024-03-17T09:29:17.410480+00:00, run_after=2024-03-18T09:29:17.410480+00:00
[2024-03-17T10:11:39.202+0000] {processor.py:179} INFO - Processing /opt/airflow/dags/j_spark_trigger.py took 11.867 seconds
[2024-03-17T10:12:09.515+0000] {processor.py:157} INFO - Started process (PID=139) to work on /opt/airflow/dags/j_spark_trigger.py
[2024-03-17T10:12:09.528+0000] {processor.py:826} INFO - Processing file /opt/airflow/dags/j_spark_trigger.py for tasks to queue
[2024-03-17T10:12:09.529+0000] {logging_mixin.py:149} INFO - [2024-03-17T10:12:09.529+0000] {dagbag.py:541} INFO - Filling up the DagBag from /opt/airflow/dags/j_spark_trigger.py
[2024-03-17T10:12:09.588+0000] {processor.py:836} INFO - DAG(s) dict_keys(['j_spark_trigger']) retrieved from /opt/airflow/dags/j_spark_trigger.py
[2024-03-17T10:12:09.845+0000] {logging_mixin.py:149} INFO - [2024-03-17T10:12:09.845+0000] {dag.py:2726} INFO - Sync 1 DAGs
[2024-03-17T10:12:09.884+0000] {logging_mixin.py:149} INFO - [2024-03-17T10:12:09.883+0000] {dag.py:3490} INFO - Setting next_dagrun for j_spark_trigger to 2024-03-17T09:29:17.410480+00:00, run_after=2024-03-18T09:29:17.410480+00:00
[2024-03-17T10:12:11.034+0000] {processor.py:179} INFO - Processing /opt/airflow/dags/j_spark_trigger.py took 1.523 seconds
[2024-03-17T10:12:41.195+0000] {processor.py:157} INFO - Started process (PID=159) to work on /opt/airflow/dags/j_spark_trigger.py
[2024-03-17T10:12:41.195+0000] {processor.py:826} INFO - Processing file /opt/airflow/dags/j_spark_trigger.py for tasks to queue
[2024-03-17T10:12:41.196+0000] {logging_mixin.py:149} INFO - [2024-03-17T10:12:41.196+0000] {dagbag.py:541} INFO - Filling up the DagBag from /opt/airflow/dags/j_spark_trigger.py
[2024-03-17T10:12:41.396+0000] {processor.py:836} INFO - DAG(s) dict_keys(['j_spark_trigger']) retrieved from /opt/airflow/dags/j_spark_trigger.py
[2024-03-17T10:12:41.428+0000] {logging_mixin.py:149} INFO - [2024-03-17T10:12:41.427+0000] {dag.py:2726} INFO - Sync 1 DAGs
[2024-03-17T10:12:41.456+0000] {logging_mixin.py:149} INFO - [2024-03-17T10:12:41.455+0000] {dag.py:3490} INFO - Setting next_dagrun for j_spark_trigger to 2024-03-17T09:29:17.410480+00:00, run_after=2024-03-18T09:29:17.410480+00:00
[2024-03-17T10:12:41.511+0000] {processor.py:179} INFO - Processing /opt/airflow/dags/j_spark_trigger.py took 0.319 seconds
[2024-03-17T10:13:11.725+0000] {processor.py:157} INFO - Started process (PID=179) to work on /opt/airflow/dags/j_spark_trigger.py
[2024-03-17T10:13:11.726+0000] {processor.py:826} INFO - Processing file /opt/airflow/dags/j_spark_trigger.py for tasks to queue
[2024-03-17T10:13:11.728+0000] {logging_mixin.py:149} INFO - [2024-03-17T10:13:11.727+0000] {dagbag.py:541} INFO - Filling up the DagBag from /opt/airflow/dags/j_spark_trigger.py
[2024-03-17T10:13:11.769+0000] {processor.py:836} INFO - DAG(s) dict_keys(['j_spark_trigger']) retrieved from /opt/airflow/dags/j_spark_trigger.py
[2024-03-17T10:13:11.810+0000] {logging_mixin.py:149} INFO - [2024-03-17T10:13:11.810+0000] {dag.py:2726} INFO - Sync 1 DAGs
[2024-03-17T10:13:11.846+0000] {logging_mixin.py:149} INFO - [2024-03-17T10:13:11.846+0000] {dag.py:3490} INFO - Setting next_dagrun for j_spark_trigger to 2024-03-17T09:29:17.410480+00:00, run_after=2024-03-18T09:29:17.410480+00:00
[2024-03-17T10:13:11.897+0000] {processor.py:179} INFO - Processing /opt/airflow/dags/j_spark_trigger.py took 0.175 seconds
[2024-03-17T10:13:42.113+0000] {processor.py:157} INFO - Started process (PID=208) to work on /opt/airflow/dags/j_spark_trigger.py
[2024-03-17T10:13:42.113+0000] {processor.py:826} INFO - Processing file /opt/airflow/dags/j_spark_trigger.py for tasks to queue
[2024-03-17T10:13:42.115+0000] {logging_mixin.py:149} INFO - [2024-03-17T10:13:42.114+0000] {dagbag.py:541} INFO - Filling up the DagBag from /opt/airflow/dags/j_spark_trigger.py
[2024-03-17T10:13:42.156+0000] {processor.py:836} INFO - DAG(s) dict_keys(['j_spark_trigger']) retrieved from /opt/airflow/dags/j_spark_trigger.py
[2024-03-17T10:13:42.197+0000] {logging_mixin.py:149} INFO - [2024-03-17T10:13:42.197+0000] {dag.py:2726} INFO - Sync 1 DAGs
[2024-03-17T10:13:42.234+0000] {logging_mixin.py:149} INFO - [2024-03-17T10:13:42.234+0000] {dag.py:3490} INFO - Setting next_dagrun for j_spark_trigger to 2024-03-17T09:29:17.410480+00:00, run_after=2024-03-18T09:29:17.410480+00:00
[2024-03-17T10:13:42.320+0000] {processor.py:179} INFO - Processing /opt/airflow/dags/j_spark_trigger.py took 0.211 seconds
[2024-03-17T10:14:12.544+0000] {processor.py:157} INFO - Started process (PID=228) to work on /opt/airflow/dags/j_spark_trigger.py
[2024-03-17T10:14:12.545+0000] {processor.py:826} INFO - Processing file /opt/airflow/dags/j_spark_trigger.py for tasks to queue
[2024-03-17T10:14:12.546+0000] {logging_mixin.py:149} INFO - [2024-03-17T10:14:12.546+0000] {dagbag.py:541} INFO - Filling up the DagBag from /opt/airflow/dags/j_spark_trigger.py
[2024-03-17T10:14:12.592+0000] {processor.py:836} INFO - DAG(s) dict_keys(['j_spark_trigger']) retrieved from /opt/airflow/dags/j_spark_trigger.py
[2024-03-17T10:14:12.639+0000] {logging_mixin.py:149} INFO - [2024-03-17T10:14:12.639+0000] {dag.py:2726} INFO - Sync 1 DAGs
[2024-03-17T10:14:12.673+0000] {logging_mixin.py:149} INFO - [2024-03-17T10:14:12.673+0000] {dag.py:3490} INFO - Setting next_dagrun for j_spark_trigger to 2024-03-17T09:29:17.410480+00:00, run_after=2024-03-18T09:29:17.410480+00:00
[2024-03-17T10:14:12.736+0000] {processor.py:179} INFO - Processing /opt/airflow/dags/j_spark_trigger.py took 0.197 seconds
[2024-03-17T10:14:42.958+0000] {processor.py:157} INFO - Started process (PID=248) to work on /opt/airflow/dags/j_spark_trigger.py
[2024-03-17T10:14:42.959+0000] {processor.py:826} INFO - Processing file /opt/airflow/dags/j_spark_trigger.py for tasks to queue
[2024-03-17T10:14:42.960+0000] {logging_mixin.py:149} INFO - [2024-03-17T10:14:42.960+0000] {dagbag.py:541} INFO - Filling up the DagBag from /opt/airflow/dags/j_spark_trigger.py
[2024-03-17T10:14:42.995+0000] {processor.py:836} INFO - DAG(s) dict_keys(['j_spark_trigger']) retrieved from /opt/airflow/dags/j_spark_trigger.py
[2024-03-17T10:14:43.040+0000] {logging_mixin.py:149} INFO - [2024-03-17T10:14:43.040+0000] {dag.py:2726} INFO - Sync 1 DAGs
[2024-03-17T10:14:43.074+0000] {logging_mixin.py:149} INFO - [2024-03-17T10:14:43.074+0000] {dag.py:3490} INFO - Setting next_dagrun for j_spark_trigger to 2024-03-17T09:29:17.410480+00:00, run_after=2024-03-18T09:29:17.410480+00:00
[2024-03-17T10:14:43.308+0000] {processor.py:179} INFO - Processing /opt/airflow/dags/j_spark_trigger.py took 0.353 seconds
[2024-03-17T10:15:13.553+0000] {processor.py:157} INFO - Started process (PID=278) to work on /opt/airflow/dags/j_spark_trigger.py
[2024-03-17T10:15:13.554+0000] {processor.py:826} INFO - Processing file /opt/airflow/dags/j_spark_trigger.py for tasks to queue
[2024-03-17T10:15:13.556+0000] {logging_mixin.py:149} INFO - [2024-03-17T10:15:13.555+0000] {dagbag.py:541} INFO - Filling up the DagBag from /opt/airflow/dags/j_spark_trigger.py
[2024-03-17T10:15:13.607+0000] {processor.py:836} INFO - DAG(s) dict_keys(['j_spark_trigger']) retrieved from /opt/airflow/dags/j_spark_trigger.py
[2024-03-17T10:15:13.656+0000] {logging_mixin.py:149} INFO - [2024-03-17T10:15:13.655+0000] {dag.py:2726} INFO - Sync 1 DAGs
[2024-03-17T10:15:13.711+0000] {logging_mixin.py:149} INFO - [2024-03-17T10:15:13.711+0000] {dag.py:3490} INFO - Setting next_dagrun for j_spark_trigger to 2024-03-17T09:29:17.410480+00:00, run_after=2024-03-18T09:29:17.410480+00:00
[2024-03-17T10:15:13.797+0000] {processor.py:179} INFO - Processing /opt/airflow/dags/j_spark_trigger.py took 0.248 seconds
[2024-03-17T10:15:44.024+0000] {processor.py:157} INFO - Started process (PID=298) to work on /opt/airflow/dags/j_spark_trigger.py
[2024-03-17T10:15:44.025+0000] {processor.py:826} INFO - Processing file /opt/airflow/dags/j_spark_trigger.py for tasks to queue
[2024-03-17T10:15:44.026+0000] {logging_mixin.py:149} INFO - [2024-03-17T10:15:44.026+0000] {dagbag.py:541} INFO - Filling up the DagBag from /opt/airflow/dags/j_spark_trigger.py
[2024-03-17T10:15:44.064+0000] {processor.py:836} INFO - DAG(s) dict_keys(['j_spark_trigger']) retrieved from /opt/airflow/dags/j_spark_trigger.py
[2024-03-17T10:15:44.102+0000] {logging_mixin.py:149} INFO - [2024-03-17T10:15:44.102+0000] {dag.py:2726} INFO - Sync 1 DAGs
[2024-03-17T10:15:44.133+0000] {logging_mixin.py:149} INFO - [2024-03-17T10:15:44.133+0000] {dag.py:3490} INFO - Setting next_dagrun for j_spark_trigger to 2024-03-17T09:29:17.410480+00:00, run_after=2024-03-18T09:29:17.410480+00:00
[2024-03-17T10:15:44.210+0000] {processor.py:179} INFO - Processing /opt/airflow/dags/j_spark_trigger.py took 0.189 seconds
[2024-03-17T10:16:14.563+0000] {processor.py:157} INFO - Started process (PID=318) to work on /opt/airflow/dags/j_spark_trigger.py
[2024-03-17T10:16:14.564+0000] {processor.py:826} INFO - Processing file /opt/airflow/dags/j_spark_trigger.py for tasks to queue
[2024-03-17T10:16:14.566+0000] {logging_mixin.py:149} INFO - [2024-03-17T10:16:14.566+0000] {dagbag.py:541} INFO - Filling up the DagBag from /opt/airflow/dags/j_spark_trigger.py
[2024-03-17T10:16:14.635+0000] {processor.py:836} INFO - DAG(s) dict_keys(['j_spark_trigger']) retrieved from /opt/airflow/dags/j_spark_trigger.py
[2024-03-17T10:16:14.706+0000] {logging_mixin.py:149} INFO - [2024-03-17T10:16:14.706+0000] {dag.py:2726} INFO - Sync 1 DAGs
[2024-03-17T10:16:14.755+0000] {logging_mixin.py:149} INFO - [2024-03-17T10:16:14.755+0000] {dag.py:3490} INFO - Setting next_dagrun for j_spark_trigger to 2024-03-17T09:29:17.410480+00:00, run_after=2024-03-18T09:29:17.410480+00:00
[2024-03-17T10:16:14.815+0000] {processor.py:179} INFO - Processing /opt/airflow/dags/j_spark_trigger.py took 0.257 seconds
[2024-03-17T10:16:45.077+0000] {processor.py:157} INFO - Started process (PID=338) to work on /opt/airflow/dags/j_spark_trigger.py
[2024-03-17T10:16:45.078+0000] {processor.py:826} INFO - Processing file /opt/airflow/dags/j_spark_trigger.py for tasks to queue
[2024-03-17T10:16:45.080+0000] {logging_mixin.py:149} INFO - [2024-03-17T10:16:45.079+0000] {dagbag.py:541} INFO - Filling up the DagBag from /opt/airflow/dags/j_spark_trigger.py
[2024-03-17T10:16:45.126+0000] {processor.py:836} INFO - DAG(s) dict_keys(['j_spark_trigger']) retrieved from /opt/airflow/dags/j_spark_trigger.py
[2024-03-17T10:16:45.170+0000] {logging_mixin.py:149} INFO - [2024-03-17T10:16:45.170+0000] {dag.py:2726} INFO - Sync 1 DAGs
[2024-03-17T10:16:45.204+0000] {logging_mixin.py:149} INFO - [2024-03-17T10:16:45.204+0000] {dag.py:3490} INFO - Setting next_dagrun for j_spark_trigger to 2024-03-17T09:29:17.410480+00:00, run_after=2024-03-18T09:29:17.410480+00:00
[2024-03-17T10:16:45.877+0000] {processor.py:179} INFO - Processing /opt/airflow/dags/j_spark_trigger.py took 0.804 seconds
[2024-03-17T10:17:16.577+0000] {processor.py:157} INFO - Started process (PID=367) to work on /opt/airflow/dags/j_spark_trigger.py
[2024-03-17T10:17:16.579+0000] {processor.py:826} INFO - Processing file /opt/airflow/dags/j_spark_trigger.py for tasks to queue
[2024-03-17T10:17:16.580+0000] {logging_mixin.py:149} INFO - [2024-03-17T10:17:16.580+0000] {dagbag.py:541} INFO - Filling up the DagBag from /opt/airflow/dags/j_spark_trigger.py
[2024-03-17T10:17:16.639+0000] {processor.py:836} INFO - DAG(s) dict_keys(['j_spark_trigger']) retrieved from /opt/airflow/dags/j_spark_trigger.py
[2024-03-17T10:17:16.710+0000] {logging_mixin.py:149} INFO - [2024-03-17T10:17:16.710+0000] {dag.py:2726} INFO - Sync 1 DAGs
[2024-03-17T10:17:16.774+0000] {logging_mixin.py:149} INFO - [2024-03-17T10:17:16.774+0000] {dag.py:3490} INFO - Setting next_dagrun for j_spark_trigger to 2024-03-17T09:29:17.410480+00:00, run_after=2024-03-18T09:29:17.410480+00:00
[2024-03-17T10:17:16.851+0000] {processor.py:179} INFO - Processing /opt/airflow/dags/j_spark_trigger.py took 0.277 seconds
[2024-03-17T10:17:47.411+0000] {processor.py:157} INFO - Started process (PID=385) to work on /opt/airflow/dags/j_spark_trigger.py
[2024-03-17T10:17:47.420+0000] {processor.py:826} INFO - Processing file /opt/airflow/dags/j_spark_trigger.py for tasks to queue
[2024-03-17T10:17:47.450+0000] {logging_mixin.py:149} INFO - [2024-03-17T10:17:47.450+0000] {dagbag.py:541} INFO - Filling up the DagBag from /opt/airflow/dags/j_spark_trigger.py
[2024-03-17T10:17:48.504+0000] {processor.py:836} INFO - DAG(s) dict_keys(['j_spark_trigger']) retrieved from /opt/airflow/dags/j_spark_trigger.py
[2024-03-17T10:17:48.568+0000] {logging_mixin.py:149} INFO - [2024-03-17T10:17:48.568+0000] {dag.py:2726} INFO - Sync 1 DAGs
[2024-03-17T10:17:48.652+0000] {logging_mixin.py:149} INFO - [2024-03-17T10:17:48.652+0000] {dag.py:3490} INFO - Setting next_dagrun for j_spark_trigger to 2024-03-17T09:29:17.410480+00:00, run_after=2024-03-18T09:29:17.410480+00:00
[2024-03-17T10:17:48.728+0000] {processor.py:179} INFO - Processing /opt/airflow/dags/j_spark_trigger.py took 1.332 seconds
[2024-03-17T12:49:37.356+0000] {processor.py:157} INFO - Started process (PID=45) to work on /opt/airflow/dags/j_spark_trigger.py
[2024-03-17T12:49:37.358+0000] {processor.py:826} INFO - Processing file /opt/airflow/dags/j_spark_trigger.py for tasks to queue
[2024-03-17T12:49:37.361+0000] {logging_mixin.py:149} INFO - [2024-03-17T12:49:37.361+0000] {dagbag.py:541} INFO - Filling up the DagBag from /opt/airflow/dags/j_spark_trigger.py
[2024-03-17T12:49:37.442+0000] {processor.py:836} INFO - DAG(s) dict_keys(['j_spark_trigger']) retrieved from /opt/airflow/dags/j_spark_trigger.py
[2024-03-17T12:49:38.042+0000] {logging_mixin.py:149} INFO - [2024-03-17T12:49:38.042+0000] {dag.py:2726} INFO - Sync 1 DAGs
[2024-03-17T12:49:38.084+0000] {logging_mixin.py:149} INFO - [2024-03-17T12:49:38.084+0000] {dag.py:3490} INFO - Setting next_dagrun for j_spark_trigger to 2024-03-17T09:29:17.410480+00:00, run_after=2024-03-18T09:29:17.410480+00:00
[2024-03-17T12:49:38.784+0000] {processor.py:179} INFO - Processing /opt/airflow/dags/j_spark_trigger.py took 1.441 seconds
[2024-03-17T12:50:09.040+0000] {processor.py:157} INFO - Started process (PID=74) to work on /opt/airflow/dags/j_spark_trigger.py
[2024-03-17T12:50:09.041+0000] {processor.py:826} INFO - Processing file /opt/airflow/dags/j_spark_trigger.py for tasks to queue
[2024-03-17T12:50:09.042+0000] {logging_mixin.py:149} INFO - [2024-03-17T12:50:09.042+0000] {dagbag.py:541} INFO - Filling up the DagBag from /opt/airflow/dags/j_spark_trigger.py
[2024-03-17T12:50:09.080+0000] {processor.py:836} INFO - DAG(s) dict_keys(['j_spark_trigger']) retrieved from /opt/airflow/dags/j_spark_trigger.py
[2024-03-17T12:50:09.290+0000] {logging_mixin.py:149} INFO - [2024-03-17T12:50:09.289+0000] {dag.py:2726} INFO - Sync 1 DAGs
[2024-03-17T12:50:09.317+0000] {logging_mixin.py:149} INFO - [2024-03-17T12:50:09.317+0000] {dag.py:3490} INFO - Setting next_dagrun for j_spark_trigger to 2024-03-17T09:29:17.410480+00:00, run_after=2024-03-18T09:29:17.410480+00:00
[2024-03-17T12:50:14.723+0000] {processor.py:179} INFO - Processing /opt/airflow/dags/j_spark_trigger.py took 5.685 seconds
[2024-03-17T12:50:44.984+0000] {processor.py:157} INFO - Started process (PID=103) to work on /opt/airflow/dags/j_spark_trigger.py
[2024-03-17T12:50:44.985+0000] {processor.py:826} INFO - Processing file /opt/airflow/dags/j_spark_trigger.py for tasks to queue
[2024-03-17T12:50:44.986+0000] {logging_mixin.py:149} INFO - [2024-03-17T12:50:44.986+0000] {dagbag.py:541} INFO - Filling up the DagBag from /opt/airflow/dags/j_spark_trigger.py
[2024-03-17T12:50:45.021+0000] {processor.py:836} INFO - DAG(s) dict_keys(['j_spark_trigger']) retrieved from /opt/airflow/dags/j_spark_trigger.py
[2024-03-17T12:50:45.210+0000] {logging_mixin.py:149} INFO - [2024-03-17T12:50:45.210+0000] {dag.py:2726} INFO - Sync 1 DAGs
[2024-03-17T12:50:45.231+0000] {logging_mixin.py:149} INFO - [2024-03-17T12:50:45.231+0000] {dag.py:3490} INFO - Setting next_dagrun for j_spark_trigger to 2024-03-17T09:29:17.410480+00:00, run_after=2024-03-18T09:29:17.410480+00:00
[2024-03-17T12:50:46.255+0000] {processor.py:179} INFO - Processing /opt/airflow/dags/j_spark_trigger.py took 1.276 seconds
[2024-03-17T12:51:16.492+0000] {processor.py:157} INFO - Started process (PID=130) to work on /opt/airflow/dags/j_spark_trigger.py
[2024-03-17T12:51:16.492+0000] {processor.py:826} INFO - Processing file /opt/airflow/dags/j_spark_trigger.py for tasks to queue
[2024-03-17T12:51:16.493+0000] {logging_mixin.py:149} INFO - [2024-03-17T12:51:16.493+0000] {dagbag.py:541} INFO - Filling up the DagBag from /opt/airflow/dags/j_spark_trigger.py
[2024-03-17T12:51:16.648+0000] {processor.py:836} INFO - DAG(s) dict_keys(['j_spark_trigger']) retrieved from /opt/airflow/dags/j_spark_trigger.py
[2024-03-17T12:51:16.675+0000] {logging_mixin.py:149} INFO - [2024-03-17T12:51:16.675+0000] {dag.py:2726} INFO - Sync 1 DAGs
[2024-03-17T12:51:16.697+0000] {logging_mixin.py:149} INFO - [2024-03-17T12:51:16.697+0000] {dag.py:3490} INFO - Setting next_dagrun for j_spark_trigger to 2024-03-17T09:29:17.410480+00:00, run_after=2024-03-18T09:29:17.410480+00:00
[2024-03-17T12:51:18.011+0000] {processor.py:179} INFO - Processing /opt/airflow/dags/j_spark_trigger.py took 1.523 seconds
[2024-03-17T12:51:48.463+0000] {processor.py:157} INFO - Started process (PID=152) to work on /opt/airflow/dags/j_spark_trigger.py
[2024-03-17T12:51:48.464+0000] {processor.py:826} INFO - Processing file /opt/airflow/dags/j_spark_trigger.py for tasks to queue
[2024-03-17T12:51:48.465+0000] {logging_mixin.py:149} INFO - [2024-03-17T12:51:48.465+0000] {dagbag.py:541} INFO - Filling up the DagBag from /opt/airflow/dags/j_spark_trigger.py
[2024-03-17T12:51:48.496+0000] {processor.py:836} INFO - DAG(s) dict_keys(['j_spark_trigger']) retrieved from /opt/airflow/dags/j_spark_trigger.py
[2024-03-17T12:51:48.528+0000] {logging_mixin.py:149} INFO - [2024-03-17T12:51:48.528+0000] {dag.py:2726} INFO - Sync 1 DAGs
[2024-03-17T12:51:48.553+0000] {logging_mixin.py:149} INFO - [2024-03-17T12:51:48.553+0000] {dag.py:3490} INFO - Setting next_dagrun for j_spark_trigger to 2024-03-17T09:29:17.410480+00:00, run_after=2024-03-18T09:29:17.410480+00:00
[2024-03-17T12:51:49.039+0000] {processor.py:179} INFO - Processing /opt/airflow/dags/j_spark_trigger.py took 0.577 seconds
[2024-03-17T12:52:19.143+0000] {processor.py:157} INFO - Started process (PID=172) to work on /opt/airflow/dags/j_spark_trigger.py
[2024-03-17T12:52:19.144+0000] {processor.py:826} INFO - Processing file /opt/airflow/dags/j_spark_trigger.py for tasks to queue
[2024-03-17T12:52:19.145+0000] {logging_mixin.py:149} INFO - [2024-03-17T12:52:19.145+0000] {dagbag.py:541} INFO - Filling up the DagBag from /opt/airflow/dags/j_spark_trigger.py
[2024-03-17T12:52:19.182+0000] {processor.py:836} INFO - DAG(s) dict_keys(['j_spark_trigger']) retrieved from /opt/airflow/dags/j_spark_trigger.py
[2024-03-17T12:52:19.217+0000] {logging_mixin.py:149} INFO - [2024-03-17T12:52:19.217+0000] {dag.py:2726} INFO - Sync 1 DAGs
[2024-03-17T12:52:19.245+0000] {logging_mixin.py:149} INFO - [2024-03-17T12:52:19.245+0000] {dag.py:3490} INFO - Setting next_dagrun for j_spark_trigger to 2024-03-17T09:29:17.410480+00:00, run_after=2024-03-18T09:29:17.410480+00:00
[2024-03-17T12:52:19.553+0000] {processor.py:179} INFO - Processing /opt/airflow/dags/j_spark_trigger.py took 0.413 seconds
[2024-03-17T12:52:49.645+0000] {processor.py:157} INFO - Started process (PID=201) to work on /opt/airflow/dags/j_spark_trigger.py
[2024-03-17T12:52:49.645+0000] {processor.py:826} INFO - Processing file /opt/airflow/dags/j_spark_trigger.py for tasks to queue
[2024-03-17T12:52:49.646+0000] {logging_mixin.py:149} INFO - [2024-03-17T12:52:49.646+0000] {dagbag.py:541} INFO - Filling up the DagBag from /opt/airflow/dags/j_spark_trigger.py
[2024-03-17T12:52:49.676+0000] {processor.py:836} INFO - DAG(s) dict_keys(['j_spark_trigger']) retrieved from /opt/airflow/dags/j_spark_trigger.py
[2024-03-17T12:52:49.706+0000] {logging_mixin.py:149} INFO - [2024-03-17T12:52:49.706+0000] {dag.py:2726} INFO - Sync 1 DAGs
[2024-03-17T12:52:49.730+0000] {logging_mixin.py:149} INFO - [2024-03-17T12:52:49.730+0000] {dag.py:3490} INFO - Setting next_dagrun for j_spark_trigger to 2024-03-17T09:29:17.410480+00:00, run_after=2024-03-18T09:29:17.410480+00:00
[2024-03-17T12:52:50.618+0000] {processor.py:179} INFO - Processing /opt/airflow/dags/j_spark_trigger.py took 0.976 seconds
[2024-03-17T12:53:20.868+0000] {processor.py:157} INFO - Started process (PID=221) to work on /opt/airflow/dags/j_spark_trigger.py
[2024-03-17T12:53:20.869+0000] {processor.py:826} INFO - Processing file /opt/airflow/dags/j_spark_trigger.py for tasks to queue
[2024-03-17T12:53:20.870+0000] {logging_mixin.py:149} INFO - [2024-03-17T12:53:20.869+0000] {dagbag.py:541} INFO - Filling up the DagBag from /opt/airflow/dags/j_spark_trigger.py
[2024-03-17T12:53:20.906+0000] {processor.py:836} INFO - DAG(s) dict_keys(['j_spark_trigger']) retrieved from /opt/airflow/dags/j_spark_trigger.py
[2024-03-17T12:53:20.938+0000] {logging_mixin.py:149} INFO - [2024-03-17T12:53:20.938+0000] {dag.py:2726} INFO - Sync 1 DAGs
[2024-03-17T12:53:20.965+0000] {logging_mixin.py:149} INFO - [2024-03-17T12:53:20.964+0000] {dag.py:3490} INFO - Setting next_dagrun for j_spark_trigger to 2024-03-17T09:29:17.410480+00:00, run_after=2024-03-18T09:29:17.410480+00:00
[2024-03-17T12:53:21.166+0000] {processor.py:179} INFO - Processing /opt/airflow/dags/j_spark_trigger.py took 0.301 seconds
[2024-03-17T20:54:24.922+0000] {processor.py:157} INFO - Started process (PID=45) to work on /opt/airflow/dags/j_spark_trigger.py
[2024-03-17T20:54:24.925+0000] {processor.py:826} INFO - Processing file /opt/airflow/dags/j_spark_trigger.py for tasks to queue
[2024-03-17T20:54:24.927+0000] {logging_mixin.py:149} INFO - [2024-03-17T20:54:24.927+0000] {dagbag.py:541} INFO - Filling up the DagBag from /opt/airflow/dags/j_spark_trigger.py
[2024-03-17T20:54:25.052+0000] {processor.py:836} INFO - DAG(s) dict_keys(['j_spark_trigger']) retrieved from /opt/airflow/dags/j_spark_trigger.py
[2024-03-17T20:54:25.619+0000] {logging_mixin.py:149} INFO - [2024-03-17T20:54:25.618+0000] {dag.py:2726} INFO - Sync 1 DAGs
[2024-03-17T20:54:25.671+0000] {logging_mixin.py:149} INFO - [2024-03-17T20:54:25.671+0000] {dag.py:3490} INFO - Setting next_dagrun for j_spark_trigger to 2024-03-17T09:29:17.410480+00:00, run_after=2024-03-18T09:29:17.410480+00:00
[2024-03-17T20:54:25.778+0000] {processor.py:179} INFO - Processing /opt/airflow/dags/j_spark_trigger.py took 0.878 seconds
[2024-03-17T20:54:56.529+0000] {processor.py:157} INFO - Started process (PID=74) to work on /opt/airflow/dags/j_spark_trigger.py
[2024-03-17T20:54:56.530+0000] {processor.py:826} INFO - Processing file /opt/airflow/dags/j_spark_trigger.py for tasks to queue
[2024-03-17T20:54:56.530+0000] {logging_mixin.py:149} INFO - [2024-03-17T20:54:56.530+0000] {dagbag.py:541} INFO - Filling up the DagBag from /opt/airflow/dags/j_spark_trigger.py
[2024-03-17T20:54:56.558+0000] {processor.py:836} INFO - DAG(s) dict_keys(['j_spark_trigger']) retrieved from /opt/airflow/dags/j_spark_trigger.py
[2024-03-17T20:54:56.677+0000] {logging_mixin.py:149} INFO - [2024-03-17T20:54:56.677+0000] {dag.py:2726} INFO - Sync 1 DAGs
[2024-03-17T20:54:56.698+0000] {logging_mixin.py:149} INFO - [2024-03-17T20:54:56.698+0000] {dag.py:3490} INFO - Setting next_dagrun for j_spark_trigger to 2024-03-17T09:29:17.410480+00:00, run_after=2024-03-18T09:29:17.410480+00:00
[2024-03-17T20:54:56.756+0000] {processor.py:179} INFO - Processing /opt/airflow/dags/j_spark_trigger.py took 0.229 seconds
[2024-03-17T20:55:26.923+0000] {processor.py:157} INFO - Started process (PID=94) to work on /opt/airflow/dags/j_spark_trigger.py
[2024-03-17T20:55:26.923+0000] {processor.py:826} INFO - Processing file /opt/airflow/dags/j_spark_trigger.py for tasks to queue
[2024-03-17T20:55:26.924+0000] {logging_mixin.py:149} INFO - [2024-03-17T20:55:26.924+0000] {dagbag.py:541} INFO - Filling up the DagBag from /opt/airflow/dags/j_spark_trigger.py
[2024-03-17T20:55:26.944+0000] {processor.py:836} INFO - DAG(s) dict_keys(['j_spark_trigger']) retrieved from /opt/airflow/dags/j_spark_trigger.py
[2024-03-17T20:55:27.058+0000] {logging_mixin.py:149} INFO - [2024-03-17T20:55:27.058+0000] {dag.py:2726} INFO - Sync 1 DAGs
[2024-03-17T20:55:27.077+0000] {logging_mixin.py:149} INFO - [2024-03-17T20:55:27.077+0000] {dag.py:3490} INFO - Setting next_dagrun for j_spark_trigger to 2024-03-17T09:29:17.410480+00:00, run_after=2024-03-18T09:29:17.410480+00:00
[2024-03-17T20:55:27.543+0000] {processor.py:179} INFO - Processing /opt/airflow/dags/j_spark_trigger.py took 0.622 seconds
[2024-03-17T20:55:57.724+0000] {processor.py:157} INFO - Started process (PID=123) to work on /opt/airflow/dags/j_spark_trigger.py
[2024-03-17T20:55:57.725+0000] {processor.py:826} INFO - Processing file /opt/airflow/dags/j_spark_trigger.py for tasks to queue
[2024-03-17T20:55:57.725+0000] {logging_mixin.py:149} INFO - [2024-03-17T20:55:57.725+0000] {dagbag.py:541} INFO - Filling up the DagBag from /opt/airflow/dags/j_spark_trigger.py
[2024-03-17T20:55:57.833+0000] {processor.py:836} INFO - DAG(s) dict_keys(['j_spark_trigger']) retrieved from /opt/airflow/dags/j_spark_trigger.py
[2024-03-17T20:55:57.853+0000] {logging_mixin.py:149} INFO - [2024-03-17T20:55:57.853+0000] {dag.py:2726} INFO - Sync 1 DAGs
[2024-03-17T20:55:57.873+0000] {logging_mixin.py:149} INFO - [2024-03-17T20:55:57.873+0000] {dag.py:3490} INFO - Setting next_dagrun for j_spark_trigger to 2024-03-17T09:29:17.410480+00:00, run_after=2024-03-18T09:29:17.410480+00:00
[2024-03-17T20:55:58.081+0000] {processor.py:179} INFO - Processing /opt/airflow/dags/j_spark_trigger.py took 0.360 seconds
[2024-03-17T20:56:28.333+0000] {processor.py:157} INFO - Started process (PID=152) to work on /opt/airflow/dags/j_spark_trigger.py
[2024-03-17T20:56:28.334+0000] {processor.py:826} INFO - Processing file /opt/airflow/dags/j_spark_trigger.py for tasks to queue
[2024-03-17T20:56:28.334+0000] {logging_mixin.py:149} INFO - [2024-03-17T20:56:28.334+0000] {dagbag.py:541} INFO - Filling up the DagBag from /opt/airflow/dags/j_spark_trigger.py
[2024-03-17T20:56:28.354+0000] {processor.py:836} INFO - DAG(s) dict_keys(['j_spark_trigger']) retrieved from /opt/airflow/dags/j_spark_trigger.py
[2024-03-17T20:56:28.385+0000] {logging_mixin.py:149} INFO - [2024-03-17T20:56:28.385+0000] {dag.py:2726} INFO - Sync 1 DAGs
[2024-03-17T20:56:28.408+0000] {logging_mixin.py:149} INFO - [2024-03-17T20:56:28.408+0000] {dag.py:3490} INFO - Setting next_dagrun for j_spark_trigger to 2024-03-17T09:29:17.410480+00:00, run_after=2024-03-18T09:29:17.410480+00:00
[2024-03-17T20:56:28.746+0000] {processor.py:179} INFO - Processing /opt/airflow/dags/j_spark_trigger.py took 0.416 seconds
[2024-03-17T20:56:58.935+0000] {processor.py:157} INFO - Started process (PID=172) to work on /opt/airflow/dags/j_spark_trigger.py
[2024-03-17T20:56:58.935+0000] {processor.py:826} INFO - Processing file /opt/airflow/dags/j_spark_trigger.py for tasks to queue
[2024-03-17T20:56:58.936+0000] {logging_mixin.py:149} INFO - [2024-03-17T20:56:58.936+0000] {dagbag.py:541} INFO - Filling up the DagBag from /opt/airflow/dags/j_spark_trigger.py
[2024-03-17T20:56:58.957+0000] {processor.py:836} INFO - DAG(s) dict_keys(['j_spark_trigger']) retrieved from /opt/airflow/dags/j_spark_trigger.py
[2024-03-17T20:56:58.982+0000] {logging_mixin.py:149} INFO - [2024-03-17T20:56:58.982+0000] {dag.py:2726} INFO - Sync 1 DAGs
[2024-03-17T20:56:59.004+0000] {logging_mixin.py:149} INFO - [2024-03-17T20:56:59.004+0000] {dag.py:3490} INFO - Setting next_dagrun for j_spark_trigger to 2024-03-17T09:29:17.410480+00:00, run_after=2024-03-18T09:29:17.410480+00:00
[2024-03-17T20:56:59.061+0000] {processor.py:179} INFO - Processing /opt/airflow/dags/j_spark_trigger.py took 0.128 seconds
[2024-03-17T20:57:29.430+0000] {processor.py:157} INFO - Started process (PID=192) to work on /opt/airflow/dags/j_spark_trigger.py
[2024-03-17T20:57:29.558+0000] {processor.py:826} INFO - Processing file /opt/airflow/dags/j_spark_trigger.py for tasks to queue
[2024-03-17T20:57:29.559+0000] {logging_mixin.py:149} INFO - [2024-03-17T20:57:29.559+0000] {dagbag.py:541} INFO - Filling up the DagBag from /opt/airflow/dags/j_spark_trigger.py
[2024-03-17T20:57:30.148+0000] {processor.py:836} INFO - DAG(s) dict_keys(['j_spark_trigger']) retrieved from /opt/airflow/dags/j_spark_trigger.py
[2024-03-17T20:57:30.171+0000] {logging_mixin.py:149} INFO - [2024-03-17T20:57:30.171+0000] {dag.py:2726} INFO - Sync 1 DAGs
[2024-03-17T20:57:30.191+0000] {logging_mixin.py:149} INFO - [2024-03-17T20:57:30.191+0000] {dag.py:3490} INFO - Setting next_dagrun for j_spark_trigger to 2024-03-17T09:29:17.410480+00:00, run_after=2024-03-18T09:29:17.410480+00:00
[2024-03-17T20:57:30.239+0000] {processor.py:179} INFO - Processing /opt/airflow/dags/j_spark_trigger.py took 0.811 seconds
[2024-03-17T20:58:00.416+0000] {processor.py:157} INFO - Started process (PID=221) to work on /opt/airflow/dags/j_spark_trigger.py
[2024-03-17T20:58:00.417+0000] {processor.py:826} INFO - Processing file /opt/airflow/dags/j_spark_trigger.py for tasks to queue
[2024-03-17T20:58:00.418+0000] {logging_mixin.py:149} INFO - [2024-03-17T20:58:00.418+0000] {dagbag.py:541} INFO - Filling up the DagBag from /opt/airflow/dags/j_spark_trigger.py
[2024-03-17T20:58:00.443+0000] {processor.py:836} INFO - DAG(s) dict_keys(['j_spark_trigger']) retrieved from /opt/airflow/dags/j_spark_trigger.py
[2024-03-17T20:58:00.472+0000] {logging_mixin.py:149} INFO - [2024-03-17T20:58:00.472+0000] {dag.py:2726} INFO - Sync 1 DAGs
[2024-03-17T20:58:00.497+0000] {logging_mixin.py:149} INFO - [2024-03-17T20:58:00.497+0000] {dag.py:3490} INFO - Setting next_dagrun for j_spark_trigger to 2024-03-17T09:29:17.410480+00:00, run_after=2024-03-18T09:29:17.410480+00:00
[2024-03-17T20:58:00.549+0000] {processor.py:179} INFO - Processing /opt/airflow/dags/j_spark_trigger.py took 0.137 seconds
[2024-03-17T20:58:30.734+0000] {processor.py:157} INFO - Started process (PID=241) to work on /opt/airflow/dags/j_spark_trigger.py
[2024-03-17T20:58:30.734+0000] {processor.py:826} INFO - Processing file /opt/airflow/dags/j_spark_trigger.py for tasks to queue
[2024-03-17T20:58:30.735+0000] {logging_mixin.py:149} INFO - [2024-03-17T20:58:30.735+0000] {dagbag.py:541} INFO - Filling up the DagBag from /opt/airflow/dags/j_spark_trigger.py
[2024-03-17T20:58:30.757+0000] {processor.py:836} INFO - DAG(s) dict_keys(['j_spark_trigger']) retrieved from /opt/airflow/dags/j_spark_trigger.py
[2024-03-17T20:58:30.781+0000] {logging_mixin.py:149} INFO - [2024-03-17T20:58:30.781+0000] {dag.py:2726} INFO - Sync 1 DAGs
[2024-03-17T20:58:30.803+0000] {logging_mixin.py:149} INFO - [2024-03-17T20:58:30.803+0000] {dag.py:3490} INFO - Setting next_dagrun for j_spark_trigger to 2024-03-17T09:29:17.410480+00:00, run_after=2024-03-18T09:29:17.410480+00:00
[2024-03-17T20:58:30.854+0000] {processor.py:179} INFO - Processing /opt/airflow/dags/j_spark_trigger.py took 0.122 seconds
[2024-03-17T20:59:01.028+0000] {processor.py:157} INFO - Started process (PID=261) to work on /opt/airflow/dags/j_spark_trigger.py
[2024-03-17T20:59:01.029+0000] {processor.py:826} INFO - Processing file /opt/airflow/dags/j_spark_trigger.py for tasks to queue
[2024-03-17T20:59:01.030+0000] {logging_mixin.py:149} INFO - [2024-03-17T20:59:01.030+0000] {dagbag.py:541} INFO - Filling up the DagBag from /opt/airflow/dags/j_spark_trigger.py
[2024-03-17T20:59:01.049+0000] {processor.py:836} INFO - DAG(s) dict_keys(['j_spark_trigger']) retrieved from /opt/airflow/dags/j_spark_trigger.py
[2024-03-17T20:59:01.074+0000] {logging_mixin.py:149} INFO - [2024-03-17T20:59:01.074+0000] {dag.py:2726} INFO - Sync 1 DAGs
[2024-03-17T20:59:01.095+0000] {logging_mixin.py:149} INFO - [2024-03-17T20:59:01.095+0000] {dag.py:3490} INFO - Setting next_dagrun for j_spark_trigger to 2024-03-17T09:29:17.410480+00:00, run_after=2024-03-18T09:29:17.410480+00:00
[2024-03-17T20:59:01.140+0000] {processor.py:179} INFO - Processing /opt/airflow/dags/j_spark_trigger.py took 0.114 seconds
[2024-03-17T20:59:31.317+0000] {processor.py:157} INFO - Started process (PID=290) to work on /opt/airflow/dags/j_spark_trigger.py
[2024-03-17T20:59:31.318+0000] {processor.py:826} INFO - Processing file /opt/airflow/dags/j_spark_trigger.py for tasks to queue
[2024-03-17T20:59:31.318+0000] {logging_mixin.py:149} INFO - [2024-03-17T20:59:31.318+0000] {dagbag.py:541} INFO - Filling up the DagBag from /opt/airflow/dags/j_spark_trigger.py
[2024-03-17T20:59:31.341+0000] {processor.py:836} INFO - DAG(s) dict_keys(['j_spark_trigger']) retrieved from /opt/airflow/dags/j_spark_trigger.py
[2024-03-17T20:59:31.365+0000] {logging_mixin.py:149} INFO - [2024-03-17T20:59:31.365+0000] {dag.py:2726} INFO - Sync 1 DAGs
[2024-03-17T20:59:31.387+0000] {logging_mixin.py:149} INFO - [2024-03-17T20:59:31.387+0000] {dag.py:3490} INFO - Setting next_dagrun for j_spark_trigger to 2024-03-17T09:29:17.410480+00:00, run_after=2024-03-18T09:29:17.410480+00:00
[2024-03-17T20:59:32.426+0000] {processor.py:179} INFO - Processing /opt/airflow/dags/j_spark_trigger.py took 1.111 seconds
