[2024-03-17T09:58:23.391+0000] {processor.py:157} INFO - Started process (PID=1180) to work on /opt/airflow/dags/sales_transform.py
[2024-03-17T09:58:23.694+0000] {processor.py:826} INFO - Processing file /opt/airflow/dags/sales_transform.py for tasks to queue
[2024-03-17T09:58:23.725+0000] {logging_mixin.py:149} INFO - [2024-03-17T09:58:23.724+0000] {dagbag.py:541} INFO - Filling up the DagBag from /opt/airflow/dags/sales_transform.py
[2024-03-17T09:58:28.388+0000] {processor.py:836} INFO - DAG(s) dict_keys(['pyspark_job']) retrieved from /opt/airflow/dags/sales_transform.py
[2024-03-17T09:58:39.283+0000] {logging_mixin.py:149} INFO - [2024-03-17T09:58:39.279+0000] {manager.py:504} INFO - Created Permission View: can delete on DAG:pyspark_job
[2024-03-17T09:58:39.365+0000] {logging_mixin.py:149} INFO - [2024-03-17T09:58:39.364+0000] {manager.py:504} INFO - Created Permission View: can edit on DAG:pyspark_job
[2024-03-17T09:58:39.410+0000] {logging_mixin.py:149} INFO - [2024-03-17T09:58:39.410+0000] {manager.py:504} INFO - Created Permission View: can read on DAG:pyspark_job
[2024-03-17T09:58:39.464+0000] {logging_mixin.py:149} INFO - [2024-03-17T09:58:39.463+0000] {dag.py:2726} INFO - Sync 1 DAGs
[2024-03-17T09:58:39.508+0000] {logging_mixin.py:149} INFO - [2024-03-17T09:58:39.507+0000] {dag.py:2747} INFO - Creating ORM DAG for pyspark_job
[2024-03-17T09:58:39.532+0000] {logging_mixin.py:149} INFO - [2024-03-17T09:58:39.532+0000] {dag.py:3490} INFO - Setting next_dagrun for pyspark_job to 2024-03-13T00:00:00+00:00, run_after=2024-03-14T00:00:00+00:00
[2024-03-17T09:58:39.622+0000] {processor.py:179} INFO - Processing /opt/airflow/dags/sales_transform.py took 16.269 seconds
[2024-03-17T09:59:09.900+0000] {processor.py:157} INFO - Started process (PID=1210) to work on /opt/airflow/dags/sales_transform.py
[2024-03-17T09:59:09.902+0000] {processor.py:826} INFO - Processing file /opt/airflow/dags/sales_transform.py for tasks to queue
[2024-03-17T09:59:09.904+0000] {logging_mixin.py:149} INFO - [2024-03-17T09:59:09.904+0000] {dagbag.py:541} INFO - Filling up the DagBag from /opt/airflow/dags/sales_transform.py
[2024-03-17T09:59:10.742+0000] {processor.py:836} INFO - DAG(s) dict_keys(['pyspark_job']) retrieved from /opt/airflow/dags/sales_transform.py
[2024-03-17T09:59:10.774+0000] {logging_mixin.py:149} INFO - [2024-03-17T09:59:10.774+0000] {dag.py:2726} INFO - Sync 1 DAGs
[2024-03-17T09:59:10.814+0000] {logging_mixin.py:149} INFO - [2024-03-17T09:59:10.813+0000] {dag.py:3490} INFO - Setting next_dagrun for pyspark_job to 2024-03-13T00:00:00+00:00, run_after=2024-03-14T00:00:00+00:00
[2024-03-17T09:59:10.882+0000] {processor.py:179} INFO - Processing /opt/airflow/dags/sales_transform.py took 0.987 seconds
[2024-03-17T09:59:41.206+0000] {processor.py:157} INFO - Started process (PID=1230) to work on /opt/airflow/dags/sales_transform.py
[2024-03-17T09:59:41.217+0000] {processor.py:826} INFO - Processing file /opt/airflow/dags/sales_transform.py for tasks to queue
[2024-03-17T09:59:41.220+0000] {logging_mixin.py:149} INFO - [2024-03-17T09:59:41.220+0000] {dagbag.py:541} INFO - Filling up the DagBag from /opt/airflow/dags/sales_transform.py
[2024-03-17T09:59:41.320+0000] {processor.py:836} INFO - DAG(s) dict_keys(['pyspark_job']) retrieved from /opt/airflow/dags/sales_transform.py
[2024-03-17T09:59:41.428+0000] {logging_mixin.py:149} INFO - [2024-03-17T09:59:41.428+0000] {dag.py:2726} INFO - Sync 1 DAGs
[2024-03-17T09:59:41.496+0000] {logging_mixin.py:149} INFO - [2024-03-17T09:59:41.495+0000] {dag.py:3490} INFO - Setting next_dagrun for pyspark_job to 2024-03-13T00:00:00+00:00, run_after=2024-03-14T00:00:00+00:00
[2024-03-17T09:59:41.644+0000] {processor.py:179} INFO - Processing /opt/airflow/dags/sales_transform.py took 0.451 seconds
[2024-03-17T10:00:14.084+0000] {processor.py:157} INFO - Started process (PID=1251) to work on /opt/airflow/dags/sales_transform.py
[2024-03-17T10:00:14.800+0000] {processor.py:826} INFO - Processing file /opt/airflow/dags/sales_transform.py for tasks to queue
[2024-03-17T10:00:14.801+0000] {logging_mixin.py:149} INFO - [2024-03-17T10:00:14.801+0000] {dagbag.py:541} INFO - Filling up the DagBag from /opt/airflow/dags/sales_transform.py
[2024-03-17T10:00:15.276+0000] {processor.py:836} INFO - DAG(s) dict_keys(['pyspark_job']) retrieved from /opt/airflow/dags/sales_transform.py
[2024-03-17T10:00:17.001+0000] {logging_mixin.py:149} INFO - [2024-03-17T10:00:17.000+0000] {dag.py:2726} INFO - Sync 1 DAGs
[2024-03-17T10:00:17.969+0000] {logging_mixin.py:149} INFO - [2024-03-17T10:00:17.969+0000] {dag.py:3490} INFO - Setting next_dagrun for pyspark_job to 2024-03-13T00:00:00+00:00, run_after=2024-03-14T00:00:00+00:00
[2024-03-17T10:00:18.097+0000] {processor.py:179} INFO - Processing /opt/airflow/dags/sales_transform.py took 4.020 seconds
[2024-03-17T10:10:56.382+0000] {processor.py:157} INFO - Started process (PID=80) to work on /opt/airflow/dags/sales_transform.py
[2024-03-17T10:10:56.393+0000] {processor.py:826} INFO - Processing file /opt/airflow/dags/sales_transform.py for tasks to queue
[2024-03-17T10:10:56.394+0000] {logging_mixin.py:149} INFO - [2024-03-17T10:10:56.394+0000] {dagbag.py:541} INFO - Filling up the DagBag from /opt/airflow/dags/sales_transform.py
[2024-03-17T10:10:56.467+0000] {processor.py:836} INFO - DAG(s) dict_keys(['pyspark_job']) retrieved from /opt/airflow/dags/sales_transform.py
[2024-03-17T10:10:56.992+0000] {logging_mixin.py:149} INFO - [2024-03-17T10:10:56.992+0000] {dag.py:2726} INFO - Sync 1 DAGs
[2024-03-17T10:10:57.043+0000] {logging_mixin.py:149} INFO - [2024-03-17T10:10:57.042+0000] {dag.py:3490} INFO - Setting next_dagrun for pyspark_job to None, run_after=None
[2024-03-17T10:10:57.118+0000] {processor.py:179} INFO - Processing /opt/airflow/dags/sales_transform.py took 0.740 seconds
[2024-03-17T10:11:27.330+0000] {processor.py:157} INFO - Started process (PID=100) to work on /opt/airflow/dags/sales_transform.py
[2024-03-17T10:11:27.331+0000] {processor.py:826} INFO - Processing file /opt/airflow/dags/sales_transform.py for tasks to queue
[2024-03-17T10:11:27.331+0000] {logging_mixin.py:149} INFO - [2024-03-17T10:11:27.331+0000] {dagbag.py:541} INFO - Filling up the DagBag from /opt/airflow/dags/sales_transform.py
[2024-03-17T10:11:27.348+0000] {processor.py:836} INFO - DAG(s) dict_keys(['pyspark_job']) retrieved from /opt/airflow/dags/sales_transform.py
[2024-03-17T10:11:27.369+0000] {logging_mixin.py:149} INFO - [2024-03-17T10:11:27.369+0000] {dag.py:2726} INFO - Sync 1 DAGs
[2024-03-17T10:11:27.525+0000] {logging_mixin.py:149} INFO - [2024-03-17T10:11:27.525+0000] {dag.py:3490} INFO - Setting next_dagrun for pyspark_job to None, run_after=None
[2024-03-17T10:11:39.201+0000] {processor.py:179} INFO - Processing /opt/airflow/dags/sales_transform.py took 11.874 seconds
[2024-03-17T10:12:09.489+0000] {processor.py:157} INFO - Started process (PID=138) to work on /opt/airflow/dags/sales_transform.py
[2024-03-17T10:12:09.502+0000] {processor.py:826} INFO - Processing file /opt/airflow/dags/sales_transform.py for tasks to queue
[2024-03-17T10:12:09.503+0000] {logging_mixin.py:149} INFO - [2024-03-17T10:12:09.503+0000] {dagbag.py:541} INFO - Filling up the DagBag from /opt/airflow/dags/sales_transform.py
[2024-03-17T10:12:09.552+0000] {processor.py:836} INFO - DAG(s) dict_keys(['pyspark_job']) retrieved from /opt/airflow/dags/sales_transform.py
[2024-03-17T10:12:09.805+0000] {logging_mixin.py:149} INFO - [2024-03-17T10:12:09.804+0000] {dag.py:2726} INFO - Sync 1 DAGs
[2024-03-17T10:12:09.850+0000] {logging_mixin.py:149} INFO - [2024-03-17T10:12:09.850+0000] {dag.py:3490} INFO - Setting next_dagrun for pyspark_job to None, run_after=None
[2024-03-17T10:12:10.959+0000] {processor.py:179} INFO - Processing /opt/airflow/dags/sales_transform.py took 1.472 seconds
[2024-03-17T10:12:41.185+0000] {processor.py:157} INFO - Started process (PID=158) to work on /opt/airflow/dags/sales_transform.py
[2024-03-17T10:12:41.186+0000] {processor.py:826} INFO - Processing file /opt/airflow/dags/sales_transform.py for tasks to queue
[2024-03-17T10:12:41.187+0000] {logging_mixin.py:149} INFO - [2024-03-17T10:12:41.187+0000] {dagbag.py:541} INFO - Filling up the DagBag from /opt/airflow/dags/sales_transform.py
[2024-03-17T10:12:41.360+0000] {processor.py:836} INFO - DAG(s) dict_keys(['pyspark_job']) retrieved from /opt/airflow/dags/sales_transform.py
[2024-03-17T10:12:41.382+0000] {logging_mixin.py:149} INFO - [2024-03-17T10:12:41.382+0000] {dag.py:2726} INFO - Sync 1 DAGs
[2024-03-17T10:12:41.408+0000] {logging_mixin.py:149} INFO - [2024-03-17T10:12:41.408+0000] {dag.py:3490} INFO - Setting next_dagrun for pyspark_job to None, run_after=None
[2024-03-17T10:12:41.510+0000] {processor.py:179} INFO - Processing /opt/airflow/dags/sales_transform.py took 0.328 seconds
[2024-03-17T10:13:11.715+0000] {processor.py:157} INFO - Started process (PID=178) to work on /opt/airflow/dags/sales_transform.py
[2024-03-17T10:13:11.716+0000] {processor.py:826} INFO - Processing file /opt/airflow/dags/sales_transform.py for tasks to queue
[2024-03-17T10:13:11.717+0000] {logging_mixin.py:149} INFO - [2024-03-17T10:13:11.717+0000] {dagbag.py:541} INFO - Filling up the DagBag from /opt/airflow/dags/sales_transform.py
[2024-03-17T10:13:11.744+0000] {processor.py:836} INFO - DAG(s) dict_keys(['pyspark_job']) retrieved from /opt/airflow/dags/sales_transform.py
[2024-03-17T10:13:11.777+0000] {logging_mixin.py:149} INFO - [2024-03-17T10:13:11.776+0000] {dag.py:2726} INFO - Sync 1 DAGs
[2024-03-17T10:13:11.813+0000] {logging_mixin.py:149} INFO - [2024-03-17T10:13:11.813+0000] {dag.py:3490} INFO - Setting next_dagrun for pyspark_job to None, run_after=None
[2024-03-17T10:13:11.862+0000] {processor.py:179} INFO - Processing /opt/airflow/dags/sales_transform.py took 0.150 seconds
[2024-03-17T10:13:42.103+0000] {processor.py:157} INFO - Started process (PID=207) to work on /opt/airflow/dags/sales_transform.py
[2024-03-17T10:13:42.104+0000] {processor.py:826} INFO - Processing file /opt/airflow/dags/sales_transform.py for tasks to queue
[2024-03-17T10:13:42.105+0000] {logging_mixin.py:149} INFO - [2024-03-17T10:13:42.105+0000] {dagbag.py:541} INFO - Filling up the DagBag from /opt/airflow/dags/sales_transform.py
[2024-03-17T10:13:42.129+0000] {processor.py:836} INFO - DAG(s) dict_keys(['pyspark_job']) retrieved from /opt/airflow/dags/sales_transform.py
[2024-03-17T10:13:42.160+0000] {logging_mixin.py:149} INFO - [2024-03-17T10:13:42.160+0000] {dag.py:2726} INFO - Sync 1 DAGs
[2024-03-17T10:13:42.199+0000] {logging_mixin.py:149} INFO - [2024-03-17T10:13:42.199+0000] {dag.py:3490} INFO - Setting next_dagrun for pyspark_job to None, run_after=None
[2024-03-17T10:13:42.255+0000] {processor.py:179} INFO - Processing /opt/airflow/dags/sales_transform.py took 0.157 seconds
[2024-03-17T10:14:12.533+0000] {processor.py:157} INFO - Started process (PID=227) to work on /opt/airflow/dags/sales_transform.py
[2024-03-17T10:14:12.534+0000] {processor.py:826} INFO - Processing file /opt/airflow/dags/sales_transform.py for tasks to queue
[2024-03-17T10:14:12.534+0000] {logging_mixin.py:149} INFO - [2024-03-17T10:14:12.534+0000] {dagbag.py:541} INFO - Filling up the DagBag from /opt/airflow/dags/sales_transform.py
[2024-03-17T10:14:12.565+0000] {processor.py:836} INFO - DAG(s) dict_keys(['pyspark_job']) retrieved from /opt/airflow/dags/sales_transform.py
[2024-03-17T10:14:12.597+0000] {logging_mixin.py:149} INFO - [2024-03-17T10:14:12.597+0000] {dag.py:2726} INFO - Sync 1 DAGs
[2024-03-17T10:14:12.642+0000] {logging_mixin.py:149} INFO - [2024-03-17T10:14:12.642+0000] {dag.py:3490} INFO - Setting next_dagrun for pyspark_job to None, run_after=None
[2024-03-17T10:14:12.708+0000] {processor.py:179} INFO - Processing /opt/airflow/dags/sales_transform.py took 0.182 seconds
[2024-03-17T10:14:42.945+0000] {processor.py:157} INFO - Started process (PID=247) to work on /opt/airflow/dags/sales_transform.py
[2024-03-17T10:14:42.946+0000] {processor.py:826} INFO - Processing file /opt/airflow/dags/sales_transform.py for tasks to queue
[2024-03-17T10:14:42.948+0000] {logging_mixin.py:149} INFO - [2024-03-17T10:14:42.948+0000] {dagbag.py:541} INFO - Filling up the DagBag from /opt/airflow/dags/sales_transform.py
[2024-03-17T10:14:42.971+0000] {processor.py:836} INFO - DAG(s) dict_keys(['pyspark_job']) retrieved from /opt/airflow/dags/sales_transform.py
[2024-03-17T10:14:43.001+0000] {logging_mixin.py:149} INFO - [2024-03-17T10:14:43.001+0000] {dag.py:2726} INFO - Sync 1 DAGs
[2024-03-17T10:14:43.043+0000] {logging_mixin.py:149} INFO - [2024-03-17T10:14:43.043+0000] {dag.py:3490} INFO - Setting next_dagrun for pyspark_job to None, run_after=None
[2024-03-17T10:14:43.270+0000] {processor.py:179} INFO - Processing /opt/airflow/dags/sales_transform.py took 0.327 seconds
[2024-03-17T10:15:13.544+0000] {processor.py:157} INFO - Started process (PID=277) to work on /opt/airflow/dags/sales_transform.py
[2024-03-17T10:15:13.545+0000] {processor.py:826} INFO - Processing file /opt/airflow/dags/sales_transform.py for tasks to queue
[2024-03-17T10:15:13.549+0000] {logging_mixin.py:149} INFO - [2024-03-17T10:15:13.548+0000] {dagbag.py:541} INFO - Filling up the DagBag from /opt/airflow/dags/sales_transform.py
[2024-03-17T10:15:13.588+0000] {processor.py:836} INFO - DAG(s) dict_keys(['pyspark_job']) retrieved from /opt/airflow/dags/sales_transform.py
[2024-03-17T10:15:13.620+0000] {logging_mixin.py:149} INFO - [2024-03-17T10:15:13.620+0000] {dag.py:2726} INFO - Sync 1 DAGs
[2024-03-17T10:15:13.671+0000] {logging_mixin.py:149} INFO - [2024-03-17T10:15:13.671+0000] {dag.py:3490} INFO - Setting next_dagrun for pyspark_job to None, run_after=None
[2024-03-17T10:15:13.768+0000] {processor.py:179} INFO - Processing /opt/airflow/dags/sales_transform.py took 0.231 seconds
[2024-03-17T10:15:44.015+0000] {processor.py:157} INFO - Started process (PID=297) to work on /opt/airflow/dags/sales_transform.py
[2024-03-17T10:15:44.016+0000] {processor.py:826} INFO - Processing file /opt/airflow/dags/sales_transform.py for tasks to queue
[2024-03-17T10:15:44.017+0000] {logging_mixin.py:149} INFO - [2024-03-17T10:15:44.017+0000] {dagbag.py:541} INFO - Filling up the DagBag from /opt/airflow/dags/sales_transform.py
[2024-03-17T10:15:44.042+0000] {processor.py:836} INFO - DAG(s) dict_keys(['pyspark_job']) retrieved from /opt/airflow/dags/sales_transform.py
[2024-03-17T10:15:44.075+0000] {logging_mixin.py:149} INFO - [2024-03-17T10:15:44.075+0000] {dag.py:2726} INFO - Sync 1 DAGs
[2024-03-17T10:15:44.108+0000] {logging_mixin.py:149} INFO - [2024-03-17T10:15:44.108+0000] {dag.py:3490} INFO - Setting next_dagrun for pyspark_job to None, run_after=None
[2024-03-17T10:15:44.182+0000] {processor.py:179} INFO - Processing /opt/airflow/dags/sales_transform.py took 0.170 seconds
[2024-03-17T10:16:08.480+0000] {processor.py:157} INFO - Started process (PID=317) to work on /opt/airflow/dags/sales_transform.py
[2024-03-17T10:16:08.480+0000] {processor.py:826} INFO - Processing file /opt/airflow/dags/sales_transform.py for tasks to queue
[2024-03-17T10:16:08.482+0000] {logging_mixin.py:149} INFO - [2024-03-17T10:16:08.481+0000] {dagbag.py:541} INFO - Filling up the DagBag from /opt/airflow/dags/sales_transform.py
[2024-03-17T10:16:08.524+0000] {processor.py:836} INFO - DAG(s) dict_keys(['Sales_ETL']) retrieved from /opt/airflow/dags/sales_transform.py
[2024-03-17T10:16:09.411+0000] {logging_mixin.py:149} INFO - [2024-03-17T10:16:09.411+0000] {manager.py:504} INFO - Created Permission View: can delete on DAG:Sales_ETL
[2024-03-17T10:16:09.457+0000] {logging_mixin.py:149} INFO - [2024-03-17T10:16:09.456+0000] {manager.py:504} INFO - Created Permission View: can edit on DAG:Sales_ETL
[2024-03-17T10:16:09.577+0000] {logging_mixin.py:149} INFO - [2024-03-17T10:16:09.577+0000] {manager.py:504} INFO - Created Permission View: can read on DAG:Sales_ETL
[2024-03-17T10:16:09.600+0000] {logging_mixin.py:149} INFO - [2024-03-17T10:16:09.599+0000] {dag.py:2726} INFO - Sync 1 DAGs
[2024-03-17T10:16:09.620+0000] {logging_mixin.py:149} INFO - [2024-03-17T10:16:09.620+0000] {dag.py:2747} INFO - Creating ORM DAG for Sales_ETL
[2024-03-17T10:16:09.639+0000] {logging_mixin.py:149} INFO - [2024-03-17T10:16:09.639+0000] {dag.py:3490} INFO - Setting next_dagrun for Sales_ETL to 2024-03-16T10:16:09.639367+00:00, run_after=2024-03-17T10:16:09.639367+00:00
[2024-03-17T10:16:09.716+0000] {processor.py:179} INFO - Processing /opt/airflow/dags/sales_transform.py took 1.239 seconds
[2024-03-17T10:16:39.991+0000] {processor.py:157} INFO - Started process (PID=337) to work on /opt/airflow/dags/sales_transform.py
[2024-03-17T10:16:39.992+0000] {processor.py:826} INFO - Processing file /opt/airflow/dags/sales_transform.py for tasks to queue
[2024-03-17T10:16:39.994+0000] {logging_mixin.py:149} INFO - [2024-03-17T10:16:39.993+0000] {dagbag.py:541} INFO - Filling up the DagBag from /opt/airflow/dags/sales_transform.py
[2024-03-17T10:16:40.023+0000] {processor.py:836} INFO - DAG(s) dict_keys(['Sales_ETL']) retrieved from /opt/airflow/dags/sales_transform.py
[2024-03-17T10:16:40.063+0000] {logging_mixin.py:149} INFO - [2024-03-17T10:16:40.062+0000] {dag.py:2726} INFO - Sync 1 DAGs
[2024-03-17T10:16:40.101+0000] {logging_mixin.py:149} INFO - [2024-03-17T10:16:40.101+0000] {dag.py:3490} INFO - Setting next_dagrun for Sales_ETL to 2024-03-16T10:16:40.100754+00:00, run_after=2024-03-17T10:16:40.100754+00:00
[2024-03-17T10:16:41.167+0000] {processor.py:179} INFO - Processing /opt/airflow/dags/sales_transform.py took 1.179 seconds
[2024-03-17T10:17:11.533+0000] {processor.py:157} INFO - Started process (PID=357) to work on /opt/airflow/dags/sales_transform.py
[2024-03-17T10:17:11.534+0000] {processor.py:826} INFO - Processing file /opt/airflow/dags/sales_transform.py for tasks to queue
[2024-03-17T10:17:11.540+0000] {logging_mixin.py:149} INFO - [2024-03-17T10:17:11.539+0000] {dagbag.py:541} INFO - Filling up the DagBag from /opt/airflow/dags/sales_transform.py
[2024-03-17T10:17:11.584+0000] {processor.py:836} INFO - DAG(s) dict_keys(['Sales_ETL']) retrieved from /opt/airflow/dags/sales_transform.py
[2024-03-17T10:17:11.659+0000] {logging_mixin.py:149} INFO - [2024-03-17T10:17:11.658+0000] {dag.py:2726} INFO - Sync 1 DAGs
[2024-03-17T10:17:11.708+0000] {logging_mixin.py:149} INFO - [2024-03-17T10:17:11.708+0000] {dag.py:3490} INFO - Setting next_dagrun for Sales_ETL to 2024-03-17T10:16:40.100754+00:00, run_after=2024-03-18T10:16:40.100754+00:00
[2024-03-17T10:17:11.793+0000] {processor.py:179} INFO - Processing /opt/airflow/dags/sales_transform.py took 0.266 seconds
[2024-03-17T10:17:42.236+0000] {processor.py:157} INFO - Started process (PID=377) to work on /opt/airflow/dags/sales_transform.py
[2024-03-17T10:17:42.237+0000] {processor.py:826} INFO - Processing file /opt/airflow/dags/sales_transform.py for tasks to queue
[2024-03-17T10:17:42.239+0000] {logging_mixin.py:149} INFO - [2024-03-17T10:17:42.238+0000] {dagbag.py:541} INFO - Filling up the DagBag from /opt/airflow/dags/sales_transform.py
[2024-03-17T10:17:42.269+0000] {processor.py:836} INFO - DAG(s) dict_keys(['Sales_ETL']) retrieved from /opt/airflow/dags/sales_transform.py
[2024-03-17T10:17:42.309+0000] {logging_mixin.py:149} INFO - [2024-03-17T10:17:42.309+0000] {dag.py:2726} INFO - Sync 1 DAGs
[2024-03-17T10:17:42.344+0000] {logging_mixin.py:149} INFO - [2024-03-17T10:17:42.344+0000] {dag.py:3490} INFO - Setting next_dagrun for Sales_ETL to 2024-03-17T10:16:40.100754+00:00, run_after=2024-03-18T10:16:40.100754+00:00
[2024-03-17T10:17:42.663+0000] {processor.py:179} INFO - Processing /opt/airflow/dags/sales_transform.py took 0.432 seconds
[2024-03-17T12:49:37.199+0000] {processor.py:157} INFO - Started process (PID=44) to work on /opt/airflow/dags/sales_transform.py
[2024-03-17T12:49:37.201+0000] {processor.py:826} INFO - Processing file /opt/airflow/dags/sales_transform.py for tasks to queue
[2024-03-17T12:49:37.205+0000] {logging_mixin.py:149} INFO - [2024-03-17T12:49:37.205+0000] {dagbag.py:541} INFO - Filling up the DagBag from /opt/airflow/dags/sales_transform.py
[2024-03-17T12:49:37.290+0000] {processor.py:836} INFO - DAG(s) dict_keys(['Sales_ETL']) retrieved from /opt/airflow/dags/sales_transform.py
[2024-03-17T12:49:38.043+0000] {logging_mixin.py:149} INFO - [2024-03-17T12:49:38.043+0000] {dag.py:2726} INFO - Sync 1 DAGs
[2024-03-17T12:49:38.088+0000] {logging_mixin.py:149} INFO - [2024-03-17T12:49:38.088+0000] {dag.py:3490} INFO - Setting next_dagrun for Sales_ETL to 2024-03-17T10:16:40.100754+00:00, run_after=2024-03-18T10:16:40.100754+00:00
[2024-03-17T12:49:38.810+0000] {processor.py:179} INFO - Processing /opt/airflow/dags/sales_transform.py took 1.626 seconds
[2024-03-17T12:50:09.034+0000] {processor.py:157} INFO - Started process (PID=73) to work on /opt/airflow/dags/sales_transform.py
[2024-03-17T12:50:09.035+0000] {processor.py:826} INFO - Processing file /opt/airflow/dags/sales_transform.py for tasks to queue
[2024-03-17T12:50:09.036+0000] {logging_mixin.py:149} INFO - [2024-03-17T12:50:09.036+0000] {dagbag.py:541} INFO - Filling up the DagBag from /opt/airflow/dags/sales_transform.py
[2024-03-17T12:50:09.062+0000] {processor.py:836} INFO - DAG(s) dict_keys(['Sales_ETL']) retrieved from /opt/airflow/dags/sales_transform.py
[2024-03-17T12:50:09.107+0000] {logging_mixin.py:149} INFO - [2024-03-17T12:50:09.107+0000] {dag.py:2726} INFO - Sync 1 DAGs
[2024-03-17T12:50:09.308+0000] {logging_mixin.py:149} INFO - [2024-03-17T12:50:09.308+0000] {dag.py:3490} INFO - Setting next_dagrun for Sales_ETL to 2024-03-17T10:16:40.100754+00:00, run_after=2024-03-18T10:16:40.100754+00:00
[2024-03-17T12:50:14.723+0000] {processor.py:179} INFO - Processing /opt/airflow/dags/sales_transform.py took 5.692 seconds
[2024-03-17T12:50:44.975+0000] {processor.py:157} INFO - Started process (PID=102) to work on /opt/airflow/dags/sales_transform.py
[2024-03-17T12:50:44.976+0000] {processor.py:826} INFO - Processing file /opt/airflow/dags/sales_transform.py for tasks to queue
[2024-03-17T12:50:44.977+0000] {logging_mixin.py:149} INFO - [2024-03-17T12:50:44.977+0000] {dagbag.py:541} INFO - Filling up the DagBag from /opt/airflow/dags/sales_transform.py
[2024-03-17T12:50:45.004+0000] {processor.py:836} INFO - DAG(s) dict_keys(['Sales_ETL']) retrieved from /opt/airflow/dags/sales_transform.py
[2024-03-17T12:50:45.207+0000] {logging_mixin.py:149} INFO - [2024-03-17T12:50:45.207+0000] {dag.py:2726} INFO - Sync 1 DAGs
[2024-03-17T12:50:45.229+0000] {logging_mixin.py:149} INFO - [2024-03-17T12:50:45.229+0000] {dag.py:3490} INFO - Setting next_dagrun for Sales_ETL to 2024-03-17T10:16:40.100754+00:00, run_after=2024-03-18T10:16:40.100754+00:00
[2024-03-17T12:50:46.255+0000] {processor.py:179} INFO - Processing /opt/airflow/dags/sales_transform.py took 1.285 seconds
[2024-03-17T12:51:16.486+0000] {processor.py:157} INFO - Started process (PID=129) to work on /opt/airflow/dags/sales_transform.py
[2024-03-17T12:51:16.487+0000] {processor.py:826} INFO - Processing file /opt/airflow/dags/sales_transform.py for tasks to queue
[2024-03-17T12:51:16.488+0000] {logging_mixin.py:149} INFO - [2024-03-17T12:51:16.488+0000] {dagbag.py:541} INFO - Filling up the DagBag from /opt/airflow/dags/sales_transform.py
[2024-03-17T12:51:16.640+0000] {processor.py:836} INFO - DAG(s) dict_keys(['Sales_ETL']) retrieved from /opt/airflow/dags/sales_transform.py
[2024-03-17T12:51:16.664+0000] {logging_mixin.py:149} INFO - [2024-03-17T12:51:16.664+0000] {dag.py:2726} INFO - Sync 1 DAGs
[2024-03-17T12:51:16.685+0000] {logging_mixin.py:149} INFO - [2024-03-17T12:51:16.685+0000] {dag.py:3490} INFO - Setting next_dagrun for Sales_ETL to 2024-03-17T10:16:40.100754+00:00, run_after=2024-03-18T10:16:40.100754+00:00
[2024-03-17T12:51:16.734+0000] {processor.py:179} INFO - Processing /opt/airflow/dags/sales_transform.py took 0.252 seconds
[2024-03-17T12:51:47.440+0000] {processor.py:157} INFO - Started process (PID=151) to work on /opt/airflow/dags/sales_transform.py
[2024-03-17T12:51:47.440+0000] {processor.py:826} INFO - Processing file /opt/airflow/dags/sales_transform.py for tasks to queue
[2024-03-17T12:51:47.441+0000] {logging_mixin.py:149} INFO - [2024-03-17T12:51:47.441+0000] {dagbag.py:541} INFO - Filling up the DagBag from /opt/airflow/dags/sales_transform.py
[2024-03-17T12:51:47.459+0000] {processor.py:836} INFO - DAG(s) dict_keys(['Sales_ETL']) retrieved from /opt/airflow/dags/sales_transform.py
[2024-03-17T12:51:47.491+0000] {logging_mixin.py:149} INFO - [2024-03-17T12:51:47.491+0000] {dag.py:2726} INFO - Sync 1 DAGs
[2024-03-17T12:51:47.525+0000] {logging_mixin.py:149} INFO - [2024-03-17T12:51:47.525+0000] {dag.py:3490} INFO - Setting next_dagrun for Sales_ETL to 2024-03-17T10:16:40.100754+00:00, run_after=2024-03-18T10:16:40.100754+00:00
[2024-03-17T12:51:47.698+0000] {processor.py:179} INFO - Processing /opt/airflow/dags/sales_transform.py took 0.261 seconds
[2024-03-17T12:52:17.953+0000] {processor.py:157} INFO - Started process (PID=171) to work on /opt/airflow/dags/sales_transform.py
[2024-03-17T12:52:17.954+0000] {processor.py:826} INFO - Processing file /opt/airflow/dags/sales_transform.py for tasks to queue
[2024-03-17T12:52:17.955+0000] {logging_mixin.py:149} INFO - [2024-03-17T12:52:17.955+0000] {dagbag.py:541} INFO - Filling up the DagBag from /opt/airflow/dags/sales_transform.py
[2024-03-17T12:52:17.982+0000] {processor.py:836} INFO - DAG(s) dict_keys(['Sales_ETL']) retrieved from /opt/airflow/dags/sales_transform.py
[2024-03-17T12:52:18.019+0000] {logging_mixin.py:149} INFO - [2024-03-17T12:52:18.019+0000] {dag.py:2726} INFO - Sync 1 DAGs
[2024-03-17T12:52:18.045+0000] {logging_mixin.py:149} INFO - [2024-03-17T12:52:18.044+0000] {dag.py:3490} INFO - Setting next_dagrun for Sales_ETL to 2024-03-17T10:16:40.100754+00:00, run_after=2024-03-18T10:16:40.100754+00:00
[2024-03-17T12:52:18.092+0000] {processor.py:179} INFO - Processing /opt/airflow/dags/sales_transform.py took 0.143 seconds
[2024-03-17T12:52:48.349+0000] {processor.py:157} INFO - Started process (PID=200) to work on /opt/airflow/dags/sales_transform.py
[2024-03-17T12:52:48.349+0000] {processor.py:826} INFO - Processing file /opt/airflow/dags/sales_transform.py for tasks to queue
[2024-03-17T12:52:48.350+0000] {logging_mixin.py:149} INFO - [2024-03-17T12:52:48.350+0000] {dagbag.py:541} INFO - Filling up the DagBag from /opt/airflow/dags/sales_transform.py
[2024-03-17T12:52:48.371+0000] {processor.py:836} INFO - DAG(s) dict_keys(['Sales_ETL']) retrieved from /opt/airflow/dags/sales_transform.py
[2024-03-17T12:52:48.406+0000] {logging_mixin.py:149} INFO - [2024-03-17T12:52:48.405+0000] {dag.py:2726} INFO - Sync 1 DAGs
[2024-03-17T12:52:48.435+0000] {logging_mixin.py:149} INFO - [2024-03-17T12:52:48.435+0000] {dag.py:3490} INFO - Setting next_dagrun for Sales_ETL to 2024-03-17T10:16:40.100754+00:00, run_after=2024-03-18T10:16:40.100754+00:00
[2024-03-17T12:52:48.604+0000] {processor.py:179} INFO - Processing /opt/airflow/dags/sales_transform.py took 0.259 seconds
[2024-03-17T12:53:18.836+0000] {processor.py:157} INFO - Started process (PID=220) to work on /opt/airflow/dags/sales_transform.py
[2024-03-17T12:53:18.837+0000] {processor.py:826} INFO - Processing file /opt/airflow/dags/sales_transform.py for tasks to queue
[2024-03-17T12:53:18.838+0000] {logging_mixin.py:149} INFO - [2024-03-17T12:53:18.838+0000] {dagbag.py:541} INFO - Filling up the DagBag from /opt/airflow/dags/sales_transform.py
[2024-03-17T12:53:18.858+0000] {processor.py:836} INFO - DAG(s) dict_keys(['Sales_ETL']) retrieved from /opt/airflow/dags/sales_transform.py
[2024-03-17T12:53:18.888+0000] {logging_mixin.py:149} INFO - [2024-03-17T12:53:18.888+0000] {dag.py:2726} INFO - Sync 1 DAGs
[2024-03-17T12:53:18.913+0000] {logging_mixin.py:149} INFO - [2024-03-17T12:53:18.913+0000] {dag.py:3490} INFO - Setting next_dagrun for Sales_ETL to 2024-03-17T10:16:40.100754+00:00, run_after=2024-03-18T10:16:40.100754+00:00
[2024-03-17T12:53:18.960+0000] {processor.py:179} INFO - Processing /opt/airflow/dags/sales_transform.py took 0.126 seconds
[2024-03-17T20:54:24.705+0000] {processor.py:157} INFO - Started process (PID=44) to work on /opt/airflow/dags/sales_transform.py
[2024-03-17T20:54:24.734+0000] {processor.py:826} INFO - Processing file /opt/airflow/dags/sales_transform.py for tasks to queue
[2024-03-17T20:54:24.736+0000] {logging_mixin.py:149} INFO - [2024-03-17T20:54:24.736+0000] {dagbag.py:541} INFO - Filling up the DagBag from /opt/airflow/dags/sales_transform.py
[2024-03-17T20:54:24.791+0000] {logging_mixin.py:149} INFO - [2024-03-17T20:54:24.784+0000] {dagbag.py:350} ERROR - Failed to import: /opt/airflow/dags/sales_transform.py
Traceback (most recent call last):
  File "/home/airflow/.local/lib/python3.7/site-packages/airflow/models/dagbag.py", line 346, in parse
    loader.exec_module(new_module)
  File "<frozen importlib._bootstrap_external>", line 728, in exec_module
  File "<frozen importlib._bootstrap>", line 219, in _call_with_frames_removed
  File "/opt/airflow/dags/sales_transform.py", line 30, in <module>
    sales_data_transform > books_data_transform
  File "/home/airflow/.local/lib/python3.7/site-packages/airflow/models/baseoperator.py", line 1035, in __gt__
    raise TypeError(f"Left hand side ({obj}) is not an outlet")
TypeError: Left hand side (<Task(BashOperator): books_data_transform>) is not an outlet
[2024-03-17T20:54:24.792+0000] {processor.py:838} WARNING - No viable dags retrieved from /opt/airflow/dags/sales_transform.py
[2024-03-17T20:54:24.877+0000] {processor.py:179} INFO - Processing /opt/airflow/dags/sales_transform.py took 0.195 seconds
[2024-03-17T20:54:55.347+0000] {processor.py:157} INFO - Started process (PID=73) to work on /opt/airflow/dags/sales_transform.py
[2024-03-17T20:54:55.353+0000] {processor.py:826} INFO - Processing file /opt/airflow/dags/sales_transform.py for tasks to queue
[2024-03-17T20:54:55.354+0000] {logging_mixin.py:149} INFO - [2024-03-17T20:54:55.354+0000] {dagbag.py:541} INFO - Filling up the DagBag from /opt/airflow/dags/sales_transform.py
[2024-03-17T20:54:55.378+0000] {logging_mixin.py:149} INFO - [2024-03-17T20:54:55.374+0000] {dagbag.py:350} ERROR - Failed to import: /opt/airflow/dags/sales_transform.py
Traceback (most recent call last):
  File "/home/airflow/.local/lib/python3.7/site-packages/airflow/models/dagbag.py", line 346, in parse
    loader.exec_module(new_module)
  File "<frozen importlib._bootstrap_external>", line 728, in exec_module
  File "<frozen importlib._bootstrap>", line 219, in _call_with_frames_removed
  File "/opt/airflow/dags/sales_transform.py", line 30, in <module>
    sales_data_transform > books_data_transform
  File "/home/airflow/.local/lib/python3.7/site-packages/airflow/models/baseoperator.py", line 1035, in __gt__
    raise TypeError(f"Left hand side ({obj}) is not an outlet")
TypeError: Left hand side (<Task(BashOperator): books_data_transform>) is not an outlet
[2024-03-17T20:54:55.379+0000] {processor.py:838} WARNING - No viable dags retrieved from /opt/airflow/dags/sales_transform.py
[2024-03-17T20:54:55.431+0000] {processor.py:179} INFO - Processing /opt/airflow/dags/sales_transform.py took 0.086 seconds
[2024-03-17T20:55:25.692+0000] {processor.py:157} INFO - Started process (PID=93) to work on /opt/airflow/dags/sales_transform.py
[2024-03-17T20:55:25.692+0000] {processor.py:826} INFO - Processing file /opt/airflow/dags/sales_transform.py for tasks to queue
[2024-03-17T20:55:25.693+0000] {logging_mixin.py:149} INFO - [2024-03-17T20:55:25.693+0000] {dagbag.py:541} INFO - Filling up the DagBag from /opt/airflow/dags/sales_transform.py
[2024-03-17T20:55:25.709+0000] {logging_mixin.py:149} INFO - [2024-03-17T20:55:25.706+0000] {dagbag.py:350} ERROR - Failed to import: /opt/airflow/dags/sales_transform.py
Traceback (most recent call last):
  File "/home/airflow/.local/lib/python3.7/site-packages/airflow/models/dagbag.py", line 346, in parse
    loader.exec_module(new_module)
  File "<frozen importlib._bootstrap_external>", line 728, in exec_module
  File "<frozen importlib._bootstrap>", line 219, in _call_with_frames_removed
  File "/opt/airflow/dags/sales_transform.py", line 30, in <module>
    sales_data_transform > books_data_transform
  File "/home/airflow/.local/lib/python3.7/site-packages/airflow/models/baseoperator.py", line 1035, in __gt__
    raise TypeError(f"Left hand side ({obj}) is not an outlet")
TypeError: Left hand side (<Task(BashOperator): books_data_transform>) is not an outlet
[2024-03-17T20:55:25.710+0000] {processor.py:838} WARNING - No viable dags retrieved from /opt/airflow/dags/sales_transform.py
[2024-03-17T20:55:25.901+0000] {processor.py:179} INFO - Processing /opt/airflow/dags/sales_transform.py took 0.212 seconds
[2024-03-17T20:55:56.078+0000] {processor.py:157} INFO - Started process (PID=122) to work on /opt/airflow/dags/sales_transform.py
[2024-03-17T20:55:56.079+0000] {processor.py:826} INFO - Processing file /opt/airflow/dags/sales_transform.py for tasks to queue
[2024-03-17T20:55:56.080+0000] {logging_mixin.py:149} INFO - [2024-03-17T20:55:56.079+0000] {dagbag.py:541} INFO - Filling up the DagBag from /opt/airflow/dags/sales_transform.py
[2024-03-17T20:55:56.187+0000] {logging_mixin.py:149} INFO - [2024-03-17T20:55:56.182+0000] {dagbag.py:350} ERROR - Failed to import: /opt/airflow/dags/sales_transform.py
Traceback (most recent call last):
  File "/home/airflow/.local/lib/python3.7/site-packages/airflow/models/dagbag.py", line 346, in parse
    loader.exec_module(new_module)
  File "<frozen importlib._bootstrap_external>", line 728, in exec_module
  File "<frozen importlib._bootstrap>", line 219, in _call_with_frames_removed
  File "/opt/airflow/dags/sales_transform.py", line 30, in <module>
    sales_data_transform > books_data_transform
  File "/home/airflow/.local/lib/python3.7/site-packages/airflow/models/baseoperator.py", line 1035, in __gt__
    raise TypeError(f"Left hand side ({obj}) is not an outlet")
TypeError: Left hand side (<Task(BashOperator): books_data_transform>) is not an outlet
[2024-03-17T20:55:56.187+0000] {processor.py:838} WARNING - No viable dags retrieved from /opt/airflow/dags/sales_transform.py
[2024-03-17T20:55:56.847+0000] {processor.py:179} INFO - Processing /opt/airflow/dags/sales_transform.py took 0.771 seconds
[2024-03-17T20:56:17.997+0000] {processor.py:157} INFO - Started process (PID=142) to work on /opt/airflow/dags/sales_transform.py
[2024-03-17T20:56:17.998+0000] {processor.py:826} INFO - Processing file /opt/airflow/dags/sales_transform.py for tasks to queue
[2024-03-17T20:56:17.999+0000] {logging_mixin.py:149} INFO - [2024-03-17T20:56:17.999+0000] {dagbag.py:541} INFO - Filling up the DagBag from /opt/airflow/dags/sales_transform.py
[2024-03-17T20:56:18.028+0000] {processor.py:836} INFO - DAG(s) dict_keys(['Sales_ETL']) retrieved from /opt/airflow/dags/sales_transform.py
[2024-03-17T20:56:18.138+0000] {logging_mixin.py:149} INFO - [2024-03-17T20:56:18.137+0000] {dag.py:2726} INFO - Sync 1 DAGs
[2024-03-17T20:56:18.161+0000] {logging_mixin.py:149} INFO - [2024-03-17T20:56:18.161+0000] {dag.py:3490} INFO - Setting next_dagrun for Sales_ETL to 2024-03-17T10:16:40.100754+00:00, run_after=2024-03-18T10:16:40.100754+00:00
[2024-03-17T20:56:18.847+0000] {processor.py:179} INFO - Processing /opt/airflow/dags/sales_transform.py took 0.852 seconds
[2024-03-17T20:56:48.882+0000] {processor.py:157} INFO - Started process (PID=162) to work on /opt/airflow/dags/sales_transform.py
[2024-03-17T20:56:48.883+0000] {processor.py:826} INFO - Processing file /opt/airflow/dags/sales_transform.py for tasks to queue
[2024-03-17T20:56:48.883+0000] {logging_mixin.py:149} INFO - [2024-03-17T20:56:48.883+0000] {dagbag.py:541} INFO - Filling up the DagBag from /opt/airflow/dags/sales_transform.py
[2024-03-17T20:56:48.900+0000] {processor.py:836} INFO - DAG(s) dict_keys(['Sales_ETL']) retrieved from /opt/airflow/dags/sales_transform.py
[2024-03-17T20:56:48.930+0000] {logging_mixin.py:149} INFO - [2024-03-17T20:56:48.930+0000] {dag.py:2726} INFO - Sync 1 DAGs
[2024-03-17T20:56:48.956+0000] {logging_mixin.py:149} INFO - [2024-03-17T20:56:48.955+0000] {dag.py:3490} INFO - Setting next_dagrun for Sales_ETL to 2024-03-17T10:16:40.100754+00:00, run_after=2024-03-18T10:16:40.100754+00:00
[2024-03-17T20:56:49.013+0000] {processor.py:179} INFO - Processing /opt/airflow/dags/sales_transform.py took 0.136 seconds
[2024-03-17T20:57:19.126+0000] {processor.py:157} INFO - Started process (PID=191) to work on /opt/airflow/dags/sales_transform.py
[2024-03-17T20:57:19.139+0000] {processor.py:826} INFO - Processing file /opt/airflow/dags/sales_transform.py for tasks to queue
[2024-03-17T20:57:19.140+0000] {logging_mixin.py:149} INFO - [2024-03-17T20:57:19.140+0000] {dagbag.py:541} INFO - Filling up the DagBag from /opt/airflow/dags/sales_transform.py
[2024-03-17T20:57:19.177+0000] {processor.py:836} INFO - DAG(s) dict_keys(['Sales_ETL']) retrieved from /opt/airflow/dags/sales_transform.py
[2024-03-17T20:57:19.260+0000] {logging_mixin.py:149} INFO - [2024-03-17T20:57:19.260+0000] {dag.py:2726} INFO - Sync 1 DAGs
[2024-03-17T20:57:19.311+0000] {logging_mixin.py:149} INFO - [2024-03-17T20:57:19.310+0000] {dag.py:3490} INFO - Setting next_dagrun for Sales_ETL to 2024-03-17T10:16:40.100754+00:00, run_after=2024-03-18T10:16:40.100754+00:00
[2024-03-17T20:57:19.624+0000] {processor.py:179} INFO - Processing /opt/airflow/dags/sales_transform.py took 0.507 seconds
[2024-03-17T20:57:50.265+0000] {processor.py:157} INFO - Started process (PID=211) to work on /opt/airflow/dags/sales_transform.py
[2024-03-17T20:57:50.266+0000] {processor.py:826} INFO - Processing file /opt/airflow/dags/sales_transform.py for tasks to queue
[2024-03-17T20:57:50.266+0000] {logging_mixin.py:149} INFO - [2024-03-17T20:57:50.266+0000] {dagbag.py:541} INFO - Filling up the DagBag from /opt/airflow/dags/sales_transform.py
[2024-03-17T20:57:50.281+0000] {processor.py:836} INFO - DAG(s) dict_keys(['Sales_ETL']) retrieved from /opt/airflow/dags/sales_transform.py
[2024-03-17T20:57:50.306+0000] {logging_mixin.py:149} INFO - [2024-03-17T20:57:50.305+0000] {dag.py:2726} INFO - Sync 1 DAGs
[2024-03-17T20:57:50.327+0000] {logging_mixin.py:149} INFO - [2024-03-17T20:57:50.327+0000] {dag.py:3490} INFO - Setting next_dagrun for Sales_ETL to 2024-03-17T10:16:40.100754+00:00, run_after=2024-03-18T10:16:40.100754+00:00
[2024-03-17T20:57:50.545+0000] {processor.py:179} INFO - Processing /opt/airflow/dags/sales_transform.py took 0.281 seconds
[2024-03-17T20:58:20.664+0000] {processor.py:157} INFO - Started process (PID=231) to work on /opt/airflow/dags/sales_transform.py
[2024-03-17T20:58:20.665+0000] {processor.py:826} INFO - Processing file /opt/airflow/dags/sales_transform.py for tasks to queue
[2024-03-17T20:58:20.665+0000] {logging_mixin.py:149} INFO - [2024-03-17T20:58:20.665+0000] {dagbag.py:541} INFO - Filling up the DagBag from /opt/airflow/dags/sales_transform.py
[2024-03-17T20:58:20.678+0000] {processor.py:836} INFO - DAG(s) dict_keys(['Sales_ETL']) retrieved from /opt/airflow/dags/sales_transform.py
[2024-03-17T20:58:20.703+0000] {logging_mixin.py:149} INFO - [2024-03-17T20:58:20.702+0000] {dag.py:2726} INFO - Sync 1 DAGs
[2024-03-17T20:58:20.723+0000] {logging_mixin.py:149} INFO - [2024-03-17T20:58:20.723+0000] {dag.py:3490} INFO - Setting next_dagrun for Sales_ETL to 2024-03-17T10:16:40.100754+00:00, run_after=2024-03-18T10:16:40.100754+00:00
[2024-03-17T20:58:20.767+0000] {processor.py:179} INFO - Processing /opt/airflow/dags/sales_transform.py took 0.105 seconds
[2024-03-17T20:58:50.955+0000] {processor.py:157} INFO - Started process (PID=260) to work on /opt/airflow/dags/sales_transform.py
[2024-03-17T20:58:50.956+0000] {processor.py:826} INFO - Processing file /opt/airflow/dags/sales_transform.py for tasks to queue
[2024-03-17T20:58:50.956+0000] {logging_mixin.py:149} INFO - [2024-03-17T20:58:50.956+0000] {dagbag.py:541} INFO - Filling up the DagBag from /opt/airflow/dags/sales_transform.py
[2024-03-17T20:58:50.979+0000] {processor.py:836} INFO - DAG(s) dict_keys(['Sales_ETL']) retrieved from /opt/airflow/dags/sales_transform.py
[2024-03-17T20:58:51.006+0000] {logging_mixin.py:149} INFO - [2024-03-17T20:58:51.006+0000] {dag.py:2726} INFO - Sync 1 DAGs
[2024-03-17T20:58:51.029+0000] {logging_mixin.py:149} INFO - [2024-03-17T20:58:51.029+0000] {dag.py:3490} INFO - Setting next_dagrun for Sales_ETL to 2024-03-17T10:16:40.100754+00:00, run_after=2024-03-18T10:16:40.100754+00:00
[2024-03-17T20:58:51.070+0000] {processor.py:179} INFO - Processing /opt/airflow/dags/sales_transform.py took 0.117 seconds
[2024-03-17T20:59:21.252+0000] {processor.py:157} INFO - Started process (PID=280) to work on /opt/airflow/dags/sales_transform.py
[2024-03-17T20:59:21.253+0000] {processor.py:826} INFO - Processing file /opt/airflow/dags/sales_transform.py for tasks to queue
[2024-03-17T20:59:21.253+0000] {logging_mixin.py:149} INFO - [2024-03-17T20:59:21.253+0000] {dagbag.py:541} INFO - Filling up the DagBag from /opt/airflow/dags/sales_transform.py
[2024-03-17T20:59:21.266+0000] {processor.py:836} INFO - DAG(s) dict_keys(['Sales_ETL']) retrieved from /opt/airflow/dags/sales_transform.py
[2024-03-17T20:59:21.289+0000] {logging_mixin.py:149} INFO - [2024-03-17T20:59:21.289+0000] {dag.py:2726} INFO - Sync 1 DAGs
[2024-03-17T20:59:21.309+0000] {logging_mixin.py:149} INFO - [2024-03-17T20:59:21.309+0000] {dag.py:3490} INFO - Setting next_dagrun for Sales_ETL to 2024-03-17T10:16:40.100754+00:00, run_after=2024-03-18T10:16:40.100754+00:00
[2024-03-17T20:59:22.007+0000] {processor.py:179} INFO - Processing /opt/airflow/dags/sales_transform.py took 0.757 seconds
