[2024-03-18T19:42:33.175+0000] {taskinstance.py:1103} INFO - Dependencies all met for dep_context=non-requeueable deps ti=<TaskInstance: Sales_ETL.books_data_transform scheduled__2024-03-17T19:41:34.704464+00:00 [queued]>
[2024-03-18T19:42:33.184+0000] {taskinstance.py:1103} INFO - Dependencies all met for dep_context=requeueable deps ti=<TaskInstance: Sales_ETL.books_data_transform scheduled__2024-03-17T19:41:34.704464+00:00 [queued]>
[2024-03-18T19:42:33.184+0000] {taskinstance.py:1308} INFO - Starting attempt 1 of 1
[2024-03-18T19:42:33.262+0000] {taskinstance.py:1327} INFO - Executing <Task(BashOperator): books_data_transform> on 2024-03-17 19:41:34.704464+00:00
[2024-03-18T19:42:33.268+0000] {standard_task_runner.py:57} INFO - Started process 335 to run task
[2024-03-18T19:42:33.270+0000] {standard_task_runner.py:84} INFO - Running: ['***', 'tasks', 'run', 'Sales_ETL', 'books_data_transform', 'scheduled__2024-03-17T19:41:34.704464+00:00', '--job-id', '79', '--raw', '--subdir', 'DAGS_FOLDER/sales_transform.py', '--cfg-path', '/tmp/tmpzj7ss2c_']
[2024-03-18T19:42:33.271+0000] {standard_task_runner.py:85} INFO - Job 79: Subtask books_data_transform
[2024-03-18T19:42:33.345+0000] {task_command.py:410} INFO - Running <TaskInstance: Sales_ETL.books_data_transform scheduled__2024-03-17T19:41:34.704464+00:00 [running]> on host c22072d7ab03
[2024-03-18T19:42:33.491+0000] {taskinstance.py:1547} INFO - Exporting env vars: AIRFLOW_CTX_DAG_EMAIL='***@example.com' AIRFLOW_CTX_DAG_OWNER='***' AIRFLOW_CTX_DAG_ID='Sales_ETL' AIRFLOW_CTX_TASK_ID='books_data_transform' AIRFLOW_CTX_EXECUTION_DATE='2024-03-17T19:41:34.704464+00:00' AIRFLOW_CTX_TRY_NUMBER='1' AIRFLOW_CTX_DAG_RUN_ID='scheduled__2024-03-17T19:41:34.704464+00:00'
[2024-03-18T19:42:33.492+0000] {subprocess.py:63} INFO - Tmp dir root location: /tmp
[2024-03-18T19:42:33.493+0000] {subprocess.py:75} INFO - Running command: ['/bin/bash', '-c', '/opt/spark/bin/spark-submit /mnt/books_data_job.py']
[2024-03-18T19:42:33.504+0000] {subprocess.py:86} INFO - Output:
[2024-03-18T19:42:36.251+0000] {subprocess.py:93} INFO - 24/03/18 19:42:36 INFO SparkContext: Running Spark version 3.3.0
[2024-03-18T19:42:36.310+0000] {subprocess.py:93} INFO - 24/03/18 19:42:36 WARN NativeCodeLoader: Unable to load native-hadoop library for your platform... using builtin-java classes where applicable
[2024-03-18T19:42:36.385+0000] {subprocess.py:93} INFO - 24/03/18 19:42:36 INFO ResourceUtils: ==============================================================
[2024-03-18T19:42:36.385+0000] {subprocess.py:93} INFO - 24/03/18 19:42:36 INFO ResourceUtils: No custom resources configured for spark.driver.
[2024-03-18T19:42:36.386+0000] {subprocess.py:93} INFO - 24/03/18 19:42:36 INFO ResourceUtils: ==============================================================
[2024-03-18T19:42:36.386+0000] {subprocess.py:93} INFO - 24/03/18 19:42:36 INFO SparkContext: Submitted application: Sales_Pipeline
[2024-03-18T19:42:36.405+0000] {subprocess.py:93} INFO - 24/03/18 19:42:36 INFO ResourceProfile: Default ResourceProfile created, executor resources: Map(cores -> name: cores, amount: 1, script: , vendor: , memory -> name: memory, amount: 1024, script: , vendor: , offHeap -> name: offHeap, amount: 0, script: , vendor: ), task resources: Map(cpus -> name: cpus, amount: 1.0)
[2024-03-18T19:42:36.417+0000] {subprocess.py:93} INFO - 24/03/18 19:42:36 INFO ResourceProfile: Limiting resource is cpu
[2024-03-18T19:42:36.417+0000] {subprocess.py:93} INFO - 24/03/18 19:42:36 INFO ResourceProfileManager: Added ResourceProfile id: 0
[2024-03-18T19:42:36.458+0000] {subprocess.py:93} INFO - 24/03/18 19:42:36 INFO SecurityManager: Changing view acls to: ***
[2024-03-18T19:42:36.459+0000] {subprocess.py:93} INFO - 24/03/18 19:42:36 INFO SecurityManager: Changing modify acls to: ***
[2024-03-18T19:42:36.459+0000] {subprocess.py:93} INFO - 24/03/18 19:42:36 INFO SecurityManager: Changing view acls groups to:
[2024-03-18T19:42:36.459+0000] {subprocess.py:93} INFO - 24/03/18 19:42:36 INFO SecurityManager: Changing modify acls groups to:
[2024-03-18T19:42:36.459+0000] {subprocess.py:93} INFO - 24/03/18 19:42:36 INFO SecurityManager: SecurityManager: authentication disabled; ui acls disabled; users  with view permissions: Set(***); groups with view permissions: Set(); users  with modify permissions: Set(***); groups with modify permissions: Set()
[2024-03-18T19:42:36.662+0000] {subprocess.py:93} INFO - 24/03/18 19:42:36 INFO Utils: Successfully started service 'sparkDriver' on port 37335.
[2024-03-18T19:42:36.686+0000] {subprocess.py:93} INFO - 24/03/18 19:42:36 INFO SparkEnv: Registering MapOutputTracker
[2024-03-18T19:42:36.715+0000] {subprocess.py:93} INFO - 24/03/18 19:42:36 INFO SparkEnv: Registering BlockManagerMaster
[2024-03-18T19:42:36.734+0000] {subprocess.py:93} INFO - 24/03/18 19:42:36 INFO BlockManagerMasterEndpoint: Using org.apache.spark.storage.DefaultTopologyMapper for getting topology information
[2024-03-18T19:42:36.734+0000] {subprocess.py:93} INFO - 24/03/18 19:42:36 INFO BlockManagerMasterEndpoint: BlockManagerMasterEndpoint up
[2024-03-18T19:42:36.739+0000] {subprocess.py:93} INFO - 24/03/18 19:42:36 INFO SparkEnv: Registering BlockManagerMasterHeartbeat
[2024-03-18T19:42:36.758+0000] {subprocess.py:93} INFO - 24/03/18 19:42:36 INFO DiskBlockManager: Created local directory at /tmp/blockmgr-75d5f87c-a568-45b1-9557-a59f6d0e4815
[2024-03-18T19:42:36.772+0000] {subprocess.py:93} INFO - 24/03/18 19:42:36 INFO MemoryStore: MemoryStore started with capacity 434.4 MiB
[2024-03-18T19:42:36.785+0000] {subprocess.py:93} INFO - 24/03/18 19:42:36 INFO SparkEnv: Registering OutputCommitCoordinator
[2024-03-18T19:42:37.004+0000] {subprocess.py:93} INFO - 24/03/18 19:42:37 INFO Utils: Successfully started service 'SparkUI' on port 4040.
[2024-03-18T19:42:37.091+0000] {subprocess.py:93} INFO - 24/03/18 19:42:37 INFO Executor: Starting executor ID driver on host c22072d7ab03
[2024-03-18T19:42:37.096+0000] {subprocess.py:93} INFO - 24/03/18 19:42:37 INFO Executor: Starting executor with user classpath (userClassPathFirst = false): ''
[2024-03-18T19:42:37.112+0000] {subprocess.py:93} INFO - 24/03/18 19:42:37 INFO Utils: Successfully started service 'org.apache.spark.network.netty.NettyBlockTransferService' on port 40899.
[2024-03-18T19:42:37.112+0000] {subprocess.py:93} INFO - 24/03/18 19:42:37 INFO NettyBlockTransferService: Server created on c22072d7ab03:40899
[2024-03-18T19:42:37.113+0000] {subprocess.py:93} INFO - 24/03/18 19:42:37 INFO BlockManager: Using org.apache.spark.storage.RandomBlockReplicationPolicy for block replication policy
[2024-03-18T19:42:37.119+0000] {subprocess.py:93} INFO - 24/03/18 19:42:37 INFO BlockManagerMaster: Registering BlockManager BlockManagerId(driver, c22072d7ab03, 40899, None)
[2024-03-18T19:42:37.122+0000] {subprocess.py:93} INFO - 24/03/18 19:42:37 INFO BlockManagerMasterEndpoint: Registering block manager c22072d7ab03:40899 with 434.4 MiB RAM, BlockManagerId(driver, c22072d7ab03, 40899, None)
[2024-03-18T19:42:37.124+0000] {subprocess.py:93} INFO - 24/03/18 19:42:37 INFO BlockManagerMaster: Registered BlockManager BlockManagerId(driver, c22072d7ab03, 40899, None)
[2024-03-18T19:42:37.125+0000] {subprocess.py:93} INFO - 24/03/18 19:42:37 INFO BlockManager: Initialized BlockManager: BlockManagerId(driver, c22072d7ab03, 40899, None)
[2024-03-18T19:42:37.433+0000] {subprocess.py:93} INFO - 24/03/18 19:42:37 INFO SharedState: Setting hive.metastore.warehouse.dir ('null') to the value of spark.sql.warehouse.dir.
[2024-03-18T19:42:37.439+0000] {subprocess.py:93} INFO - 24/03/18 19:42:37 INFO SharedState: Warehouse path is 'file:/tmp/***tmp_s4ak5mb/spark-warehouse'.
[2024-03-18T19:42:38.122+0000] {subprocess.py:93} INFO - 24/03/18 19:42:38 INFO InMemoryFileIndex: It took 37 ms to list leaf files for 1 paths.
[2024-03-18T19:42:38.185+0000] {subprocess.py:93} INFO - 24/03/18 19:42:38 INFO InMemoryFileIndex: It took 5 ms to list leaf files for 1 paths.
[2024-03-18T19:42:39.908+0000] {subprocess.py:93} INFO - 24/03/18 19:42:39 INFO FileSourceStrategy: Pushed Filters:
[2024-03-18T19:42:39.910+0000] {subprocess.py:93} INFO - 24/03/18 19:42:39 INFO FileSourceStrategy: Post-Scan Filters: (length(trim(value#0, None)) > 0)
[2024-03-18T19:42:39.913+0000] {subprocess.py:93} INFO - 24/03/18 19:42:39 INFO FileSourceStrategy: Output Data Schema: struct<value: string>
[2024-03-18T19:42:40.524+0000] {subprocess.py:93} INFO - 24/03/18 19:42:40 INFO CodeGenerator: Code generated in 176.085598 ms
[2024-03-18T19:42:40.584+0000] {subprocess.py:93} INFO - 24/03/18 19:42:40 INFO MemoryStore: Block broadcast_0 stored as values in memory (estimated size 199.3 KiB, free 434.2 MiB)
[2024-03-18T19:42:40.648+0000] {subprocess.py:93} INFO - 24/03/18 19:42:40 INFO MemoryStore: Block broadcast_0_piece0 stored as bytes in memory (estimated size 33.9 KiB, free 434.2 MiB)
[2024-03-18T19:42:40.652+0000] {subprocess.py:93} INFO - 24/03/18 19:42:40 INFO BlockManagerInfo: Added broadcast_0_piece0 in memory on c22072d7ab03:40899 (size: 33.9 KiB, free: 434.4 MiB)
[2024-03-18T19:42:40.656+0000] {subprocess.py:93} INFO - 24/03/18 19:42:40 INFO SparkContext: Created broadcast 0 from load at NativeMethodAccessorImpl.java:0
[2024-03-18T19:42:40.665+0000] {subprocess.py:93} INFO - 24/03/18 19:42:40 INFO FileSourceScanExec: Planning scan with bin packing, max size: 15461929 bytes, open cost is considered as scanning 4194304 bytes.
[2024-03-18T19:42:40.786+0000] {subprocess.py:93} INFO - 24/03/18 19:42:40 INFO SparkContext: Starting job: load at NativeMethodAccessorImpl.java:0
[2024-03-18T19:42:40.800+0000] {subprocess.py:93} INFO - 24/03/18 19:42:40 INFO DAGScheduler: Got job 0 (load at NativeMethodAccessorImpl.java:0) with 1 output partitions
[2024-03-18T19:42:40.801+0000] {subprocess.py:93} INFO - 24/03/18 19:42:40 INFO DAGScheduler: Final stage: ResultStage 0 (load at NativeMethodAccessorImpl.java:0)
[2024-03-18T19:42:40.802+0000] {subprocess.py:93} INFO - 24/03/18 19:42:40 INFO DAGScheduler: Parents of final stage: List()
[2024-03-18T19:42:40.807+0000] {subprocess.py:93} INFO - 24/03/18 19:42:40 INFO DAGScheduler: Missing parents: List()
[2024-03-18T19:42:40.811+0000] {subprocess.py:93} INFO - 24/03/18 19:42:40 INFO DAGScheduler: Submitting ResultStage 0 (MapPartitionsRDD[3] at load at NativeMethodAccessorImpl.java:0), which has no missing parents
[2024-03-18T19:42:40.890+0000] {subprocess.py:93} INFO - 24/03/18 19:42:40 INFO MemoryStore: Block broadcast_1 stored as values in memory (estimated size 11.8 KiB, free 434.2 MiB)
[2024-03-18T19:42:40.895+0000] {subprocess.py:93} INFO - 24/03/18 19:42:40 INFO MemoryStore: Block broadcast_1_piece0 stored as bytes in memory (estimated size 5.9 KiB, free 434.2 MiB)
[2024-03-18T19:42:40.896+0000] {subprocess.py:93} INFO - 24/03/18 19:42:40 INFO BlockManagerInfo: Added broadcast_1_piece0 in memory on c22072d7ab03:40899 (size: 5.9 KiB, free: 434.4 MiB)
[2024-03-18T19:42:40.897+0000] {subprocess.py:93} INFO - 24/03/18 19:42:40 INFO SparkContext: Created broadcast 1 from broadcast at DAGScheduler.scala:1513
[2024-03-18T19:42:40.918+0000] {subprocess.py:93} INFO - 24/03/18 19:42:40 INFO DAGScheduler: Submitting 1 missing tasks from ResultStage 0 (MapPartitionsRDD[3] at load at NativeMethodAccessorImpl.java:0) (first 15 tasks are for partitions Vector(0))
[2024-03-18T19:42:40.919+0000] {subprocess.py:93} INFO - 24/03/18 19:42:40 INFO TaskSchedulerImpl: Adding task set 0.0 with 1 tasks resource profile 0
[2024-03-18T19:42:40.967+0000] {subprocess.py:93} INFO - 24/03/18 19:42:40 INFO TaskSetManager: Starting task 0.0 in stage 0.0 (TID 0) (c22072d7ab03, executor driver, partition 0, PROCESS_LOCAL, 4915 bytes) taskResourceAssignments Map()
[2024-03-18T19:42:40.983+0000] {subprocess.py:93} INFO - 24/03/18 19:42:40 INFO Executor: Running task 0.0 in stage 0.0 (TID 0)
[2024-03-18T19:42:41.118+0000] {subprocess.py:93} INFO - 24/03/18 19:42:41 INFO FileScanRDD: Reading File path: file:///opt/***/disk_data/books_data.csv, range: 0-15461929, partition values: [empty row]
[2024-03-18T19:42:41.140+0000] {subprocess.py:93} INFO - 24/03/18 19:42:41 INFO CodeGenerator: Code generated in 13.683403 ms
[2024-03-18T19:42:41.240+0000] {subprocess.py:93} INFO - 24/03/18 19:42:41 INFO Executor: Finished task 0.0 in stage 0.0 (TID 0). 1701 bytes result sent to driver
[2024-03-18T19:42:41.246+0000] {subprocess.py:93} INFO - 24/03/18 19:42:41 INFO TaskSetManager: Finished task 0.0 in stage 0.0 (TID 0) in 287 ms on c22072d7ab03 (executor driver) (1/1)
[2024-03-18T19:42:41.248+0000] {subprocess.py:93} INFO - 24/03/18 19:42:41 INFO TaskSchedulerImpl: Removed TaskSet 0.0, whose tasks have all completed, from pool
[2024-03-18T19:42:41.254+0000] {subprocess.py:93} INFO - 24/03/18 19:42:41 INFO DAGScheduler: ResultStage 0 (load at NativeMethodAccessorImpl.java:0) finished in 0.428 s
[2024-03-18T19:42:41.258+0000] {subprocess.py:93} INFO - 24/03/18 19:42:41 INFO DAGScheduler: Job 0 is finished. Cancelling potential speculative or zombie tasks for this job
[2024-03-18T19:42:41.259+0000] {subprocess.py:93} INFO - 24/03/18 19:42:41 INFO TaskSchedulerImpl: Killing all running tasks in stage 0: Stage finished
[2024-03-18T19:42:41.260+0000] {subprocess.py:93} INFO - 24/03/18 19:42:41 INFO DAGScheduler: Job 0 finished: load at NativeMethodAccessorImpl.java:0, took 0.473861 s
[2024-03-18T19:42:41.285+0000] {subprocess.py:93} INFO - 24/03/18 19:42:41 INFO CodeGenerator: Code generated in 9.978983 ms
[2024-03-18T19:42:41.339+0000] {subprocess.py:93} INFO - 24/03/18 19:42:41 INFO FileSourceStrategy: Pushed Filters:
[2024-03-18T19:42:41.340+0000] {subprocess.py:93} INFO - 24/03/18 19:42:41 INFO FileSourceStrategy: Post-Scan Filters:
[2024-03-18T19:42:41.340+0000] {subprocess.py:93} INFO - 24/03/18 19:42:41 INFO FileSourceStrategy: Output Data Schema: struct<value: string>
[2024-03-18T19:42:41.348+0000] {subprocess.py:93} INFO - 24/03/18 19:42:41 INFO MemoryStore: Block broadcast_2 stored as values in memory (estimated size 199.3 KiB, free 434.0 MiB)
[2024-03-18T19:42:41.362+0000] {subprocess.py:93} INFO - 24/03/18 19:42:41 INFO MemoryStore: Block broadcast_2_piece0 stored as bytes in memory (estimated size 33.9 KiB, free 433.9 MiB)
[2024-03-18T19:42:41.364+0000] {subprocess.py:93} INFO - 24/03/18 19:42:41 INFO BlockManagerInfo: Added broadcast_2_piece0 in memory on c22072d7ab03:40899 (size: 33.9 KiB, free: 434.3 MiB)
[2024-03-18T19:42:41.365+0000] {subprocess.py:93} INFO - 24/03/18 19:42:41 INFO SparkContext: Created broadcast 2 from load at NativeMethodAccessorImpl.java:0
[2024-03-18T19:42:41.366+0000] {subprocess.py:93} INFO - 24/03/18 19:42:41 INFO FileSourceScanExec: Planning scan with bin packing, max size: 15461929 bytes, open cost is considered as scanning 4194304 bytes.
[2024-03-18T19:42:41.443+0000] {subprocess.py:93} INFO - 24/03/18 19:42:41 INFO InMemoryFileIndex: It took 5 ms to list leaf files for 1 paths.
[2024-03-18T19:42:41.457+0000] {subprocess.py:93} INFO - 24/03/18 19:42:41 INFO InMemoryFileIndex: It took 5 ms to list leaf files for 1 paths.
[2024-03-18T19:42:41.533+0000] {subprocess.py:93} INFO - 24/03/18 19:42:41 INFO FileSourceStrategy: Pushed Filters:
[2024-03-18T19:42:41.533+0000] {subprocess.py:93} INFO - 24/03/18 19:42:41 INFO FileSourceStrategy: Post-Scan Filters: (length(trim(value#37, None)) > 0)
[2024-03-18T19:42:41.534+0000] {subprocess.py:93} INFO - 24/03/18 19:42:41 INFO FileSourceStrategy: Output Data Schema: struct<value: string>
[2024-03-18T19:42:41.544+0000] {subprocess.py:93} INFO - 24/03/18 19:42:41 INFO MemoryStore: Block broadcast_3 stored as values in memory (estimated size 199.3 KiB, free 433.7 MiB)
[2024-03-18T19:42:41.560+0000] {subprocess.py:93} INFO - 24/03/18 19:42:41 INFO MemoryStore: Block broadcast_3_piece0 stored as bytes in memory (estimated size 33.9 KiB, free 433.7 MiB)
[2024-03-18T19:42:41.567+0000] {subprocess.py:93} INFO - 24/03/18 19:42:41 INFO BlockManagerInfo: Added broadcast_3_piece0 in memory on c22072d7ab03:40899 (size: 33.9 KiB, free: 434.3 MiB)
[2024-03-18T19:42:41.573+0000] {subprocess.py:93} INFO - 24/03/18 19:42:41 INFO SparkContext: Created broadcast 3 from load at NativeMethodAccessorImpl.java:0
[2024-03-18T19:42:41.575+0000] {subprocess.py:93} INFO - 24/03/18 19:42:41 INFO FileSourceScanExec: Planning scan with bin packing, max size: 12969383 bytes, open cost is considered as scanning 4194304 bytes.
[2024-03-18T19:42:41.582+0000] {subprocess.py:93} INFO - 24/03/18 19:42:41 INFO BlockManagerInfo: Removed broadcast_1_piece0 on c22072d7ab03:40899 in memory (size: 5.9 KiB, free: 434.3 MiB)
[2024-03-18T19:42:41.589+0000] {subprocess.py:93} INFO - 24/03/18 19:42:41 INFO BlockManagerInfo: Removed broadcast_0_piece0 on c22072d7ab03:40899 in memory (size: 33.9 KiB, free: 434.3 MiB)
[2024-03-18T19:42:41.589+0000] {subprocess.py:93} INFO - 24/03/18 19:42:41 INFO SparkContext: Starting job: load at NativeMethodAccessorImpl.java:0
[2024-03-18T19:42:41.590+0000] {subprocess.py:93} INFO - 24/03/18 19:42:41 INFO DAGScheduler: Got job 1 (load at NativeMethodAccessorImpl.java:0) with 1 output partitions
[2024-03-18T19:42:41.590+0000] {subprocess.py:93} INFO - 24/03/18 19:42:41 INFO DAGScheduler: Final stage: ResultStage 1 (load at NativeMethodAccessorImpl.java:0)
[2024-03-18T19:42:41.591+0000] {subprocess.py:93} INFO - 24/03/18 19:42:41 INFO DAGScheduler: Parents of final stage: List()
[2024-03-18T19:42:41.591+0000] {subprocess.py:93} INFO - 24/03/18 19:42:41 INFO DAGScheduler: Missing parents: List()
[2024-03-18T19:42:41.592+0000] {subprocess.py:93} INFO - 24/03/18 19:42:41 INFO DAGScheduler: Submitting ResultStage 1 (MapPartitionsRDD[13] at load at NativeMethodAccessorImpl.java:0), which has no missing parents
[2024-03-18T19:42:41.595+0000] {subprocess.py:93} INFO - 24/03/18 19:42:41 INFO BlockManagerInfo: Removed broadcast_2_piece0 on c22072d7ab03:40899 in memory (size: 33.9 KiB, free: 434.4 MiB)
[2024-03-18T19:42:41.597+0000] {subprocess.py:93} INFO - 24/03/18 19:42:41 INFO MemoryStore: Block broadcast_4 stored as values in memory (estimated size 11.8 KiB, free 434.2 MiB)
[2024-03-18T19:42:41.604+0000] {subprocess.py:93} INFO - 24/03/18 19:42:41 INFO MemoryStore: Block broadcast_4_piece0 stored as bytes in memory (estimated size 5.9 KiB, free 434.2 MiB)
[2024-03-18T19:42:41.605+0000] {subprocess.py:93} INFO - 24/03/18 19:42:41 INFO BlockManagerInfo: Added broadcast_4_piece0 in memory on c22072d7ab03:40899 (size: 5.9 KiB, free: 434.4 MiB)
[2024-03-18T19:42:41.606+0000] {subprocess.py:93} INFO - 24/03/18 19:42:41 INFO SparkContext: Created broadcast 4 from broadcast at DAGScheduler.scala:1513
[2024-03-18T19:42:41.607+0000] {subprocess.py:93} INFO - 24/03/18 19:42:41 INFO DAGScheduler: Submitting 1 missing tasks from ResultStage 1 (MapPartitionsRDD[13] at load at NativeMethodAccessorImpl.java:0) (first 15 tasks are for partitions Vector(0))
[2024-03-18T19:42:41.607+0000] {subprocess.py:93} INFO - 24/03/18 19:42:41 INFO TaskSchedulerImpl: Adding task set 1.0 with 1 tasks resource profile 0
[2024-03-18T19:42:41.609+0000] {subprocess.py:93} INFO - 24/03/18 19:42:41 INFO TaskSetManager: Starting task 0.0 in stage 1.0 (TID 1) (c22072d7ab03, executor driver, partition 0, PROCESS_LOCAL, 4917 bytes) taskResourceAssignments Map()
[2024-03-18T19:42:41.610+0000] {subprocess.py:93} INFO - 24/03/18 19:42:41 INFO Executor: Running task 0.0 in stage 1.0 (TID 1)
[2024-03-18T19:42:41.618+0000] {subprocess.py:93} INFO - 24/03/18 19:42:41 INFO FileScanRDD: Reading File path: file:///opt/***/disk_data/Books_Rating.csv, range: 0-12969383, partition values: [empty row]
[2024-03-18T19:42:41.711+0000] {subprocess.py:93} INFO - 24/03/18 19:42:41 INFO Executor: Finished task 0.0 in stage 1.0 (TID 1). 1607 bytes result sent to driver
[2024-03-18T19:42:41.714+0000] {subprocess.py:93} INFO - 24/03/18 19:42:41 INFO TaskSetManager: Finished task 0.0 in stage 1.0 (TID 1) in 104 ms on c22072d7ab03 (executor driver) (1/1)
[2024-03-18T19:42:41.714+0000] {subprocess.py:93} INFO - 24/03/18 19:42:41 INFO TaskSchedulerImpl: Removed TaskSet 1.0, whose tasks have all completed, from pool
[2024-03-18T19:42:41.715+0000] {subprocess.py:93} INFO - 24/03/18 19:42:41 INFO DAGScheduler: ResultStage 1 (load at NativeMethodAccessorImpl.java:0) finished in 0.122 s
[2024-03-18T19:42:41.715+0000] {subprocess.py:93} INFO - 24/03/18 19:42:41 INFO DAGScheduler: Job 1 is finished. Cancelling potential speculative or zombie tasks for this job
[2024-03-18T19:42:41.715+0000] {subprocess.py:93} INFO - 24/03/18 19:42:41 INFO TaskSchedulerImpl: Killing all running tasks in stage 1: Stage finished
[2024-03-18T19:42:41.716+0000] {subprocess.py:93} INFO - 24/03/18 19:42:41 INFO DAGScheduler: Job 1 finished: load at NativeMethodAccessorImpl.java:0, took 0.126674 s
[2024-03-18T19:42:41.726+0000] {subprocess.py:93} INFO - 24/03/18 19:42:41 INFO BlockManagerInfo: Removed broadcast_4_piece0 on c22072d7ab03:40899 in memory (size: 5.9 KiB, free: 434.4 MiB)
[2024-03-18T19:42:41.735+0000] {subprocess.py:93} INFO - 24/03/18 19:42:41 INFO FileSourceStrategy: Pushed Filters:
[2024-03-18T19:42:41.735+0000] {subprocess.py:93} INFO - 24/03/18 19:42:41 INFO FileSourceStrategy: Post-Scan Filters:
[2024-03-18T19:42:41.736+0000] {subprocess.py:93} INFO - 24/03/18 19:42:41 INFO FileSourceStrategy: Output Data Schema: struct<value: string>
[2024-03-18T19:42:41.746+0000] {subprocess.py:93} INFO - 24/03/18 19:42:41 INFO MemoryStore: Block broadcast_5 stored as values in memory (estimated size 199.3 KiB, free 434.0 MiB)
[2024-03-18T19:42:41.755+0000] {subprocess.py:93} INFO - 24/03/18 19:42:41 INFO MemoryStore: Block broadcast_5_piece0 stored as bytes in memory (estimated size 33.9 KiB, free 433.9 MiB)
[2024-03-18T19:42:41.756+0000] {subprocess.py:93} INFO - 24/03/18 19:42:41 INFO BlockManagerInfo: Added broadcast_5_piece0 in memory on c22072d7ab03:40899 (size: 33.9 KiB, free: 434.3 MiB)
[2024-03-18T19:42:41.757+0000] {subprocess.py:93} INFO - 24/03/18 19:42:41 INFO SparkContext: Created broadcast 5 from load at NativeMethodAccessorImpl.java:0
[2024-03-18T19:42:41.758+0000] {subprocess.py:93} INFO - 24/03/18 19:42:41 INFO FileSourceScanExec: Planning scan with bin packing, max size: 12969383 bytes, open cost is considered as scanning 4194304 bytes.
[2024-03-18T19:42:43.319+0000] {subprocess.py:93} INFO - 24/03/18 19:42:43 INFO BlockManagerInfo: Removed broadcast_3_piece0 on c22072d7ab03:40899 in memory (size: 33.9 KiB, free: 434.4 MiB)
[2024-03-18T19:42:43.322+0000] {subprocess.py:93} INFO - 24/03/18 19:42:43 INFO BlockManagerInfo: Removed broadcast_5_piece0 on c22072d7ab03:40899 in memory (size: 33.9 KiB, free: 434.4 MiB)
[2024-03-18T19:42:43.374+0000] {subprocess.py:93} INFO - 24/03/18 19:42:43 INFO FileSourceStrategy: Pushed Filters: IsNotNull(Price),Not(EqualTo(Price,NULL)),Not(EqualTo(Title,NULL)),IsNotNull(Title)
[2024-03-18T19:42:43.375+0000] {subprocess.py:93} INFO - 24/03/18 19:42:43 INFO FileSourceStrategy: Post-Scan Filters: isnotnull(Price#57),NOT (Price#57 = NULL),NOT (Title#56 = NULL),isnotnull(Title#56)
[2024-03-18T19:42:43.375+0000] {subprocess.py:93} INFO - 24/03/18 19:42:43 INFO FileSourceStrategy: Output Data Schema: struct<Id: string, Title: string, Price: string, review/score: string ... 2 more fields>
[2024-03-18T19:42:43.383+0000] {subprocess.py:93} INFO - 24/03/18 19:42:43 INFO FileSourceStrategy: Pushed Filters: IsNotNull(authors),IsNotNull(categories),IsNotNull(Title),StringStartsWith(authors,[),StringEndsWith(authors,]),StringStartsWith(categories,[),StringEndsWith(categories,]),Not(EqualTo(Title,NULL))
[2024-03-18T19:42:43.384+0000] {subprocess.py:93} INFO - 24/03/18 19:42:43 INFO FileSourceStrategy: Post-Scan Filters: isnotnull(authors#19),isnotnull(categories#25),isnotnull(Title#17),StartsWith(authors#19, [),EndsWith(authors#19, ]),StartsWith(categories#25, [),EndsWith(categories#25, ]),NOT (Title#17 = NULL)
[2024-03-18T19:42:43.384+0000] {subprocess.py:93} INFO - 24/03/18 19:42:43 INFO FileSourceStrategy: Output Data Schema: struct<Title: string, authors: string, categories: string ... 1 more fields>
[2024-03-18T19:42:43.478+0000] {subprocess.py:93} INFO - 24/03/18 19:42:43 INFO CodeGenerator: Code generated in 13.304198 ms
[2024-03-18T19:42:43.482+0000] {subprocess.py:93} INFO - 24/03/18 19:42:43 INFO MemoryStore: Block broadcast_6 stored as values in memory (estimated size 199.2 KiB, free 434.2 MiB)
[2024-03-18T19:42:43.489+0000] {subprocess.py:93} INFO - 24/03/18 19:42:43 INFO MemoryStore: Block broadcast_6_piece0 stored as bytes in memory (estimated size 33.9 KiB, free 434.2 MiB)
[2024-03-18T19:42:43.490+0000] {subprocess.py:93} INFO - 24/03/18 19:42:43 INFO BlockManagerInfo: Added broadcast_6_piece0 in memory on c22072d7ab03:40899 (size: 33.9 KiB, free: 434.4 MiB)
[2024-03-18T19:42:43.491+0000] {subprocess.py:93} INFO - 24/03/18 19:42:43 INFO SparkContext: Created broadcast 6 from save at NativeMethodAccessorImpl.java:0
[2024-03-18T19:42:43.495+0000] {subprocess.py:93} INFO - 24/03/18 19:42:43 INFO FileSourceScanExec: Planning scan with bin packing, max size: 12969383 bytes, open cost is considered as scanning 4194304 bytes.
[2024-03-18T19:42:43.517+0000] {subprocess.py:93} INFO - 24/03/18 19:42:43 INFO DAGScheduler: Registering RDD 23 (save at NativeMethodAccessorImpl.java:0) as input to shuffle 0
[2024-03-18T19:42:43.521+0000] {subprocess.py:93} INFO - 24/03/18 19:42:43 INFO DAGScheduler: Got map stage job 2 (save at NativeMethodAccessorImpl.java:0) with 12 output partitions
[2024-03-18T19:42:43.521+0000] {subprocess.py:93} INFO - 24/03/18 19:42:43 INFO DAGScheduler: Final stage: ShuffleMapStage 2 (save at NativeMethodAccessorImpl.java:0)
[2024-03-18T19:42:43.521+0000] {subprocess.py:93} INFO - 24/03/18 19:42:43 INFO DAGScheduler: Parents of final stage: List()
[2024-03-18T19:42:43.522+0000] {subprocess.py:93} INFO - 24/03/18 19:42:43 INFO DAGScheduler: Missing parents: List()
[2024-03-18T19:42:43.523+0000] {subprocess.py:93} INFO - 24/03/18 19:42:43 INFO DAGScheduler: Submitting ShuffleMapStage 2 (MapPartitionsRDD[23] at save at NativeMethodAccessorImpl.java:0), which has no missing parents
[2024-03-18T19:42:43.559+0000] {subprocess.py:93} INFO - 24/03/18 19:42:43 INFO MemoryStore: Block broadcast_7 stored as values in memory (estimated size 17.9 KiB, free 434.2 MiB)
[2024-03-18T19:42:43.568+0000] {subprocess.py:93} INFO - 24/03/18 19:42:43 INFO MemoryStore: Block broadcast_7_piece0 stored as bytes in memory (estimated size 8.7 KiB, free 434.1 MiB)
[2024-03-18T19:42:43.570+0000] {subprocess.py:93} INFO - 24/03/18 19:42:43 INFO BlockManagerInfo: Added broadcast_7_piece0 in memory on c22072d7ab03:40899 (size: 8.7 KiB, free: 434.4 MiB)
[2024-03-18T19:42:43.570+0000] {subprocess.py:93} INFO - 24/03/18 19:42:43 INFO SparkContext: Created broadcast 7 from broadcast at DAGScheduler.scala:1513
[2024-03-18T19:42:43.572+0000] {subprocess.py:93} INFO - 24/03/18 19:42:43 INFO DAGScheduler: Submitting 12 missing tasks from ShuffleMapStage 2 (MapPartitionsRDD[23] at save at NativeMethodAccessorImpl.java:0) (first 15 tasks are for partitions Vector(0, 1, 2, 3, 4, 5, 6, 7, 8, 9, 10, 11))
[2024-03-18T19:42:43.573+0000] {subprocess.py:93} INFO - 24/03/18 19:42:43 INFO TaskSchedulerImpl: Adding task set 2.0 with 12 tasks resource profile 0
[2024-03-18T19:42:43.575+0000] {subprocess.py:93} INFO - 24/03/18 19:42:43 INFO TaskSetManager: Starting task 0.0 in stage 2.0 (TID 2) (c22072d7ab03, executor driver, partition 0, PROCESS_LOCAL, 4906 bytes) taskResourceAssignments Map()
[2024-03-18T19:42:43.576+0000] {subprocess.py:93} INFO - 24/03/18 19:42:43 INFO TaskSetManager: Starting task 1.0 in stage 2.0 (TID 3) (c22072d7ab03, executor driver, partition 1, PROCESS_LOCAL, 4906 bytes) taskResourceAssignments Map()
[2024-03-18T19:42:43.576+0000] {subprocess.py:93} INFO - 24/03/18 19:42:43 INFO TaskSetManager: Starting task 2.0 in stage 2.0 (TID 4) (c22072d7ab03, executor driver, partition 2, PROCESS_LOCAL, 4906 bytes) taskResourceAssignments Map()
[2024-03-18T19:42:43.576+0000] {subprocess.py:93} INFO - 24/03/18 19:42:43 INFO CodeGenerator: Code generated in 37.202614 ms
[2024-03-18T19:42:43.577+0000] {subprocess.py:93} INFO - 24/03/18 19:42:43 INFO TaskSetManager: Starting task 3.0 in stage 2.0 (TID 5) (c22072d7ab03, executor driver, partition 3, PROCESS_LOCAL, 4906 bytes) taskResourceAssignments Map()
[2024-03-18T19:42:43.577+0000] {subprocess.py:93} INFO - 24/03/18 19:42:43 INFO TaskSetManager: Starting task 4.0 in stage 2.0 (TID 6) (c22072d7ab03, executor driver, partition 4, PROCESS_LOCAL, 4906 bytes) taskResourceAssignments Map()
[2024-03-18T19:42:43.577+0000] {subprocess.py:93} INFO - 24/03/18 19:42:43 INFO TaskSetManager: Starting task 5.0 in stage 2.0 (TID 7) (c22072d7ab03, executor driver, partition 5, PROCESS_LOCAL, 4906 bytes) taskResourceAssignments Map()
[2024-03-18T19:42:43.578+0000] {subprocess.py:93} INFO - 24/03/18 19:42:43 INFO TaskSetManager: Starting task 6.0 in stage 2.0 (TID 8) (c22072d7ab03, executor driver, partition 6, PROCESS_LOCAL, 4906 bytes) taskResourceAssignments Map()
[2024-03-18T19:42:43.578+0000] {subprocess.py:93} INFO - 24/03/18 19:42:43 INFO TaskSetManager: Starting task 7.0 in stage 2.0 (TID 9) (c22072d7ab03, executor driver, partition 7, PROCESS_LOCAL, 4906 bytes) taskResourceAssignments Map()
[2024-03-18T19:42:43.578+0000] {subprocess.py:93} INFO - 24/03/18 19:42:43 INFO TaskSetManager: Starting task 8.0 in stage 2.0 (TID 10) (c22072d7ab03, executor driver, partition 8, PROCESS_LOCAL, 4906 bytes) taskResourceAssignments Map()
[2024-03-18T19:42:43.579+0000] {subprocess.py:93} INFO - 24/03/18 19:42:43 INFO TaskSetManager: Starting task 9.0 in stage 2.0 (TID 11) (c22072d7ab03, executor driver, partition 9, PROCESS_LOCAL, 4906 bytes) taskResourceAssignments Map()
[2024-03-18T19:42:43.579+0000] {subprocess.py:93} INFO - 24/03/18 19:42:43 INFO TaskSetManager: Starting task 10.0 in stage 2.0 (TID 12) (c22072d7ab03, executor driver, partition 10, PROCESS_LOCAL, 4906 bytes) taskResourceAssignments Map()
[2024-03-18T19:42:43.580+0000] {subprocess.py:93} INFO - 24/03/18 19:42:43 INFO TaskSetManager: Starting task 11.0 in stage 2.0 (TID 13) (c22072d7ab03, executor driver, partition 11, PROCESS_LOCAL, 4906 bytes) taskResourceAssignments Map()
[2024-03-18T19:42:43.580+0000] {subprocess.py:93} INFO - 24/03/18 19:42:43 INFO Executor: Running task 0.0 in stage 2.0 (TID 2)
[2024-03-18T19:42:43.581+0000] {subprocess.py:93} INFO - 24/03/18 19:42:43 INFO MemoryStore: Block broadcast_8 stored as values in memory (estimated size 199.2 KiB, free 434.0 MiB)
[2024-03-18T19:42:43.581+0000] {subprocess.py:93} INFO - 24/03/18 19:42:43 INFO Executor: Running task 1.0 in stage 2.0 (TID 3)
[2024-03-18T19:42:43.582+0000] {subprocess.py:93} INFO - 24/03/18 19:42:43 INFO Executor: Running task 2.0 in stage 2.0 (TID 4)
[2024-03-18T19:42:43.584+0000] {subprocess.py:93} INFO - 24/03/18 19:42:43 INFO Executor: Running task 3.0 in stage 2.0 (TID 5)
[2024-03-18T19:42:43.585+0000] {subprocess.py:93} INFO - 24/03/18 19:42:43 INFO Executor: Running task 4.0 in stage 2.0 (TID 6)
[2024-03-18T19:42:43.585+0000] {subprocess.py:93} INFO - 24/03/18 19:42:43 INFO Executor: Running task 7.0 in stage 2.0 (TID 9)
[2024-03-18T19:42:43.586+0000] {subprocess.py:93} INFO - 24/03/18 19:42:43 INFO Executor: Running task 5.0 in stage 2.0 (TID 7)
[2024-03-18T19:42:43.586+0000] {subprocess.py:93} INFO - 24/03/18 19:42:43 INFO Executor: Running task 9.0 in stage 2.0 (TID 11)
[2024-03-18T19:42:43.586+0000] {subprocess.py:93} INFO - 24/03/18 19:42:43 INFO Executor: Running task 6.0 in stage 2.0 (TID 8)
[2024-03-18T19:42:43.587+0000] {subprocess.py:93} INFO - 24/03/18 19:42:43 INFO Executor: Running task 8.0 in stage 2.0 (TID 10)
[2024-03-18T19:42:43.591+0000] {subprocess.py:93} INFO - 24/03/18 19:42:43 INFO Executor: Running task 10.0 in stage 2.0 (TID 12)
[2024-03-18T19:42:43.592+0000] {subprocess.py:93} INFO - 24/03/18 19:42:43 INFO Executor: Running task 11.0 in stage 2.0 (TID 13)
[2024-03-18T19:42:43.600+0000] {subprocess.py:93} INFO - 24/03/18 19:42:43 INFO MemoryStore: Block broadcast_8_piece0 stored as bytes in memory (estimated size 33.9 KiB, free 433.9 MiB)
[2024-03-18T19:42:43.602+0000] {subprocess.py:93} INFO - 24/03/18 19:42:43 INFO BlockManagerInfo: Added broadcast_8_piece0 in memory on c22072d7ab03:40899 (size: 33.9 KiB, free: 434.3 MiB)
[2024-03-18T19:42:43.610+0000] {subprocess.py:93} INFO - 24/03/18 19:42:43 INFO SparkContext: Created broadcast 8 from save at NativeMethodAccessorImpl.java:0
[2024-03-18T19:42:43.620+0000] {subprocess.py:93} INFO - 24/03/18 19:42:43 INFO FileSourceScanExec: Planning scan with bin packing, max size: 15461929 bytes, open cost is considered as scanning 4194304 bytes.
[2024-03-18T19:42:43.633+0000] {subprocess.py:93} INFO - 24/03/18 19:42:43 INFO DAGScheduler: Registering RDD 27 (save at NativeMethodAccessorImpl.java:0) as input to shuffle 1
[2024-03-18T19:42:43.633+0000] {subprocess.py:93} INFO - 24/03/18 19:42:43 INFO DAGScheduler: Got map stage job 3 (save at NativeMethodAccessorImpl.java:0) with 12 output partitions
[2024-03-18T19:42:43.634+0000] {subprocess.py:93} INFO - 24/03/18 19:42:43 INFO DAGScheduler: Final stage: ShuffleMapStage 3 (save at NativeMethodAccessorImpl.java:0)
[2024-03-18T19:42:43.634+0000] {subprocess.py:93} INFO - 24/03/18 19:42:43 INFO DAGScheduler: Parents of final stage: List()
[2024-03-18T19:42:43.634+0000] {subprocess.py:93} INFO - 24/03/18 19:42:43 INFO DAGScheduler: Missing parents: List()
[2024-03-18T19:42:43.635+0000] {subprocess.py:93} INFO - 24/03/18 19:42:43 INFO DAGScheduler: Submitting ShuffleMapStage 3 (MapPartitionsRDD[27] at save at NativeMethodAccessorImpl.java:0), which has no missing parents
[2024-03-18T19:42:43.646+0000] {subprocess.py:93} INFO - 24/03/18 19:42:43 INFO MemoryStore: Block broadcast_9 stored as values in memory (estimated size 23.4 KiB, free 433.9 MiB)
[2024-03-18T19:42:43.653+0000] {subprocess.py:93} INFO - 24/03/18 19:42:43 INFO MemoryStore: Block broadcast_9_piece0 stored as bytes in memory (estimated size 10.2 KiB, free 433.9 MiB)
[2024-03-18T19:42:43.654+0000] {subprocess.py:93} INFO - 24/03/18 19:42:43 INFO BlockManagerInfo: Added broadcast_9_piece0 in memory on c22072d7ab03:40899 (size: 10.2 KiB, free: 434.3 MiB)
[2024-03-18T19:42:43.655+0000] {subprocess.py:93} INFO - 24/03/18 19:42:43 INFO SparkContext: Created broadcast 9 from broadcast at DAGScheduler.scala:1513
[2024-03-18T19:42:43.656+0000] {subprocess.py:93} INFO - 24/03/18 19:42:43 INFO DAGScheduler: Submitting 12 missing tasks from ShuffleMapStage 3 (MapPartitionsRDD[27] at save at NativeMethodAccessorImpl.java:0) (first 15 tasks are for partitions Vector(0, 1, 2, 3, 4, 5, 6, 7, 8, 9, 10, 11))
[2024-03-18T19:42:43.656+0000] {subprocess.py:93} INFO - 24/03/18 19:42:43 INFO TaskSchedulerImpl: Adding task set 3.0 with 12 tasks resource profile 0
[2024-03-18T19:42:43.663+0000] {subprocess.py:93} INFO - 24/03/18 19:42:43 INFO CodeGenerator: Code generated in 17.745595 ms
[2024-03-18T19:42:43.680+0000] {subprocess.py:93} INFO - 24/03/18 19:42:43 INFO FileScanRDD: Reading File path: file:///opt/***/disk_data/Books_Rating.csv, range: 90785681-103755064, partition values: [empty row]
[2024-03-18T19:42:43.681+0000] {subprocess.py:93} INFO - 24/03/18 19:42:43 INFO FileScanRDD: Reading File path: file:///opt/***/disk_data/Books_Rating.csv, range: 116724447-129693830, partition values: [empty row]
[2024-03-18T19:42:43.683+0000] {subprocess.py:93} INFO - 24/03/18 19:42:43 INFO FileScanRDD: Reading File path: file:///opt/***/disk_data/Books_Rating.csv, range: 12969383-25938766, partition values: [empty row]
[2024-03-18T19:42:43.684+0000] {subprocess.py:93} INFO - 24/03/18 19:42:43 INFO FileScanRDD: Reading File path: file:///opt/***/disk_data/Books_Rating.csv, range: 64846915-77816298, partition values: [empty row]
[2024-03-18T19:42:43.684+0000] {subprocess.py:93} INFO - 24/03/18 19:42:43 INFO FileScanRDD: Reading File path: file:///opt/***/disk_data/Books_Rating.csv, range: 77816298-90785681, partition values: [empty row]
[2024-03-18T19:42:43.684+0000] {subprocess.py:93} INFO - 24/03/18 19:42:43 INFO FileScanRDD: Reading File path: file:///opt/***/disk_data/Books_Rating.csv, range: 51877532-64846915, partition values: [empty row]
[2024-03-18T19:42:43.685+0000] {subprocess.py:93} INFO - 24/03/18 19:42:43 INFO FileScanRDD: Reading File path: file:///opt/***/disk_data/Books_Rating.csv, range: 103755064-116724447, partition values: [empty row]
[2024-03-18T19:42:43.685+0000] {subprocess.py:93} INFO - 24/03/18 19:42:43 INFO FileScanRDD: Reading File path: file:///opt/***/disk_data/Books_Rating.csv, range: 0-12969383, partition values: [empty row]
[2024-03-18T19:42:43.686+0000] {subprocess.py:93} INFO - 24/03/18 19:42:43 INFO FileScanRDD: Reading File path: file:///opt/***/disk_data/Books_Rating.csv, range: 129693830-142663213, partition values: [empty row]
[2024-03-18T19:42:43.688+0000] {subprocess.py:93} INFO - 24/03/18 19:42:43 INFO FileScanRDD: Reading File path: file:///opt/***/disk_data/Books_Rating.csv, range: 25938766-38908149, partition values: [empty row]
[2024-03-18T19:42:43.688+0000] {subprocess.py:93} INFO - 24/03/18 19:42:43 INFO FileScanRDD: Reading File path: file:///opt/***/disk_data/Books_Rating.csv, range: 142663213-151438303, partition values: [empty row]
[2024-03-18T19:42:43.689+0000] {subprocess.py:93} INFO - 24/03/18 19:42:43 INFO FileScanRDD: Reading File path: file:///opt/***/disk_data/Books_Rating.csv, range: 38908149-51877532, partition values: [empty row]
[2024-03-18T19:42:43.694+0000] {subprocess.py:93} INFO - 24/03/18 19:42:43 INFO CodeGenerator: Code generated in 11.336971 ms
[2024-03-18T19:42:43.730+0000] {subprocess.py:93} INFO - 24/03/18 19:42:43 INFO CodeGenerator: Code generated in 8.067266 ms
[2024-03-18T19:42:43.740+0000] {subprocess.py:93} INFO - 24/03/18 19:42:43 INFO CodeGenerator: Code generated in 6.175204 ms
[2024-03-18T19:42:52.843+0000] {subprocess.py:93} INFO - 24/03/18 19:42:52 INFO Executor: Finished task 11.0 in stage 2.0 (TID 13). 2084 bytes result sent to driver
[2024-03-18T19:42:52.847+0000] {subprocess.py:93} INFO - 24/03/18 19:42:52 INFO TaskSetManager: Starting task 0.0 in stage 3.0 (TID 14) (c22072d7ab03, executor driver, partition 0, PROCESS_LOCAL, 4904 bytes) taskResourceAssignments Map()
[2024-03-18T19:42:52.848+0000] {subprocess.py:93} INFO - 24/03/18 19:42:52 INFO Executor: Running task 0.0 in stage 3.0 (TID 14)
[2024-03-18T19:42:52.849+0000] {subprocess.py:93} INFO - 24/03/18 19:42:52 INFO TaskSetManager: Finished task 11.0 in stage 2.0 (TID 13) in 9267 ms on c22072d7ab03 (executor driver) (1/12)
[2024-03-18T19:42:52.864+0000] {subprocess.py:93} INFO - 24/03/18 19:42:52 INFO CodeGenerator: Code generated in 8.445025 ms
[2024-03-18T19:42:52.914+0000] {subprocess.py:93} INFO - 24/03/18 19:42:52 INFO FileScanRDD: Reading File path: file:///opt/***/disk_data/books_data.csv, range: 0-15461929, partition values: [empty row]
[2024-03-18T19:42:52.916+0000] {subprocess.py:93} INFO - 24/03/18 19:42:52 INFO CodeGenerator: Code generated in 6.4578 ms
[2024-03-18T19:42:52.918+0000] {subprocess.py:93} INFO - 24/03/18 19:42:52 INFO CodeGenerator: Code generated in 4.640081 ms
[2024-03-18T19:42:52.923+0000] {subprocess.py:93} INFO - 24/03/18 19:42:52 INFO CodeGenerator: Code generated in 8.159708 ms
[2024-03-18T19:42:52.930+0000] {subprocess.py:93} INFO - 24/03/18 19:42:52 INFO CodeGenerator: Code generated in 9.501412 ms
[2024-03-18T19:42:54.465+0000] {subprocess.py:93} INFO - 24/03/18 19:42:54 INFO Executor: Finished task 3.0 in stage 2.0 (TID 5). 2084 bytes result sent to driver
[2024-03-18T19:42:54.488+0000] {subprocess.py:93} INFO - 24/03/18 19:42:54 INFO TaskSetManager: Starting task 1.0 in stage 3.0 (TID 15) (c22072d7ab03, executor driver, partition 1, PROCESS_LOCAL, 4904 bytes) taskResourceAssignments Map()
[2024-03-18T19:42:54.494+0000] {subprocess.py:93} INFO - 24/03/18 19:42:54 INFO TaskSetManager: Finished task 3.0 in stage 2.0 (TID 5) in 10892 ms on c22072d7ab03 (executor driver) (2/12)
[2024-03-18T19:42:54.495+0000] {subprocess.py:93} INFO - 24/03/18 19:42:54 INFO Executor: Running task 1.0 in stage 3.0 (TID 15)
[2024-03-18T19:42:54.495+0000] {subprocess.py:93} INFO - 24/03/18 19:42:54 INFO FileScanRDD: Reading File path: file:///opt/***/disk_data/books_data.csv, range: 15461929-30923858, partition values: [empty row]
[2024-03-18T19:42:54.695+0000] {subprocess.py:93} INFO - 24/03/18 19:42:54 INFO Executor: Finished task 5.0 in stage 2.0 (TID 7). 2084 bytes result sent to driver
[2024-03-18T19:42:54.708+0000] {subprocess.py:93} INFO - 24/03/18 19:42:54 INFO TaskSetManager: Starting task 2.0 in stage 3.0 (TID 16) (c22072d7ab03, executor driver, partition 2, PROCESS_LOCAL, 4904 bytes) taskResourceAssignments Map()
[2024-03-18T19:42:54.710+0000] {subprocess.py:93} INFO - 24/03/18 19:42:54 INFO TaskSetManager: Finished task 5.0 in stage 2.0 (TID 7) in 11119 ms on c22072d7ab03 (executor driver) (3/12)
[2024-03-18T19:42:54.711+0000] {subprocess.py:93} INFO - 24/03/18 19:42:54 INFO Executor: Running task 2.0 in stage 3.0 (TID 16)
[2024-03-18T19:42:54.712+0000] {subprocess.py:93} INFO - 24/03/18 19:42:54 INFO FileScanRDD: Reading File path: file:///opt/***/disk_data/books_data.csv, range: 30923858-46385787, partition values: [empty row]
[2024-03-18T19:42:54.836+0000] {subprocess.py:93} INFO - 24/03/18 19:42:54 INFO Executor: Finished task 1.0 in stage 2.0 (TID 3). 2084 bytes result sent to driver
[2024-03-18T19:42:54.840+0000] {subprocess.py:93} INFO - 24/03/18 19:42:54 INFO TaskSetManager: Starting task 3.0 in stage 3.0 (TID 17) (c22072d7ab03, executor driver, partition 3, PROCESS_LOCAL, 4904 bytes) taskResourceAssignments Map()
[2024-03-18T19:42:54.878+0000] {subprocess.py:93} INFO - 24/03/18 19:42:54 INFO TaskSetManager: Finished task 1.0 in stage 2.0 (TID 3) in 11266 ms on c22072d7ab03 (executor driver) (4/12)
[2024-03-18T19:42:54.879+0000] {subprocess.py:93} INFO - 24/03/18 19:42:54 INFO Executor: Running task 3.0 in stage 3.0 (TID 17)
[2024-03-18T19:42:54.879+0000] {subprocess.py:93} INFO - 24/03/18 19:42:54 INFO FileScanRDD: Reading File path: file:///opt/***/disk_data/books_data.csv, range: 46385787-61847716, partition values: [empty row]
[2024-03-18T19:42:54.940+0000] {subprocess.py:93} INFO - 24/03/18 19:42:54 INFO Executor: Finished task 6.0 in stage 2.0 (TID 8). 2084 bytes result sent to driver
[2024-03-18T19:42:54.944+0000] {subprocess.py:93} INFO - 24/03/18 19:42:54 INFO TaskSetManager: Starting task 4.0 in stage 3.0 (TID 18) (c22072d7ab03, executor driver, partition 4, PROCESS_LOCAL, 4904 bytes) taskResourceAssignments Map()
[2024-03-18T19:42:54.946+0000] {subprocess.py:93} INFO - 24/03/18 19:42:54 INFO TaskSetManager: Finished task 6.0 in stage 2.0 (TID 8) in 11364 ms on c22072d7ab03 (executor driver) (5/12)
[2024-03-18T19:42:54.977+0000] {subprocess.py:93} INFO - 24/03/18 19:42:54 INFO Executor: Running task 4.0 in stage 3.0 (TID 18)
[2024-03-18T19:42:54.993+0000] {subprocess.py:93} INFO - 24/03/18 19:42:54 INFO FileScanRDD: Reading File path: file:///opt/***/disk_data/books_data.csv, range: 61847716-77309645, partition values: [empty row]
[2024-03-18T19:42:55.154+0000] {subprocess.py:93} INFO - 24/03/18 19:42:55 INFO Executor: Finished task 8.0 in stage 2.0 (TID 10). 2084 bytes result sent to driver
[2024-03-18T19:42:55.155+0000] {subprocess.py:93} INFO - 24/03/18 19:42:55 INFO TaskSetManager: Starting task 5.0 in stage 3.0 (TID 19) (c22072d7ab03, executor driver, partition 5, PROCESS_LOCAL, 4904 bytes) taskResourceAssignments Map()
[2024-03-18T19:42:55.156+0000] {subprocess.py:93} INFO - 24/03/18 19:42:55 INFO TaskSetManager: Finished task 8.0 in stage 2.0 (TID 10) in 11578 ms on c22072d7ab03 (executor driver) (6/12)
[2024-03-18T19:42:55.157+0000] {subprocess.py:93} INFO - 24/03/18 19:42:55 INFO Executor: Running task 5.0 in stage 3.0 (TID 19)
[2024-03-18T19:42:55.162+0000] {subprocess.py:93} INFO - 24/03/18 19:42:55 INFO FileScanRDD: Reading File path: file:///opt/***/disk_data/books_data.csv, range: 77309645-92771574, partition values: [empty row]
[2024-03-18T19:42:55.264+0000] {subprocess.py:93} INFO - 24/03/18 19:42:55 INFO Executor: Finished task 2.0 in stage 2.0 (TID 4). 2084 bytes result sent to driver
[2024-03-18T19:42:55.265+0000] {subprocess.py:93} INFO - 24/03/18 19:42:55 INFO TaskSetManager: Starting task 6.0 in stage 3.0 (TID 20) (c22072d7ab03, executor driver, partition 6, PROCESS_LOCAL, 4904 bytes) taskResourceAssignments Map()
[2024-03-18T19:42:55.266+0000] {subprocess.py:93} INFO - 24/03/18 19:42:55 INFO TaskSetManager: Finished task 2.0 in stage 2.0 (TID 4) in 11690 ms on c22072d7ab03 (executor driver) (7/12)
[2024-03-18T19:42:55.267+0000] {subprocess.py:93} INFO - 24/03/18 19:42:55 INFO Executor: Running task 6.0 in stage 3.0 (TID 20)
[2024-03-18T19:42:55.275+0000] {subprocess.py:93} INFO - 24/03/18 19:42:55 INFO FileScanRDD: Reading File path: file:///opt/***/disk_data/books_data.csv, range: 92771574-108233503, partition values: [empty row]
[2024-03-18T19:42:55.365+0000] {subprocess.py:93} INFO - 24/03/18 19:42:55 INFO Executor: Finished task 9.0 in stage 2.0 (TID 11). 2084 bytes result sent to driver
[2024-03-18T19:42:55.367+0000] {subprocess.py:93} INFO - 24/03/18 19:42:55 INFO TaskSetManager: Starting task 7.0 in stage 3.0 (TID 21) (c22072d7ab03, executor driver, partition 7, PROCESS_LOCAL, 4904 bytes) taskResourceAssignments Map()
[2024-03-18T19:42:55.368+0000] {subprocess.py:93} INFO - 24/03/18 19:42:55 INFO TaskSetManager: Finished task 9.0 in stage 2.0 (TID 11) in 11790 ms on c22072d7ab03 (executor driver) (8/12)
[2024-03-18T19:42:55.369+0000] {subprocess.py:93} INFO - 24/03/18 19:42:55 INFO Executor: Running task 7.0 in stage 3.0 (TID 21)
[2024-03-18T19:42:55.376+0000] {subprocess.py:93} INFO - 24/03/18 19:42:55 INFO FileScanRDD: Reading File path: file:///opt/***/disk_data/books_data.csv, range: 108233503-123695432, partition values: [empty row]
[2024-03-18T19:42:55.446+0000] {subprocess.py:93} INFO - 24/03/18 19:42:55 INFO Executor: Finished task 10.0 in stage 2.0 (TID 12). 2084 bytes result sent to driver
[2024-03-18T19:42:55.447+0000] {subprocess.py:93} INFO - 24/03/18 19:42:55 INFO Executor: Finished task 4.0 in stage 2.0 (TID 6). 2084 bytes result sent to driver
[2024-03-18T19:42:55.448+0000] {subprocess.py:93} INFO - 24/03/18 19:42:55 INFO TaskSetManager: Starting task 8.0 in stage 3.0 (TID 22) (c22072d7ab03, executor driver, partition 8, PROCESS_LOCAL, 4904 bytes) taskResourceAssignments Map()
[2024-03-18T19:42:55.448+0000] {subprocess.py:93} INFO - 24/03/18 19:42:55 INFO TaskSetManager: Finished task 10.0 in stage 2.0 (TID 12) in 11869 ms on c22072d7ab03 (executor driver) (9/12)
[2024-03-18T19:42:55.449+0000] {subprocess.py:93} INFO - 24/03/18 19:42:55 INFO Executor: Running task 8.0 in stage 3.0 (TID 22)
[2024-03-18T19:42:55.449+0000] {subprocess.py:93} INFO - 24/03/18 19:42:55 INFO TaskSetManager: Starting task 9.0 in stage 3.0 (TID 23) (c22072d7ab03, executor driver, partition 9, PROCESS_LOCAL, 4904 bytes) taskResourceAssignments Map()
[2024-03-18T19:42:55.450+0000] {subprocess.py:93} INFO - 24/03/18 19:42:55 INFO TaskSetManager: Finished task 4.0 in stage 2.0 (TID 6) in 11874 ms on c22072d7ab03 (executor driver) (10/12)
[2024-03-18T19:42:55.450+0000] {subprocess.py:93} INFO - 24/03/18 19:42:55 INFO Executor: Running task 9.0 in stage 3.0 (TID 23)
[2024-03-18T19:42:55.454+0000] {subprocess.py:93} INFO - 24/03/18 19:42:55 INFO FileScanRDD: Reading File path: file:///opt/***/disk_data/books_data.csv, range: 123695432-139157361, partition values: [empty row]
[2024-03-18T19:42:55.454+0000] {subprocess.py:93} INFO - 24/03/18 19:42:55 INFO FileScanRDD: Reading File path: file:///opt/***/disk_data/books_data.csv, range: 139157361-154619290, partition values: [empty row]
[2024-03-18T19:42:55.570+0000] {subprocess.py:93} INFO - 24/03/18 19:42:55 INFO Executor: Finished task 7.0 in stage 2.0 (TID 9). 2084 bytes result sent to driver
[2024-03-18T19:42:55.572+0000] {subprocess.py:93} INFO - 24/03/18 19:42:55 INFO TaskSetManager: Starting task 10.0 in stage 3.0 (TID 24) (c22072d7ab03, executor driver, partition 10, PROCESS_LOCAL, 4904 bytes) taskResourceAssignments Map()
[2024-03-18T19:42:55.573+0000] {subprocess.py:93} INFO - 24/03/18 19:42:55 INFO TaskSetManager: Finished task 7.0 in stage 2.0 (TID 9) in 11994 ms on c22072d7ab03 (executor driver) (11/12)
[2024-03-18T19:42:55.573+0000] {subprocess.py:93} INFO - 24/03/18 19:42:55 INFO Executor: Running task 10.0 in stage 3.0 (TID 24)
[2024-03-18T19:42:55.587+0000] {subprocess.py:93} INFO - 24/03/18 19:42:55 INFO FileScanRDD: Reading File path: file:///opt/***/disk_data/books_data.csv, range: 154619290-170081219, partition values: [empty row]
[2024-03-18T19:42:59.232+0000] {subprocess.py:93} INFO - 24/03/18 19:42:59 INFO Executor: Finished task 0.0 in stage 2.0 (TID 2). 2084 bytes result sent to driver
[2024-03-18T19:42:59.276+0000] {subprocess.py:93} INFO - 24/03/18 19:42:59 INFO TaskSetManager: Starting task 11.0 in stage 3.0 (TID 25) (c22072d7ab03, executor driver, partition 11, PROCESS_LOCAL, 4904 bytes) taskResourceAssignments Map()
[2024-03-18T19:42:59.277+0000] {subprocess.py:93} INFO - 24/03/18 19:42:59 INFO TaskSetManager: Finished task 0.0 in stage 2.0 (TID 2) in 15659 ms on c22072d7ab03 (executor driver) (12/12)
[2024-03-18T19:42:59.277+0000] {subprocess.py:93} INFO - 24/03/18 19:42:59 INFO Executor: Running task 11.0 in stage 3.0 (TID 25)
[2024-03-18T19:42:59.277+0000] {subprocess.py:93} INFO - 24/03/18 19:42:59 INFO TaskSchedulerImpl: Removed TaskSet 2.0, whose tasks have all completed, from pool
[2024-03-18T19:42:59.277+0000] {subprocess.py:93} INFO - 24/03/18 19:42:59 INFO DAGScheduler: ShuffleMapStage 2 (save at NativeMethodAccessorImpl.java:0) finished in 15.708 s
[2024-03-18T19:42:59.278+0000] {subprocess.py:93} INFO - 24/03/18 19:42:59 INFO DAGScheduler: looking for newly runnable stages
[2024-03-18T19:42:59.278+0000] {subprocess.py:93} INFO - 24/03/18 19:42:59 INFO DAGScheduler: running: Set(ShuffleMapStage 3)
[2024-03-18T19:42:59.278+0000] {subprocess.py:93} INFO - 24/03/18 19:42:59 INFO DAGScheduler: waiting: Set()
[2024-03-18T19:42:59.278+0000] {subprocess.py:93} INFO - 24/03/18 19:42:59 INFO DAGScheduler: failed: Set()
[2024-03-18T19:42:59.278+0000] {subprocess.py:93} INFO - 24/03/18 19:42:59 INFO FileScanRDD: Reading File path: file:///opt/***/disk_data/books_data.csv, range: 170081219-181348853, partition values: [empty row]
[2024-03-18T19:42:59.354+0000] {subprocess.py:93} INFO - 24/03/18 19:42:59 INFO ShufflePartitionsUtil: For shuffle(0), advisory target size: 67108864, actual target size 1048576, minimum partition size: 1048576
[2024-03-18T19:42:59.382+0000] {subprocess.py:93} INFO - 24/03/18 19:42:59 INFO SparkContext: Starting job: $anonfun$withThreadLocalCaptured$1 at FutureTask.java:264
[2024-03-18T19:42:59.384+0000] {subprocess.py:93} INFO - 24/03/18 19:42:59 INFO DAGScheduler: Got job 4 ($anonfun$withThreadLocalCaptured$1 at FutureTask.java:264) with 1 output partitions
[2024-03-18T19:42:59.384+0000] {subprocess.py:93} INFO - 24/03/18 19:42:59 INFO DAGScheduler: Final stage: ResultStage 5 ($anonfun$withThreadLocalCaptured$1 at FutureTask.java:264)
[2024-03-18T19:42:59.384+0000] {subprocess.py:93} INFO - 24/03/18 19:42:59 INFO DAGScheduler: Parents of final stage: List(ShuffleMapStage 4)
[2024-03-18T19:42:59.385+0000] {subprocess.py:93} INFO - 24/03/18 19:42:59 INFO DAGScheduler: Missing parents: List()
[2024-03-18T19:42:59.385+0000] {subprocess.py:93} INFO - 24/03/18 19:42:59 INFO DAGScheduler: Submitting ResultStage 5 (MapPartitionsRDD[29] at $anonfun$withThreadLocalCaptured$1 at FutureTask.java:264), which has no missing parents
[2024-03-18T19:42:59.389+0000] {subprocess.py:93} INFO - 24/03/18 19:42:59 INFO MemoryStore: Block broadcast_10 stored as values in memory (estimated size 7.2 KiB, free 433.9 MiB)
[2024-03-18T19:42:59.391+0000] {subprocess.py:93} INFO - 24/03/18 19:42:59 INFO MemoryStore: Block broadcast_10_piece0 stored as bytes in memory (estimated size 3.8 KiB, free 433.9 MiB)
[2024-03-18T19:42:59.392+0000] {subprocess.py:93} INFO - 24/03/18 19:42:59 INFO BlockManagerInfo: Added broadcast_10_piece0 in memory on c22072d7ab03:40899 (size: 3.8 KiB, free: 434.3 MiB)
[2024-03-18T19:42:59.393+0000] {subprocess.py:93} INFO - 24/03/18 19:42:59 INFO SparkContext: Created broadcast 10 from broadcast at DAGScheduler.scala:1513
[2024-03-18T19:42:59.429+0000] {subprocess.py:93} INFO - 24/03/18 19:42:59 INFO DAGScheduler: Submitting 1 missing tasks from ResultStage 5 (MapPartitionsRDD[29] at $anonfun$withThreadLocalCaptured$1 at FutureTask.java:264) (first 15 tasks are for partitions Vector(0))
[2024-03-18T19:42:59.430+0000] {subprocess.py:93} INFO - 24/03/18 19:42:59 INFO TaskSchedulerImpl: Adding task set 5.0 with 1 tasks resource profile 0
[2024-03-18T19:43:00.082+0000] {subprocess.py:93} INFO - 24/03/18 19:43:00 INFO BlockManagerInfo: Removed broadcast_7_piece0 on c22072d7ab03:40899 in memory (size: 8.7 KiB, free: 434.3 MiB)
[2024-03-18T19:43:04.830+0000] {subprocess.py:93} INFO - 24/03/18 19:43:04 INFO Executor: Finished task 0.0 in stage 3.0 (TID 14). 2084 bytes result sent to driver
[2024-03-18T19:43:04.869+0000] {subprocess.py:93} INFO - 24/03/18 19:43:04 INFO TaskSetManager: Starting task 0.0 in stage 5.0 (TID 26) (c22072d7ab03, executor driver, partition 0, NODE_LOCAL, 4469 bytes) taskResourceAssignments Map()
[2024-03-18T19:43:04.870+0000] {subprocess.py:93} INFO - 24/03/18 19:43:04 INFO TaskSetManager: Finished task 0.0 in stage 3.0 (TID 14) in 11988 ms on c22072d7ab03 (executor driver) (1/12)
[2024-03-18T19:43:04.953+0000] {subprocess.py:93} INFO - 24/03/18 19:43:04 INFO Executor: Running task 0.0 in stage 5.0 (TID 26)
[2024-03-18T19:43:04.955+0000] {subprocess.py:93} INFO - 24/03/18 19:43:04 INFO ShuffleBlockFetcherIterator: Getting 12 (512.2 KiB) non-empty blocks including 12 (512.2 KiB) local and 0 (0.0 B) host-local and 0 (0.0 B) push-merged-local and 0 (0.0 B) remote blocks
[2024-03-18T19:43:04.970+0000] {subprocess.py:93} INFO - 24/03/18 19:43:04 INFO ShuffleBlockFetcherIterator: Started 0 remote fetches in 11 ms
[2024-03-18T19:43:04.972+0000] {subprocess.py:93} INFO - 24/03/18 19:43:04 INFO Executor: Finished task 0.0 in stage 5.0 (TID 26). 372081 bytes result sent to driver
[2024-03-18T19:43:04.972+0000] {subprocess.py:93} INFO - 24/03/18 19:43:04 INFO TaskSetManager: Finished task 0.0 in stage 5.0 (TID 26) in 85 ms on c22072d7ab03 (executor driver) (1/1)
[2024-03-18T19:43:04.972+0000] {subprocess.py:93} INFO - 24/03/18 19:43:04 INFO TaskSchedulerImpl: Removed TaskSet 5.0, whose tasks have all completed, from pool
[2024-03-18T19:43:04.973+0000] {subprocess.py:93} INFO - 24/03/18 19:43:04 INFO DAGScheduler: ResultStage 5 ($anonfun$withThreadLocalCaptured$1 at FutureTask.java:264) finished in 5.528 s
[2024-03-18T19:43:04.974+0000] {subprocess.py:93} INFO - 24/03/18 19:43:04 INFO DAGScheduler: Job 4 is finished. Cancelling potential speculative or zombie tasks for this job
[2024-03-18T19:43:04.975+0000] {subprocess.py:93} INFO - 24/03/18 19:43:04 INFO TaskSchedulerImpl: Killing all running tasks in stage 5: Stage finished
[2024-03-18T19:43:04.975+0000] {subprocess.py:93} INFO - 24/03/18 19:43:04 INFO DAGScheduler: Job 4 finished: $anonfun$withThreadLocalCaptured$1 at FutureTask.java:264, took 5.533927 s
[2024-03-18T19:43:04.975+0000] {subprocess.py:93} INFO - 24/03/18 19:43:04 INFO CodeGenerator: Code generated in 6.247445 ms
[2024-03-18T19:43:04.996+0000] {subprocess.py:93} INFO - 24/03/18 19:43:04 INFO MemoryStore: Block broadcast_11 stored as values in memory (estimated size 9.0 MiB, free 424.9 MiB)
[2024-03-18T19:43:05.053+0000] {subprocess.py:93} INFO - 24/03/18 19:43:05 INFO MemoryStore: Block broadcast_11_piece0 stored as bytes in memory (estimated size 511.2 KiB, free 424.4 MiB)
[2024-03-18T19:43:05.110+0000] {subprocess.py:93} INFO - 24/03/18 19:43:05 INFO BlockManagerInfo: Added broadcast_11_piece0 in memory on c22072d7ab03:40899 (size: 511.2 KiB, free: 433.8 MiB)
[2024-03-18T19:43:05.111+0000] {subprocess.py:93} INFO - 24/03/18 19:43:05 INFO SparkContext: Created broadcast 11 from $anonfun$withThreadLocalCaptured$1 at FutureTask.java:264
[2024-03-18T19:43:05.598+0000] {subprocess.py:93} INFO - 24/03/18 19:43:05 INFO Executor: Finished task 2.0 in stage 3.0 (TID 16). 2084 bytes result sent to driver
[2024-03-18T19:43:05.645+0000] {subprocess.py:93} INFO - 24/03/18 19:43:05 INFO TaskSetManager: Finished task 2.0 in stage 3.0 (TID 16) in 10904 ms on c22072d7ab03 (executor driver) (2/12)
[2024-03-18T19:43:05.929+0000] {subprocess.py:93} INFO - 24/03/18 19:43:05 INFO Executor: Finished task 1.0 in stage 3.0 (TID 15). 2084 bytes result sent to driver
[2024-03-18T19:43:06.006+0000] {subprocess.py:93} INFO - 24/03/18 19:43:05 INFO TaskSetManager: Finished task 1.0 in stage 3.0 (TID 15) in 11464 ms on c22072d7ab03 (executor driver) (3/12)
[2024-03-18T19:43:06.487+0000] {subprocess.py:93} INFO - 24/03/18 19:43:06 INFO BlockManagerInfo: Removed broadcast_10_piece0 on c22072d7ab03:40899 in memory (size: 3.8 KiB, free: 433.8 MiB)
[2024-03-18T19:43:06.538+0000] {subprocess.py:93} INFO - 24/03/18 19:43:06 INFO Executor: Finished task 3.0 in stage 3.0 (TID 17). 2084 bytes result sent to driver
[2024-03-18T19:43:06.540+0000] {subprocess.py:93} INFO - 24/03/18 19:43:06 INFO TaskSetManager: Finished task 3.0 in stage 3.0 (TID 17) in 11700 ms on c22072d7ab03 (executor driver) (4/12)
[2024-03-18T19:43:06.607+0000] {subprocess.py:93} INFO - 24/03/18 19:43:06 INFO Executor: Finished task 6.0 in stage 3.0 (TID 20). 2084 bytes result sent to driver
[2024-03-18T19:43:06.611+0000] {subprocess.py:93} INFO - 24/03/18 19:43:06 INFO TaskSetManager: Finished task 6.0 in stage 3.0 (TID 20) in 11346 ms on c22072d7ab03 (executor driver) (5/12)
[2024-03-18T19:43:06.773+0000] {subprocess.py:93} INFO - 24/03/18 19:43:06 INFO Executor: Finished task 4.0 in stage 3.0 (TID 18). 2084 bytes result sent to driver
[2024-03-18T19:43:06.829+0000] {subprocess.py:93} INFO - 24/03/18 19:43:06 INFO TaskSetManager: Finished task 4.0 in stage 3.0 (TID 18) in 11832 ms on c22072d7ab03 (executor driver) (6/12)
[2024-03-18T19:43:06.933+0000] {subprocess.py:93} INFO - 24/03/18 19:43:06 INFO Executor: Finished task 7.0 in stage 3.0 (TID 21). 2084 bytes result sent to driver
[2024-03-18T19:43:06.934+0000] {subprocess.py:93} INFO - 24/03/18 19:43:06 INFO TaskSetManager: Finished task 7.0 in stage 3.0 (TID 21) in 11568 ms on c22072d7ab03 (executor driver) (7/12)
[2024-03-18T19:43:06.990+0000] {subprocess.py:93} INFO - 24/03/18 19:43:06 INFO Executor: Finished task 5.0 in stage 3.0 (TID 19). 2084 bytes result sent to driver
[2024-03-18T19:43:06.991+0000] {subprocess.py:93} INFO - 24/03/18 19:43:06 INFO TaskSetManager: Finished task 5.0 in stage 3.0 (TID 19) in 11836 ms on c22072d7ab03 (executor driver) (8/12)
[2024-03-18T19:43:07.078+0000] {subprocess.py:93} INFO - 24/03/18 19:43:07 INFO Executor: Finished task 10.0 in stage 3.0 (TID 24). 2084 bytes result sent to driver
[2024-03-18T19:43:07.120+0000] {subprocess.py:93} INFO - 24/03/18 19:43:07 INFO TaskSetManager: Finished task 10.0 in stage 3.0 (TID 24) in 11507 ms on c22072d7ab03 (executor driver) (9/12)
[2024-03-18T19:43:07.600+0000] {subprocess.py:93} INFO - 24/03/18 19:43:07 INFO Executor: Finished task 8.0 in stage 3.0 (TID 22). 2084 bytes result sent to driver
[2024-03-18T19:43:07.614+0000] {subprocess.py:93} INFO - 24/03/18 19:43:07 INFO TaskSetManager: Finished task 8.0 in stage 3.0 (TID 22) in 12153 ms on c22072d7ab03 (executor driver) (10/12)
[2024-03-18T19:43:07.615+0000] {subprocess.py:93} INFO - 24/03/18 19:43:07 INFO Executor: Finished task 9.0 in stage 3.0 (TID 23). 2084 bytes result sent to driver
[2024-03-18T19:43:07.615+0000] {subprocess.py:93} INFO - 24/03/18 19:43:07 INFO TaskSetManager: Finished task 9.0 in stage 3.0 (TID 23) in 12156 ms on c22072d7ab03 (executor driver) (11/12)
[2024-03-18T19:43:07.727+0000] {subprocess.py:93} INFO - 24/03/18 19:43:07 INFO Executor: Finished task 11.0 in stage 3.0 (TID 25). 2084 bytes result sent to driver
[2024-03-18T19:43:07.728+0000] {subprocess.py:93} INFO - 24/03/18 19:43:07 INFO TaskSetManager: Finished task 11.0 in stage 3.0 (TID 25) in 8495 ms on c22072d7ab03 (executor driver) (12/12)
[2024-03-18T19:43:07.728+0000] {subprocess.py:93} INFO - 24/03/18 19:43:07 INFO TaskSchedulerImpl: Removed TaskSet 3.0, whose tasks have all completed, from pool
[2024-03-18T19:43:07.729+0000] {subprocess.py:93} INFO - 24/03/18 19:43:07 INFO DAGScheduler: ShuffleMapStage 3 (save at NativeMethodAccessorImpl.java:0) finished in 24.092 s
[2024-03-18T19:43:07.729+0000] {subprocess.py:93} INFO - 24/03/18 19:43:07 INFO DAGScheduler: looking for newly runnable stages
[2024-03-18T19:43:07.729+0000] {subprocess.py:93} INFO - 24/03/18 19:43:07 INFO DAGScheduler: running: Set()
[2024-03-18T19:43:07.729+0000] {subprocess.py:93} INFO - 24/03/18 19:43:07 INFO DAGScheduler: waiting: Set()
[2024-03-18T19:43:07.730+0000] {subprocess.py:93} INFO - 24/03/18 19:43:07 INFO DAGScheduler: failed: Set()
[2024-03-18T19:43:07.734+0000] {subprocess.py:93} INFO - 24/03/18 19:43:07 INFO ShufflePartitionsUtil: For shuffle(1), advisory target size: 67108864, actual target size 1075360, minimum partition size: 1048576
[2024-03-18T19:43:07.760+0000] {subprocess.py:93} INFO - 24/03/18 19:43:07 INFO CodeGenerator: Code generated in 14.675651 ms
[2024-03-18T19:43:07.794+0000] {subprocess.py:93} INFO - 24/03/18 19:43:07 INFO SparkContext: Starting job: save at NativeMethodAccessorImpl.java:0
[2024-03-18T19:43:07.795+0000] {subprocess.py:93} INFO - 24/03/18 19:43:07 INFO DAGScheduler: Got job 5 (save at NativeMethodAccessorImpl.java:0) with 11 output partitions
[2024-03-18T19:43:07.795+0000] {subprocess.py:93} INFO - 24/03/18 19:43:07 INFO DAGScheduler: Final stage: ResultStage 7 (save at NativeMethodAccessorImpl.java:0)
[2024-03-18T19:43:07.796+0000] {subprocess.py:93} INFO - 24/03/18 19:43:07 INFO DAGScheduler: Parents of final stage: List(ShuffleMapStage 6)
[2024-03-18T19:43:07.796+0000] {subprocess.py:93} INFO - 24/03/18 19:43:07 INFO DAGScheduler: Missing parents: List()
[2024-03-18T19:43:07.797+0000] {subprocess.py:93} INFO - 24/03/18 19:43:07 INFO DAGScheduler: Submitting ResultStage 7 (MapPartitionsRDD[34] at save at NativeMethodAccessorImpl.java:0), which has no missing parents
[2024-03-18T19:43:07.863+0000] {subprocess.py:93} INFO - 24/03/18 19:43:07 INFO MemoryStore: Block broadcast_12 stored as values in memory (estimated size 51.8 KiB, free 424.4 MiB)
[2024-03-18T19:43:07.864+0000] {subprocess.py:93} INFO - 24/03/18 19:43:07 INFO MemoryStore: Block broadcast_12_piece0 stored as bytes in memory (estimated size 23.8 KiB, free 424.3 MiB)
[2024-03-18T19:43:07.865+0000] {subprocess.py:93} INFO - 24/03/18 19:43:07 INFO BlockManagerInfo: Added broadcast_12_piece0 in memory on c22072d7ab03:40899 (size: 23.8 KiB, free: 433.8 MiB)
[2024-03-18T19:43:07.865+0000] {subprocess.py:93} INFO - 24/03/18 19:43:07 INFO SparkContext: Created broadcast 12 from broadcast at DAGScheduler.scala:1513
[2024-03-18T19:43:07.866+0000] {subprocess.py:93} INFO - 24/03/18 19:43:07 INFO DAGScheduler: Submitting 11 missing tasks from ResultStage 7 (MapPartitionsRDD[34] at save at NativeMethodAccessorImpl.java:0) (first 15 tasks are for partitions Vector(0, 1, 2, 3, 4, 5, 6, 7, 8, 9, 10))
[2024-03-18T19:43:07.866+0000] {subprocess.py:93} INFO - 24/03/18 19:43:07 INFO TaskSchedulerImpl: Adding task set 7.0 with 11 tasks resource profile 0
[2024-03-18T19:43:07.867+0000] {subprocess.py:93} INFO - 24/03/18 19:43:07 INFO TaskSetManager: Starting task 0.0 in stage 7.0 (TID 27) (c22072d7ab03, executor driver, partition 0, NODE_LOCAL, 4469 bytes) taskResourceAssignments Map()
[2024-03-18T19:43:07.868+0000] {subprocess.py:93} INFO - 24/03/18 19:43:07 INFO TaskSetManager: Starting task 1.0 in stage 7.0 (TID 28) (c22072d7ab03, executor driver, partition 1, NODE_LOCAL, 4469 bytes) taskResourceAssignments Map()
[2024-03-18T19:43:07.868+0000] {subprocess.py:93} INFO - 24/03/18 19:43:07 INFO TaskSetManager: Starting task 2.0 in stage 7.0 (TID 29) (c22072d7ab03, executor driver, partition 2, NODE_LOCAL, 4469 bytes) taskResourceAssignments Map()
[2024-03-18T19:43:07.868+0000] {subprocess.py:93} INFO - 24/03/18 19:43:07 INFO TaskSetManager: Starting task 3.0 in stage 7.0 (TID 30) (c22072d7ab03, executor driver, partition 3, NODE_LOCAL, 4469 bytes) taskResourceAssignments Map()
[2024-03-18T19:43:07.869+0000] {subprocess.py:93} INFO - 24/03/18 19:43:07 INFO TaskSetManager: Starting task 4.0 in stage 7.0 (TID 31) (c22072d7ab03, executor driver, partition 4, NODE_LOCAL, 4469 bytes) taskResourceAssignments Map()
[2024-03-18T19:43:07.869+0000] {subprocess.py:93} INFO - 24/03/18 19:43:07 INFO TaskSetManager: Starting task 5.0 in stage 7.0 (TID 32) (c22072d7ab03, executor driver, partition 5, NODE_LOCAL, 4469 bytes) taskResourceAssignments Map()
[2024-03-18T19:43:07.869+0000] {subprocess.py:93} INFO - 24/03/18 19:43:07 INFO TaskSetManager: Starting task 6.0 in stage 7.0 (TID 33) (c22072d7ab03, executor driver, partition 6, NODE_LOCAL, 4469 bytes) taskResourceAssignments Map()
[2024-03-18T19:43:07.869+0000] {subprocess.py:93} INFO - 24/03/18 19:43:07 INFO TaskSetManager: Starting task 7.0 in stage 7.0 (TID 34) (c22072d7ab03, executor driver, partition 7, NODE_LOCAL, 4469 bytes) taskResourceAssignments Map()
[2024-03-18T19:43:07.870+0000] {subprocess.py:93} INFO - 24/03/18 19:43:07 INFO TaskSetManager: Starting task 8.0 in stage 7.0 (TID 35) (c22072d7ab03, executor driver, partition 8, NODE_LOCAL, 4469 bytes) taskResourceAssignments Map()
[2024-03-18T19:43:07.870+0000] {subprocess.py:93} INFO - 24/03/18 19:43:07 INFO TaskSetManager: Starting task 9.0 in stage 7.0 (TID 36) (c22072d7ab03, executor driver, partition 9, NODE_LOCAL, 4469 bytes) taskResourceAssignments Map()
[2024-03-18T19:43:07.870+0000] {subprocess.py:93} INFO - 24/03/18 19:43:07 INFO TaskSetManager: Starting task 10.0 in stage 7.0 (TID 37) (c22072d7ab03, executor driver, partition 10, NODE_LOCAL, 4469 bytes) taskResourceAssignments Map()
[2024-03-18T19:43:07.871+0000] {subprocess.py:93} INFO - 24/03/18 19:43:07 INFO Executor: Running task 1.0 in stage 7.0 (TID 28)
[2024-03-18T19:43:07.871+0000] {subprocess.py:93} INFO - 24/03/18 19:43:07 INFO Executor: Running task 0.0 in stage 7.0 (TID 27)
[2024-03-18T19:43:07.871+0000] {subprocess.py:93} INFO - 24/03/18 19:43:07 INFO Executor: Running task 3.0 in stage 7.0 (TID 30)
[2024-03-18T19:43:07.872+0000] {subprocess.py:93} INFO - 24/03/18 19:43:07 INFO Executor: Running task 2.0 in stage 7.0 (TID 29)
[2024-03-18T19:43:07.872+0000] {subprocess.py:93} INFO - 24/03/18 19:43:07 INFO Executor: Running task 4.0 in stage 7.0 (TID 31)
[2024-03-18T19:43:07.873+0000] {subprocess.py:93} INFO - 24/03/18 19:43:07 INFO Executor: Running task 5.0 in stage 7.0 (TID 32)
[2024-03-18T19:43:07.873+0000] {subprocess.py:93} INFO - 24/03/18 19:43:07 INFO Executor: Running task 6.0 in stage 7.0 (TID 33)
[2024-03-18T19:43:07.874+0000] {subprocess.py:93} INFO - 24/03/18 19:43:07 INFO Executor: Running task 8.0 in stage 7.0 (TID 35)
[2024-03-18T19:43:07.876+0000] {subprocess.py:93} INFO - 24/03/18 19:43:07 INFO Executor: Running task 9.0 in stage 7.0 (TID 36)
[2024-03-18T19:43:07.877+0000] {subprocess.py:93} INFO - 24/03/18 19:43:07 INFO Executor: Running task 7.0 in stage 7.0 (TID 34)
[2024-03-18T19:43:07.878+0000] {subprocess.py:93} INFO - 24/03/18 19:43:07 INFO Executor: Running task 10.0 in stage 7.0 (TID 37)
[2024-03-18T19:43:07.948+0000] {subprocess.py:93} INFO - 24/03/18 19:43:07 INFO ShuffleBlockFetcherIterator: Getting 1 (1051.0 KiB) non-empty blocks including 1 (1051.0 KiB) local and 0 (0.0 B) host-local and 0 (0.0 B) push-merged-local and 0 (0.0 B) remote blocks
[2024-03-18T19:43:07.949+0000] {subprocess.py:93} INFO - 24/03/18 19:43:07 INFO ShuffleBlockFetcherIterator: Getting 1 (1090.2 KiB) non-empty blocks including 1 (1090.2 KiB) local and 0 (0.0 B) host-local and 0 (0.0 B) push-merged-local and 0 (0.0 B) remote blocks
[2024-03-18T19:43:07.949+0000] {subprocess.py:93} INFO - 24/03/18 19:43:07 INFO ShuffleBlockFetcherIterator: Getting 1 (1078.2 KiB) non-empty blocks including 1 (1078.2 KiB) local and 0 (0.0 B) host-local and 0 (0.0 B) push-merged-local and 0 (0.0 B) remote blocks
[2024-03-18T19:43:07.952+0000] {subprocess.py:93} INFO - 24/03/18 19:43:07 INFO ShuffleBlockFetcherIterator: Getting 1 (1073.7 KiB) non-empty blocks including 1 (1073.7 KiB) local and 0 (0.0 B) host-local and 0 (0.0 B) push-merged-local and 0 (0.0 B) remote blocks
[2024-03-18T19:43:07.953+0000] {subprocess.py:93} INFO - 24/03/18 19:43:07 INFO ShuffleBlockFetcherIterator: Started 0 remote fetches in 6 ms
[2024-03-18T19:43:07.954+0000] {subprocess.py:93} INFO - 24/03/18 19:43:07 INFO ShuffleBlockFetcherIterator: Getting 1 (1070.7 KiB) non-empty blocks including 1 (1070.7 KiB) local and 0 (0.0 B) host-local and 0 (0.0 B) push-merged-local and 0 (0.0 B) remote blocks
[2024-03-18T19:43:07.954+0000] {subprocess.py:93} INFO - 24/03/18 19:43:07 INFO ShuffleBlockFetcherIterator: Getting 1 (790.9 KiB) non-empty blocks including 1 (790.9 KiB) local and 0 (0.0 B) host-local and 0 (0.0 B) push-merged-local and 0 (0.0 B) remote blocks
[2024-03-18T19:43:07.954+0000] {subprocess.py:93} INFO - 24/03/18 19:43:07 INFO ShuffleBlockFetcherIterator: Getting 2 (2.1 MiB) non-empty blocks including 2 (2.1 MiB) local and 0 (0.0 B) host-local and 0 (0.0 B) push-merged-local and 0 (0.0 B) remote blocks
[2024-03-18T19:43:07.954+0000] {subprocess.py:93} INFO - 24/03/18 19:43:07 INFO ShuffleBlockFetcherIterator: Started 0 remote fetches in 5 ms
[2024-03-18T19:43:07.955+0000] {subprocess.py:93} INFO - 24/03/18 19:43:07 INFO ShuffleBlockFetcherIterator: Getting 1 (1080.6 KiB) non-empty blocks including 1 (1080.6 KiB) local and 0 (0.0 B) host-local and 0 (0.0 B) push-merged-local and 0 (0.0 B) remote blocks
[2024-03-18T19:43:07.955+0000] {subprocess.py:93} INFO - 24/03/18 19:43:07 INFO ShuffleBlockFetcherIterator: Started 0 remote fetches in 6 ms
[2024-03-18T19:43:07.957+0000] {subprocess.py:93} INFO - 24/03/18 19:43:07 INFO ShuffleBlockFetcherIterator: Started 0 remote fetches in 5 ms
[2024-03-18T19:43:07.957+0000] {subprocess.py:93} INFO - 24/03/18 19:43:07 INFO ShuffleBlockFetcherIterator: Started 0 remote fetches in 6 ms
[2024-03-18T19:43:07.958+0000] {subprocess.py:93} INFO - 24/03/18 19:43:07 INFO ShuffleBlockFetcherIterator: Started 0 remote fetches in 6 ms
[2024-03-18T19:43:07.958+0000] {subprocess.py:93} INFO - 24/03/18 19:43:07 INFO ShuffleBlockFetcherIterator: Getting 1 (1076.2 KiB) non-empty blocks including 1 (1076.2 KiB) local and 0 (0.0 B) host-local and 0 (0.0 B) push-merged-local and 0 (0.0 B) remote blocks
[2024-03-18T19:43:07.958+0000] {subprocess.py:93} INFO - 24/03/18 19:43:07 INFO ShuffleBlockFetcherIterator: Started 0 remote fetches in 5 ms
[2024-03-18T19:43:07.958+0000] {subprocess.py:93} INFO - 24/03/18 19:43:07 INFO ShuffleBlockFetcherIterator: Getting 1 (1073.0 KiB) non-empty blocks including 1 (1073.0 KiB) local and 0 (0.0 B) host-local and 0 (0.0 B) push-merged-local and 0 (0.0 B) remote blocks
[2024-03-18T19:43:07.959+0000] {subprocess.py:93} INFO - 24/03/18 19:43:07 INFO ShuffleBlockFetcherIterator: Started 0 remote fetches in 6 ms
[2024-03-18T19:43:07.959+0000] {subprocess.py:93} INFO - 24/03/18 19:43:07 INFO ShuffleBlockFetcherIterator: Started 0 remote fetches in 6 ms
[2024-03-18T19:43:07.960+0000] {subprocess.py:93} INFO - 24/03/18 19:43:07 INFO ShuffleBlockFetcherIterator: Getting 1 (1079.1 KiB) non-empty blocks including 1 (1079.1 KiB) local and 0 (0.0 B) host-local and 0 (0.0 B) push-merged-local and 0 (0.0 B) remote blocks
[2024-03-18T19:43:07.961+0000] {subprocess.py:93} INFO - 24/03/18 19:43:07 INFO ShuffleBlockFetcherIterator: Started 0 remote fetches in 5 ms
[2024-03-18T19:43:07.962+0000] {subprocess.py:93} INFO - 24/03/18 19:43:07 INFO ShuffleBlockFetcherIterator: Started 0 remote fetches in 6 ms
[2024-03-18T19:43:07.979+0000] {subprocess.py:93} INFO - 24/03/18 19:43:07 INFO CodeGenerator: Code generated in 14.172579 ms
[2024-03-18T19:43:08.009+0000] {subprocess.py:93} INFO - 24/03/18 19:43:08 INFO Executor: Finished task 10.0 in stage 7.0 (TID 37). 4253 bytes result sent to driver
[2024-03-18T19:43:08.010+0000] {subprocess.py:93} INFO - 24/03/18 19:43:08 INFO Executor: Finished task 5.0 in stage 7.0 (TID 32). 4253 bytes result sent to driver
[2024-03-18T19:43:08.010+0000] {subprocess.py:93} INFO - 24/03/18 19:43:08 INFO Executor: Finished task 7.0 in stage 7.0 (TID 34). 4253 bytes result sent to driver
[2024-03-18T19:43:08.013+0000] {subprocess.py:93} INFO - 24/03/18 19:43:08 INFO TaskSetManager: Finished task 10.0 in stage 7.0 (TID 37) in 142 ms on c22072d7ab03 (executor driver) (1/11)
[2024-03-18T19:43:08.014+0000] {subprocess.py:93} INFO - 24/03/18 19:43:08 INFO TaskSetManager: Finished task 5.0 in stage 7.0 (TID 32) in 144 ms on c22072d7ab03 (executor driver) (2/11)
[2024-03-18T19:43:08.014+0000] {subprocess.py:93} INFO - 24/03/18 19:43:08 INFO TaskSetManager: Finished task 7.0 in stage 7.0 (TID 34) in 144 ms on c22072d7ab03 (executor driver) (3/11)
[2024-03-18T19:43:08.015+0000] {subprocess.py:93} INFO - 24/03/18 19:43:08 INFO Executor: Finished task 4.0 in stage 7.0 (TID 31). 4253 bytes result sent to driver
[2024-03-18T19:43:08.015+0000] {subprocess.py:93} INFO - 24/03/18 19:43:08 INFO Executor: Finished task 3.0 in stage 7.0 (TID 30). 4253 bytes result sent to driver
[2024-03-18T19:43:08.016+0000] {subprocess.py:93} INFO - 24/03/18 19:43:08 INFO Executor: Finished task 2.0 in stage 7.0 (TID 29). 4253 bytes result sent to driver
[2024-03-18T19:43:08.016+0000] {subprocess.py:93} INFO - 24/03/18 19:43:08 INFO TaskSetManager: Finished task 3.0 in stage 7.0 (TID 30) in 147 ms on c22072d7ab03 (executor driver) (4/11)
[2024-03-18T19:43:08.017+0000] {subprocess.py:93} INFO - 24/03/18 19:43:08 INFO TaskSetManager: Finished task 2.0 in stage 7.0 (TID 29) in 148 ms on c22072d7ab03 (executor driver) (5/11)
[2024-03-18T19:43:08.017+0000] {subprocess.py:93} INFO - 24/03/18 19:43:08 INFO TaskSetManager: Finished task 4.0 in stage 7.0 (TID 31) in 148 ms on c22072d7ab03 (executor driver) (6/11)
[2024-03-18T19:43:08.017+0000] {subprocess.py:93} INFO - 24/03/18 19:43:08 INFO Executor: Finished task 6.0 in stage 7.0 (TID 33). 4253 bytes result sent to driver
[2024-03-18T19:43:08.018+0000] {subprocess.py:93} INFO - 24/03/18 19:43:08 INFO TaskSetManager: Finished task 6.0 in stage 7.0 (TID 33) in 148 ms on c22072d7ab03 (executor driver) (7/11)
[2024-03-18T19:43:08.019+0000] {subprocess.py:93} INFO - 24/03/18 19:43:08 INFO Executor: Finished task 9.0 in stage 7.0 (TID 36). 4253 bytes result sent to driver
[2024-03-18T19:43:08.020+0000] {subprocess.py:93} INFO - 24/03/18 19:43:08 INFO TaskSetManager: Finished task 9.0 in stage 7.0 (TID 36) in 151 ms on c22072d7ab03 (executor driver) (8/11)
[2024-03-18T19:43:08.021+0000] {subprocess.py:93} INFO - 24/03/18 19:43:08 INFO Executor: Finished task 8.0 in stage 7.0 (TID 35). 4253 bytes result sent to driver
[2024-03-18T19:43:08.021+0000] {subprocess.py:93} INFO - 24/03/18 19:43:08 INFO Executor: Finished task 1.0 in stage 7.0 (TID 28). 4253 bytes result sent to driver
[2024-03-18T19:43:08.021+0000] {subprocess.py:93} INFO - 24/03/18 19:43:08 INFO TaskSetManager: Finished task 8.0 in stage 7.0 (TID 35) in 152 ms on c22072d7ab03 (executor driver) (9/11)
[2024-03-18T19:43:08.022+0000] {subprocess.py:93} INFO - 24/03/18 19:43:08 INFO TaskSetManager: Finished task 1.0 in stage 7.0 (TID 28) in 154 ms on c22072d7ab03 (executor driver) (10/11)
[2024-03-18T19:43:16.223+0000] {subprocess.py:93} INFO - 24/03/18 19:43:16 INFO Executor: Finished task 0.0 in stage 7.0 (TID 27). 4296 bytes result sent to driver
[2024-03-18T19:43:16.224+0000] {subprocess.py:93} INFO - 24/03/18 19:43:16 INFO TaskSetManager: Finished task 0.0 in stage 7.0 (TID 27) in 8357 ms on c22072d7ab03 (executor driver) (11/11)
[2024-03-18T19:43:16.224+0000] {subprocess.py:93} INFO - 24/03/18 19:43:16 INFO TaskSchedulerImpl: Removed TaskSet 7.0, whose tasks have all completed, from pool
[2024-03-18T19:43:16.224+0000] {subprocess.py:93} INFO - 24/03/18 19:43:16 INFO DAGScheduler: ResultStage 7 (save at NativeMethodAccessorImpl.java:0) finished in 8.426 s
[2024-03-18T19:43:16.225+0000] {subprocess.py:93} INFO - 24/03/18 19:43:16 INFO DAGScheduler: Job 5 is finished. Cancelling potential speculative or zombie tasks for this job
[2024-03-18T19:43:16.225+0000] {subprocess.py:93} INFO - 24/03/18 19:43:16 INFO TaskSchedulerImpl: Killing all running tasks in stage 7: Stage finished
[2024-03-18T19:43:16.225+0000] {subprocess.py:93} INFO - 24/03/18 19:43:16 INFO DAGScheduler: Job 5 finished: save at NativeMethodAccessorImpl.java:0, took 8.430839 s
[2024-03-18T19:43:16.936+0000] {subprocess.py:93} INFO - Sparkframe Pushed Successfully
[2024-03-18T19:43:16.967+0000] {subprocess.py:93} INFO - 24/03/18 19:43:16 INFO SparkContext: Invoking stop() from shutdown hook
[2024-03-18T19:43:16.976+0000] {subprocess.py:93} INFO - 24/03/18 19:43:16 INFO SparkUI: Stopped Spark web UI at http://c22072d7ab03:4040
[2024-03-18T19:43:16.985+0000] {subprocess.py:93} INFO - 24/03/18 19:43:16 INFO MapOutputTrackerMasterEndpoint: MapOutputTrackerMasterEndpoint stopped!
[2024-03-18T19:43:17.002+0000] {subprocess.py:93} INFO - 24/03/18 19:43:17 INFO MemoryStore: MemoryStore cleared
[2024-03-18T19:43:17.003+0000] {subprocess.py:93} INFO - 24/03/18 19:43:17 INFO BlockManager: BlockManager stopped
[2024-03-18T19:43:17.006+0000] {subprocess.py:93} INFO - 24/03/18 19:43:17 INFO BlockManagerMaster: BlockManagerMaster stopped
[2024-03-18T19:43:17.009+0000] {subprocess.py:93} INFO - 24/03/18 19:43:17 INFO OutputCommitCoordinator$OutputCommitCoordinatorEndpoint: OutputCommitCoordinator stopped!
[2024-03-18T19:43:17.016+0000] {subprocess.py:93} INFO - 24/03/18 19:43:17 INFO SparkContext: Successfully stopped SparkContext
[2024-03-18T19:43:17.016+0000] {subprocess.py:93} INFO - 24/03/18 19:43:17 INFO ShutdownHookManager: Shutdown hook called
[2024-03-18T19:43:17.016+0000] {subprocess.py:93} INFO - 24/03/18 19:43:17 INFO ShutdownHookManager: Deleting directory /tmp/spark-f73784b2-32d0-466d-b88d-d6715cf9cb76
[2024-03-18T19:43:17.020+0000] {subprocess.py:93} INFO - 24/03/18 19:43:17 INFO ShutdownHookManager: Deleting directory /tmp/spark-f73784b2-32d0-466d-b88d-d6715cf9cb76/pyspark-e39136e1-5713-40d5-8273-b24402560c68
[2024-03-18T19:43:17.022+0000] {subprocess.py:93} INFO - 24/03/18 19:43:17 INFO ShutdownHookManager: Deleting directory /tmp/spark-c45cb670-ff4d-4644-b8ac-d58b76a08049
[2024-03-18T19:43:17.620+0000] {subprocess.py:97} INFO - Command exited with return code 0
[2024-03-18T19:43:17.696+0000] {taskinstance.py:1350} INFO - Marking task as SUCCESS. dag_id=Sales_ETL, task_id=books_data_transform, execution_date=20240317T194134, start_date=20240318T194233, end_date=20240318T194317
[2024-03-18T19:43:17.793+0000] {local_task_job_runner.py:225} INFO - Task exited with return code 0
[2024-03-18T19:43:17.809+0000] {taskinstance.py:2653} INFO - 0 downstream tasks scheduled from follow-on schedule check
